[4100:996:1225/144130.557:WARNING:discovery_network_list_win.cc(195)] Failed to open Wlan client handle: 1062
[4100:2488:1225/144131.239:WARNING:CONSOLE(0)] "HTML Imports is deprecated and will be removed in M73, around March 2019. Please use ES modules instead. See https://www.chromestatus.com/features/5144752345317376 for more details.", source:  (0)
[4100:2488:1225/144131.354:WARNING:CONSOLE(77)] "document.registerElement is deprecated and will be removed in M73, around March 2019. Please use window.customElements.define instead. See https://www.chromestatus.com/features/4642138092470272 for more details.", source: https://ssl.gstatic.com/chrome/components/doodle-notifier-02.html (77)
[4100:2488:1225/144133.579:INFO:CONSOLE(619)] "ancestorIframeChanged:218,378", source:  (619)
[4100:2488:1225/144134.659:INFO:CONSOLE(619)] "ancestorIframeChanged:620,378", source:  (619)
[4100:2488:1225/144135.522:INFO:CONSOLE(8)] "SW registered", source: https://www.google.com/_/chrome/newtab?ie=UTF-8 (8)
[4100:2488:1225/144135.957:INFO:CONSOLE(619)] "ancestorIframeChanged:620,378", source:  (619)
[4100:2488:1225/144137.120:INFO:CONSOLE(2)] "module-question/i18n/lang.js", source: https://cdn.ravenjs.com/3.22.3/raven.min.js (2)
[4100:2488:1225/144137.121:INFO:CONSOLE(2)] "module-question/wapUiHelp", source: https://cdn.ravenjs.com/3.22.3/raven.min.js (2)
[4100:2488:1225/144137.123:INFO:CONSOLE(2)] "module-question/wapUiViewHelp.js", source: https://cdn.ravenjs.com/3.22.3/raven.min.js (2)
[4100:2488:1225/144137.714:INFO:CONSOLE(0)] "[DOM] Password field is not contained in a form: (More info: https://goo.gl/9p2vKq) %o", source: https://geek.163.com/path/member/login?returnUrl=aHR0cDovL3RlYWNoLmdlZWsuMTYzLmNvbS80MDAwMDAwMDA2NzIwNjQuaHRt (0)
[4100:2488:1225/144137.714:INFO:CONSOLE(0)] "[DOM] Password field is not contained in a form: (More info: https://goo.gl/9p2vKq) %o", source: https://geek.163.com/path/member/login?returnUrl=aHR0cDovL3RlYWNoLmdlZWsuMTYzLmNvbS80MDAwMDAwMDA2NzIwNjQuaHRt (0)
[4100:2488:1225/144137.714:INFO:CONSOLE(0)] "[DOM] Password field is not contained in a form: (More info: https://goo.gl/9p2vKq) %o", source: https://geek.163.com/path/member/login?returnUrl=aHR0cDovL3RlYWNoLmdlZWsuMTYzLmNvbS80MDAwMDAwMDA2NzIwNjQuaHRt (0)
[4100:2488:1225/144137.715:INFO:CONSOLE(0)] "[DOM] Password field is not contained in a form: (More info: https://goo.gl/9p2vKq) %o", source: https://geek.163.com/path/member/login?returnUrl=aHR0cDovL3RlYWNoLmdlZWsuMTYzLmNvbS80MDAwMDAwMDA2NzIwNjQuaHRt (0)
[4100:2488:1225/144137.715:INFO:CONSOLE(0)] "[DOM] Password field is not contained in a form: (More info: https://goo.gl/9p2vKq) %o", source: https://geek.163.com/path/member/login?returnUrl=aHR0cDovL3RlYWNoLmdlZWsuMTYzLmNvbS80MDAwMDAwMDA2NzIwNjQuaHRt (0)
[4100:2488:1225/144137.715:INFO:CONSOLE(0)] "[DOM] Password field is not contained in a form: (More info: https://goo.gl/9p2vKq) %o", source: https://geek.163.com/path/member/login?returnUrl=aHR0cDovL3RlYWNoLmdlZWsuMTYzLmNvbS80MDAwMDAwMDA2NzIwNjQuaHRt (0)
[4100:2488:1225/144137.715:INFO:CONSOLE(0)] "[DOM] Password field is not contained in a form: (More info: https://goo.gl/9p2vKq) %o", source: https://geek.163.com/path/member/login?returnUrl=aHR0cDovL3RlYWNoLmdlZWsuMTYzLmNvbS80MDAwMDAwMDA2NzIwNjQuaHRt (0)
[4100:2488:1225/144137.722:INFO:CONSOLE(0)] "[DOM] Password field is not contained in a form: (More info: https://goo.gl/9p2vKq) %o", source: https://geek.163.com/path/member/login?returnUrl=aHR0cDovL3RlYWNoLmdlZWsuMTYzLmNvbS80MDAwMDAwMDA2NzIwNjQuaHRt (0)
[4100:2488:1225/144137.722:INFO:CONSOLE(0)] "[DOM] Password field is not contained in a form: (More info: https://goo.gl/9p2vKq) %o", source: https://geek.163.com/path/member/login?returnUrl=aHR0cDovL3RlYWNoLmdlZWsuMTYzLmNvbS80MDAwMDAwMDA2NzIwNjQuaHRt (0)
[4100:2488:1225/144138.647:INFO:CONSOLE(0)] "[DOM] Input elements should have autocomplete attributes (suggested: "new-password"): (More info: https://goo.gl/9p2vKq) %o", source: https://webzj.reg.163.com/v1.0.1/pub/index_reg.html?cd=%2F%2Fedu-cms.nosdn.127.net%2Ftopics%2Fcss%2F&cf=kada_urs_register_course_3d3c8920fcb04752d050df94efe9f31a.css&MGID=1545720097493.8818&wdaId=UA1438236666413&pkid=VelXuSo&product=kada (0)
[4100:2488:1225/144138.721:INFO:CONSOLE(0)] "[DOM] Input elements should have autocomplete attributes (suggested: "new-password"): (More info: https://goo.gl/9p2vKq) %o", source: https://webzj.reg.163.com/v1.0.1/pub/index_dl.html?cd=%2F%2Fedu-cms.nosdn.127.net%2Ftopics%2Fcss%2F&cf=kada_urs_course_4c152c9f26817efac4936d84ec1baa71.css&MGID=1545720097469.8813&wdaId=UA1438236666413&pkid=VelXuSo&product=kada (0)
[4100:2488:1225/144139.230:INFO:CONSOLE(0)] "[DOM] Input elements should have autocomplete attributes (suggested: "new-password"): (More info: https://goo.gl/9p2vKq) %o", source: https://webzj.reg.163.com/v1.0.1/pub/index.html?cd=%2F%2Fedu-cms.nosdn.127.net%2Ftopics%2Fcss%2F&cf=kada_urs_course_4c152c9f26817efac4936d84ec1baa71.css&MGID=1545720097486.497&wdaId=UA1438236666413&pkid=VelXuSo&product=kada (0)
[4100:2488:1225/144139.814:INFO:CONSOLE(2)] "ancestorIframeChanged:791,303", source: https://cdn.ravenjs.com/3.22.3/raven.min.js (2)
[4100:2488:1225/144139.816:INFO:CONSOLE(2)] "ancestorIframeChanged:-1209,211", source: https://cdn.ravenjs.com/3.22.3/raven.min.js (2)
[4100:2488:1225/144139.820:INFO:CONSOLE(2)] "ancestorIframeChanged:-1639,193", source: https://cdn.ravenjs.com/3.22.3/raven.min.js (2)
[4100:2488:1225/144140.830:INFO:CONSOLE(2)] "ancestorIframeChanged:791,303", source: https://cdn.ravenjs.com/3.22.3/raven.min.js (2)
[4100:2488:1225/144140.832:INFO:CONSOLE(2)] "ancestorIframeChanged:-1209,211", source: https://cdn.ravenjs.com/3.22.3/raven.min.js (2)
[4100:2488:1225/144140.836:INFO:CONSOLE(2)] "ancestorIframeChanged:-1639,193", source: https://cdn.ravenjs.com/3.22.3/raven.min.js (2)
[4100:2488:1225/144141.907:INFO:CONSOLE(2)] "ancestorIframeChanged:-1209,211", source: https://cdn.ravenjs.com/3.22.3/raven.min.js (2)
[4100:2488:1225/144141.908:INFO:CONSOLE(2)] "ancestorIframeChanged:791,303", source: https://cdn.ravenjs.com/3.22.3/raven.min.js (2)
[4100:2488:1225/144141.910:INFO:CONSOLE(2)] "ancestorIframeChanged:-1639,193", source: https://cdn.ravenjs.com/3.22.3/raven.min.js (2)
[4100:2488:1225/144143.157:INFO:CONSOLE(2)] "ancestorIframeChanged:-1209,211", source: https://cdn.ravenjs.com/3.22.3/raven.min.js (2)
[4100:2488:1225/144143.158:INFO:CONSOLE(2)] "ancestorIframeChanged:791,303", source: https://cdn.ravenjs.com/3.22.3/raven.min.js (2)
[4100:2488:1225/144143.161:INFO:CONSOLE(2)] "ancestorIframeChanged:-1639,193", source: https://cdn.ravenjs.com/3.22.3/raven.min.js (2)
[4100:2488:1225/144144.355:INFO:CONSOLE(2)] "ancestorIframeChanged:-1209,211", source: https://cdn.ravenjs.com/3.22.3/raven.min.js (2)
[4100:2488:1225/144144.355:INFO:CONSOLE(2)] "ancestorIframeChanged:791,303", source: https://cdn.ravenjs.com/3.22.3/raven.min.js (2)
[4100:2488:1225/144144.358:INFO:CONSOLE(2)] "ancestorIframeChanged:-1639,193", source: https://cdn.ravenjs.com/3.22.3/raven.min.js (2)
[4100:2488:1225/144146.210:INFO:CONSOLE(252)] "module-question/i18n/lang.js", source: http://tgc.stu.126.net/pub/s/teachold/core_8f48212905a0a11b856194fc3ce1a9de.js (252)
[4100:2488:1225/144146.211:INFO:CONSOLE(253)] "module-question/wapUiHelp", source: http://tgc.stu.126.net/pub/s/teachold/core_8f48212905a0a11b856194fc3ce1a9de.js (253)
[4100:2488:1225/144146.233:INFO:CONSOLE(257)] "module-question/wapUiViewHelp.js", source: http://tgc.stu.126.net/pub/s/teachold/core_8f48212905a0a11b856194fc3ce1a9de.js (257)
[4100:2488:1225/144152.727:INFO:CONSOLE(252)] "module-question/i18n/lang.js", source: http://tgc.stu.126.net/pub/s/teachold/core_8f48212905a0a11b856194fc3ce1a9de.js (252)
[4100:2488:1225/144152.727:INFO:CONSOLE(253)] "module-question/wapUiHelp", source: http://tgc.stu.126.net/pub/s/teachold/core_8f48212905a0a11b856194fc3ce1a9de.js (253)
[4100:2488:1225/144152.739:INFO:CONSOLE(257)] "module-question/wapUiViewHelp.js", source: http://tgc.stu.126.net/pub/s/teachold/core_8f48212905a0a11b856194fc3ce1a9de.js (257)
[4100:2488:1225/144207.825:INFO:CONSOLE(252)] "module-question/i18n/lang.js", source: http://tgc.stu.126.net/pub/s/teachold/core_8f48212905a0a11b856194fc3ce1a9de.js (252)
[4100:2488:1225/144207.826:INFO:CONSOLE(253)] "module-question/wapUiHelp", source: http://tgc.stu.126.net/pub/s/teachold/core_8f48212905a0a11b856194fc3ce1a9de.js (253)
[4100:2488:1225/144207.843:INFO:CONSOLE(257)] "module-question/wapUiViewHelp.js", source: http://tgc.stu.126.net/pub/s/teachold/core_8f48212905a0a11b856194fc3ce1a9de.js (257)
[4100:2488:1225/144215.599:INFO:CONSOLE(252)] "module-question/i18n/lang.js", source: http://tgc.stu.126.net/pub/s/teachold/core_8f48212905a0a11b856194fc3ce1a9de.js (252)
[4100:2488:1225/144215.600:INFO:CONSOLE(253)] "module-question/wapUiHelp", source: http://tgc.stu.126.net/pub/s/teachold/core_8f48212905a0a11b856194fc3ce1a9de.js (253)
[4100:2488:1225/144215.618:INFO:CONSOLE(257)] "module-question/wapUiViewHelp.js", source: http://tgc.stu.126.net/pub/s/teachold/core_8f48212905a0a11b856194fc3ce1a9de.js (257)
[4100:2488:1225/144227.684:INFO:CONSOLE(619)] "ancestorIframeChanged:739,2510", source:  (619)
[4100:2488:1225/144229.827:INFO:CONSOLE(619)] "ancestorIframeChanged:739,1700", source:  (619)
[4100:2488:1225/144232.129:INFO:CONSOLE(619)] "ancestorIframeChanged:739,890", source:  (619)
[4100:2488:1225/144233.967:INFO:CONSOLE(619)] "ancestorIframeChanged:739,560", source:  (619)
[4100:2488:1225/144235.732:INFO:CONSOLE(619)] "ancestorIframeChanged:739,560", source:  (619)
[4100:2488:1225/144237.581:INFO:CONSOLE(619)] "ancestorIframeChanged:739,560", source:  (619)
[4100:2488:1225/144239.745:INFO:CONSOLE(619)] "ancestorIframeChanged:739,560", source:  (619)
[4100:2488:1225/144241.661:INFO:CONSOLE(619)] "ancestorIframeChanged:739,560", source:  (619)
[4100:2488:1225/144243.579:INFO:CONSOLE(619)] "ancestorIframeChanged:739,560", source:  (619)
[4100:2488:1225/144245.377:INFO:CONSOLE(619)] "ancestorIframeChanged:739,560", source:  (619)
[4100:2488:1225/144250.288:INFO:CONSOLE(619)] "ancestorIframeChanged:739,560", source:  (619)
[4100:2488:1225/144259.194:INFO:CONSOLE(619)] "ancestorIframeChanged:624,594", source:  (619)
[4100:2488:1225/144300.714:INFO:CONSOLE(619)] "ancestorIframeChanged:624,594", source:  (619)
[4100:2488:1225/144302.593:INFO:CONSOLE(619)] "ancestorIframeChanged:624,594", source:  (619)
[4100:2488:1225/144304.012:INFO:CONSOLE(619)] "ancestorIframeChanged:624,594", source:  (619)
[4100:2488:1225/144305.333:INFO:CONSOLE(619)] "ancestorIframeChanged:624,594", source:  (619)
[4100:2488:1225/144306.617:INFO:CONSOLE(619)] "ancestorIframeChanged:624,594", source:  (619)
[4100:2488:1225/144307.890:INFO:CONSOLE(619)] "ancestorIframeChanged:624,594", source:  (619)
[4100:2488:1225/144308.580:INFO:CONSOLE(619)] "ancestorIframeChanged:624,594", source:  (619)
[4100:2488:1225/144310.895:INFO:CONSOLE(619)] "ancestorIframeChanged:624,466", source:  (619)
[4100:2488:1225/144312.637:INFO:CONSOLE(619)] "ancestorIframeChanged:624,466", source:  (619)
[4100:2488:1225/144413.972:INFO:CONSOLE(252)] "module-question/i18n/lang.js", source: http://tgc.stu.126.net/pub/s/teachold/core_8f48212905a0a11b856194fc3ce1a9de.js (252)
[4100:2488:1225/144413.972:INFO:CONSOLE(253)] "module-question/wapUiHelp", source: http://tgc.stu.126.net/pub/s/teachold/core_8f48212905a0a11b856194fc3ce1a9de.js (253)
[4100:2488:1225/144413.986:INFO:CONSOLE(257)] "module-question/wapUiViewHelp.js", source: http://tgc.stu.126.net/pub/s/teachold/core_8f48212905a0a11b856194fc3ce1a9de.js (257)
[4100:2488:1225/144515.887:INFO:CONSOLE(252)] "module-question/i18n/lang.js", source: http://tgc.stu.126.net/pub/s/teachold/core_8f48212905a0a11b856194fc3ce1a9de.js (252)
[4100:2488:1225/144515.887:INFO:CONSOLE(253)] "module-question/wapUiHelp", source: http://tgc.stu.126.net/pub/s/teachold/core_8f48212905a0a11b856194fc3ce1a9de.js (253)
[4100:2488:1225/144515.909:INFO:CONSOLE(257)] "module-question/wapUiViewHelp.js", source: http://tgc.stu.126.net/pub/s/teachold/core_8f48212905a0a11b856194fc3ce1a9de.js (257)
[4100:2488:1225/144531.689:INFO:CONSOLE(252)] "module-question/i18n/lang.js", source: http://tgc.stu.126.net/pub/s/teachold/core_8f48212905a0a11b856194fc3ce1a9de.js (252)
[4100:2488:1225/144531.689:INFO:CONSOLE(253)] "module-question/wapUiHelp", source: http://tgc.stu.126.net/pub/s/teachold/core_8f48212905a0a11b856194fc3ce1a9de.js (253)
[4100:2488:1225/144531.703:INFO:CONSOLE(257)] "module-question/wapUiViewHelp.js", source: http://tgc.stu.126.net/pub/s/teachold/core_8f48212905a0a11b856194fc3ce1a9de.js (257)
[4100:2488:1225/144545.382:INFO:CONSOLE(252)] "module-question/i18n/lang.js", source: http://tgc.stu.126.net/pub/s/teachold/core_8f48212905a0a11b856194fc3ce1a9de.js (252)
[4100:2488:1225/144545.383:INFO:CONSOLE(253)] "module-question/wapUiHelp", source: http://tgc.stu.126.net/pub/s/teachold/core_8f48212905a0a11b856194fc3ce1a9de.js (253)
[4100:2488:1225/144545.399:INFO:CONSOLE(257)] "module-question/wapUiViewHelp.js", source: http://tgc.stu.126.net/pub/s/teachold/core_8f48212905a0a11b856194fc3ce1a9de.js (257)
[4100:2488:1225/144548.955:INFO:CONSOLE(619)] "ancestorIframeChanged:379,1042", source:  (619)
[4100:2488:1225/144549.986:INFO:CONSOLE(619)] "ancestorIframeChanged:379,1042", source:  (619)
[4100:2488:1225/144551.022:INFO:CONSOLE(619)] "ancestorIframeChanged:379,1042", source:  (619)
[4100:2488:1225/144555.328:INFO:CONSOLE(619)] "ancestorIframeChanged:379,516", source:  (619)
[4100:2488:1225/144557.165:INFO:CONSOLE(619)] "ancestorIframeChanged:379,516", source:  (619)
[4100:2488:1225/144558.348:INFO:CONSOLE(619)] "ancestorIframeChanged:379,516", source:  (619)
[4100:2488:1225/144559.605:INFO:CONSOLE(619)] "ancestorIframeChanged:379,516", source:  (619)
[4100:2488:1225/144600.593:INFO:CONSOLE(619)] "ancestorIframeChanged:379,516", source:  (619)
[4100:2488:1225/144601.838:INFO:CONSOLE(619)] "ancestorIframeChanged:379,516", source:  (619)
[4100:2488:1225/144604.312:INFO:CONSOLE(619)] "ancestorIframeChanged:379,516", source:  (619)
[4100:2488:1225/144605.802:INFO:CONSOLE(619)] "ancestorIframeChanged:379,516", source:  (619)
[4100:2488:1225/144606.900:INFO:CONSOLE(619)] "ancestorIframeChanged:379,516", source:  (619)
[4100:2488:1225/144607.900:INFO:CONSOLE(619)] "ancestorIframeChanged:379,516", source:  (619)
[4100:2488:1225/144610.531:INFO:CONSOLE(619)] "ancestorIframeChanged:379,516", source:  (619)
[4100:2488:1225/144611.753:INFO:CONSOLE(619)] "ancestorIframeChanged:379,516", source:  (619)
[4100:2488:1225/144612.880:INFO:CONSOLE(619)] "ancestorIframeChanged:379,516", source:  (619)
[4100:2488:1225/144614.144:INFO:CONSOLE(619)] "ancestorIframeChanged:379,516", source:  (619)
[4100:2488:1225/144614.822:INFO:CONSOLE(619)] "ancestorIframeChanged:379,516", source:  (619)
[4100:2488:1225/144616.397:INFO:CONSOLE(619)] "ancestorIframeChanged:379,516", source:  (619)
[4100:2488:1225/144637.632:INFO:CONSOLE(2)] "module-question/i18n/lang.js", source: https://cdn.ravenjs.com/3.22.3/raven.min.js (2)
[4100:2488:1225/144637.633:INFO:CONSOLE(2)] "module-question/wapUiHelp", source: https://cdn.ravenjs.com/3.22.3/raven.min.js (2)
[4100:2488:1225/144637.635:INFO:CONSOLE(2)] "module-question/wapUiViewHelp.js", source: https://cdn.ravenjs.com/3.22.3/raven.min.js (2)
[4100:2488:1225/144651.505:INFO:CONSOLE(2)] "module-question/i18n/lang.js", source: https://cdn.ravenjs.com/3.22.3/raven.min.js (2)
[4100:2488:1225/144651.507:INFO:CONSOLE(2)] "module-question/wapUiHelp", source: https://cdn.ravenjs.com/3.22.3/raven.min.js (2)
[4100:2488:1225/144651.509:INFO:CONSOLE(2)] "module-question/wapUiViewHelp.js", source: https://cdn.ravenjs.com/3.22.3/raven.min.js (2)
[4100:2488:1225/144651.980:INFO:CONSOLE(2)] "Cannot read property '__getDataInCache' of undefined", source: https://cdn.ravenjs.com/3.22.3/raven.min.js (2)
[4100:2488:1225/144651.980:INFO:CONSOLE(2)] "TypeError: Cannot read property '__getDataInCache' of undefined", source: https://cdn.ravenjs.com/3.22.3/raven.min.js (2)
[4100:2488:1225/144654.452:INFO:CONSOLE(252)] "module-question/i18n/lang.js", source: http://tgc.stu.126.net/pub/s/teachold/core_8f48212905a0a11b856194fc3ce1a9de.js (252)
[4100:2488:1225/144654.452:INFO:CONSOLE(253)] "module-question/wapUiHelp", source: http://tgc.stu.126.net/pub/s/teachold/core_8f48212905a0a11b856194fc3ce1a9de.js (253)
[4100:2488:1225/144654.466:INFO:CONSOLE(257)] "module-question/wapUiViewHelp.js", source: http://tgc.stu.126.net/pub/s/teachold/core_8f48212905a0a11b856194fc3ce1a9de.js (257)
[4100:2488:1225/144659.941:INFO:CONSOLE(252)] "module-question/i18n/lang.js", source: http://tgc.stu.126.net/pub/s/teachold/core_8f48212905a0a11b856194fc3ce1a9de.js (252)
[4100:2488:1225/144659.941:INFO:CONSOLE(253)] "module-question/wapUiHelp", source: http://tgc.stu.126.net/pub/s/teachold/core_8f48212905a0a11b856194fc3ce1a9de.js (253)
[4100:2488:1225/144659.954:INFO:CONSOLE(257)] "module-question/wapUiViewHelp.js", source: http://tgc.stu.126.net/pub/s/teachold/core_8f48212905a0a11b856194fc3ce1a9de.js (257)
[4100:2488:1225/144703.566:INFO:CONSOLE(619)] "ancestorIframeChanged:379,1042", source:  (619)
[4100:2488:1225/144704.557:INFO:CONSOLE(619)] "ancestorIframeChanged:379,1042", source:  (619)
[4100:2488:1225/144705.558:INFO:CONSOLE(619)] "ancestorIframeChanged:379,1042", source:  (619)
[4100:2488:1225/144707.744:INFO:CONSOLE(619)] "ancestorIframeChanged:379,1042", source:  (619)
[4100:2488:1225/144709.899:INFO:CONSOLE(619)] "ancestorIframeChanged:379,1042", source:  (619)
[4100:2488:1225/144714.041:INFO:CONSOLE(619)] "ancestorIframeChanged:379,516", source:  (619)
[4100:2488:1225/144718.889:INFO:CONSOLE(619)] "ancestorIframeChanged:379,516", source:  (619)
[4100:2488:1225/144720.373:INFO:CONSOLE(619)] "ancestorIframeChanged:379,516", source:  (619)
[4100:2488:1225/144721.345:INFO:CONSOLE(619)] "ancestorIframeChanged:379,516", source:  (619)
[4100:2488:1225/144722.540:INFO:CONSOLE(619)] "ancestorIframeChanged:379,516", source:  (619)
[4100:2488:1225/144723.821:INFO:CONSOLE(619)] "ancestorIframeChanged:379,516", source:  (619)
[4100:2488:1225/144724.806:INFO:CONSOLE(619)] "ancestorIframeChanged:379,516", source:  (619)
[4100:2488:1225/144726.049:INFO:CONSOLE(619)] "ancestorIframeChanged:379,516", source:  (619)
[4100:2488:1225/144728.574:INFO:CONSOLE(619)] "ancestorIframeChanged:379,516", source:  (619)
[4100:2488:1225/144729.637:INFO:CONSOLE(252)] "module-question/i18n/lang.js", source: http://tgc.stu.126.net/pub/s/teachold/core_8f48212905a0a11b856194fc3ce1a9de.js (252)
[4100:2488:1225/144729.638:INFO:CONSOLE(253)] "module-question/wapUiHelp", source: http://tgc.stu.126.net/pub/s/teachold/core_8f48212905a0a11b856194fc3ce1a9de.js (253)
[4100:2488:1225/144729.651:INFO:CONSOLE(257)] "module-question/wapUiViewHelp.js", source: http://tgc.stu.126.net/pub/s/teachold/core_8f48212905a0a11b856194fc3ce1a9de.js (257)
[4100:2488:1225/144732.142:INFO:CONSOLE(619)] "ancestorIframeChanged:379,754", source:  (619)
[4100:2488:1225/144734.000:INFO:CONSOLE(619)] "ancestorIframeChanged:379,754", source:  (619)
[4100:2488:1225/144748.449:INFO:CONSOLE(252)] "module-question/i18n/lang.js", source: http://tgc.stu.126.net/pub/s/teachold/core_8f48212905a0a11b856194fc3ce1a9de.js (252)
[4100:2488:1225/144748.449:INFO:CONSOLE(253)] "module-question/wapUiHelp", source: http://tgc.stu.126.net/pub/s/teachold/core_8f48212905a0a11b856194fc3ce1a9de.js (253)
[4100:2488:1225/144748.462:INFO:CONSOLE(257)] "module-question/wapUiViewHelp.js", source: http://tgc.stu.126.net/pub/s/teachold/core_8f48212905a0a11b856194fc3ce1a9de.js (257)
[4100:2488:1225/144752.051:INFO:CONSOLE(619)] "ancestorIframeChanged:379,1042", source:  (619)
[4100:2488:1225/144753.042:INFO:CONSOLE(619)] "ancestorIframeChanged:379,1042", source:  (619)
[4100:2488:1225/144754.046:INFO:CONSOLE(619)] "ancestorIframeChanged:379,1042", source:  (619)
[4100:2488:1225/144756.208:INFO:CONSOLE(619)] "ancestorIframeChanged:379,516", source:  (619)
[4100:2488:1225/144759.786:INFO:CONSOLE(619)] "ancestorIframeChanged:379,516", source:  (619)
[4100:2488:1225/144801.567:INFO:CONSOLE(619)] "ancestorIframeChanged:379,516", source:  (619)
[4100:2488:1225/144802.839:INFO:CONSOLE(619)] "ancestorIframeChanged:379,516", source:  (619)
[4100:2488:1225/144803.860:INFO:CONSOLE(619)] "ancestorIframeChanged:379,516", source:  (619)
[4100:2488:1225/144808.158:INFO:CONSOLE(619)] "ancestorIframeChanged:379,516", source:  (619)
[4100:2488:1225/144810.704:INFO:CONSOLE(619)] "ancestorIframeChanged:379,516", source:  (619)
[4100:2488:1225/144812.241:INFO:CONSOLE(619)] "ancestorIframeChanged:379,516", source:  (619)
[4100:2488:1225/144813.448:INFO:CONSOLE(619)] "ancestorIframeChanged:379,516", source:  (619)
[4100:2488:1225/144814.406:INFO:CONSOLE(619)] "ancestorIframeChanged:379,516", source:  (619)
[4100:2488:1225/144816.938:INFO:CONSOLE(619)] "ancestorIframeChanged:379,516", source:  (619)
[4100:2488:1225/144818.322:INFO:CONSOLE(619)] "ancestorIframeChanged:379,516", source:  (619)
[4100:2488:1225/144819.488:INFO:CONSOLE(619)] "ancestorIframeChanged:379,516", source:  (619)
[4100:2488:1225/144820.696:INFO:CONSOLE(619)] "ancestorIframeChanged:379,516", source:  (619)
[4100:2488:1225/144821.689:INFO:CONSOLE(619)] "ancestorIframeChanged:379,516", source:  (619)
[4100:2488:1225/144822.957:INFO:CONSOLE(619)] "ancestorIframeChanged:379,516", source:  (619)
[4100:2488:1225/144844.053:INFO:CONSOLE(2)] "module-question/i18n/lang.js", source: https://cdn.ravenjs.com/3.22.3/raven.min.js (2)
[4100:2488:1225/144844.053:INFO:CONSOLE(2)] "module-question/wapUiHelp", source: https://cdn.ravenjs.com/3.22.3/raven.min.js (2)
[4100:2488:1225/144844.054:INFO:CONSOLE(2)] "module-question/wapUiViewHelp.js", source: https://cdn.ravenjs.com/3.22.3/raven.min.js (2)
[4100:2488:1225/144855.500:INFO:CONSOLE(2)] "module-question/i18n/lang.js", source: https://cdn.ravenjs.com/3.22.3/raven.min.js (2)
[4100:2488:1225/144855.502:INFO:CONSOLE(2)] "module-question/wapUiHelp", source: https://cdn.ravenjs.com/3.22.3/raven.min.js (2)
[4100:2488:1225/144855.504:INFO:CONSOLE(2)] "module-question/wapUiViewHelp.js", source: https://cdn.ravenjs.com/3.22.3/raven.min.js (2)
[4100:2488:1225/144858.267:INFO:CONSOLE(252)] "module-question/i18n/lang.js", source: http://tgc.stu.126.net/pub/s/teachold/core_8f48212905a0a11b856194fc3ce1a9de.js (252)
[4100:2488:1225/144858.267:INFO:CONSOLE(253)] "module-question/wapUiHelp", source: http://tgc.stu.126.net/pub/s/teachold/core_8f48212905a0a11b856194fc3ce1a9de.js (253)
[4100:2488:1225/144858.281:INFO:CONSOLE(257)] "module-question/wapUiViewHelp.js", source: http://tgc.stu.126.net/pub/s/teachold/core_8f48212905a0a11b856194fc3ce1a9de.js (257)
[4100:2488:1225/144906.126:INFO:CONSOLE(252)] "module-question/i18n/lang.js", source: http://tgc.stu.126.net/pub/s/teachold/core_8f48212905a0a11b856194fc3ce1a9de.js (252)
[4100:2488:1225/144906.126:INFO:CONSOLE(253)] "module-question/wapUiHelp", source: http://tgc.stu.126.net/pub/s/teachold/core_8f48212905a0a11b856194fc3ce1a9de.js (253)
[4100:2488:1225/144906.137:INFO:CONSOLE(257)] "module-question/wapUiViewHelp.js", source: http://tgc.stu.126.net/pub/s/teachold/core_8f48212905a0a11b856194fc3ce1a9de.js (257)
[4100:2488:1225/144909.860:INFO:CONSOLE(619)] "ancestorIframeChanged:379,1042", source:  (619)
[4100:2488:1225/144910.862:INFO:CONSOLE(619)] "ancestorIframeChanged:379,1042", source:  (619)
[4100:2488:1225/144911.872:INFO:CONSOLE(619)] "ancestorIframeChanged:379,1042", source:  (619)
[4100:2488:1225/144915.310:INFO:CONSOLE(619)] "ancestorIframeChanged:379,1042", source:  (619)
[4100:2488:1225/144920.509:INFO:CONSOLE(619)] "ancestorIframeChanged:379,1042", source:  (619)
[4100:2488:1225/144926.654:INFO:CONSOLE(619)] "ancestorIframeChanged:379,516", source:  (619)
[4100:2488:1225/144928.539:INFO:CONSOLE(619)] "ancestorIframeChanged:379,516", source:  (619)
[4100:2488:1225/144930.047:INFO:CONSOLE(619)] "ancestorIframeChanged:379,516", source:  (619)
[4100:2488:1225/144931.045:INFO:CONSOLE(619)] "ancestorIframeChanged:379,516", source:  (619)
[4100:2488:1225/144932.236:INFO:CONSOLE(619)] "ancestorIframeChanged:379,516", source:  (619)
[4100:2488:1225/144933.493:INFO:CONSOLE(619)] "ancestorIframeChanged:379,516", source:  (619)
[4100:2488:1225/144934.458:INFO:CONSOLE(619)] "ancestorIframeChanged:379,516", source:  (619)
[4100:2488:1225/144936.086:INFO:CONSOLE(619)] "ancestorIframeChanged:379,516", source:  (619)
[4100:2488:1225/144938.604:INFO:CONSOLE(619)] "ancestorIframeChanged:379,516", source:  (619)
[4100:2488:1225/144939.708:INFO:CONSOLE(252)] "module-question/i18n/lang.js", source: http://tgc.stu.126.net/pub/s/teachold/core_8f48212905a0a11b856194fc3ce1a9de.js (252)
[4100:2488:1225/144939.709:INFO:CONSOLE(253)] "module-question/wapUiHelp", source: http://tgc.stu.126.net/pub/s/teachold/core_8f48212905a0a11b856194fc3ce1a9de.js (253)
[4100:2488:1225/144939.721:INFO:CONSOLE(257)] "module-question/wapUiViewHelp.js", source: http://tgc.stu.126.net/pub/s/teachold/core_8f48212905a0a11b856194fc3ce1a9de.js (257)
[4100:2488:1225/144942.941:INFO:CONSOLE(619)] "ancestorIframeChanged:379,1042", source:  (619)
[4100:2488:1225/144948.004:INFO:CONSOLE(619)] "ancestorIframeChanged:379,516", source:  (619)
[4100:2488:1225/144950.755:INFO:CONSOLE(619)] "ancestorIframeChanged:379,516", source:  (619)
[4100:2488:1225/145005.460:INFO:CONSOLE(252)] "module-question/i18n/lang.js", source: http://tgc.stu.126.net/pub/s/teachold/core_8f48212905a0a11b856194fc3ce1a9de.js (252)
[4100:2488:1225/145005.460:INFO:CONSOLE(253)] "module-question/wapUiHelp", source: http://tgc.stu.126.net/pub/s/teachold/core_8f48212905a0a11b856194fc3ce1a9de.js (253)
[4100:2488:1225/145005.473:INFO:CONSOLE(257)] "module-question/wapUiViewHelp.js", source: http://tgc.stu.126.net/pub/s/teachold/core_8f48212905a0a11b856194fc3ce1a9de.js (257)
[4100:2488:1225/145009.050:INFO:CONSOLE(619)] "ancestorIframeChanged:379,1288", source:  (619)
[4100:2488:1225/145010.116:INFO:CONSOLE(619)] "ancestorIframeChanged:379,1288", source:  (619)
[4100:2488:1225/145011.133:INFO:CONSOLE(619)] "ancestorIframeChanged:379,1288", source:  (619)
[4100:2488:1225/145015.390:INFO:CONSOLE(619)] "ancestorIframeChanged:379,557", source:  (619)
[4100:2488:1225/145019.323:INFO:CONSOLE(619)] "ancestorIframeChanged:379,557", source:  (619)
[4100:2488:1225/145020.622:INFO:CONSOLE(619)] "ancestorIframeChanged:379,557", source:  (619)
[4100:2488:1225/145021.856:INFO:CONSOLE(619)] "ancestorIframeChanged:379,557", source:  (619)
[4100:2488:1225/145022.867:INFO:CONSOLE(619)] "ancestorIframeChanged:379,557", source:  (619)
[4100:2488:1225/145024.119:INFO:CONSOLE(619)] "ancestorIframeChanged:379,557", source:  (619)
[4100:2488:1225/145026.640:INFO:CONSOLE(619)] "ancestorIframeChanged:379,557", source:  (619)
[4100:2488:1225/145028.166:INFO:CONSOLE(619)] "ancestorIframeChanged:379,557", source:  (619)
[4100:2488:1225/145029.433:INFO:CONSOLE(619)] "ancestorIframeChanged:379,557", source:  (619)
[4100:2488:1225/145030.441:INFO:CONSOLE(619)] "ancestorIframeChanged:379,557", source:  (619)
[4100:2488:1225/145031.689:INFO:CONSOLE(619)] "ancestorIframeChanged:379,557", source:  (619)
[4100:2488:1225/145032.675:INFO:CONSOLE(619)] "ancestorIframeChanged:379,557", source:  (619)
[4100:2488:1225/145033.954:INFO:CONSOLE(619)] "ancestorIframeChanged:379,557", source:  (619)
[4100:2488:1225/145035.144:INFO:CONSOLE(619)] "ancestorIframeChanged:379,557", source:  (619)
[4100:2488:1225/145036.141:INFO:CONSOLE(619)] "ancestorIframeChanged:379,557", source:  (619)
[4100:2488:1225/145037.412:INFO:CONSOLE(619)] "ancestorIframeChanged:379,557", source:  (619)
[4100:2488:1225/145038.432:INFO:CONSOLE(252)] "module-question/i18n/lang.js", source: http://tgc.stu.126.net/pub/s/teachold/core_8f48212905a0a11b856194fc3ce1a9de.js (252)
[4100:2488:1225/145038.433:INFO:CONSOLE(253)] "module-question/wapUiHelp", source: http://tgc.stu.126.net/pub/s/teachold/core_8f48212905a0a11b856194fc3ce1a9de.js (253)
[4100:2488:1225/145038.444:INFO:CONSOLE(257)] "module-question/wapUiViewHelp.js", source: http://tgc.stu.126.net/pub/s/teachold/core_8f48212905a0a11b856194fc3ce1a9de.js (257)
[4100:2488:1225/145041.630:INFO:CONSOLE(619)] "ancestorIframeChanged:379,1288", source:  (619)
[4100:2488:1225/145055.064:INFO:CONSOLE(252)] "module-question/i18n/lang.js", source: http://tgc.stu.126.net/pub/s/teachold/core_8f48212905a0a11b856194fc3ce1a9de.js (252)
[4100:2488:1225/145055.064:INFO:CONSOLE(253)] "module-question/wapUiHelp", source: http://tgc.stu.126.net/pub/s/teachold/core_8f48212905a0a11b856194fc3ce1a9de.js (253)
[4100:2488:1225/145055.073:INFO:CONSOLE(257)] "module-question/wapUiViewHelp.js", source: http://tgc.stu.126.net/pub/s/teachold/core_8f48212905a0a11b856194fc3ce1a9de.js (257)
[4100:2488:1225/145204.542:INFO:CONSOLE(2)] "module-question/i18n/lang.js", source: https://cdn.ravenjs.com/3.22.3/raven.min.js (2)
[4100:2488:1225/145204.543:INFO:CONSOLE(2)] "module-question/wapUiHelp", source: https://cdn.ravenjs.com/3.22.3/raven.min.js (2)
[4100:2488:1225/145204.545:INFO:CONSOLE(2)] "module-question/wapUiViewHelp.js", source: https://cdn.ravenjs.com/3.22.3/raven.min.js (2)
[4100:2488:1225/145204.590:INFO:CONSOLE(0)] "Mixed Content: The page at 'https://geek.163.com/path/courses/400000003522074/learning' was loaded over HTTPS, but requested an insecure image 'http://edu-image.nosdn.127.net/2603bb45-5cd1-4ae6-9caa-3b93c65846e3.png?imageView&quality=100'. This content should also be served over HTTPS.", source: https://geek.163.com/path/courses/400000003522074/learning (0)
[4100:2488:1225/145204.590:INFO:CONSOLE(0)] "Mixed Content: The page at 'https://geek.163.com/path/courses/400000003522074/learning' was loaded over HTTPS, but requested an insecure image 'http://edu-image.nosdn.127.net/cef13cc138ff4c0c828b5bb2325fd50e.jpg?imageView&quality=100'. This content should also be served over HTTPS.", source: https://geek.163.com/path/courses/400000003522074/learning (0)
[4100:2488:1225/145204.591:INFO:CONSOLE(0)] "Mixed Content: The page at 'https://geek.163.com/path/courses/400000003522074/learning' was loaded over HTTPS, but requested an insecure image 'http://edu-image.nosdn.127.net/8298fae6ad92479dab0fe0b4529f3a57.png?imageView&quality=100'. This content should also be served over HTTPS.", source: https://geek.163.com/path/courses/400000003522074/learning (0)
[4100:2488:1225/145204.770:INFO:CONSOLE(2)] "Synchronous XMLHttpRequest on the main thread is deprecated because of its detrimental effects to the end user's experience. For more help, check https://xhr.spec.whatwg.org/.", source: https://cdn.ravenjs.com/3.22.3/raven.min.js (2)
[4100:2488:1225/145208.567:INFO:CONSOLE(2)] "the computed 'surplusTimes' don't define the set function,  assign data.surplusTimes altnately", source: https://cdn.ravenjs.com/3.22.3/raven.min.js (2)
[4100:2488:1225/145208.568:INFO:CONSOLE(2)] "the computed 'judgeRules' don't define the set function,  assign data.judgeRules altnately", source: https://cdn.ravenjs.com/3.22.3/raven.min.js (2)
[4100:2488:1225/145208.568:INFO:CONSOLE(2)] "the computed 'answerTime' don't define the set function,  assign data.answerTime altnately", source: https://cdn.ravenjs.com/3.22.3/raven.min.js (2)
[4100:2488:1225/145212.320:INFO:CONSOLE(200)] "module-question/i18n/lang.js", source: https://gc.stu.126.net/pub/s/web/core_17d7d749284a913cb90a5c0e752640ec.js (200)
[4100:2488:1225/145212.320:INFO:CONSOLE(200)] "module-question/wapUiHelp", source: https://gc.stu.126.net/pub/s/web/core_17d7d749284a913cb90a5c0e752640ec.js (200)
[4100:2488:1225/145212.321:INFO:CONSOLE(204)] "module-question/wapUiViewHelp.js", source: https://gc.stu.126.net/pub/s/web/core_17d7d749284a913cb90a5c0e752640ec.js (204)
[4100:2488:1225/145212.857:INFO:CONSOLE(619)] "ancestorIframeChanged:429,1068", source:  (619)
[4100:2488:1225/145215.386:INFO:CONSOLE(619)] "ancestorIframeChanged:429,1068", source:  (619)
[4100:2488:1225/145216.373:INFO:CONSOLE(619)] "ancestorIframeChanged:429,1068", source:  (619)
[4100:2488:1225/145217.356:INFO:CONSOLE(619)] "ancestorIframeChanged:429,1068", source:  (619)
[4100:2488:1225/145218.602:INFO:CONSOLE(619)] "ancestorIframeChanged:429,1068", source:  (619)
[4100:2488:1225/145219.867:INFO:CONSOLE(619)] "ancestorIframeChanged:429,1068", source:  (619)
[4100:2488:1225/145221.121:INFO:CONSOLE(619)] "ancestorIframeChanged:429,1068", source:  (619)
[4100:2488:1225/145222.129:INFO:CONSOLE(619)] "ancestorIframeChanged:429,1068", source:  (619)
[4100:2488:1225/145223.438:INFO:CONSOLE(619)] "ancestorIframeChanged:429,1068", source:  (619)
[4100:2488:1225/145250.934:INFO:CONSOLE(41)] "Cannot read property '0' of undefined", source: http://tgc.stu.126.net/pub/s/teachold/core_8f48212905a0a11b856194fc3ce1a9de.js (41)
[4100:2488:1225/145250.934:INFO:CONSOLE(41)] "TypeError: Cannot read property '0' of undefined", source: http://tgc.stu.126.net/pub/s/teachold/core_8f48212905a0a11b856194fc3ce1a9de.js (41)
