[13332:10172:1225/100243.740:WARNING:discovery_network_list_win.cc(195)] Failed to open Wlan client handle: 1062
[13332:10848:1225/100244.471:WARNING:CONSOLE(0)] "HTML Imports is deprecated and will be removed in M73, around March 2019. Please use ES modules instead. See https://www.chromestatus.com/features/5144752345317376 for more details.", source:  (0)
[13332:10848:1225/100244.574:WARNING:CONSOLE(77)] "document.registerElement is deprecated and will be removed in M73, around March 2019. Please use window.customElements.define instead. See https://www.chromestatus.com/features/4642138092470272 for more details.", source: https://ssl.gstatic.com/chrome/components/doodle-notifier-02.html (77)
[13332:10848:1225/100246.946:INFO:CONSOLE(619)] "ancestorIframeChanged:218,378", source:  (619)
[13332:10848:1225/100247.718:INFO:CONSOLE(619)] "ancestorIframeChanged:218,378", source:  (619)
[13332:10848:1225/100247.759:INFO:CONSOLE(8)] "SW registered", source: https://www.google.com/_/chrome/newtab?ie=UTF-8 (8)
[13332:10848:1225/100249.259:INFO:CONSOLE(2)] "module-question/i18n/lang.js", source: https://cdn.ravenjs.com/3.22.3/raven.min.js (2)
[13332:10848:1225/100249.261:INFO:CONSOLE(2)] "module-question/wapUiHelp", source: https://cdn.ravenjs.com/3.22.3/raven.min.js (2)
[13332:10848:1225/100249.263:INFO:CONSOLE(2)] "module-question/wapUiViewHelp.js", source: https://cdn.ravenjs.com/3.22.3/raven.min.js (2)
[13332:10848:1225/100249.991:INFO:CONSOLE(0)] "[DOM] Password field is not contained in a form: (More info: https://goo.gl/9p2vKq) %o", source: https://geek.163.com/path/member/login?returnUrl=aHR0cDovL3RlYWNoLmdlZWsuMTYzLmNvbS80MDAwMDAwMDA2NzIwNjQuaHRt (0)
[13332:10848:1225/100249.991:INFO:CONSOLE(0)] "[DOM] Password field is not contained in a form: (More info: https://goo.gl/9p2vKq) %o", source: https://geek.163.com/path/member/login?returnUrl=aHR0cDovL3RlYWNoLmdlZWsuMTYzLmNvbS80MDAwMDAwMDA2NzIwNjQuaHRt (0)
[13332:10848:1225/100249.992:INFO:CONSOLE(0)] "[DOM] Password field is not contained in a form: (More info: https://goo.gl/9p2vKq) %o", source: https://geek.163.com/path/member/login?returnUrl=aHR0cDovL3RlYWNoLmdlZWsuMTYzLmNvbS80MDAwMDAwMDA2NzIwNjQuaHRt (0)
[13332:10848:1225/100249.992:INFO:CONSOLE(0)] "[DOM] Password field is not contained in a form: (More info: https://goo.gl/9p2vKq) %o", source: https://geek.163.com/path/member/login?returnUrl=aHR0cDovL3RlYWNoLmdlZWsuMTYzLmNvbS80MDAwMDAwMDA2NzIwNjQuaHRt (0)
[13332:10848:1225/100249.992:INFO:CONSOLE(0)] "[DOM] Password field is not contained in a form: (More info: https://goo.gl/9p2vKq) %o", source: https://geek.163.com/path/member/login?returnUrl=aHR0cDovL3RlYWNoLmdlZWsuMTYzLmNvbS80MDAwMDAwMDA2NzIwNjQuaHRt (0)
[13332:10848:1225/100249.992:INFO:CONSOLE(0)] "[DOM] Password field is not contained in a form: (More info: https://goo.gl/9p2vKq) %o", source: https://geek.163.com/path/member/login?returnUrl=aHR0cDovL3RlYWNoLmdlZWsuMTYzLmNvbS80MDAwMDAwMDA2NzIwNjQuaHRt (0)
[13332:10848:1225/100249.992:INFO:CONSOLE(0)] "[DOM] Password field is not contained in a form: (More info: https://goo.gl/9p2vKq) %o", source: https://geek.163.com/path/member/login?returnUrl=aHR0cDovL3RlYWNoLmdlZWsuMTYzLmNvbS80MDAwMDAwMDA2NzIwNjQuaHRt (0)
[13332:10848:1225/100249.992:INFO:CONSOLE(0)] "[DOM] Password field is not contained in a form: (More info: https://goo.gl/9p2vKq) %o", source: https://geek.163.com/path/member/login?returnUrl=aHR0cDovL3RlYWNoLmdlZWsuMTYzLmNvbS80MDAwMDAwMDA2NzIwNjQuaHRt (0)
[13332:10848:1225/100249.992:INFO:CONSOLE(0)] "[DOM] Password field is not contained in a form: (More info: https://goo.gl/9p2vKq) %o", source: https://geek.163.com/path/member/login?returnUrl=aHR0cDovL3RlYWNoLmdlZWsuMTYzLmNvbS80MDAwMDAwMDA2NzIwNjQuaHRt (0)
[13332:10848:1225/100250.833:INFO:CONSOLE(0)] "[DOM] Input elements should have autocomplete attributes (suggested: "new-password"): (More info: https://goo.gl/9p2vKq) %o", source: https://webzj.reg.163.com/v1.0.1/pub/index_reg.html?cd=%2F%2Fedu-cms.nosdn.127.net%2Ftopics%2Fcss%2F&cf=kada_urs_register_course_3d3c8920fcb04752d050df94efe9f31a.css&MGID=1545703369614.806&wdaId=UA1438236666413&pkid=VelXuSo&product=kada (0)
[13332:10848:1225/100250.834:INFO:CONSOLE(0)] "[DOM] Input elements should have autocomplete attributes (suggested: "new-password"): (More info: https://goo.gl/9p2vKq) %o", source: https://webzj.reg.163.com/v1.0.1/pub/index_dl.html?cd=%2F%2Fedu-cms.nosdn.127.net%2Ftopics%2Fcss%2F&cf=kada_urs_course_4c152c9f26817efac4936d84ec1baa71.css&MGID=1545703369571.5928&wdaId=UA1438236666413&pkid=VelXuSo&product=kada (0)
[13332:10848:1225/100251.406:INFO:CONSOLE(0)] "[DOM] Input elements should have autocomplete attributes (suggested: "new-password"): (More info: https://goo.gl/9p2vKq) %o", source: https://webzj.reg.163.com/v1.0.1/pub/index.html?cd=%2F%2Fedu-cms.nosdn.127.net%2Ftopics%2Fcss%2F&cf=kada_urs_course_4c152c9f26817efac4936d84ec1baa71.css&MGID=1545703369605.032&wdaId=UA1438236666413&pkid=VelXuSo&product=kada (0)
[13332:10848:1225/100251.622:INFO:CONSOLE(2)] "ancestorIframeChanged:431,303", source: https://cdn.ravenjs.com/3.22.3/raven.min.js (2)
[13332:10848:1225/100251.624:INFO:CONSOLE(2)] "ancestorIframeChanged:-1569,211", source: https://cdn.ravenjs.com/3.22.3/raven.min.js (2)
[13332:10848:1225/100251.627:INFO:CONSOLE(2)] "ancestorIframeChanged:-1999,193", source: https://cdn.ravenjs.com/3.22.3/raven.min.js (2)
[13332:10848:1225/100252.792:INFO:CONSOLE(2)] "ancestorIframeChanged:791,303", source: https://cdn.ravenjs.com/3.22.3/raven.min.js (2)
[13332:10848:1225/100252.793:INFO:CONSOLE(2)] "ancestorIframeChanged:-1209,211", source: https://cdn.ravenjs.com/3.22.3/raven.min.js (2)
[13332:10848:1225/100252.796:INFO:CONSOLE(2)] "ancestorIframeChanged:-1639,193", source: https://cdn.ravenjs.com/3.22.3/raven.min.js (2)
[13332:10848:1225/100253.845:INFO:CONSOLE(2)] "ancestorIframeChanged:-1209,211", source: https://cdn.ravenjs.com/3.22.3/raven.min.js (2)
[13332:10848:1225/100253.847:INFO:CONSOLE(2)] "ancestorIframeChanged:791,303", source: https://cdn.ravenjs.com/3.22.3/raven.min.js (2)
[13332:10848:1225/100253.850:INFO:CONSOLE(2)] "ancestorIframeChanged:-1639,193", source: https://cdn.ravenjs.com/3.22.3/raven.min.js (2)
[13332:10848:1225/100255.182:INFO:CONSOLE(2)] "ancestorIframeChanged:-1209,211", source: https://cdn.ravenjs.com/3.22.3/raven.min.js (2)
[13332:10848:1225/100255.187:INFO:CONSOLE(2)] "ancestorIframeChanged:791,303", source: https://cdn.ravenjs.com/3.22.3/raven.min.js (2)
[13332:10848:1225/100255.190:INFO:CONSOLE(2)] "ancestorIframeChanged:-1639,193", source: https://cdn.ravenjs.com/3.22.3/raven.min.js (2)
[13332:10848:1225/100256.450:INFO:CONSOLE(2)] "ancestorIframeChanged:-1209,211", source: https://cdn.ravenjs.com/3.22.3/raven.min.js (2)
[13332:10848:1225/100256.451:INFO:CONSOLE(2)] "ancestorIframeChanged:791,303", source: https://cdn.ravenjs.com/3.22.3/raven.min.js (2)
[13332:10848:1225/100256.455:INFO:CONSOLE(2)] "ancestorIframeChanged:-1639,193", source: https://cdn.ravenjs.com/3.22.3/raven.min.js (2)
[13332:10848:1225/100258.364:INFO:CONSOLE(252)] "module-question/i18n/lang.js", source: http://tgc.stu.126.net/pub/s/teachold/core_8f48212905a0a11b856194fc3ce1a9de.js (252)
[13332:10848:1225/100258.365:INFO:CONSOLE(253)] "module-question/wapUiHelp", source: http://tgc.stu.126.net/pub/s/teachold/core_8f48212905a0a11b856194fc3ce1a9de.js (253)
[13332:10848:1225/100258.391:INFO:CONSOLE(257)] "module-question/wapUiViewHelp.js", source: http://tgc.stu.126.net/pub/s/teachold/core_8f48212905a0a11b856194fc3ce1a9de.js (257)
[13332:10848:1225/100300.928:INFO:CONSOLE(252)] "module-question/i18n/lang.js", source: http://tgc.stu.126.net/pub/s/teachold/core_8f48212905a0a11b856194fc3ce1a9de.js (252)
[13332:10848:1225/100300.931:INFO:CONSOLE(253)] "module-question/wapUiHelp", source: http://tgc.stu.126.net/pub/s/teachold/core_8f48212905a0a11b856194fc3ce1a9de.js (253)
[13332:10848:1225/100300.944:INFO:CONSOLE(257)] "module-question/wapUiViewHelp.js", source: http://tgc.stu.126.net/pub/s/teachold/core_8f48212905a0a11b856194fc3ce1a9de.js (257)
[13332:10848:1225/100310.062:INFO:CONSOLE(619)] "ancestorIframeChanged:624,594", source:  (619)
[13332:10848:1225/100312.129:INFO:CONSOLE(619)] "ancestorIframeChanged:624,594", source:  (619)
[13332:10848:1225/100317.113:INFO:CONSOLE(619)] "ancestorIframeChanged:624,302", source:  (619)
[13332:10848:1225/100318.851:INFO:CONSOLE(619)] "ancestorIframeChanged:624,302", source:  (619)
[13332:10848:1225/100319.957:INFO:CONSOLE(619)] "ancestorIframeChanged:624,302", source:  (619)
[13332:10848:1225/100321.038:INFO:CONSOLE(619)] "ancestorIframeChanged:624,302", source:  (619)
[13332:10848:1225/100336.299:INFO:CONSOLE(2)] "module-question/i18n/lang.js", source: https://cdn.ravenjs.com/3.22.3/raven.min.js (2)
[13332:10848:1225/100336.300:INFO:CONSOLE(2)] "module-question/wapUiHelp", source: https://cdn.ravenjs.com/3.22.3/raven.min.js (2)
[13332:10848:1225/100336.302:INFO:CONSOLE(2)] "module-question/wapUiViewHelp.js", source: https://cdn.ravenjs.com/3.22.3/raven.min.js (2)
[13332:10848:1225/100336.905:INFO:CONSOLE(0)] "[DOM] Password field is not contained in a form: (More info: https://goo.gl/9p2vKq) %o", source: https://geek.163.com/path/member/login?returnUrl=aHR0cDovL3RlYWNoLmdlZWsuMTYzLmNvbS80MDAwMDAwMDA2NzIwNjQuaHRt (0)
[13332:10848:1225/100336.905:INFO:CONSOLE(0)] "[DOM] Password field is not contained in a form: (More info: https://goo.gl/9p2vKq) %o", source: https://geek.163.com/path/member/login?returnUrl=aHR0cDovL3RlYWNoLmdlZWsuMTYzLmNvbS80MDAwMDAwMDA2NzIwNjQuaHRt (0)
[13332:10848:1225/100336.905:INFO:CONSOLE(0)] "[DOM] Password field is not contained in a form: (More info: https://goo.gl/9p2vKq) %o", source: https://geek.163.com/path/member/login?returnUrl=aHR0cDovL3RlYWNoLmdlZWsuMTYzLmNvbS80MDAwMDAwMDA2NzIwNjQuaHRt (0)
[13332:10848:1225/100336.905:INFO:CONSOLE(0)] "[DOM] Password field is not contained in a form: (More info: https://goo.gl/9p2vKq) %o", source: https://geek.163.com/path/member/login?returnUrl=aHR0cDovL3RlYWNoLmdlZWsuMTYzLmNvbS80MDAwMDAwMDA2NzIwNjQuaHRt (0)
[13332:10848:1225/100336.905:INFO:CONSOLE(0)] "[DOM] Password field is not contained in a form: (More info: https://goo.gl/9p2vKq) %o", source: https://geek.163.com/path/member/login?returnUrl=aHR0cDovL3RlYWNoLmdlZWsuMTYzLmNvbS80MDAwMDAwMDA2NzIwNjQuaHRt (0)
[13332:10848:1225/100336.905:INFO:CONSOLE(0)] "[DOM] Password field is not contained in a form: (More info: https://goo.gl/9p2vKq) %o", source: https://geek.163.com/path/member/login?returnUrl=aHR0cDovL3RlYWNoLmdlZWsuMTYzLmNvbS80MDAwMDAwMDA2NzIwNjQuaHRt (0)
[13332:10848:1225/100336.905:INFO:CONSOLE(0)] "[DOM] Password field is not contained in a form: (More info: https://goo.gl/9p2vKq) %o", source: https://geek.163.com/path/member/login?returnUrl=aHR0cDovL3RlYWNoLmdlZWsuMTYzLmNvbS80MDAwMDAwMDA2NzIwNjQuaHRt (0)
[13332:10848:1225/100336.905:INFO:CONSOLE(0)] "[DOM] Password field is not contained in a form: (More info: https://goo.gl/9p2vKq) %o", source: https://geek.163.com/path/member/login?returnUrl=aHR0cDovL3RlYWNoLmdlZWsuMTYzLmNvbS80MDAwMDAwMDA2NzIwNjQuaHRt (0)
[13332:10848:1225/100336.905:INFO:CONSOLE(0)] "[DOM] Password field is not contained in a form: (More info: https://goo.gl/9p2vKq) %o", source: https://geek.163.com/path/member/login?returnUrl=aHR0cDovL3RlYWNoLmdlZWsuMTYzLmNvbS80MDAwMDAwMDA2NzIwNjQuaHRt (0)
[13332:10848:1225/100337.501:INFO:CONSOLE(0)] "[DOM] Input elements should have autocomplete attributes (suggested: "new-password"): (More info: https://goo.gl/9p2vKq) %o", source: https://webzj.reg.163.com/v1.0.1/pub/index_dl.html?cd=%2F%2Fedu-cms.nosdn.127.net%2Ftopics%2Fcss%2F&cf=kada_urs_course_4c152c9f26817efac4936d84ec1baa71.css&MGID=1545703416609.4268&wdaId=UA1438236666413&pkid=VelXuSo&product=kada (0)
[13332:10848:1225/100337.805:INFO:CONSOLE(0)] "[DOM] Input elements should have autocomplete attributes (suggested: "new-password"): (More info: https://goo.gl/9p2vKq) %o", source: https://webzj.reg.163.com/v1.0.1/pub/index_reg.html?cd=%2F%2Fedu-cms.nosdn.127.net%2Ftopics%2Fcss%2F&cf=kada_urs_register_course_3d3c8920fcb04752d050df94efe9f31a.css&MGID=1545703416644.1897&wdaId=UA1438236666413&pkid=VelXuSo&product=kada (0)
[13332:10848:1225/100337.910:INFO:CONSOLE(0)] "[DOM] Input elements should have autocomplete attributes (suggested: "new-password"): (More info: https://goo.gl/9p2vKq) %o", source: https://webzj.reg.163.com/v1.0.1/pub/index.html?cd=%2F%2Fedu-cms.nosdn.127.net%2Ftopics%2Fcss%2F&cf=kada_urs_course_4c152c9f26817efac4936d84ec1baa71.css&MGID=1545703416636.5674&wdaId=UA1438236666413&pkid=VelXuSo&product=kada (0)
[13332:10848:1225/100338.014:INFO:CONSOLE(2)] "ancestorIframeChanged:791,303", source: https://cdn.ravenjs.com/3.22.3/raven.min.js (2)
[13332:10848:1225/100338.017:INFO:CONSOLE(2)] "ancestorIframeChanged:-1209,211", source: https://cdn.ravenjs.com/3.22.3/raven.min.js (2)
[13332:10848:1225/100338.020:INFO:CONSOLE(2)] "ancestorIframeChanged:-1639,193", source: https://cdn.ravenjs.com/3.22.3/raven.min.js (2)
[13332:10848:1225/100339.006:INFO:CONSOLE(2)] "ancestorIframeChanged:791,303", source: https://cdn.ravenjs.com/3.22.3/raven.min.js (2)
[13332:10848:1225/100339.008:INFO:CONSOLE(2)] "ancestorIframeChanged:-1209,211", source: https://cdn.ravenjs.com/3.22.3/raven.min.js (2)
[13332:10848:1225/100339.010:INFO:CONSOLE(2)] "ancestorIframeChanged:-1639,193", source: https://cdn.ravenjs.com/3.22.3/raven.min.js (2)
[13332:10848:1225/100340.094:INFO:CONSOLE(2)] "ancestorIframeChanged:-1209,211", source: https://cdn.ravenjs.com/3.22.3/raven.min.js (2)
[13332:10848:1225/100340.095:INFO:CONSOLE(2)] "ancestorIframeChanged:791,303", source: https://cdn.ravenjs.com/3.22.3/raven.min.js (2)
[13332:10848:1225/100340.097:INFO:CONSOLE(2)] "ancestorIframeChanged:-1639,193", source: https://cdn.ravenjs.com/3.22.3/raven.min.js (2)
[13332:10848:1225/100341.338:INFO:CONSOLE(2)] "ancestorIframeChanged:-1209,211", source: https://cdn.ravenjs.com/3.22.3/raven.min.js (2)
[13332:10848:1225/100341.339:INFO:CONSOLE(2)] "ancestorIframeChanged:791,303", source: https://cdn.ravenjs.com/3.22.3/raven.min.js (2)
[13332:10848:1225/100341.341:INFO:CONSOLE(2)] "ancestorIframeChanged:-1639,193", source: https://cdn.ravenjs.com/3.22.3/raven.min.js (2)
[13332:10848:1225/100342.523:INFO:CONSOLE(2)] "ancestorIframeChanged:-1209,211", source: https://cdn.ravenjs.com/3.22.3/raven.min.js (2)
[13332:10848:1225/100342.524:INFO:CONSOLE(2)] "ancestorIframeChanged:791,303", source: https://cdn.ravenjs.com/3.22.3/raven.min.js (2)
[13332:10848:1225/100342.528:INFO:CONSOLE(2)] "ancestorIframeChanged:-1639,193", source: https://cdn.ravenjs.com/3.22.3/raven.min.js (2)
[13332:10848:1225/100344.166:INFO:CONSOLE(252)] "module-question/i18n/lang.js", source: http://tgc.stu.126.net/pub/s/teachold/core_8f48212905a0a11b856194fc3ce1a9de.js (252)
[13332:10848:1225/100344.167:INFO:CONSOLE(253)] "module-question/wapUiHelp", source: http://tgc.stu.126.net/pub/s/teachold/core_8f48212905a0a11b856194fc3ce1a9de.js (253)
[13332:10848:1225/100344.180:INFO:CONSOLE(257)] "module-question/wapUiViewHelp.js", source: http://tgc.stu.126.net/pub/s/teachold/core_8f48212905a0a11b856194fc3ce1a9de.js (257)
[13332:10848:1225/100346.023:INFO:CONSOLE(252)] "module-question/i18n/lang.js", source: http://tgc.stu.126.net/pub/s/teachold/core_8f48212905a0a11b856194fc3ce1a9de.js (252)
[13332:10848:1225/100346.023:INFO:CONSOLE(253)] "module-question/wapUiHelp", source: http://tgc.stu.126.net/pub/s/teachold/core_8f48212905a0a11b856194fc3ce1a9de.js (253)
[13332:10848:1225/100346.036:INFO:CONSOLE(257)] "module-question/wapUiViewHelp.js", source: http://tgc.stu.126.net/pub/s/teachold/core_8f48212905a0a11b856194fc3ce1a9de.js (257)
[13332:10848:1225/100354.862:INFO:CONSOLE(619)] "ancestorIframeChanged:624,594", source:  (619)
[13332:10848:1225/100355.906:INFO:CONSOLE(619)] "ancestorIframeChanged:624,594", source:  (619)
[13332:10848:1225/100400.032:INFO:CONSOLE(619)] "ancestorIframeChanged:624,594", source:  (619)
[13332:10848:1225/100401.131:INFO:CONSOLE(619)] "ancestorIframeChanged:624,594", source:  (619)
[13332:10848:1225/100402.210:INFO:CONSOLE(619)] "ancestorIframeChanged:624,594", source:  (619)
[13332:10848:1225/100403.296:INFO:CONSOLE(619)] "ancestorIframeChanged:624,594", source:  (619)
[13332:10848:1225/100404.478:INFO:CONSOLE(619)] "ancestorIframeChanged:624,594", source:  (619)
[13332:10848:1225/100405.468:INFO:CONSOLE(619)] "ancestorIframeChanged:624,594", source:  (619)
[13332:10848:1225/100409.578:INFO:CONSOLE(619)] "ancestorIframeChanged:624,466", source:  (619)
[13332:10848:1225/100411.348:INFO:CONSOLE(619)] "ancestorIframeChanged:624,466", source:  (619)
[13332:10848:1225/100430.870:INFO:CONSOLE(2)] "module-question/i18n/lang.js", source: https://cdn.ravenjs.com/3.22.3/raven.min.js (2)
[13332:10848:1225/100430.870:INFO:CONSOLE(2)] "module-question/wapUiHelp", source: https://cdn.ravenjs.com/3.22.3/raven.min.js (2)
[13332:10848:1225/100430.871:INFO:CONSOLE(2)] "module-question/wapUiViewHelp.js", source: https://cdn.ravenjs.com/3.22.3/raven.min.js (2)
[13332:10848:1225/100431.535:INFO:CONSOLE(0)] "[DOM] Password field is not contained in a form: (More info: https://goo.gl/9p2vKq) %o", source: https://geek.163.com/path/member/login?returnUrl=aHR0cDovL3RlYWNoLmdlZWsuMTYzLmNvbS80MDAwMDAwMDA2NzIwNjQuaHRt (0)
[13332:10848:1225/100431.535:INFO:CONSOLE(0)] "[DOM] Password field is not contained in a form: (More info: https://goo.gl/9p2vKq) %o", source: https://geek.163.com/path/member/login?returnUrl=aHR0cDovL3RlYWNoLmdlZWsuMTYzLmNvbS80MDAwMDAwMDA2NzIwNjQuaHRt (0)
[13332:10848:1225/100431.536:INFO:CONSOLE(0)] "[DOM] Password field is not contained in a form: (More info: https://goo.gl/9p2vKq) %o", source: https://geek.163.com/path/member/login?returnUrl=aHR0cDovL3RlYWNoLmdlZWsuMTYzLmNvbS80MDAwMDAwMDA2NzIwNjQuaHRt (0)
[13332:10848:1225/100431.536:INFO:CONSOLE(0)] "[DOM] Password field is not contained in a form: (More info: https://goo.gl/9p2vKq) %o", source: https://geek.163.com/path/member/login?returnUrl=aHR0cDovL3RlYWNoLmdlZWsuMTYzLmNvbS80MDAwMDAwMDA2NzIwNjQuaHRt (0)
[13332:10848:1225/100431.536:INFO:CONSOLE(0)] "[DOM] Password field is not contained in a form: (More info: https://goo.gl/9p2vKq) %o", source: https://geek.163.com/path/member/login?returnUrl=aHR0cDovL3RlYWNoLmdlZWsuMTYzLmNvbS80MDAwMDAwMDA2NzIwNjQuaHRt (0)
[13332:10848:1225/100431.536:INFO:CONSOLE(0)] "[DOM] Password field is not contained in a form: (More info: https://goo.gl/9p2vKq) %o", source: https://geek.163.com/path/member/login?returnUrl=aHR0cDovL3RlYWNoLmdlZWsuMTYzLmNvbS80MDAwMDAwMDA2NzIwNjQuaHRt (0)
[13332:10848:1225/100431.536:INFO:CONSOLE(0)] "[DOM] Password field is not contained in a form: (More info: https://goo.gl/9p2vKq) %o", source: https://geek.163.com/path/member/login?returnUrl=aHR0cDovL3RlYWNoLmdlZWsuMTYzLmNvbS80MDAwMDAwMDA2NzIwNjQuaHRt (0)
[13332:10848:1225/100431.536:INFO:CONSOLE(0)] "[DOM] Password field is not contained in a form: (More info: https://goo.gl/9p2vKq) %o", source: https://geek.163.com/path/member/login?returnUrl=aHR0cDovL3RlYWNoLmdlZWsuMTYzLmNvbS80MDAwMDAwMDA2NzIwNjQuaHRt (0)
[13332:10848:1225/100431.536:INFO:CONSOLE(0)] "[DOM] Password field is not contained in a form: (More info: https://goo.gl/9p2vKq) %o", source: https://geek.163.com/path/member/login?returnUrl=aHR0cDovL3RlYWNoLmdlZWsuMTYzLmNvbS80MDAwMDAwMDA2NzIwNjQuaHRt (0)
[13332:10848:1225/100432.356:INFO:CONSOLE(0)] "[DOM] Input elements should have autocomplete attributes (suggested: "new-password"): (More info: https://goo.gl/9p2vKq) %o", source: https://webzj.reg.163.com/v1.0.1/pub/index_dl.html?cd=%2F%2Fedu-cms.nosdn.127.net%2Ftopics%2Fcss%2F&cf=kada_urs_course_4c152c9f26817efac4936d84ec1baa71.css&MGID=1545703471195.9504&wdaId=UA1438236666413&pkid=VelXuSo&product=kada (0)
[13332:10848:1225/100432.358:INFO:CONSOLE(0)] "[DOM] Input elements should have autocomplete attributes (suggested: "new-password"): (More info: https://goo.gl/9p2vKq) %o", source: https://webzj.reg.163.com/v1.0.1/pub/index_reg.html?cd=%2F%2Fedu-cms.nosdn.127.net%2Ftopics%2Fcss%2F&cf=kada_urs_register_course_3d3c8920fcb04752d050df94efe9f31a.css&MGID=1545703471231.8303&wdaId=UA1438236666413&pkid=VelXuSo&product=kada (0)
[13332:10848:1225/100432.401:INFO:CONSOLE(0)] "[DOM] Input elements should have autocomplete attributes (suggested: "new-password"): (More info: https://goo.gl/9p2vKq) %o", source: https://webzj.reg.163.com/v1.0.1/pub/index.html?cd=%2F%2Fedu-cms.nosdn.127.net%2Ftopics%2Fcss%2F&cf=kada_urs_course_4c152c9f26817efac4936d84ec1baa71.css&MGID=1545703471221.9397&wdaId=UA1438236666413&pkid=VelXuSo&product=kada (0)
[13332:10848:1225/100432.531:INFO:CONSOLE(2)] "ancestorIframeChanged:791,303", source: https://cdn.ravenjs.com/3.22.3/raven.min.js (2)
[13332:10848:1225/100432.533:INFO:CONSOLE(2)] "ancestorIframeChanged:-1209,211", source: https://cdn.ravenjs.com/3.22.3/raven.min.js (2)
[13332:10848:1225/100432.537:INFO:CONSOLE(2)] "ancestorIframeChanged:-1639,193", source: https://cdn.ravenjs.com/3.22.3/raven.min.js (2)
[13332:10848:1225/100433.548:INFO:CONSOLE(2)] "ancestorIframeChanged:791,303", source: https://cdn.ravenjs.com/3.22.3/raven.min.js (2)
[13332:10848:1225/100433.549:INFO:CONSOLE(2)] "ancestorIframeChanged:-1209,211", source: https://cdn.ravenjs.com/3.22.3/raven.min.js (2)
[13332:10848:1225/100433.553:INFO:CONSOLE(2)] "ancestorIframeChanged:-1639,193", source: https://cdn.ravenjs.com/3.22.3/raven.min.js (2)
[13332:10848:1225/100434.604:INFO:CONSOLE(2)] "ancestorIframeChanged:-1209,211", source: https://cdn.ravenjs.com/3.22.3/raven.min.js (2)
[13332:10848:1225/100434.606:INFO:CONSOLE(2)] "ancestorIframeChanged:791,303", source: https://cdn.ravenjs.com/3.22.3/raven.min.js (2)
[13332:10848:1225/100434.608:INFO:CONSOLE(2)] "ancestorIframeChanged:-1639,193", source: https://cdn.ravenjs.com/3.22.3/raven.min.js (2)
[13332:10848:1225/100435.886:INFO:CONSOLE(2)] "ancestorIframeChanged:-1209,211", source: https://cdn.ravenjs.com/3.22.3/raven.min.js (2)
[13332:10848:1225/100435.888:INFO:CONSOLE(2)] "ancestorIframeChanged:791,303", source: https://cdn.ravenjs.com/3.22.3/raven.min.js (2)
[13332:10848:1225/100435.890:INFO:CONSOLE(2)] "ancestorIframeChanged:-1639,193", source: https://cdn.ravenjs.com/3.22.3/raven.min.js (2)
[13332:10848:1225/100437.104:INFO:CONSOLE(2)] "ancestorIframeChanged:-1209,211", source: https://cdn.ravenjs.com/3.22.3/raven.min.js (2)
[13332:10848:1225/100437.105:INFO:CONSOLE(2)] "ancestorIframeChanged:791,303", source: https://cdn.ravenjs.com/3.22.3/raven.min.js (2)
[13332:10848:1225/100437.107:INFO:CONSOLE(2)] "ancestorIframeChanged:-1639,193", source: https://cdn.ravenjs.com/3.22.3/raven.min.js (2)
[13332:10848:1225/100438.960:INFO:CONSOLE(252)] "module-question/i18n/lang.js", source: http://tgc.stu.126.net/pub/s/teachold/core_8f48212905a0a11b856194fc3ce1a9de.js (252)
[13332:10848:1225/100438.960:INFO:CONSOLE(253)] "module-question/wapUiHelp", source: http://tgc.stu.126.net/pub/s/teachold/core_8f48212905a0a11b856194fc3ce1a9de.js (253)
[13332:10848:1225/100438.971:INFO:CONSOLE(257)] "module-question/wapUiViewHelp.js", source: http://tgc.stu.126.net/pub/s/teachold/core_8f48212905a0a11b856194fc3ce1a9de.js (257)
[13332:10848:1225/100440.610:INFO:CONSOLE(252)] "module-question/i18n/lang.js", source: http://tgc.stu.126.net/pub/s/teachold/core_8f48212905a0a11b856194fc3ce1a9de.js (252)
[13332:10848:1225/100440.611:INFO:CONSOLE(253)] "module-question/wapUiHelp", source: http://tgc.stu.126.net/pub/s/teachold/core_8f48212905a0a11b856194fc3ce1a9de.js (253)
[13332:10848:1225/100440.623:INFO:CONSOLE(257)] "module-question/wapUiViewHelp.js", source: http://tgc.stu.126.net/pub/s/teachold/core_8f48212905a0a11b856194fc3ce1a9de.js (257)
[13332:10848:1225/100510.139:INFO:CONSOLE(2)] "module-question/i18n/lang.js", source: https://cdn.ravenjs.com/3.22.3/raven.min.js (2)
[13332:10848:1225/100510.139:INFO:CONSOLE(2)] "module-question/wapUiHelp", source: https://cdn.ravenjs.com/3.22.3/raven.min.js (2)
[13332:10848:1225/100510.140:INFO:CONSOLE(2)] "module-question/wapUiViewHelp.js", source: https://cdn.ravenjs.com/3.22.3/raven.min.js (2)
[13332:10848:1225/100510.772:INFO:CONSOLE(0)] "[DOM] Password field is not contained in a form: (More info: https://goo.gl/9p2vKq) %o", source: https://geek.163.com/path/member/login?returnUrl=aHR0cDovL3RlYWNoLmdlZWsuMTYzLmNvbS80MDAwMDAwMDA2NzIwNjQuaHRt (0)
[13332:10848:1225/100510.772:INFO:CONSOLE(0)] "[DOM] Password field is not contained in a form: (More info: https://goo.gl/9p2vKq) %o", source: https://geek.163.com/path/member/login?returnUrl=aHR0cDovL3RlYWNoLmdlZWsuMTYzLmNvbS80MDAwMDAwMDA2NzIwNjQuaHRt (0)
[13332:10848:1225/100510.773:INFO:CONSOLE(0)] "[DOM] Password field is not contained in a form: (More info: https://goo.gl/9p2vKq) %o", source: https://geek.163.com/path/member/login?returnUrl=aHR0cDovL3RlYWNoLmdlZWsuMTYzLmNvbS80MDAwMDAwMDA2NzIwNjQuaHRt (0)
[13332:10848:1225/100510.773:INFO:CONSOLE(0)] "[DOM] Password field is not contained in a form: (More info: https://goo.gl/9p2vKq) %o", source: https://geek.163.com/path/member/login?returnUrl=aHR0cDovL3RlYWNoLmdlZWsuMTYzLmNvbS80MDAwMDAwMDA2NzIwNjQuaHRt (0)
[13332:10848:1225/100510.773:INFO:CONSOLE(0)] "[DOM] Password field is not contained in a form: (More info: https://goo.gl/9p2vKq) %o", source: https://geek.163.com/path/member/login?returnUrl=aHR0cDovL3RlYWNoLmdlZWsuMTYzLmNvbS80MDAwMDAwMDA2NzIwNjQuaHRt (0)
[13332:10848:1225/100510.773:INFO:CONSOLE(0)] "[DOM] Password field is not contained in a form: (More info: https://goo.gl/9p2vKq) %o", source: https://geek.163.com/path/member/login?returnUrl=aHR0cDovL3RlYWNoLmdlZWsuMTYzLmNvbS80MDAwMDAwMDA2NzIwNjQuaHRt (0)
[13332:10848:1225/100510.774:INFO:CONSOLE(0)] "[DOM] Password field is not contained in a form: (More info: https://goo.gl/9p2vKq) %o", source: https://geek.163.com/path/member/login?returnUrl=aHR0cDovL3RlYWNoLmdlZWsuMTYzLmNvbS80MDAwMDAwMDA2NzIwNjQuaHRt (0)
[13332:10848:1225/100510.774:INFO:CONSOLE(0)] "[DOM] Password field is not contained in a form: (More info: https://goo.gl/9p2vKq) %o", source: https://geek.163.com/path/member/login?returnUrl=aHR0cDovL3RlYWNoLmdlZWsuMTYzLmNvbS80MDAwMDAwMDA2NzIwNjQuaHRt (0)
[13332:10848:1225/100510.774:INFO:CONSOLE(0)] "[DOM] Password field is not contained in a form: (More info: https://goo.gl/9p2vKq) %o", source: https://geek.163.com/path/member/login?returnUrl=aHR0cDovL3RlYWNoLmdlZWsuMTYzLmNvbS80MDAwMDAwMDA2NzIwNjQuaHRt (0)
[13332:10848:1225/100511.503:INFO:CONSOLE(0)] "[DOM] Input elements should have autocomplete attributes (suggested: "new-password"): (More info: https://goo.gl/9p2vKq) %o", source: https://webzj.reg.163.com/v1.0.1/pub/index_dl.html?cd=%2F%2Fedu-cms.nosdn.127.net%2Ftopics%2Fcss%2F&cf=kada_urs_course_4c152c9f26817efac4936d84ec1baa71.css&MGID=1545703510408.9224&wdaId=UA1438236666413&pkid=VelXuSo&product=kada (0)
[13332:10848:1225/100511.504:INFO:CONSOLE(0)] "[DOM] Input elements should have autocomplete attributes (suggested: "new-password"): (More info: https://goo.gl/9p2vKq) %o", source: https://webzj.reg.163.com/v1.0.1/pub/index_reg.html?cd=%2F%2Fedu-cms.nosdn.127.net%2Ftopics%2Fcss%2F&cf=kada_urs_register_course_3d3c8920fcb04752d050df94efe9f31a.css&MGID=1545703510444.8164&wdaId=UA1438236666413&pkid=VelXuSo&product=kada (0)
[13332:10848:1225/100511.579:INFO:CONSOLE(0)] "[DOM] Input elements should have autocomplete attributes (suggested: "new-password"): (More info: https://goo.gl/9p2vKq) %o", source: https://webzj.reg.163.com/v1.0.1/pub/index.html?cd=%2F%2Fedu-cms.nosdn.127.net%2Ftopics%2Fcss%2F&cf=kada_urs_course_4c152c9f26817efac4936d84ec1baa71.css&MGID=1545703510436.6711&wdaId=UA1438236666413&pkid=VelXuSo&product=kada (0)
[13332:10848:1225/100511.733:INFO:CONSOLE(2)] "ancestorIframeChanged:791,303", source: https://cdn.ravenjs.com/3.22.3/raven.min.js (2)
[13332:10848:1225/100511.735:INFO:CONSOLE(2)] "ancestorIframeChanged:-1209,211", source: https://cdn.ravenjs.com/3.22.3/raven.min.js (2)
[13332:10848:1225/100511.738:INFO:CONSOLE(2)] "ancestorIframeChanged:-1639,193", source: https://cdn.ravenjs.com/3.22.3/raven.min.js (2)
[13332:10848:1225/100512.425:INFO:CONSOLE(2)] "ancestorIframeChanged:791,303", source: https://cdn.ravenjs.com/3.22.3/raven.min.js (2)
[13332:10848:1225/100512.427:INFO:CONSOLE(2)] "ancestorIframeChanged:-1209,211", source: https://cdn.ravenjs.com/3.22.3/raven.min.js (2)
[13332:10848:1225/100512.429:INFO:CONSOLE(2)] "ancestorIframeChanged:-1639,193", source: https://cdn.ravenjs.com/3.22.3/raven.min.js (2)
[13332:10848:1225/100513.844:INFO:CONSOLE(2)] "ancestorIframeChanged:-1209,211", source: https://cdn.ravenjs.com/3.22.3/raven.min.js (2)
[13332:10848:1225/100513.846:INFO:CONSOLE(2)] "ancestorIframeChanged:791,303", source: https://cdn.ravenjs.com/3.22.3/raven.min.js (2)
[13332:10848:1225/100513.848:INFO:CONSOLE(2)] "ancestorIframeChanged:-1639,193", source: https://cdn.ravenjs.com/3.22.3/raven.min.js (2)
[13332:10848:1225/100515.071:INFO:CONSOLE(2)] "ancestorIframeChanged:-1209,211", source: https://cdn.ravenjs.com/3.22.3/raven.min.js (2)
[13332:10848:1225/100515.072:INFO:CONSOLE(2)] "ancestorIframeChanged:791,303", source: https://cdn.ravenjs.com/3.22.3/raven.min.js (2)
[13332:10848:1225/100515.076:INFO:CONSOLE(2)] "ancestorIframeChanged:-1639,193", source: https://cdn.ravenjs.com/3.22.3/raven.min.js (2)
[13332:10848:1225/100516.203:INFO:CONSOLE(2)] "ancestorIframeChanged:-1209,211", source: https://cdn.ravenjs.com/3.22.3/raven.min.js (2)
[13332:10848:1225/100516.205:INFO:CONSOLE(2)] "ancestorIframeChanged:791,303", source: https://cdn.ravenjs.com/3.22.3/raven.min.js (2)
[13332:10848:1225/100516.207:INFO:CONSOLE(2)] "ancestorIframeChanged:-1639,193", source: https://cdn.ravenjs.com/3.22.3/raven.min.js (2)
[13332:10848:1225/100517.904:INFO:CONSOLE(252)] "module-question/i18n/lang.js", source: http://tgc.stu.126.net/pub/s/teachold/core_8f48212905a0a11b856194fc3ce1a9de.js (252)
[13332:10848:1225/100517.904:INFO:CONSOLE(253)] "module-question/wapUiHelp", source: http://tgc.stu.126.net/pub/s/teachold/core_8f48212905a0a11b856194fc3ce1a9de.js (253)
[13332:10848:1225/100517.917:INFO:CONSOLE(257)] "module-question/wapUiViewHelp.js", source: http://tgc.stu.126.net/pub/s/teachold/core_8f48212905a0a11b856194fc3ce1a9de.js (257)
[13332:10848:1225/100614.238:INFO:CONSOLE(252)] "module-question/i18n/lang.js", source: http://tgc.stu.126.net/pub/s/teachold/core_8f48212905a0a11b856194fc3ce1a9de.js (252)
[13332:10848:1225/100614.238:INFO:CONSOLE(253)] "module-question/wapUiHelp", source: http://tgc.stu.126.net/pub/s/teachold/core_8f48212905a0a11b856194fc3ce1a9de.js (253)
[13332:10848:1225/100614.254:INFO:CONSOLE(257)] "module-question/wapUiViewHelp.js", source: http://tgc.stu.126.net/pub/s/teachold/core_8f48212905a0a11b856194fc3ce1a9de.js (257)
[13332:10848:1225/100631.373:INFO:CONSOLE(2)] "module-question/i18n/lang.js", source: https://cdn.ravenjs.com/3.22.3/raven.min.js (2)
[13332:10848:1225/100631.374:INFO:CONSOLE(2)] "module-question/wapUiHelp", source: https://cdn.ravenjs.com/3.22.3/raven.min.js (2)
[13332:10848:1225/100631.376:INFO:CONSOLE(2)] "module-question/wapUiViewHelp.js", source: https://cdn.ravenjs.com/3.22.3/raven.min.js (2)
[13332:10848:1225/100632.068:INFO:CONSOLE(0)] "[DOM] Password field is not contained in a form: (More info: https://goo.gl/9p2vKq) %o", source: https://geek.163.com/path/member/login?returnUrl=aHR0cDovL3RlYWNoLmdlZWsuMTYzLmNvbS80MDAwMDAwMDA2NzIwNjQuaHRt (0)
[13332:10848:1225/100632.069:INFO:CONSOLE(0)] "[DOM] Password field is not contained in a form: (More info: https://goo.gl/9p2vKq) %o", source: https://geek.163.com/path/member/login?returnUrl=aHR0cDovL3RlYWNoLmdlZWsuMTYzLmNvbS80MDAwMDAwMDA2NzIwNjQuaHRt (0)
[13332:10848:1225/100632.069:INFO:CONSOLE(0)] "[DOM] Password field is not contained in a form: (More info: https://goo.gl/9p2vKq) %o", source: https://geek.163.com/path/member/login?returnUrl=aHR0cDovL3RlYWNoLmdlZWsuMTYzLmNvbS80MDAwMDAwMDA2NzIwNjQuaHRt (0)
[13332:10848:1225/100632.069:INFO:CONSOLE(0)] "[DOM] Password field is not contained in a form: (More info: https://goo.gl/9p2vKq) %o", source: https://geek.163.com/path/member/login?returnUrl=aHR0cDovL3RlYWNoLmdlZWsuMTYzLmNvbS80MDAwMDAwMDA2NzIwNjQuaHRt (0)
[13332:10848:1225/100632.070:INFO:CONSOLE(0)] "[DOM] Password field is not contained in a form: (More info: https://goo.gl/9p2vKq) %o", source: https://geek.163.com/path/member/login?returnUrl=aHR0cDovL3RlYWNoLmdlZWsuMTYzLmNvbS80MDAwMDAwMDA2NzIwNjQuaHRt (0)
[13332:10848:1225/100632.070:INFO:CONSOLE(0)] "[DOM] Password field is not contained in a form: (More info: https://goo.gl/9p2vKq) %o", source: https://geek.163.com/path/member/login?returnUrl=aHR0cDovL3RlYWNoLmdlZWsuMTYzLmNvbS80MDAwMDAwMDA2NzIwNjQuaHRt (0)
[13332:10848:1225/100632.070:INFO:CONSOLE(0)] "[DOM] Password field is not contained in a form: (More info: https://goo.gl/9p2vKq) %o", source: https://geek.163.com/path/member/login?returnUrl=aHR0cDovL3RlYWNoLmdlZWsuMTYzLmNvbS80MDAwMDAwMDA2NzIwNjQuaHRt (0)
[13332:10848:1225/100632.070:INFO:CONSOLE(0)] "[DOM] Password field is not contained in a form: (More info: https://goo.gl/9p2vKq) %o", source: https://geek.163.com/path/member/login?returnUrl=aHR0cDovL3RlYWNoLmdlZWsuMTYzLmNvbS80MDAwMDAwMDA2NzIwNjQuaHRt (0)
[13332:10848:1225/100632.070:INFO:CONSOLE(0)] "[DOM] Password field is not contained in a form: (More info: https://goo.gl/9p2vKq) %o", source: https://geek.163.com/path/member/login?returnUrl=aHR0cDovL3RlYWNoLmdlZWsuMTYzLmNvbS80MDAwMDAwMDA2NzIwNjQuaHRt (0)
[13332:10848:1225/100632.775:INFO:CONSOLE(0)] "[DOM] Input elements should have autocomplete attributes (suggested: "new-password"): (More info: https://goo.gl/9p2vKq) %o", source: https://webzj.reg.163.com/v1.0.1/pub/index_dl.html?cd=%2F%2Fedu-cms.nosdn.127.net%2Ftopics%2Fcss%2F&cf=kada_urs_course_4c152c9f26817efac4936d84ec1baa71.css&MGID=1545703591690.5942&wdaId=UA1438236666413&pkid=VelXuSo&product=kada (0)
[13332:10848:1225/100632.799:INFO:CONSOLE(0)] "[DOM] Input elements should have autocomplete attributes (suggested: "new-password"): (More info: https://goo.gl/9p2vKq) %o", source: https://webzj.reg.163.com/v1.0.1/pub/index_reg.html?cd=%2F%2Fedu-cms.nosdn.127.net%2Ftopics%2Fcss%2F&cf=kada_urs_register_course_3d3c8920fcb04752d050df94efe9f31a.css&MGID=1545703591722.4443&wdaId=UA1438236666413&pkid=VelXuSo&product=kada (0)
[13332:10848:1225/100632.801:INFO:CONSOLE(0)] "[DOM] Input elements should have autocomplete attributes (suggested: "new-password"): (More info: https://goo.gl/9p2vKq) %o", source: https://webzj.reg.163.com/v1.0.1/pub/index.html?cd=%2F%2Fedu-cms.nosdn.127.net%2Ftopics%2Fcss%2F&cf=kada_urs_course_4c152c9f26817efac4936d84ec1baa71.css&MGID=1545703591713.6392&wdaId=UA1438236666413&pkid=VelXuSo&product=kada (0)
[13332:10848:1225/100633.028:INFO:CONSOLE(2)] "ancestorIframeChanged:791,303", source: https://cdn.ravenjs.com/3.22.3/raven.min.js (2)
[13332:10848:1225/100633.030:INFO:CONSOLE(2)] "ancestorIframeChanged:-1209,211", source: https://cdn.ravenjs.com/3.22.3/raven.min.js (2)
[13332:10848:1225/100633.033:INFO:CONSOLE(2)] "ancestorIframeChanged:-1639,193", source: https://cdn.ravenjs.com/3.22.3/raven.min.js (2)
[13332:10848:1225/100634.044:INFO:CONSOLE(2)] "ancestorIframeChanged:791,303", source: https://cdn.ravenjs.com/3.22.3/raven.min.js (2)
[13332:10848:1225/100634.045:INFO:CONSOLE(2)] "ancestorIframeChanged:-1209,211", source: https://cdn.ravenjs.com/3.22.3/raven.min.js (2)
[13332:10848:1225/100634.048:INFO:CONSOLE(2)] "ancestorIframeChanged:-1639,193", source: https://cdn.ravenjs.com/3.22.3/raven.min.js (2)
[13332:10848:1225/100635.173:INFO:CONSOLE(2)] "ancestorIframeChanged:-1209,211", source: https://cdn.ravenjs.com/3.22.3/raven.min.js (2)
[13332:10848:1225/100635.174:INFO:CONSOLE(2)] "ancestorIframeChanged:791,303", source: https://cdn.ravenjs.com/3.22.3/raven.min.js (2)
[13332:10848:1225/100635.176:INFO:CONSOLE(2)] "ancestorIframeChanged:-1639,193", source: https://cdn.ravenjs.com/3.22.3/raven.min.js (2)
[13332:10848:1225/100636.409:INFO:CONSOLE(2)] "ancestorIframeChanged:-1209,211", source: https://cdn.ravenjs.com/3.22.3/raven.min.js (2)
[13332:10848:1225/100636.410:INFO:CONSOLE(2)] "ancestorIframeChanged:791,303", source: https://cdn.ravenjs.com/3.22.3/raven.min.js (2)
[13332:10848:1225/100636.414:INFO:CONSOLE(2)] "ancestorIframeChanged:-1639,193", source: https://cdn.ravenjs.com/3.22.3/raven.min.js (2)
[13332:10848:1225/100637.569:INFO:CONSOLE(2)] "ancestorIframeChanged:-1209,211", source: https://cdn.ravenjs.com/3.22.3/raven.min.js (2)
[13332:10848:1225/100637.570:INFO:CONSOLE(2)] "ancestorIframeChanged:791,303", source: https://cdn.ravenjs.com/3.22.3/raven.min.js (2)
[13332:10848:1225/100637.572:INFO:CONSOLE(2)] "ancestorIframeChanged:-1639,193", source: https://cdn.ravenjs.com/3.22.3/raven.min.js (2)
[13332:10848:1225/100638.858:INFO:CONSOLE(2)] "ancestorIframeChanged:-1209,211", source: https://cdn.ravenjs.com/3.22.3/raven.min.js (2)
[13332:10848:1225/100638.860:INFO:CONSOLE(2)] "ancestorIframeChanged:791,303", source: https://cdn.ravenjs.com/3.22.3/raven.min.js (2)
[13332:10848:1225/100638.862:INFO:CONSOLE(2)] "ancestorIframeChanged:-1639,193", source: https://cdn.ravenjs.com/3.22.3/raven.min.js (2)
[13332:10848:1225/100641.357:INFO:CONSOLE(2)] "ancestorIframeChanged:-1209,211", source: https://cdn.ravenjs.com/3.22.3/raven.min.js (2)
[13332:10848:1225/100641.358:INFO:CONSOLE(2)] "ancestorIframeChanged:791,303", source: https://cdn.ravenjs.com/3.22.3/raven.min.js (2)
[13332:10848:1225/100641.360:INFO:CONSOLE(2)] "ancestorIframeChanged:-1639,193", source: https://cdn.ravenjs.com/3.22.3/raven.min.js (2)
[13332:10848:1225/100642.494:WARNING:pref_notifier_impl.cc(23)] Pref observer found at shutdown.
[13332:10848:1225/100642.494:WARNING:pref_notifier_impl.cc(23)] Pref observer found at shutdown.
