[6748:12568:1225/150001.515:WARNING:discovery_network_list_win.cc(195)] Failed to open Wlan client handle: 1062
[6748:15848:1225/150002.336:WARNING:CONSOLE(0)] "HTML Imports is deprecated and will be removed in M73, around March 2019. Please use ES modules instead. See https://www.chromestatus.com/features/5144752345317376 for more details.", source:  (0)
[6748:15848:1225/150002.467:WARNING:CONSOLE(77)] "document.registerElement is deprecated and will be removed in M73, around March 2019. Please use window.customElements.define instead. See https://www.chromestatus.com/features/4642138092470272 for more details.", source: https://ssl.gstatic.com/chrome/components/doodle-notifier-02.html (77)
[6748:15848:1225/150004.587:INFO:CONSOLE(619)] "ancestorIframeChanged:218,378", source:  (619)
[6748:15848:1225/150005.630:INFO:CONSOLE(619)] "ancestorIframeChanged:218,378", source:  (619)
[6748:15848:1225/150006.810:INFO:CONSOLE(2)] "module-question/i18n/lang.js", source: https://cdn.ravenjs.com/3.22.3/raven.min.js (2)
[6748:15848:1225/150006.812:INFO:CONSOLE(2)] "module-question/wapUiHelp", source: https://cdn.ravenjs.com/3.22.3/raven.min.js (2)
[6748:15848:1225/150006.814:INFO:CONSOLE(2)] "module-question/wapUiViewHelp.js", source: https://cdn.ravenjs.com/3.22.3/raven.min.js (2)
[6748:15848:1225/150007.505:INFO:CONSOLE(0)] "[DOM] Password field is not contained in a form: (More info: https://goo.gl/9p2vKq) %o", source: https://geek.163.com/path/member/login?returnUrl=aHR0cDovL3RlYWNoLmdlZWsuMTYzLmNvbS80MDAwMDAwMDA2NzIwNjQuaHRt (0)
[6748:15848:1225/150007.505:INFO:CONSOLE(0)] "[DOM] Password field is not contained in a form: (More info: https://goo.gl/9p2vKq) %o", source: https://geek.163.com/path/member/login?returnUrl=aHR0cDovL3RlYWNoLmdlZWsuMTYzLmNvbS80MDAwMDAwMDA2NzIwNjQuaHRt (0)
[6748:15848:1225/150007.505:INFO:CONSOLE(0)] "[DOM] Password field is not contained in a form: (More info: https://goo.gl/9p2vKq) %o", source: https://geek.163.com/path/member/login?returnUrl=aHR0cDovL3RlYWNoLmdlZWsuMTYzLmNvbS80MDAwMDAwMDA2NzIwNjQuaHRt (0)
[6748:15848:1225/150007.506:INFO:CONSOLE(0)] "[DOM] Password field is not contained in a form: (More info: https://goo.gl/9p2vKq) %o", source: https://geek.163.com/path/member/login?returnUrl=aHR0cDovL3RlYWNoLmdlZWsuMTYzLmNvbS80MDAwMDAwMDA2NzIwNjQuaHRt (0)
[6748:15848:1225/150007.506:INFO:CONSOLE(0)] "[DOM] Password field is not contained in a form: (More info: https://goo.gl/9p2vKq) %o", source: https://geek.163.com/path/member/login?returnUrl=aHR0cDovL3RlYWNoLmdlZWsuMTYzLmNvbS80MDAwMDAwMDA2NzIwNjQuaHRt (0)
[6748:15848:1225/150007.506:INFO:CONSOLE(0)] "[DOM] Password field is not contained in a form: (More info: https://goo.gl/9p2vKq) %o", source: https://geek.163.com/path/member/login?returnUrl=aHR0cDovL3RlYWNoLmdlZWsuMTYzLmNvbS80MDAwMDAwMDA2NzIwNjQuaHRt (0)
[6748:15848:1225/150007.506:INFO:CONSOLE(0)] "[DOM] Password field is not contained in a form: (More info: https://goo.gl/9p2vKq) %o", source: https://geek.163.com/path/member/login?returnUrl=aHR0cDovL3RlYWNoLmdlZWsuMTYzLmNvbS80MDAwMDAwMDA2NzIwNjQuaHRt (0)
[6748:15848:1225/150007.507:INFO:CONSOLE(0)] "[DOM] Password field is not contained in a form: (More info: https://goo.gl/9p2vKq) %o", source: https://geek.163.com/path/member/login?returnUrl=aHR0cDovL3RlYWNoLmdlZWsuMTYzLmNvbS80MDAwMDAwMDA2NzIwNjQuaHRt (0)
[6748:15848:1225/150007.507:INFO:CONSOLE(0)] "[DOM] Password field is not contained in a form: (More info: https://goo.gl/9p2vKq) %o", source: https://geek.163.com/path/member/login?returnUrl=aHR0cDovL3RlYWNoLmdlZWsuMTYzLmNvbS80MDAwMDAwMDA2NzIwNjQuaHRt (0)
[6748:15848:1225/150008.378:INFO:CONSOLE(0)] "[DOM] Input elements should have autocomplete attributes (suggested: "new-password"): (More info: https://goo.gl/9p2vKq) %o", source: https://webzj.reg.163.com/v1.0.1/pub/index_dl.html?cd=%2F%2Fedu-cms.nosdn.127.net%2Ftopics%2Fcss%2F&cf=kada_urs_course_4c152c9f26817efac4936d84ec1baa71.css&MGID=1545721207159.2104&wdaId=UA1438236666413&pkid=VelXuSo&product=kada (0)
[6748:15848:1225/150008.380:INFO:CONSOLE(0)] "[DOM] Input elements should have autocomplete attributes (suggested: "new-password"): (More info: https://goo.gl/9p2vKq) %o", source: https://webzj.reg.163.com/v1.0.1/pub/index_reg.html?cd=%2F%2Fedu-cms.nosdn.127.net%2Ftopics%2Fcss%2F&cf=kada_urs_register_course_3d3c8920fcb04752d050df94efe9f31a.css&MGID=1545721207188.4375&wdaId=UA1438236666413&pkid=VelXuSo&product=kada (0)
[6748:15848:1225/150008.469:INFO:CONSOLE(0)] "[DOM] Input elements should have autocomplete attributes (suggested: "new-password"): (More info: https://goo.gl/9p2vKq) %o", source: https://webzj.reg.163.com/v1.0.1/pub/index.html?cd=%2F%2Fedu-cms.nosdn.127.net%2Ftopics%2Fcss%2F&cf=kada_urs_course_4c152c9f26817efac4936d84ec1baa71.css&MGID=1545721207183.6038&wdaId=UA1438236666413&pkid=VelXuSo&product=kada (0)
[6748:15848:1225/150008.996:INFO:CONSOLE(2)] "ancestorIframeChanged:431,303", source: https://cdn.ravenjs.com/3.22.3/raven.min.js (2)
[6748:15848:1225/150008.998:INFO:CONSOLE(2)] "ancestorIframeChanged:-1569,211", source: https://cdn.ravenjs.com/3.22.3/raven.min.js (2)
[6748:15848:1225/150009.000:INFO:CONSOLE(2)] "ancestorIframeChanged:-1999,193", source: https://cdn.ravenjs.com/3.22.3/raven.min.js (2)
[6748:15848:1225/150010.281:INFO:CONSOLE(2)] "ancestorIframeChanged:791,303", source: https://cdn.ravenjs.com/3.22.3/raven.min.js (2)
[6748:15848:1225/150010.283:INFO:CONSOLE(2)] "ancestorIframeChanged:-1209,211", source: https://cdn.ravenjs.com/3.22.3/raven.min.js (2)
[6748:15848:1225/150010.286:INFO:CONSOLE(2)] "ancestorIframeChanged:-1639,193", source: https://cdn.ravenjs.com/3.22.3/raven.min.js (2)
[6748:15848:1225/150011.340:INFO:CONSOLE(2)] "ancestorIframeChanged:-1209,211", source: https://cdn.ravenjs.com/3.22.3/raven.min.js (2)
[6748:15848:1225/150011.342:INFO:CONSOLE(2)] "ancestorIframeChanged:791,303", source: https://cdn.ravenjs.com/3.22.3/raven.min.js (2)
[6748:15848:1225/150011.345:INFO:CONSOLE(2)] "ancestorIframeChanged:-1639,193", source: https://cdn.ravenjs.com/3.22.3/raven.min.js (2)
[6748:15848:1225/150012.601:INFO:CONSOLE(2)] "ancestorIframeChanged:-1209,211", source: https://cdn.ravenjs.com/3.22.3/raven.min.js (2)
[6748:15848:1225/150012.603:INFO:CONSOLE(2)] "ancestorIframeChanged:791,303", source: https://cdn.ravenjs.com/3.22.3/raven.min.js (2)
[6748:15848:1225/150012.605:INFO:CONSOLE(2)] "ancestorIframeChanged:-1639,193", source: https://cdn.ravenjs.com/3.22.3/raven.min.js (2)
[6748:15848:1225/150013.935:INFO:CONSOLE(2)] "ancestorIframeChanged:-1209,211", source: https://cdn.ravenjs.com/3.22.3/raven.min.js (2)
[6748:15848:1225/150013.938:INFO:CONSOLE(2)] "ancestorIframeChanged:791,303", source: https://cdn.ravenjs.com/3.22.3/raven.min.js (2)
[6748:15848:1225/150013.939:INFO:CONSOLE(2)] "ancestorIframeChanged:-1639,193", source: https://cdn.ravenjs.com/3.22.3/raven.min.js (2)
[6748:15848:1225/150015.670:INFO:CONSOLE(24)] "Uncaught ReferenceError: Regular is not defined", source: http://tgc.stu.126.net/pub/s/teach/t_teach_views_common_macro_m0_d2bf3c6a6cb3e57c72e3c7cbb59d7243.js (24)
[6748:15848:1225/150015.984:INFO:CONSOLE(229)] "module-question/i18n/lang.js", source: http://tgc.stu.126.net/pub/s/teach/core_e13f35e24ff7fa556e34ded4930db325.js (229)
[6748:15848:1225/150015.984:INFO:CONSOLE(230)] "module-question/wapUiHelp", source: http://tgc.stu.126.net/pub/s/teach/core_e13f35e24ff7fa556e34ded4930db325.js (230)
[6748:15848:1225/150015.987:INFO:CONSOLE(234)] "module-question/wapUiViewHelp.js", source: http://tgc.stu.126.net/pub/s/teach/core_e13f35e24ff7fa556e34ded4930db325.js (234)
[6748:15848:1225/150020.961:INFO:CONSOLE(252)] "module-question/i18n/lang.js", source: http://tgc.stu.126.net/pub/s/teachold/core_8f48212905a0a11b856194fc3ce1a9de.js (252)
[6748:15848:1225/150020.962:INFO:CONSOLE(253)] "module-question/wapUiHelp", source: http://tgc.stu.126.net/pub/s/teachold/core_8f48212905a0a11b856194fc3ce1a9de.js (253)
[6748:15848:1225/150020.976:INFO:CONSOLE(257)] "module-question/wapUiViewHelp.js", source: http://tgc.stu.126.net/pub/s/teachold/core_8f48212905a0a11b856194fc3ce1a9de.js (257)
[6748:15848:1225/150022.907:INFO:CONSOLE(619)] "ancestorIframeChanged:739,2549", source:  (619)
[6748:15848:1225/150026.829:INFO:CONSOLE(619)] "ancestorIframeChanged:739,1739", source:  (619)
[6748:15848:1225/150030.536:INFO:CONSOLE(619)] "ancestorIframeChanged:739,929", source:  (619)
[6748:15848:1225/150034.267:INFO:CONSOLE(619)] "ancestorIframeChanged:739,560", source:  (619)
[6748:15848:1225/150037.368:INFO:CONSOLE(619)] "ancestorIframeChanged:739,560", source:  (619)
[6748:15848:1225/150038.774:INFO:CONSOLE(252)] "module-question/i18n/lang.js", source: http://tgc.stu.126.net/pub/s/teachold/core_8f48212905a0a11b856194fc3ce1a9de.js (252)
[6748:15848:1225/150038.776:INFO:CONSOLE(253)] "module-question/wapUiHelp", source: http://tgc.stu.126.net/pub/s/teachold/core_8f48212905a0a11b856194fc3ce1a9de.js (253)
[6748:15848:1225/150038.799:INFO:CONSOLE(257)] "module-question/wapUiViewHelp.js", source: http://tgc.stu.126.net/pub/s/teachold/core_8f48212905a0a11b856194fc3ce1a9de.js (257)
[6748:15848:1225/150041.228:INFO:CONSOLE(619)] "ancestorIframeChanged:739,2549", source:  (619)
[6748:15848:1225/150042.247:INFO:CONSOLE(619)] "ancestorIframeChanged:739,2549", source:  (619)
[6748:15848:1225/150046.297:INFO:CONSOLE(619)] "ancestorIframeChanged:739,2549", source:  (619)
[6748:15848:1225/150114.833:INFO:CONSOLE(619)] "ancestorIframeChanged:676,423", source:  (619)
[6748:15848:1225/150115.935:INFO:CONSOLE(619)] "ancestorIframeChanged:676,423", source:  (619)
[6748:15848:1225/150117.100:INFO:CONSOLE(619)] "ancestorIframeChanged:676,423", source:  (619)
[6748:15848:1225/150118.157:INFO:CONSOLE(619)] "ancestorIframeChanged:676,423", source:  (619)
[6748:15848:1225/150123.483:INFO:CONSOLE(619)] "ancestorIframeChanged:676,428", source:  (619)
[6748:15848:1225/150128.877:INFO:CONSOLE(316)] "recomputeFixedHeight", source: http://tgc.stu.126.net/pub/s/teachold/core_8f48212905a0a11b856194fc3ce1a9de.js (316)
[6748:15848:1225/150128.879:INFO:CONSOLE(316)] "check width", source: http://tgc.stu.126.net/pub/s/teachold/core_8f48212905a0a11b856194fc3ce1a9de.js (316)
[6748:15848:1225/150128.880:INFO:CONSOLE(316)] "cntWidth=1800", source: http://tgc.stu.126.net/pub/s/teachold/core_8f48212905a0a11b856194fc3ce1a9de.js (316)
[6748:15848:1225/150128.880:INFO:CONSOLE(316)] "wrpWidth=938", source: http://tgc.stu.126.net/pub/s/teachold/core_8f48212905a0a11b856194fc3ce1a9de.js (316)
[6748:15848:1225/150128.884:INFO:CONSOLE(316)] "recomputeFixedHeight", source: http://tgc.stu.126.net/pub/s/teachold/core_8f48212905a0a11b856194fc3ce1a9de.js (316)
[6748:15848:1225/150128.885:INFO:CONSOLE(316)] "check width", source: http://tgc.stu.126.net/pub/s/teachold/core_8f48212905a0a11b856194fc3ce1a9de.js (316)
[6748:15848:1225/150128.886:INFO:CONSOLE(316)] "cntWidth=1800", source: http://tgc.stu.126.net/pub/s/teachold/core_8f48212905a0a11b856194fc3ce1a9de.js (316)
[6748:15848:1225/150128.886:INFO:CONSOLE(316)] "wrpWidth=938", source: http://tgc.stu.126.net/pub/s/teachold/core_8f48212905a0a11b856194fc3ce1a9de.js (316)
[6748:15848:1225/150129.062:INFO:CONSOLE(316)] "recomputeFixedHeight", source: http://tgc.stu.126.net/pub/s/teachold/core_8f48212905a0a11b856194fc3ce1a9de.js (316)
[6748:15848:1225/150129.165:INFO:CONSOLE(316)] "recomputeFixedHeight", source: http://tgc.stu.126.net/pub/s/teachold/core_8f48212905a0a11b856194fc3ce1a9de.js (316)
[6748:15848:1225/150129.166:INFO:CONSOLE(316)] "check width", source: http://tgc.stu.126.net/pub/s/teachold/core_8f48212905a0a11b856194fc3ce1a9de.js (316)
[6748:15848:1225/150129.166:INFO:CONSOLE(316)] "cntWidth=1800", source: http://tgc.stu.126.net/pub/s/teachold/core_8f48212905a0a11b856194fc3ce1a9de.js (316)
[6748:15848:1225/150129.166:INFO:CONSOLE(316)] "wrpWidth=938", source: http://tgc.stu.126.net/pub/s/teachold/core_8f48212905a0a11b856194fc3ce1a9de.js (316)
[6748:15848:1225/150156.664:INFO:CONSOLE(316)] "recomputeFixedHeight", source: http://tgc.stu.126.net/pub/s/teachold/core_8f48212905a0a11b856194fc3ce1a9de.js (316)
[6748:15848:1225/150156.766:INFO:CONSOLE(316)] "recomputeFixedHeight", source: http://tgc.stu.126.net/pub/s/teachold/core_8f48212905a0a11b856194fc3ce1a9de.js (316)
[6748:15848:1225/150156.767:INFO:CONSOLE(316)] "check width", source: http://tgc.stu.126.net/pub/s/teachold/core_8f48212905a0a11b856194fc3ce1a9de.js (316)
[6748:15848:1225/150156.767:INFO:CONSOLE(316)] "cntWidth=1800", source: http://tgc.stu.126.net/pub/s/teachold/core_8f48212905a0a11b856194fc3ce1a9de.js (316)
[6748:15848:1225/150156.767:INFO:CONSOLE(316)] "wrpWidth=938", source: http://tgc.stu.126.net/pub/s/teachold/core_8f48212905a0a11b856194fc3ce1a9de.js (316)
[6748:15848:1225/150201.289:INFO:CONSOLE(316)] "recomputeFixedHeight", source: http://tgc.stu.126.net/pub/s/teachold/core_8f48212905a0a11b856194fc3ce1a9de.js (316)
[6748:15848:1225/150201.392:INFO:CONSOLE(316)] "recomputeFixedHeight", source: http://tgc.stu.126.net/pub/s/teachold/core_8f48212905a0a11b856194fc3ce1a9de.js (316)
[6748:15848:1225/150201.393:INFO:CONSOLE(316)] "check width", source: http://tgc.stu.126.net/pub/s/teachold/core_8f48212905a0a11b856194fc3ce1a9de.js (316)
[6748:15848:1225/150201.394:INFO:CONSOLE(316)] "cntWidth=1800", source: http://tgc.stu.126.net/pub/s/teachold/core_8f48212905a0a11b856194fc3ce1a9de.js (316)
[6748:15848:1225/150201.394:INFO:CONSOLE(316)] "wrpWidth=938", source: http://tgc.stu.126.net/pub/s/teachold/core_8f48212905a0a11b856194fc3ce1a9de.js (316)
[6748:15848:1225/150218.606:INFO:CONSOLE(252)] "module-question/i18n/lang.js", source: http://tgc.stu.126.net/pub/s/teachold/core_8f48212905a0a11b856194fc3ce1a9de.js (252)
[6748:15848:1225/150218.607:INFO:CONSOLE(253)] "module-question/wapUiHelp", source: http://tgc.stu.126.net/pub/s/teachold/core_8f48212905a0a11b856194fc3ce1a9de.js (253)
[6748:15848:1225/150218.623:INFO:CONSOLE(257)] "module-question/wapUiViewHelp.js", source: http://tgc.stu.126.net/pub/s/teachold/core_8f48212905a0a11b856194fc3ce1a9de.js (257)
[6748:15848:1225/150220.036:INFO:CONSOLE(316)] "recomputeFixedHeight", source: http://tgc.stu.126.net/pub/s/teachold/core_8f48212905a0a11b856194fc3ce1a9de.js (316)
[6748:15848:1225/150220.037:INFO:CONSOLE(316)] "check width", source: http://tgc.stu.126.net/pub/s/teachold/core_8f48212905a0a11b856194fc3ce1a9de.js (316)
[6748:15848:1225/150220.038:INFO:CONSOLE(316)] "cntWidth=1800", source: http://tgc.stu.126.net/pub/s/teachold/core_8f48212905a0a11b856194fc3ce1a9de.js (316)
[6748:15848:1225/150220.038:INFO:CONSOLE(316)] "wrpWidth=938", source: http://tgc.stu.126.net/pub/s/teachold/core_8f48212905a0a11b856194fc3ce1a9de.js (316)
[6748:15848:1225/150220.045:INFO:CONSOLE(316)] "recomputeFixedHeight", source: http://tgc.stu.126.net/pub/s/teachold/core_8f48212905a0a11b856194fc3ce1a9de.js (316)
[6748:15848:1225/150220.050:INFO:CONSOLE(316)] "check width", source: http://tgc.stu.126.net/pub/s/teachold/core_8f48212905a0a11b856194fc3ce1a9de.js (316)
[6748:15848:1225/150220.050:INFO:CONSOLE(316)] "cntWidth=1800", source: http://tgc.stu.126.net/pub/s/teachold/core_8f48212905a0a11b856194fc3ce1a9de.js (316)
[6748:15848:1225/150220.051:INFO:CONSOLE(316)] "wrpWidth=938", source: http://tgc.stu.126.net/pub/s/teachold/core_8f48212905a0a11b856194fc3ce1a9de.js (316)
[6748:15848:1225/150220.207:INFO:CONSOLE(316)] "recomputeFixedHeight", source: http://tgc.stu.126.net/pub/s/teachold/core_8f48212905a0a11b856194fc3ce1a9de.js (316)
[6748:15848:1225/150220.307:INFO:CONSOLE(316)] "recomputeFixedHeight", source: http://tgc.stu.126.net/pub/s/teachold/core_8f48212905a0a11b856194fc3ce1a9de.js (316)
[6748:15848:1225/150220.308:INFO:CONSOLE(316)] "check width", source: http://tgc.stu.126.net/pub/s/teachold/core_8f48212905a0a11b856194fc3ce1a9de.js (316)
[6748:15848:1225/150220.308:INFO:CONSOLE(316)] "cntWidth=1800", source: http://tgc.stu.126.net/pub/s/teachold/core_8f48212905a0a11b856194fc3ce1a9de.js (316)
[6748:15848:1225/150220.308:INFO:CONSOLE(316)] "wrpWidth=938", source: http://tgc.stu.126.net/pub/s/teachold/core_8f48212905a0a11b856194fc3ce1a9de.js (316)
[6748:15848:1225/150228.998:INFO:CONSOLE(316)] "recomputeFixedHeight", source: http://tgc.stu.126.net/pub/s/teachold/core_8f48212905a0a11b856194fc3ce1a9de.js (316)
[6748:15848:1225/150229.101:INFO:CONSOLE(316)] "recomputeFixedHeight", source: http://tgc.stu.126.net/pub/s/teachold/core_8f48212905a0a11b856194fc3ce1a9de.js (316)
[6748:15848:1225/150229.103:INFO:CONSOLE(316)] "check width", source: http://tgc.stu.126.net/pub/s/teachold/core_8f48212905a0a11b856194fc3ce1a9de.js (316)
[6748:15848:1225/150229.103:INFO:CONSOLE(316)] "cntWidth=1800", source: http://tgc.stu.126.net/pub/s/teachold/core_8f48212905a0a11b856194fc3ce1a9de.js (316)
[6748:15848:1225/150229.103:INFO:CONSOLE(316)] "wrpWidth=938", source: http://tgc.stu.126.net/pub/s/teachold/core_8f48212905a0a11b856194fc3ce1a9de.js (316)
[6748:15848:1225/150234.989:INFO:CONSOLE(316)] "recomputeFixedHeight", source: http://tgc.stu.126.net/pub/s/teachold/core_8f48212905a0a11b856194fc3ce1a9de.js (316)
[6748:15848:1225/150235.093:INFO:CONSOLE(316)] "recomputeFixedHeight", source: http://tgc.stu.126.net/pub/s/teachold/core_8f48212905a0a11b856194fc3ce1a9de.js (316)
[6748:15848:1225/150235.093:INFO:CONSOLE(316)] "check width", source: http://tgc.stu.126.net/pub/s/teachold/core_8f48212905a0a11b856194fc3ce1a9de.js (316)
[6748:15848:1225/150235.094:INFO:CONSOLE(316)] "cntWidth=1800", source: http://tgc.stu.126.net/pub/s/teachold/core_8f48212905a0a11b856194fc3ce1a9de.js (316)
[6748:15848:1225/150235.094:INFO:CONSOLE(316)] "wrpWidth=938", source: http://tgc.stu.126.net/pub/s/teachold/core_8f48212905a0a11b856194fc3ce1a9de.js (316)
[6748:15848:1225/150253.314:INFO:CONSOLE(252)] "module-question/i18n/lang.js", source: http://tgc.stu.126.net/pub/s/teachold/core_8f48212905a0a11b856194fc3ce1a9de.js (252)
[6748:15848:1225/150253.314:INFO:CONSOLE(253)] "module-question/wapUiHelp", source: http://tgc.stu.126.net/pub/s/teachold/core_8f48212905a0a11b856194fc3ce1a9de.js (253)
[6748:15848:1225/150253.329:INFO:CONSOLE(257)] "module-question/wapUiViewHelp.js", source: http://tgc.stu.126.net/pub/s/teachold/core_8f48212905a0a11b856194fc3ce1a9de.js (257)
[6748:15848:1225/150254.562:INFO:CONSOLE(316)] "recomputeFixedHeight", source: http://tgc.stu.126.net/pub/s/teachold/core_8f48212905a0a11b856194fc3ce1a9de.js (316)
[6748:15848:1225/150254.562:INFO:CONSOLE(316)] "check width", source: http://tgc.stu.126.net/pub/s/teachold/core_8f48212905a0a11b856194fc3ce1a9de.js (316)
[6748:15848:1225/150254.562:INFO:CONSOLE(316)] "cntWidth=1800", source: http://tgc.stu.126.net/pub/s/teachold/core_8f48212905a0a11b856194fc3ce1a9de.js (316)
[6748:15848:1225/150254.562:INFO:CONSOLE(316)] "wrpWidth=938", source: http://tgc.stu.126.net/pub/s/teachold/core_8f48212905a0a11b856194fc3ce1a9de.js (316)
[6748:15848:1225/150254.562:INFO:CONSOLE(316)] "recomputeFixedHeight", source: http://tgc.stu.126.net/pub/s/teachold/core_8f48212905a0a11b856194fc3ce1a9de.js (316)
[6748:15848:1225/150254.562:INFO:CONSOLE(316)] "check width", source: http://tgc.stu.126.net/pub/s/teachold/core_8f48212905a0a11b856194fc3ce1a9de.js (316)
[6748:15848:1225/150254.562:INFO:CONSOLE(316)] "cntWidth=1800", source: http://tgc.stu.126.net/pub/s/teachold/core_8f48212905a0a11b856194fc3ce1a9de.js (316)
[6748:15848:1225/150254.562:INFO:CONSOLE(316)] "wrpWidth=938", source: http://tgc.stu.126.net/pub/s/teachold/core_8f48212905a0a11b856194fc3ce1a9de.js (316)
[6748:15848:1225/150254.700:INFO:CONSOLE(316)] "recomputeFixedHeight", source: http://tgc.stu.126.net/pub/s/teachold/core_8f48212905a0a11b856194fc3ce1a9de.js (316)
[6748:15848:1225/150254.802:INFO:CONSOLE(316)] "recomputeFixedHeight", source: http://tgc.stu.126.net/pub/s/teachold/core_8f48212905a0a11b856194fc3ce1a9de.js (316)
[6748:15848:1225/150254.803:INFO:CONSOLE(316)] "check width", source: http://tgc.stu.126.net/pub/s/teachold/core_8f48212905a0a11b856194fc3ce1a9de.js (316)
[6748:15848:1225/150254.803:INFO:CONSOLE(316)] "cntWidth=1800", source: http://tgc.stu.126.net/pub/s/teachold/core_8f48212905a0a11b856194fc3ce1a9de.js (316)
[6748:15848:1225/150254.803:INFO:CONSOLE(316)] "wrpWidth=938", source: http://tgc.stu.126.net/pub/s/teachold/core_8f48212905a0a11b856194fc3ce1a9de.js (316)
[6748:15848:1225/150306.322:INFO:CONSOLE(316)] "recomputeFixedHeight", source: http://tgc.stu.126.net/pub/s/teachold/core_8f48212905a0a11b856194fc3ce1a9de.js (316)
[6748:15848:1225/150306.424:INFO:CONSOLE(316)] "recomputeFixedHeight", source: http://tgc.stu.126.net/pub/s/teachold/core_8f48212905a0a11b856194fc3ce1a9de.js (316)
[6748:15848:1225/150306.425:INFO:CONSOLE(316)] "check width", source: http://tgc.stu.126.net/pub/s/teachold/core_8f48212905a0a11b856194fc3ce1a9de.js (316)
[6748:15848:1225/150306.426:INFO:CONSOLE(316)] "cntWidth=1800", source: http://tgc.stu.126.net/pub/s/teachold/core_8f48212905a0a11b856194fc3ce1a9de.js (316)
[6748:15848:1225/150306.426:INFO:CONSOLE(316)] "wrpWidth=938", source: http://tgc.stu.126.net/pub/s/teachold/core_8f48212905a0a11b856194fc3ce1a9de.js (316)
[6748:15848:1225/150311.317:INFO:CONSOLE(316)] "recomputeFixedHeight", source: http://tgc.stu.126.net/pub/s/teachold/core_8f48212905a0a11b856194fc3ce1a9de.js (316)
[6748:15848:1225/150311.418:INFO:CONSOLE(316)] "recomputeFixedHeight", source: http://tgc.stu.126.net/pub/s/teachold/core_8f48212905a0a11b856194fc3ce1a9de.js (316)
[6748:15848:1225/150311.420:INFO:CONSOLE(316)] "check width", source: http://tgc.stu.126.net/pub/s/teachold/core_8f48212905a0a11b856194fc3ce1a9de.js (316)
[6748:15848:1225/150311.420:INFO:CONSOLE(316)] "cntWidth=1800", source: http://tgc.stu.126.net/pub/s/teachold/core_8f48212905a0a11b856194fc3ce1a9de.js (316)
[6748:15848:1225/150311.420:INFO:CONSOLE(316)] "wrpWidth=938", source: http://tgc.stu.126.net/pub/s/teachold/core_8f48212905a0a11b856194fc3ce1a9de.js (316)
[6748:15848:1225/150326.052:INFO:CONSOLE(252)] "module-question/i18n/lang.js", source: http://tgc.stu.126.net/pub/s/teachold/core_8f48212905a0a11b856194fc3ce1a9de.js (252)
[6748:15848:1225/150326.054:INFO:CONSOLE(253)] "module-question/wapUiHelp", source: http://tgc.stu.126.net/pub/s/teachold/core_8f48212905a0a11b856194fc3ce1a9de.js (253)
[6748:15848:1225/150326.066:INFO:CONSOLE(257)] "module-question/wapUiViewHelp.js", source: http://tgc.stu.126.net/pub/s/teachold/core_8f48212905a0a11b856194fc3ce1a9de.js (257)
[6748:15848:1225/150327.225:INFO:CONSOLE(316)] "recomputeFixedHeight", source: http://tgc.stu.126.net/pub/s/teachold/core_8f48212905a0a11b856194fc3ce1a9de.js (316)
[6748:15848:1225/150327.226:INFO:CONSOLE(316)] "check width", source: http://tgc.stu.126.net/pub/s/teachold/core_8f48212905a0a11b856194fc3ce1a9de.js (316)
[6748:15848:1225/150327.226:INFO:CONSOLE(316)] "cntWidth=1800", source: http://tgc.stu.126.net/pub/s/teachold/core_8f48212905a0a11b856194fc3ce1a9de.js (316)
[6748:15848:1225/150327.226:INFO:CONSOLE(316)] "wrpWidth=938", source: http://tgc.stu.126.net/pub/s/teachold/core_8f48212905a0a11b856194fc3ce1a9de.js (316)
[6748:15848:1225/150327.226:INFO:CONSOLE(316)] "recomputeFixedHeight", source: http://tgc.stu.126.net/pub/s/teachold/core_8f48212905a0a11b856194fc3ce1a9de.js (316)
[6748:15848:1225/150327.226:INFO:CONSOLE(316)] "check width", source: http://tgc.stu.126.net/pub/s/teachold/core_8f48212905a0a11b856194fc3ce1a9de.js (316)
[6748:15848:1225/150327.226:INFO:CONSOLE(316)] "cntWidth=1800", source: http://tgc.stu.126.net/pub/s/teachold/core_8f48212905a0a11b856194fc3ce1a9de.js (316)
[6748:15848:1225/150327.226:INFO:CONSOLE(316)] "wrpWidth=938", source: http://tgc.stu.126.net/pub/s/teachold/core_8f48212905a0a11b856194fc3ce1a9de.js (316)
[6748:15848:1225/150327.379:INFO:CONSOLE(316)] "recomputeFixedHeight", source: http://tgc.stu.126.net/pub/s/teachold/core_8f48212905a0a11b856194fc3ce1a9de.js (316)
[6748:15848:1225/150327.481:INFO:CONSOLE(316)] "recomputeFixedHeight", source: http://tgc.stu.126.net/pub/s/teachold/core_8f48212905a0a11b856194fc3ce1a9de.js (316)
[6748:15848:1225/150327.482:INFO:CONSOLE(316)] "check width", source: http://tgc.stu.126.net/pub/s/teachold/core_8f48212905a0a11b856194fc3ce1a9de.js (316)
[6748:15848:1225/150327.482:INFO:CONSOLE(316)] "cntWidth=1800", source: http://tgc.stu.126.net/pub/s/teachold/core_8f48212905a0a11b856194fc3ce1a9de.js (316)
[6748:15848:1225/150327.482:INFO:CONSOLE(316)] "wrpWidth=938", source: http://tgc.stu.126.net/pub/s/teachold/core_8f48212905a0a11b856194fc3ce1a9de.js (316)
[6748:15848:1225/150332.923:INFO:CONSOLE(316)] "recomputeFixedHeight", source: http://tgc.stu.126.net/pub/s/teachold/core_8f48212905a0a11b856194fc3ce1a9de.js (316)
[6748:15848:1225/150333.027:INFO:CONSOLE(316)] "recomputeFixedHeight", source: http://tgc.stu.126.net/pub/s/teachold/core_8f48212905a0a11b856194fc3ce1a9de.js (316)
[6748:15848:1225/150333.030:INFO:CONSOLE(316)] "check width", source: http://tgc.stu.126.net/pub/s/teachold/core_8f48212905a0a11b856194fc3ce1a9de.js (316)
[6748:15848:1225/150333.030:INFO:CONSOLE(316)] "cntWidth=1800", source: http://tgc.stu.126.net/pub/s/teachold/core_8f48212905a0a11b856194fc3ce1a9de.js (316)
[6748:15848:1225/150333.030:INFO:CONSOLE(316)] "wrpWidth=938", source: http://tgc.stu.126.net/pub/s/teachold/core_8f48212905a0a11b856194fc3ce1a9de.js (316)
