[16692:8008:1226/190154.876:WARNING:discovery_network_list_win.cc(195)] Failed to open Wlan client handle: 1062
[16692:10692:1226/190155.615:WARNING:CONSOLE(0)] "HTML Imports is deprecated and will be removed in M73, around March 2019. Please use ES modules instead. See https://www.chromestatus.com/features/5144752345317376 for more details.", source:  (0)
[16692:10692:1226/190155.683:WARNING:CONSOLE(77)] "document.registerElement is deprecated and will be removed in M73, around March 2019. Please use window.customElements.define instead. See https://www.chromestatus.com/features/4642138092470272 for more details.", source: https://ssl.gstatic.com/chrome/components/doodle-notifier-02.html (77)
[16692:10692:1226/190158.121:INFO:CONSOLE(621)] "ancestorIframeChanged:218,378", source:  (621)
[16692:10692:1226/190159.438:INFO:CONSOLE(621)] "ancestorIframeChanged:620,378", source:  (621)
[16692:10692:1226/190200.519:INFO:CONSOLE(621)] "ancestorIframeChanged:620,378", source:  (621)
[16692:10692:1226/190200.812:INFO:CONSOLE(8)] "SW registered", source: https://www.google.com/_/chrome/newtab?ie=UTF-8 (8)
[16692:10692:1226/190201.750:INFO:CONSOLE(2)] "module-question/i18n/lang.js", source: https://cdn.ravenjs.com/3.22.3/raven.min.js (2)
[16692:10692:1226/190201.751:INFO:CONSOLE(2)] "module-question/wapUiHelp", source: https://cdn.ravenjs.com/3.22.3/raven.min.js (2)
[16692:10692:1226/190201.754:INFO:CONSOLE(2)] "module-question/wapUiViewHelp.js", source: https://cdn.ravenjs.com/3.22.3/raven.min.js (2)
[16692:10692:1226/190202.943:INFO:CONSOLE(0)] "[DOM] Password field is not contained in a form: (More info: https://goo.gl/9p2vKq) %o", source: https://geek.163.com/path/member/login?returnUrl=aHR0cDovL3RlYWNoLmdlZWsuMTYzLmNvbS80MDAwMDAwMDA2NzIwNjQuaHRt (0)
[16692:10692:1226/190202.943:INFO:CONSOLE(0)] "[DOM] Password field is not contained in a form: (More info: https://goo.gl/9p2vKq) %o", source: https://geek.163.com/path/member/login?returnUrl=aHR0cDovL3RlYWNoLmdlZWsuMTYzLmNvbS80MDAwMDAwMDA2NzIwNjQuaHRt (0)
[16692:10692:1226/190202.943:INFO:CONSOLE(0)] "[DOM] Password field is not contained in a form: (More info: https://goo.gl/9p2vKq) %o", source: https://geek.163.com/path/member/login?returnUrl=aHR0cDovL3RlYWNoLmdlZWsuMTYzLmNvbS80MDAwMDAwMDA2NzIwNjQuaHRt (0)
[16692:10692:1226/190202.944:INFO:CONSOLE(0)] "[DOM] Password field is not contained in a form: (More info: https://goo.gl/9p2vKq) %o", source: https://geek.163.com/path/member/login?returnUrl=aHR0cDovL3RlYWNoLmdlZWsuMTYzLmNvbS80MDAwMDAwMDA2NzIwNjQuaHRt (0)
[16692:10692:1226/190202.944:INFO:CONSOLE(0)] "[DOM] Password field is not contained in a form: (More info: https://goo.gl/9p2vKq) %o", source: https://geek.163.com/path/member/login?returnUrl=aHR0cDovL3RlYWNoLmdlZWsuMTYzLmNvbS80MDAwMDAwMDA2NzIwNjQuaHRt (0)
[16692:10692:1226/190202.944:INFO:CONSOLE(0)] "[DOM] Password field is not contained in a form: (More info: https://goo.gl/9p2vKq) %o", source: https://geek.163.com/path/member/login?returnUrl=aHR0cDovL3RlYWNoLmdlZWsuMTYzLmNvbS80MDAwMDAwMDA2NzIwNjQuaHRt (0)
[16692:10692:1226/190202.946:INFO:CONSOLE(0)] "[DOM] Password field is not contained in a form: (More info: https://goo.gl/9p2vKq) %o", source: https://geek.163.com/path/member/login?returnUrl=aHR0cDovL3RlYWNoLmdlZWsuMTYzLmNvbS80MDAwMDAwMDA2NzIwNjQuaHRt (0)
[16692:10692:1226/190202.947:INFO:CONSOLE(0)] "[DOM] Password field is not contained in a form: (More info: https://goo.gl/9p2vKq) %o", source: https://geek.163.com/path/member/login?returnUrl=aHR0cDovL3RlYWNoLmdlZWsuMTYzLmNvbS80MDAwMDAwMDA2NzIwNjQuaHRt (0)
[16692:10692:1226/190202.947:INFO:CONSOLE(0)] "[DOM] Password field is not contained in a form: (More info: https://goo.gl/9p2vKq) %o", source: https://geek.163.com/path/member/login?returnUrl=aHR0cDovL3RlYWNoLmdlZWsuMTYzLmNvbS80MDAwMDAwMDA2NzIwNjQuaHRt (0)
[16692:10692:1226/190203.719:INFO:CONSOLE(0)] "[DOM] Input elements should have autocomplete attributes (suggested: "new-password"): (More info: https://goo.gl/9p2vKq) %o", source: https://webzj.reg.163.com/v1.0.1/pub/index_reg.html?cd=%2F%2Fedu-cms.nosdn.127.net%2Ftopics%2Fcss%2F&cf=kada_urs_register_course_3d3c8920fcb04752d050df94efe9f31a.css&MGID=1545822122287.6387&wdaId=UA1438236666413&pkid=VelXuSo&product=kada (0)
[16692:10692:1226/190203.874:INFO:CONSOLE(0)] "[DOM] Input elements should have autocomplete attributes (suggested: "new-password"): (More info: https://goo.gl/9p2vKq) %o", source: https://webzj.reg.163.com/v1.0.1/pub/index_dl.html?cd=%2F%2Fedu-cms.nosdn.127.net%2Ftopics%2Fcss%2F&cf=kada_urs_course_4c152c9f26817efac4936d84ec1baa71.css&MGID=1545822122253.0544&wdaId=UA1438236666413&pkid=VelXuSo&product=kada (0)
[16692:10692:1226/190204.051:INFO:CONSOLE(0)] "[DOM] Input elements should have autocomplete attributes (suggested: "new-password"): (More info: https://goo.gl/9p2vKq) %o", source: https://webzj.reg.163.com/v1.0.1/pub/index.html?cd=%2F%2Fedu-cms.nosdn.127.net%2Ftopics%2Fcss%2F&cf=kada_urs_course_4c152c9f26817efac4936d84ec1baa71.css&MGID=1545822122274.1443&wdaId=UA1438236666413&pkid=VelXuSo&product=kada (0)
[16692:10692:1226/190205.107:INFO:CONSOLE(2)] "ancestorIframeChanged:791,303", source: https://cdn.ravenjs.com/3.22.3/raven.min.js (2)
[16692:10692:1226/190205.109:INFO:CONSOLE(2)] "ancestorIframeChanged:-1209,211", source: https://cdn.ravenjs.com/3.22.3/raven.min.js (2)
[16692:10692:1226/190205.112:INFO:CONSOLE(2)] "ancestorIframeChanged:-1639,193", source: https://cdn.ravenjs.com/3.22.3/raven.min.js (2)
[16692:10692:1226/190206.324:INFO:CONSOLE(2)] "ancestorIframeChanged:791,303", source: https://cdn.ravenjs.com/3.22.3/raven.min.js (2)
[16692:10692:1226/190206.327:INFO:CONSOLE(2)] "ancestorIframeChanged:-1209,211", source: https://cdn.ravenjs.com/3.22.3/raven.min.js (2)
[16692:10692:1226/190206.331:INFO:CONSOLE(2)] "ancestorIframeChanged:-1639,193", source: https://cdn.ravenjs.com/3.22.3/raven.min.js (2)
[16692:10692:1226/190207.510:INFO:CONSOLE(2)] "ancestorIframeChanged:-1209,211", source: https://cdn.ravenjs.com/3.22.3/raven.min.js (2)
[16692:10692:1226/190207.510:INFO:CONSOLE(2)] "ancestorIframeChanged:791,303", source: https://cdn.ravenjs.com/3.22.3/raven.min.js (2)
[16692:10692:1226/190207.510:INFO:CONSOLE(2)] "ancestorIframeChanged:-1639,193", source: https://cdn.ravenjs.com/3.22.3/raven.min.js (2)
[16692:10692:1226/190209.015:INFO:CONSOLE(2)] "ancestorIframeChanged:-1209,211", source: https://cdn.ravenjs.com/3.22.3/raven.min.js (2)
[16692:10692:1226/190209.015:INFO:CONSOLE(2)] "ancestorIframeChanged:791,303", source: https://cdn.ravenjs.com/3.22.3/raven.min.js (2)
[16692:10692:1226/190209.015:INFO:CONSOLE(2)] "ancestorIframeChanged:-1639,193", source: https://cdn.ravenjs.com/3.22.3/raven.min.js (2)
[16692:10692:1226/190210.447:INFO:CONSOLE(2)] "ancestorIframeChanged:-1209,211", source: https://cdn.ravenjs.com/3.22.3/raven.min.js (2)
[16692:10692:1226/190210.448:INFO:CONSOLE(2)] "ancestorIframeChanged:791,303", source: https://cdn.ravenjs.com/3.22.3/raven.min.js (2)
[16692:10692:1226/190210.450:INFO:CONSOLE(2)] "ancestorIframeChanged:-1639,193", source: https://cdn.ravenjs.com/3.22.3/raven.min.js (2)
[16692:10692:1226/190212.868:INFO:CONSOLE(252)] "module-question/i18n/lang.js", source: http://tgc.stu.126.net/pub/s/teachold/core_8f48212905a0a11b856194fc3ce1a9de.js (252)
[16692:10692:1226/190212.869:INFO:CONSOLE(253)] "module-question/wapUiHelp", source: http://tgc.stu.126.net/pub/s/teachold/core_8f48212905a0a11b856194fc3ce1a9de.js (253)
[16692:10692:1226/190212.898:INFO:CONSOLE(257)] "module-question/wapUiViewHelp.js", source: http://tgc.stu.126.net/pub/s/teachold/core_8f48212905a0a11b856194fc3ce1a9de.js (257)
[16692:10692:1226/190220.299:INFO:CONSOLE(252)] "module-question/i18n/lang.js", source: http://tgc.stu.126.net/pub/s/teachold/core_8f48212905a0a11b856194fc3ce1a9de.js (252)
[16692:10692:1226/190220.299:INFO:CONSOLE(253)] "module-question/wapUiHelp", source: http://tgc.stu.126.net/pub/s/teachold/core_8f48212905a0a11b856194fc3ce1a9de.js (253)
[16692:10692:1226/190220.312:INFO:CONSOLE(257)] "module-question/wapUiViewHelp.js", source: http://tgc.stu.126.net/pub/s/teachold/core_8f48212905a0a11b856194fc3ce1a9de.js (257)
[16692:10692:1226/190230.839:INFO:CONSOLE(252)] "module-question/i18n/lang.js", source: http://tgc.stu.126.net/pub/s/teachold/core_8f48212905a0a11b856194fc3ce1a9de.js (252)
[16692:10692:1226/190230.839:INFO:CONSOLE(253)] "module-question/wapUiHelp", source: http://tgc.stu.126.net/pub/s/teachold/core_8f48212905a0a11b856194fc3ce1a9de.js (253)
[16692:10692:1226/190230.854:INFO:CONSOLE(257)] "module-question/wapUiViewHelp.js", source: http://tgc.stu.126.net/pub/s/teachold/core_8f48212905a0a11b856194fc3ce1a9de.js (257)
[16692:10692:1226/190242.219:INFO:CONSOLE(252)] "module-question/i18n/lang.js", source: http://tgc.stu.126.net/pub/s/teachold/core_8f48212905a0a11b856194fc3ce1a9de.js (252)
[16692:10692:1226/190242.220:INFO:CONSOLE(253)] "module-question/wapUiHelp", source: http://tgc.stu.126.net/pub/s/teachold/core_8f48212905a0a11b856194fc3ce1a9de.js (253)
[16692:10692:1226/190242.249:INFO:CONSOLE(257)] "module-question/wapUiViewHelp.js", source: http://tgc.stu.126.net/pub/s/teachold/core_8f48212905a0a11b856194fc3ce1a9de.js (257)
[16692:10692:1226/190336.683:INFO:CONSOLE(252)] "module-question/i18n/lang.js", source: http://tgc.stu.126.net/pub/s/teachold/core_8f48212905a0a11b856194fc3ce1a9de.js (252)
[16692:10692:1226/190336.684:INFO:CONSOLE(253)] "module-question/wapUiHelp", source: http://tgc.stu.126.net/pub/s/teachold/core_8f48212905a0a11b856194fc3ce1a9de.js (253)
[16692:10692:1226/190336.698:INFO:CONSOLE(257)] "module-question/wapUiViewHelp.js", source: http://tgc.stu.126.net/pub/s/teachold/core_8f48212905a0a11b856194fc3ce1a9de.js (257)
[16692:10692:1226/190350.780:INFO:CONSOLE(252)] "module-question/i18n/lang.js", source: http://tgc.stu.126.net/pub/s/teachold/core_8f48212905a0a11b856194fc3ce1a9de.js (252)
[16692:10692:1226/190350.780:INFO:CONSOLE(253)] "module-question/wapUiHelp", source: http://tgc.stu.126.net/pub/s/teachold/core_8f48212905a0a11b856194fc3ce1a9de.js (253)
[16692:10692:1226/190350.824:INFO:CONSOLE(257)] "module-question/wapUiViewHelp.js", source: http://tgc.stu.126.net/pub/s/teachold/core_8f48212905a0a11b856194fc3ce1a9de.js (257)
[16692:10692:1226/190354.484:INFO:CONSOLE(621)] "ancestorIframeChanged:379,1042", source:  (621)
[16692:10692:1226/190355.574:INFO:CONSOLE(621)] "ancestorIframeChanged:379,1042", source:  (621)
[16692:10692:1226/190356.557:INFO:CONSOLE(621)] "ancestorIframeChanged:379,1042", source:  (621)
[16692:10692:1226/190358.622:INFO:CONSOLE(621)] "ancestorIframeChanged:379,516", source:  (621)
[16692:10692:1226/190400.602:INFO:CONSOLE(621)] "ancestorIframeChanged:379,516", source:  (621)
[16692:10692:1226/190401.863:INFO:CONSOLE(621)] "ancestorIframeChanged:379,516", source:  (621)
[16692:10692:1226/190403.053:INFO:CONSOLE(621)] "ancestorIframeChanged:379,516", source:  (621)
[16692:10692:1226/190404.145:INFO:CONSOLE(621)] "ancestorIframeChanged:379,516", source:  (621)
[16692:10692:1226/190405.296:INFO:CONSOLE(621)] "ancestorIframeChanged:379,516", source:  (621)
[16692:10692:1226/190407.799:INFO:CONSOLE(621)] "ancestorIframeChanged:379,516", source:  (621)
[16692:10692:1226/190409.254:INFO:CONSOLE(621)] "ancestorIframeChanged:379,516", source:  (621)
[16692:10692:1226/190410.431:INFO:CONSOLE(621)] "ancestorIframeChanged:379,516", source:  (621)
[16692:10692:1226/190411.593:INFO:CONSOLE(621)] "ancestorIframeChanged:379,516", source:  (621)
[16692:10692:1226/190414.163:INFO:CONSOLE(621)] "ancestorIframeChanged:379,516", source:  (621)
[16692:10692:1226/190415.538:INFO:CONSOLE(621)] "ancestorIframeChanged:379,516", source:  (621)
[16692:10692:1226/190416.639:INFO:CONSOLE(621)] "ancestorIframeChanged:379,516", source:  (621)
[16692:10692:1226/190417.733:INFO:CONSOLE(621)] "ancestorIframeChanged:379,516", source:  (621)
[16692:10692:1226/190418.765:INFO:CONSOLE(621)] "ancestorIframeChanged:379,516", source:  (621)
[16692:10692:1226/190420.038:INFO:CONSOLE(621)] "ancestorIframeChanged:379,516", source:  (621)
[16692:10692:1226/190442.532:INFO:CONSOLE(2)] "module-question/i18n/lang.js", source: https://cdn.ravenjs.com/3.22.3/raven.min.js (2)
[16692:10692:1226/190442.533:INFO:CONSOLE(2)] "module-question/wapUiHelp", source: https://cdn.ravenjs.com/3.22.3/raven.min.js (2)
[16692:10692:1226/190442.536:INFO:CONSOLE(2)] "module-question/wapUiViewHelp.js", source: https://cdn.ravenjs.com/3.22.3/raven.min.js (2)
[16692:10692:1226/190455.152:INFO:CONSOLE(2)] "module-question/i18n/lang.js", source: https://cdn.ravenjs.com/3.22.3/raven.min.js (2)
[16692:10692:1226/190455.158:INFO:CONSOLE(2)] "module-question/wapUiHelp", source: https://cdn.ravenjs.com/3.22.3/raven.min.js (2)
[16692:10692:1226/190455.160:INFO:CONSOLE(2)] "module-question/wapUiViewHelp.js", source: https://cdn.ravenjs.com/3.22.3/raven.min.js (2)
[16692:10692:1226/190458.299:INFO:CONSOLE(252)] "module-question/i18n/lang.js", source: http://tgc.stu.126.net/pub/s/teachold/core_8f48212905a0a11b856194fc3ce1a9de.js (252)
[16692:10692:1226/190458.300:INFO:CONSOLE(253)] "module-question/wapUiHelp", source: http://tgc.stu.126.net/pub/s/teachold/core_8f48212905a0a11b856194fc3ce1a9de.js (253)
[16692:10692:1226/190458.321:INFO:CONSOLE(257)] "module-question/wapUiViewHelp.js", source: http://tgc.stu.126.net/pub/s/teachold/core_8f48212905a0a11b856194fc3ce1a9de.js (257)
[16692:10692:1226/190504.213:INFO:CONSOLE(252)] "module-question/i18n/lang.js", source: http://tgc.stu.126.net/pub/s/teachold/core_8f48212905a0a11b856194fc3ce1a9de.js (252)
[16692:10692:1226/190504.213:INFO:CONSOLE(253)] "module-question/wapUiHelp", source: http://tgc.stu.126.net/pub/s/teachold/core_8f48212905a0a11b856194fc3ce1a9de.js (253)
[16692:10692:1226/190504.234:INFO:CONSOLE(257)] "module-question/wapUiViewHelp.js", source: http://tgc.stu.126.net/pub/s/teachold/core_8f48212905a0a11b856194fc3ce1a9de.js (257)
[16692:10692:1226/190507.779:INFO:CONSOLE(621)] "ancestorIframeChanged:379,1042", source:  (621)
[16692:10692:1226/190508.858:INFO:CONSOLE(621)] "ancestorIframeChanged:379,1042", source:  (621)
[16692:10692:1226/190509.964:INFO:CONSOLE(621)] "ancestorIframeChanged:379,1042", source:  (621)
[16692:10692:1226/190512.086:INFO:CONSOLE(621)] "ancestorIframeChanged:379,1042", source:  (621)
[16692:10692:1226/190513.294:INFO:CONSOLE(621)] "ancestorIframeChanged:379,1042", source:  (621)
[16692:10692:1226/190515.595:INFO:CONSOLE(621)] "ancestorIframeChanged:379,516", source:  (621)
[16692:10692:1226/190517.637:INFO:CONSOLE(621)] "ancestorIframeChanged:379,516", source:  (621)
[16692:10692:1226/190519.159:INFO:CONSOLE(621)] "ancestorIframeChanged:379,516", source:  (621)
[16692:10692:1226/190519.871:INFO:CONSOLE(621)] "ancestorIframeChanged:379,516", source:  (621)
[16692:10692:1226/190521.387:INFO:CONSOLE(621)] "ancestorIframeChanged:379,516", source:  (621)
[16692:10692:1226/190522.708:INFO:CONSOLE(621)] "ancestorIframeChanged:379,516", source:  (621)
[16692:10692:1226/190523.823:INFO:CONSOLE(621)] "ancestorIframeChanged:379,516", source:  (621)
[16692:10692:1226/190524.994:INFO:CONSOLE(621)] "ancestorIframeChanged:379,516", source:  (621)
[16692:10692:1226/190527.725:INFO:CONSOLE(621)] "ancestorIframeChanged:379,516", source:  (621)
[16692:10692:1226/190528.882:INFO:CONSOLE(252)] "module-question/i18n/lang.js", source: http://tgc.stu.126.net/pub/s/teachold/core_8f48212905a0a11b856194fc3ce1a9de.js (252)
[16692:10692:1226/190528.882:INFO:CONSOLE(253)] "module-question/wapUiHelp", source: http://tgc.stu.126.net/pub/s/teachold/core_8f48212905a0a11b856194fc3ce1a9de.js (253)
[16692:10692:1226/190528.894:INFO:CONSOLE(257)] "module-question/wapUiViewHelp.js", source: http://tgc.stu.126.net/pub/s/teachold/core_8f48212905a0a11b856194fc3ce1a9de.js (257)
[16692:10692:1226/190531.375:INFO:CONSOLE(621)] "ancestorIframeChanged:379,516", source:  (621)
[16692:10692:1226/190532.972:INFO:CONSOLE(621)] "ancestorIframeChanged:379,516", source:  (621)
[16692:10692:1226/190548.209:INFO:CONSOLE(252)] "module-question/i18n/lang.js", source: http://tgc.stu.126.net/pub/s/teachold/core_8f48212905a0a11b856194fc3ce1a9de.js (252)
[16692:10692:1226/190548.209:INFO:CONSOLE(253)] "module-question/wapUiHelp", source: http://tgc.stu.126.net/pub/s/teachold/core_8f48212905a0a11b856194fc3ce1a9de.js (253)
[16692:10692:1226/190548.219:INFO:CONSOLE(257)] "module-question/wapUiViewHelp.js", source: http://tgc.stu.126.net/pub/s/teachold/core_8f48212905a0a11b856194fc3ce1a9de.js (257)
[16692:10692:1226/190551.861:INFO:CONSOLE(621)] "ancestorIframeChanged:379,1042", source:  (621)
[16692:10692:1226/190552.961:INFO:CONSOLE(621)] "ancestorIframeChanged:379,1042", source:  (621)
[16692:10692:1226/190554.015:INFO:CONSOLE(621)] "ancestorIframeChanged:379,1042", source:  (621)
[16692:10692:1226/190556.263:INFO:CONSOLE(621)] "ancestorIframeChanged:379,516", source:  (621)
[16692:10692:1226/190558.298:INFO:CONSOLE(621)] "ancestorIframeChanged:379,516", source:  (621)
[16692:10692:1226/190559.603:INFO:CONSOLE(621)] "ancestorIframeChanged:379,516", source:  (621)
[16692:10692:1226/190600.760:INFO:CONSOLE(621)] "ancestorIframeChanged:379,516", source:  (621)
[16692:10692:1226/190601.825:INFO:CONSOLE(621)] "ancestorIframeChanged:379,516", source:  (621)
[16692:10692:1226/190603.050:INFO:CONSOLE(621)] "ancestorIframeChanged:379,516", source:  (621)
[16692:10692:1226/190605.585:INFO:CONSOLE(621)] "ancestorIframeChanged:379,516", source:  (621)
[16692:10692:1226/190606.984:INFO:CONSOLE(621)] "ancestorIframeChanged:379,516", source:  (621)
[16692:10692:1226/190608.304:INFO:CONSOLE(621)] "ancestorIframeChanged:379,516", source:  (621)
[16692:10692:1226/190609.342:INFO:CONSOLE(621)] "ancestorIframeChanged:379,516", source:  (621)
[16692:10692:1226/190611.876:INFO:CONSOLE(621)] "ancestorIframeChanged:379,516", source:  (621)
[16692:10692:1226/190613.157:INFO:CONSOLE(621)] "ancestorIframeChanged:379,516", source:  (621)
[16692:10692:1226/190614.367:INFO:CONSOLE(621)] "ancestorIframeChanged:379,516", source:  (621)
[16692:10692:1226/190615.642:INFO:CONSOLE(621)] "ancestorIframeChanged:379,516", source:  (621)
[16692:10692:1226/190616.636:INFO:CONSOLE(621)] "ancestorIframeChanged:379,516", source:  (621)
[16692:10692:1226/190617.414:INFO:CONSOLE(621)] "ancestorIframeChanged:379,516", source:  (621)
[16692:10692:1226/190639.843:INFO:CONSOLE(2)] "module-question/i18n/lang.js", source: https://cdn.ravenjs.com/3.22.3/raven.min.js (2)
[16692:10692:1226/190639.843:INFO:CONSOLE(2)] "module-question/wapUiHelp", source: https://cdn.ravenjs.com/3.22.3/raven.min.js (2)
[16692:10692:1226/190639.844:INFO:CONSOLE(2)] "module-question/wapUiViewHelp.js", source: https://cdn.ravenjs.com/3.22.3/raven.min.js (2)
[16692:10692:1226/190650.305:INFO:CONSOLE(2)] "module-question/i18n/lang.js", source: https://cdn.ravenjs.com/3.22.3/raven.min.js (2)
[16692:10692:1226/190650.307:INFO:CONSOLE(2)] "module-question/wapUiHelp", source: https://cdn.ravenjs.com/3.22.3/raven.min.js (2)
[16692:10692:1226/190650.308:INFO:CONSOLE(2)] "module-question/wapUiViewHelp.js", source: https://cdn.ravenjs.com/3.22.3/raven.min.js (2)
[16692:10692:1226/190655.637:INFO:CONSOLE(252)] "module-question/i18n/lang.js", source: http://tgc.stu.126.net/pub/s/teachold/core_8f48212905a0a11b856194fc3ce1a9de.js (252)
[16692:10692:1226/190655.637:INFO:CONSOLE(253)] "module-question/wapUiHelp", source: http://tgc.stu.126.net/pub/s/teachold/core_8f48212905a0a11b856194fc3ce1a9de.js (253)
[16692:10692:1226/190655.651:INFO:CONSOLE(257)] "module-question/wapUiViewHelp.js", source: http://tgc.stu.126.net/pub/s/teachold/core_8f48212905a0a11b856194fc3ce1a9de.js (257)
[16692:10692:1226/190704.195:INFO:CONSOLE(252)] "module-question/i18n/lang.js", source: http://tgc.stu.126.net/pub/s/teachold/core_8f48212905a0a11b856194fc3ce1a9de.js (252)
[16692:10692:1226/190704.195:INFO:CONSOLE(253)] "module-question/wapUiHelp", source: http://tgc.stu.126.net/pub/s/teachold/core_8f48212905a0a11b856194fc3ce1a9de.js (253)
[16692:10692:1226/190704.209:INFO:CONSOLE(257)] "module-question/wapUiViewHelp.js", source: http://tgc.stu.126.net/pub/s/teachold/core_8f48212905a0a11b856194fc3ce1a9de.js (257)
[16692:10692:1226/190707.939:INFO:CONSOLE(621)] "ancestorIframeChanged:379,1042", source:  (621)
[16692:10692:1226/190709.018:INFO:CONSOLE(621)] "ancestorIframeChanged:379,1042", source:  (621)
[16692:10692:1226/190710.068:INFO:CONSOLE(621)] "ancestorIframeChanged:379,1042", source:  (621)
[16692:10692:1226/190712.078:INFO:CONSOLE(621)] "ancestorIframeChanged:379,1042", source:  (621)
[16692:10692:1226/190713.343:INFO:CONSOLE(621)] "ancestorIframeChanged:379,1042", source:  (621)
[16692:10692:1226/190715.375:INFO:CONSOLE(621)] "ancestorIframeChanged:379,516", source:  (621)
[16692:10692:1226/190717.504:INFO:CONSOLE(621)] "ancestorIframeChanged:379,516", source:  (621)
[16692:10692:1226/190719.074:INFO:CONSOLE(621)] "ancestorIframeChanged:379,516", source:  (621)
[16692:10692:1226/190720.114:INFO:CONSOLE(621)] "ancestorIframeChanged:379,516", source:  (621)
[16692:10692:1226/190721.266:INFO:CONSOLE(621)] "ancestorIframeChanged:379,516", source:  (621)
[16692:10692:1226/190722.601:INFO:CONSOLE(621)] "ancestorIframeChanged:379,516", source:  (621)
[16692:10692:1226/190723.597:INFO:CONSOLE(621)] "ancestorIframeChanged:379,516", source:  (621)
[16692:10692:1226/190724.885:INFO:CONSOLE(621)] "ancestorIframeChanged:379,516", source:  (621)
[16692:10692:1226/190727.419:INFO:CONSOLE(621)] "ancestorIframeChanged:379,516", source:  (621)
[16692:10692:1226/190728.650:INFO:CONSOLE(252)] "module-question/i18n/lang.js", source: http://tgc.stu.126.net/pub/s/teachold/core_8f48212905a0a11b856194fc3ce1a9de.js (252)
[16692:10692:1226/190728.655:INFO:CONSOLE(253)] "module-question/wapUiHelp", source: http://tgc.stu.126.net/pub/s/teachold/core_8f48212905a0a11b856194fc3ce1a9de.js (253)
[16692:10692:1226/190728.667:INFO:CONSOLE(257)] "module-question/wapUiViewHelp.js", source: http://tgc.stu.126.net/pub/s/teachold/core_8f48212905a0a11b856194fc3ce1a9de.js (257)
[16692:10692:1226/190731.938:INFO:CONSOLE(621)] "ancestorIframeChanged:379,1042", source:  (621)
[16692:10692:1226/190734.060:INFO:CONSOLE(621)] "ancestorIframeChanged:379,516", source:  (621)
[16692:10692:1226/190735.950:INFO:CONSOLE(621)] "ancestorIframeChanged:379,516", source:  (621)
[16692:10692:1226/190750.785:INFO:CONSOLE(252)] "module-question/i18n/lang.js", source: http://tgc.stu.126.net/pub/s/teachold/core_8f48212905a0a11b856194fc3ce1a9de.js (252)
[16692:10692:1226/190750.785:INFO:CONSOLE(253)] "module-question/wapUiHelp", source: http://tgc.stu.126.net/pub/s/teachold/core_8f48212905a0a11b856194fc3ce1a9de.js (253)
[16692:10692:1226/190750.797:INFO:CONSOLE(257)] "module-question/wapUiViewHelp.js", source: http://tgc.stu.126.net/pub/s/teachold/core_8f48212905a0a11b856194fc3ce1a9de.js (257)
[16692:10692:1226/190754.449:INFO:CONSOLE(621)] "ancestorIframeChanged:379,1288", source:  (621)
[16692:10692:1226/190755.530:INFO:CONSOLE(621)] "ancestorIframeChanged:379,1288", source:  (621)
[16692:10692:1226/190756.612:INFO:CONSOLE(621)] "ancestorIframeChanged:379,1288", source:  (621)
[16692:10692:1226/190759.036:INFO:CONSOLE(621)] "ancestorIframeChanged:379,557", source:  (621)
[16692:10692:1226/190801.197:INFO:CONSOLE(621)] "ancestorIframeChanged:379,557", source:  (621)
[16692:10692:1226/190802.235:INFO:CONSOLE(621)] "ancestorIframeChanged:379,557", source:  (621)
[16692:10692:1226/190803.775:INFO:CONSOLE(621)] "ancestorIframeChanged:379,557", source:  (621)
[16692:10692:1226/190804.901:INFO:CONSOLE(621)] "ancestorIframeChanged:379,557", source:  (621)
[16692:10692:1226/190809.242:INFO:CONSOLE(621)] "ancestorIframeChanged:379,557", source:  (621)
[16692:10692:1226/190811.802:INFO:CONSOLE(621)] "ancestorIframeChanged:379,557", source:  (621)
[16692:10692:1226/190813.361:INFO:CONSOLE(621)] "ancestorIframeChanged:379,557", source:  (621)
[16692:10692:1226/190814.554:INFO:CONSOLE(621)] "ancestorIframeChanged:379,557", source:  (621)
[16692:10692:1226/190815.591:INFO:CONSOLE(621)] "ancestorIframeChanged:379,557", source:  (621)
[16692:10692:1226/190816.809:INFO:CONSOLE(621)] "ancestorIframeChanged:379,557", source:  (621)
[16692:10692:1226/190817.915:INFO:CONSOLE(621)] "ancestorIframeChanged:379,557", source:  (621)
[16692:10692:1226/190819.236:INFO:CONSOLE(621)] "ancestorIframeChanged:379,557", source:  (621)
[16692:10692:1226/190820.422:INFO:CONSOLE(621)] "ancestorIframeChanged:379,557", source:  (621)
[16692:10692:1226/190821.507:INFO:CONSOLE(621)] "ancestorIframeChanged:379,557", source:  (621)
[16692:10692:1226/190822.677:INFO:CONSOLE(621)] "ancestorIframeChanged:379,557", source:  (621)
[16692:10692:1226/190823.827:INFO:CONSOLE(252)] "module-question/i18n/lang.js", source: http://tgc.stu.126.net/pub/s/teachold/core_8f48212905a0a11b856194fc3ce1a9de.js (252)
[16692:10692:1226/190823.828:INFO:CONSOLE(253)] "module-question/wapUiHelp", source: http://tgc.stu.126.net/pub/s/teachold/core_8f48212905a0a11b856194fc3ce1a9de.js (253)
[16692:10692:1226/190823.840:INFO:CONSOLE(257)] "module-question/wapUiViewHelp.js", source: http://tgc.stu.126.net/pub/s/teachold/core_8f48212905a0a11b856194fc3ce1a9de.js (257)
[16692:10692:1226/190827.086:INFO:CONSOLE(621)] "ancestorIframeChanged:379,1288", source:  (621)
[16692:10692:1226/190841.356:INFO:CONSOLE(252)] "module-question/i18n/lang.js", source: http://tgc.stu.126.net/pub/s/teachold/core_8f48212905a0a11b856194fc3ce1a9de.js (252)
[16692:10692:1226/190841.356:INFO:CONSOLE(253)] "module-question/wapUiHelp", source: http://tgc.stu.126.net/pub/s/teachold/core_8f48212905a0a11b856194fc3ce1a9de.js (253)
[16692:10692:1226/190841.370:INFO:CONSOLE(257)] "module-question/wapUiViewHelp.js", source: http://tgc.stu.126.net/pub/s/teachold/core_8f48212905a0a11b856194fc3ce1a9de.js (257)
[16692:10692:1226/190950.017:INFO:CONSOLE(2)] "module-question/i18n/lang.js", source: https://cdn.ravenjs.com/3.22.3/raven.min.js (2)
[16692:10692:1226/190950.018:INFO:CONSOLE(2)] "module-question/wapUiHelp", source: https://cdn.ravenjs.com/3.22.3/raven.min.js (2)
[16692:10692:1226/190950.019:INFO:CONSOLE(2)] "module-question/wapUiViewHelp.js", source: https://cdn.ravenjs.com/3.22.3/raven.min.js (2)
[16692:10692:1226/190950.065:INFO:CONSOLE(0)] "Mixed Content: The page at 'https://geek.163.com/path/courses/400000003522074/learning' was loaded over HTTPS, but requested an insecure image 'http://edu-image.nosdn.127.net/2603bb45-5cd1-4ae6-9caa-3b93c65846e3.png?imageView&quality=100'. This content should also be served over HTTPS.", source: https://geek.163.com/path/courses/400000003522074/learning (0)
[16692:10692:1226/190950.065:INFO:CONSOLE(0)] "Mixed Content: The page at 'https://geek.163.com/path/courses/400000003522074/learning' was loaded over HTTPS, but requested an insecure image 'http://edu-image.nosdn.127.net/cef13cc138ff4c0c828b5bb2325fd50e.jpg?imageView&quality=100'. This content should also be served over HTTPS.", source: https://geek.163.com/path/courses/400000003522074/learning (0)
[16692:10692:1226/190950.065:INFO:CONSOLE(0)] "Mixed Content: The page at 'https://geek.163.com/path/courses/400000003522074/learning' was loaded over HTTPS, but requested an insecure image 'http://edu-image.nosdn.127.net/8298fae6ad92479dab0fe0b4529f3a57.png?imageView&quality=100'. This content should also be served over HTTPS.", source: https://geek.163.com/path/courses/400000003522074/learning (0)
[16692:10692:1226/190950.232:INFO:CONSOLE(2)] "Synchronous XMLHttpRequest on the main thread is deprecated because of its detrimental effects to the end user's experience. For more help, check https://xhr.spec.whatwg.org/.", source: https://cdn.ravenjs.com/3.22.3/raven.min.js (2)
[16692:10692:1226/190954.109:INFO:CONSOLE(2)] "the computed 'surplusTimes' don't define the set function,  assign data.surplusTimes altnately", source: https://cdn.ravenjs.com/3.22.3/raven.min.js (2)
[16692:10692:1226/190954.110:INFO:CONSOLE(2)] "the computed 'judgeRules' don't define the set function,  assign data.judgeRules altnately", source: https://cdn.ravenjs.com/3.22.3/raven.min.js (2)
[16692:10692:1226/190954.111:INFO:CONSOLE(2)] "the computed 'answerTime' don't define the set function,  assign data.answerTime altnately", source: https://cdn.ravenjs.com/3.22.3/raven.min.js (2)
[16692:10692:1226/190958.044:INFO:CONSOLE(200)] "module-question/i18n/lang.js", source: https://gc.stu.126.net/pub/s/web/core_17d7d749284a913cb90a5c0e752640ec.js (200)
[16692:10692:1226/190958.044:INFO:CONSOLE(200)] "module-question/wapUiHelp", source: https://gc.stu.126.net/pub/s/web/core_17d7d749284a913cb90a5c0e752640ec.js (200)
[16692:10692:1226/190958.047:INFO:CONSOLE(204)] "module-question/wapUiViewHelp.js", source: https://gc.stu.126.net/pub/s/web/core_17d7d749284a913cb90a5c0e752640ec.js (204)
[16692:10692:1226/190958.554:INFO:CONSOLE(621)] "ancestorIframeChanged:429,1068", source:  (621)
[16692:10692:1226/191001.173:INFO:CONSOLE(621)] "ancestorIframeChanged:429,1068", source:  (621)
[16692:10692:1226/191002.253:INFO:CONSOLE(621)] "ancestorIframeChanged:429,1068", source:  (621)
[16692:10692:1226/191003.428:INFO:CONSOLE(621)] "ancestorIframeChanged:429,1068", source:  (621)
[16692:10692:1226/191004.731:INFO:CONSOLE(621)] "ancestorIframeChanged:429,1068", source:  (621)
[16692:10692:1226/191006.071:INFO:CONSOLE(621)] "ancestorIframeChanged:429,1068", source:  (621)
[16692:10692:1226/191007.361:INFO:CONSOLE(621)] "ancestorIframeChanged:429,1068", source:  (621)
[16692:10692:1226/191008.397:INFO:CONSOLE(621)] "ancestorIframeChanged:429,1068", source:  (621)
[16692:10692:1226/191009.710:INFO:CONSOLE(621)] "ancestorIframeChanged:429,1068", source:  (621)
[16692:10692:1226/191035.671:INFO:CONSOLE(41)] "Cannot read property '0' of undefined", source: http://tgc.stu.126.net/pub/s/teachold/core_8f48212905a0a11b856194fc3ce1a9de.js (41)
[16692:10692:1226/191035.672:INFO:CONSOLE(41)] "TypeError: Cannot read property '0' of undefined", source: http://tgc.stu.126.net/pub/s/teachold/core_8f48212905a0a11b856194fc3ce1a9de.js (41)
