[17320:6188:1226/102258.406:WARNING:discovery_network_list_win.cc(195)] Failed to open Wlan client handle: 1062
[17320:16820:1226/102259.349:WARNING:CONSOLE(0)] "HTML Imports is deprecated and will be removed in M73, around March 2019. Please use ES modules instead. See https://www.chromestatus.com/features/5144752345317376 for more details.", source:  (0)
[17320:16820:1226/102259.440:WARNING:CONSOLE(77)] "document.registerElement is deprecated and will be removed in M73, around March 2019. Please use window.customElements.define instead. See https://www.chromestatus.com/features/4642138092470272 for more details.", source: https://ssl.gstatic.com/chrome/components/doodle-notifier-02.html (77)
[17320:16820:1226/102300.611:INFO:CONSOLE(8)] "SW registered", source: https://www.google.com/_/chrome/newtab?ie=UTF-8 (8)
[17320:16820:1226/102301.983:INFO:CONSOLE(621)] "ancestorIframeChanged:218,378", source:  (621)
[17320:16820:1226/102303.132:INFO:CONSOLE(621)] "ancestorIframeChanged:218,378", source:  (621)
[17320:16820:1226/102304.334:INFO:CONSOLE(2)] "module-question/i18n/lang.js", source: https://cdn.ravenjs.com/3.22.3/raven.min.js (2)
[17320:16820:1226/102304.337:INFO:CONSOLE(2)] "module-question/wapUiHelp", source: https://cdn.ravenjs.com/3.22.3/raven.min.js (2)
[17320:16820:1226/102304.340:INFO:CONSOLE(2)] "module-question/wapUiViewHelp.js", source: https://cdn.ravenjs.com/3.22.3/raven.min.js (2)
[17320:16820:1226/102305.023:INFO:CONSOLE(0)] "[DOM] Password field is not contained in a form: (More info: https://goo.gl/9p2vKq) %o", source: https://geek.163.com/path/member/login?returnUrl=aHR0cDovL3RlYWNoLmdlZWsuMTYzLmNvbS80MDAwMDAwMDA2NzIwNjQuaHRt (0)
[17320:16820:1226/102305.024:INFO:CONSOLE(0)] "[DOM] Password field is not contained in a form: (More info: https://goo.gl/9p2vKq) %o", source: https://geek.163.com/path/member/login?returnUrl=aHR0cDovL3RlYWNoLmdlZWsuMTYzLmNvbS80MDAwMDAwMDA2NzIwNjQuaHRt (0)
[17320:16820:1226/102305.024:INFO:CONSOLE(0)] "[DOM] Password field is not contained in a form: (More info: https://goo.gl/9p2vKq) %o", source: https://geek.163.com/path/member/login?returnUrl=aHR0cDovL3RlYWNoLmdlZWsuMTYzLmNvbS80MDAwMDAwMDA2NzIwNjQuaHRt (0)
[17320:16820:1226/102305.024:INFO:CONSOLE(0)] "[DOM] Password field is not contained in a form: (More info: https://goo.gl/9p2vKq) %o", source: https://geek.163.com/path/member/login?returnUrl=aHR0cDovL3RlYWNoLmdlZWsuMTYzLmNvbS80MDAwMDAwMDA2NzIwNjQuaHRt (0)
[17320:16820:1226/102305.024:INFO:CONSOLE(0)] "[DOM] Password field is not contained in a form: (More info: https://goo.gl/9p2vKq) %o", source: https://geek.163.com/path/member/login?returnUrl=aHR0cDovL3RlYWNoLmdlZWsuMTYzLmNvbS80MDAwMDAwMDA2NzIwNjQuaHRt (0)
[17320:16820:1226/102305.024:INFO:CONSOLE(0)] "[DOM] Password field is not contained in a form: (More info: https://goo.gl/9p2vKq) %o", source: https://geek.163.com/path/member/login?returnUrl=aHR0cDovL3RlYWNoLmdlZWsuMTYzLmNvbS80MDAwMDAwMDA2NzIwNjQuaHRt (0)
[17320:16820:1226/102305.024:INFO:CONSOLE(0)] "[DOM] Password field is not contained in a form: (More info: https://goo.gl/9p2vKq) %o", source: https://geek.163.com/path/member/login?returnUrl=aHR0cDovL3RlYWNoLmdlZWsuMTYzLmNvbS80MDAwMDAwMDA2NzIwNjQuaHRt (0)
[17320:16820:1226/102305.024:INFO:CONSOLE(0)] "[DOM] Password field is not contained in a form: (More info: https://goo.gl/9p2vKq) %o", source: https://geek.163.com/path/member/login?returnUrl=aHR0cDovL3RlYWNoLmdlZWsuMTYzLmNvbS80MDAwMDAwMDA2NzIwNjQuaHRt (0)
[17320:16820:1226/102305.024:INFO:CONSOLE(0)] "[DOM] Password field is not contained in a form: (More info: https://goo.gl/9p2vKq) %o", source: https://geek.163.com/path/member/login?returnUrl=aHR0cDovL3RlYWNoLmdlZWsuMTYzLmNvbS80MDAwMDAwMDA2NzIwNjQuaHRt (0)
[17320:16820:1226/102305.922:INFO:CONSOLE(0)] "[DOM] Input elements should have autocomplete attributes (suggested: "new-password"): (More info: https://goo.gl/9p2vKq) %o", source: https://webzj.reg.163.com/v1.0.1/pub/index_dl.html?cd=%2F%2Fedu-cms.nosdn.127.net%2Ftopics%2Fcss%2F&cf=kada_urs_course_4c152c9f26817efac4936d84ec1baa71.css&MGID=1545790984768.3804&wdaId=UA1438236666413&pkid=VelXuSo&product=kada (0)
[17320:16820:1226/102306.080:INFO:CONSOLE(0)] "[DOM] Input elements should have autocomplete attributes (suggested: "new-password"): (More info: https://goo.gl/9p2vKq) %o", source: https://webzj.reg.163.com/v1.0.1/pub/index_reg.html?cd=%2F%2Fedu-cms.nosdn.127.net%2Ftopics%2Fcss%2F&cf=kada_urs_register_course_3d3c8920fcb04752d050df94efe9f31a.css&MGID=1545790984829.3247&wdaId=UA1438236666413&pkid=VelXuSo&product=kada (0)
[17320:16820:1226/102306.267:INFO:CONSOLE(0)] "[DOM] Input elements should have autocomplete attributes (suggested: "new-password"): (More info: https://goo.gl/9p2vKq) %o", source: https://webzj.reg.163.com/v1.0.1/pub/index.html?cd=%2F%2Fedu-cms.nosdn.127.net%2Ftopics%2Fcss%2F&cf=kada_urs_course_4c152c9f26817efac4936d84ec1baa71.css&MGID=1545790984818.1472&wdaId=UA1438236666413&pkid=VelXuSo&product=kada (0)
[17320:16820:1226/102307.132:INFO:CONSOLE(2)] "ancestorIframeChanged:431,303", source: https://cdn.ravenjs.com/3.22.3/raven.min.js (2)
[17320:16820:1226/102307.135:INFO:CONSOLE(2)] "ancestorIframeChanged:-1569,211", source: https://cdn.ravenjs.com/3.22.3/raven.min.js (2)
[17320:16820:1226/102307.138:INFO:CONSOLE(2)] "ancestorIframeChanged:-1999,193", source: https://cdn.ravenjs.com/3.22.3/raven.min.js (2)
[17320:16820:1226/102308.376:INFO:CONSOLE(2)] "ancestorIframeChanged:791,303", source: https://cdn.ravenjs.com/3.22.3/raven.min.js (2)
[17320:16820:1226/102308.378:INFO:CONSOLE(2)] "ancestorIframeChanged:-1209,211", source: https://cdn.ravenjs.com/3.22.3/raven.min.js (2)
[17320:16820:1226/102308.380:INFO:CONSOLE(2)] "ancestorIframeChanged:-1639,193", source: https://cdn.ravenjs.com/3.22.3/raven.min.js (2)
[17320:16820:1226/102309.672:INFO:CONSOLE(2)] "ancestorIframeChanged:-1209,211", source: https://cdn.ravenjs.com/3.22.3/raven.min.js (2)
[17320:16820:1226/102309.673:INFO:CONSOLE(2)] "ancestorIframeChanged:791,303", source: https://cdn.ravenjs.com/3.22.3/raven.min.js (2)
[17320:16820:1226/102309.675:INFO:CONSOLE(2)] "ancestorIframeChanged:-1639,193", source: https://cdn.ravenjs.com/3.22.3/raven.min.js (2)
[17320:16820:1226/102311.112:INFO:CONSOLE(2)] "ancestorIframeChanged:-1209,211", source: https://cdn.ravenjs.com/3.22.3/raven.min.js (2)
[17320:16820:1226/102311.113:INFO:CONSOLE(2)] "ancestorIframeChanged:791,303", source: https://cdn.ravenjs.com/3.22.3/raven.min.js (2)
[17320:16820:1226/102311.116:INFO:CONSOLE(2)] "ancestorIframeChanged:-1639,193", source: https://cdn.ravenjs.com/3.22.3/raven.min.js (2)
[17320:16820:1226/102312.507:INFO:CONSOLE(2)] "ancestorIframeChanged:-1209,211", source: https://cdn.ravenjs.com/3.22.3/raven.min.js (2)
[17320:16820:1226/102312.508:INFO:CONSOLE(2)] "ancestorIframeChanged:791,303", source: https://cdn.ravenjs.com/3.22.3/raven.min.js (2)
[17320:16820:1226/102312.511:INFO:CONSOLE(2)] "ancestorIframeChanged:-1639,193", source: https://cdn.ravenjs.com/3.22.3/raven.min.js (2)
[17320:16820:1226/102314.527:INFO:CONSOLE(252)] "module-question/i18n/lang.js", source: http://tgc.stu.126.net/pub/s/teachold/core_8f48212905a0a11b856194fc3ce1a9de.js (252)
[17320:16820:1226/102314.527:INFO:CONSOLE(253)] "module-question/wapUiHelp", source: http://tgc.stu.126.net/pub/s/teachold/core_8f48212905a0a11b856194fc3ce1a9de.js (253)
[17320:16820:1226/102314.540:INFO:CONSOLE(257)] "module-question/wapUiViewHelp.js", source: http://tgc.stu.126.net/pub/s/teachold/core_8f48212905a0a11b856194fc3ce1a9de.js (257)
[17320:16820:1226/102319.117:INFO:CONSOLE(252)] "module-question/i18n/lang.js", source: http://tgc.stu.126.net/pub/s/teachold/core_8f48212905a0a11b856194fc3ce1a9de.js (252)
[17320:16820:1226/102319.118:INFO:CONSOLE(253)] "module-question/wapUiHelp", source: http://tgc.stu.126.net/pub/s/teachold/core_8f48212905a0a11b856194fc3ce1a9de.js (253)
[17320:16820:1226/102319.131:INFO:CONSOLE(257)] "module-question/wapUiViewHelp.js", source: http://tgc.stu.126.net/pub/s/teachold/core_8f48212905a0a11b856194fc3ce1a9de.js (257)
[17320:16820:1226/102324.651:INFO:CONSOLE(621)] "ancestorIframeChanged:739,1739", source:  (621)
[17320:16820:1226/102326.622:INFO:CONSOLE(621)] "ancestorIframeChanged:739,929", source:  (621)
[17320:16820:1226/102331.486:INFO:CONSOLE(621)] "ancestorIframeChanged:739,560", source:  (621)
[17320:16820:1226/102333.369:INFO:CONSOLE(621)] "ancestorIframeChanged:739,560", source:  (621)
[17320:16820:1226/102334.914:INFO:CONSOLE(252)] "module-question/i18n/lang.js", source: http://tgc.stu.126.net/pub/s/teachold/core_8f48212905a0a11b856194fc3ce1a9de.js (252)
[17320:16820:1226/102334.916:INFO:CONSOLE(253)] "module-question/wapUiHelp", source: http://tgc.stu.126.net/pub/s/teachold/core_8f48212905a0a11b856194fc3ce1a9de.js (253)
[17320:16820:1226/102334.931:INFO:CONSOLE(257)] "module-question/wapUiViewHelp.js", source: http://tgc.stu.126.net/pub/s/teachold/core_8f48212905a0a11b856194fc3ce1a9de.js (257)
[17320:16820:1226/102337.463:INFO:CONSOLE(621)] "ancestorIframeChanged:739,2549", source:  (621)
[17320:16820:1226/102338.588:INFO:CONSOLE(621)] "ancestorIframeChanged:739,2549", source:  (621)
[17320:16820:1226/102339.691:INFO:CONSOLE(621)] "ancestorIframeChanged:739,2549", source:  (621)
[17320:16820:1226/102412.519:INFO:CONSOLE(621)] "ancestorIframeChanged:676,423", source:  (621)
[17320:16820:1226/102413.801:INFO:CONSOLE(621)] "ancestorIframeChanged:676,423", source:  (621)
[17320:16820:1226/102415.212:INFO:CONSOLE(621)] "ancestorIframeChanged:676,423", source:  (621)
[17320:16820:1226/102416.488:INFO:CONSOLE(621)] "ancestorIframeChanged:676,423", source:  (621)
[17320:16820:1226/102417.971:INFO:CONSOLE(621)] "ancestorIframeChanged:676,423", source:  (621)
[17320:16820:1226/102419.987:INFO:CONSOLE(621)] "ancestorIframeChanged:676,423", source:  (621)
[17320:16820:1226/102421.981:INFO:CONSOLE(621)] "ancestorIframeChanged:676,423", source:  (621)
[17320:16820:1226/102426.202:INFO:CONSOLE(621)] "ancestorIframeChanged:676,423", source:  (621)
[17320:16820:1226/102431.048:INFO:CONSOLE(621)] "ancestorIframeChanged:676,423", source:  (621)
[17320:16820:1226/102431.472:INFO:CONSOLE(316)] "recomputeFixedHeight", source: http://tgc.stu.126.net/pub/s/teachold/core_8f48212905a0a11b856194fc3ce1a9de.js (316)
[17320:16820:1226/102431.476:INFO:CONSOLE(316)] "check width", source: http://tgc.stu.126.net/pub/s/teachold/core_8f48212905a0a11b856194fc3ce1a9de.js (316)
[17320:16820:1226/102431.477:INFO:CONSOLE(316)] "cntWidth=1800", source: http://tgc.stu.126.net/pub/s/teachold/core_8f48212905a0a11b856194fc3ce1a9de.js (316)
[17320:16820:1226/102431.477:INFO:CONSOLE(316)] "wrpWidth=938", source: http://tgc.stu.126.net/pub/s/teachold/core_8f48212905a0a11b856194fc3ce1a9de.js (316)
[17320:16820:1226/102431.480:INFO:CONSOLE(316)] "recomputeFixedHeight", source: http://tgc.stu.126.net/pub/s/teachold/core_8f48212905a0a11b856194fc3ce1a9de.js (316)
[17320:16820:1226/102431.481:INFO:CONSOLE(316)] "check width", source: http://tgc.stu.126.net/pub/s/teachold/core_8f48212905a0a11b856194fc3ce1a9de.js (316)
[17320:16820:1226/102431.481:INFO:CONSOLE(316)] "cntWidth=1800", source: http://tgc.stu.126.net/pub/s/teachold/core_8f48212905a0a11b856194fc3ce1a9de.js (316)
[17320:16820:1226/102431.482:INFO:CONSOLE(316)] "wrpWidth=938", source: http://tgc.stu.126.net/pub/s/teachold/core_8f48212905a0a11b856194fc3ce1a9de.js (316)
[17320:16820:1226/102431.700:INFO:CONSOLE(316)] "recomputeFixedHeight", source: http://tgc.stu.126.net/pub/s/teachold/core_8f48212905a0a11b856194fc3ce1a9de.js (316)
[17320:16820:1226/102431.804:INFO:CONSOLE(316)] "recomputeFixedHeight", source: http://tgc.stu.126.net/pub/s/teachold/core_8f48212905a0a11b856194fc3ce1a9de.js (316)
[17320:16820:1226/102431.805:INFO:CONSOLE(316)] "check width", source: http://tgc.stu.126.net/pub/s/teachold/core_8f48212905a0a11b856194fc3ce1a9de.js (316)
[17320:16820:1226/102431.805:INFO:CONSOLE(316)] "cntWidth=1800", source: http://tgc.stu.126.net/pub/s/teachold/core_8f48212905a0a11b856194fc3ce1a9de.js (316)
[17320:16820:1226/102431.805:INFO:CONSOLE(316)] "wrpWidth=938", source: http://tgc.stu.126.net/pub/s/teachold/core_8f48212905a0a11b856194fc3ce1a9de.js (316)
[17320:16820:1226/102457.154:INFO:CONSOLE(316)] "recomputeFixedHeight", source: http://tgc.stu.126.net/pub/s/teachold/core_8f48212905a0a11b856194fc3ce1a9de.js (316)
[17320:16820:1226/102457.258:INFO:CONSOLE(316)] "recomputeFixedHeight", source: http://tgc.stu.126.net/pub/s/teachold/core_8f48212905a0a11b856194fc3ce1a9de.js (316)
[17320:16820:1226/102457.258:INFO:CONSOLE(316)] "check width", source: http://tgc.stu.126.net/pub/s/teachold/core_8f48212905a0a11b856194fc3ce1a9de.js (316)
[17320:16820:1226/102457.259:INFO:CONSOLE(316)] "cntWidth=1800", source: http://tgc.stu.126.net/pub/s/teachold/core_8f48212905a0a11b856194fc3ce1a9de.js (316)
[17320:16820:1226/102457.259:INFO:CONSOLE(316)] "wrpWidth=938", source: http://tgc.stu.126.net/pub/s/teachold/core_8f48212905a0a11b856194fc3ce1a9de.js (316)
[17320:16820:1226/102501.662:INFO:CONSOLE(316)] "recomputeFixedHeight", source: http://tgc.stu.126.net/pub/s/teachold/core_8f48212905a0a11b856194fc3ce1a9de.js (316)
[17320:16820:1226/102501.764:INFO:CONSOLE(316)] "recomputeFixedHeight", source: http://tgc.stu.126.net/pub/s/teachold/core_8f48212905a0a11b856194fc3ce1a9de.js (316)
[17320:16820:1226/102501.766:INFO:CONSOLE(316)] "check width", source: http://tgc.stu.126.net/pub/s/teachold/core_8f48212905a0a11b856194fc3ce1a9de.js (316)
[17320:16820:1226/102501.766:INFO:CONSOLE(316)] "cntWidth=1800", source: http://tgc.stu.126.net/pub/s/teachold/core_8f48212905a0a11b856194fc3ce1a9de.js (316)
[17320:16820:1226/102501.766:INFO:CONSOLE(316)] "wrpWidth=938", source: http://tgc.stu.126.net/pub/s/teachold/core_8f48212905a0a11b856194fc3ce1a9de.js (316)
[17320:16820:1226/102524.457:INFO:CONSOLE(252)] "module-question/i18n/lang.js", source: http://tgc.stu.126.net/pub/s/teachold/core_8f48212905a0a11b856194fc3ce1a9de.js (252)
[17320:16820:1226/102524.458:INFO:CONSOLE(253)] "module-question/wapUiHelp", source: http://tgc.stu.126.net/pub/s/teachold/core_8f48212905a0a11b856194fc3ce1a9de.js (253)
[17320:16820:1226/102524.474:INFO:CONSOLE(257)] "module-question/wapUiViewHelp.js", source: http://tgc.stu.126.net/pub/s/teachold/core_8f48212905a0a11b856194fc3ce1a9de.js (257)
[17320:16820:1226/102525.613:INFO:CONSOLE(316)] "recomputeFixedHeight", source: http://tgc.stu.126.net/pub/s/teachold/core_8f48212905a0a11b856194fc3ce1a9de.js (316)
[17320:16820:1226/102525.614:INFO:CONSOLE(316)] "check width", source: http://tgc.stu.126.net/pub/s/teachold/core_8f48212905a0a11b856194fc3ce1a9de.js (316)
[17320:16820:1226/102525.615:INFO:CONSOLE(316)] "cntWidth=1800", source: http://tgc.stu.126.net/pub/s/teachold/core_8f48212905a0a11b856194fc3ce1a9de.js (316)
[17320:16820:1226/102525.615:INFO:CONSOLE(316)] "wrpWidth=938", source: http://tgc.stu.126.net/pub/s/teachold/core_8f48212905a0a11b856194fc3ce1a9de.js (316)
[17320:16820:1226/102525.618:INFO:CONSOLE(316)] "recomputeFixedHeight", source: http://tgc.stu.126.net/pub/s/teachold/core_8f48212905a0a11b856194fc3ce1a9de.js (316)
[17320:16820:1226/102525.619:INFO:CONSOLE(316)] "check width", source: http://tgc.stu.126.net/pub/s/teachold/core_8f48212905a0a11b856194fc3ce1a9de.js (316)
[17320:16820:1226/102525.619:INFO:CONSOLE(316)] "cntWidth=1800", source: http://tgc.stu.126.net/pub/s/teachold/core_8f48212905a0a11b856194fc3ce1a9de.js (316)
[17320:16820:1226/102525.619:INFO:CONSOLE(316)] "wrpWidth=938", source: http://tgc.stu.126.net/pub/s/teachold/core_8f48212905a0a11b856194fc3ce1a9de.js (316)
[17320:16820:1226/102525.798:INFO:CONSOLE(316)] "recomputeFixedHeight", source: http://tgc.stu.126.net/pub/s/teachold/core_8f48212905a0a11b856194fc3ce1a9de.js (316)
[17320:16820:1226/102525.929:INFO:CONSOLE(316)] "recomputeFixedHeight", source: http://tgc.stu.126.net/pub/s/teachold/core_8f48212905a0a11b856194fc3ce1a9de.js (316)
[17320:16820:1226/102525.929:INFO:CONSOLE(316)] "check width", source: http://tgc.stu.126.net/pub/s/teachold/core_8f48212905a0a11b856194fc3ce1a9de.js (316)
[17320:16820:1226/102525.929:INFO:CONSOLE(316)] "cntWidth=1800", source: http://tgc.stu.126.net/pub/s/teachold/core_8f48212905a0a11b856194fc3ce1a9de.js (316)
[17320:16820:1226/102525.929:INFO:CONSOLE(316)] "wrpWidth=938", source: http://tgc.stu.126.net/pub/s/teachold/core_8f48212905a0a11b856194fc3ce1a9de.js (316)
[17320:16820:1226/102535.656:INFO:CONSOLE(316)] "recomputeFixedHeight", source: http://tgc.stu.126.net/pub/s/teachold/core_8f48212905a0a11b856194fc3ce1a9de.js (316)
[17320:16820:1226/102535.766:INFO:CONSOLE(316)] "recomputeFixedHeight", source: http://tgc.stu.126.net/pub/s/teachold/core_8f48212905a0a11b856194fc3ce1a9de.js (316)
[17320:16820:1226/102535.766:INFO:CONSOLE(316)] "check width", source: http://tgc.stu.126.net/pub/s/teachold/core_8f48212905a0a11b856194fc3ce1a9de.js (316)
[17320:16820:1226/102535.766:INFO:CONSOLE(316)] "cntWidth=1800", source: http://tgc.stu.126.net/pub/s/teachold/core_8f48212905a0a11b856194fc3ce1a9de.js (316)
[17320:16820:1226/102535.766:INFO:CONSOLE(316)] "wrpWidth=938", source: http://tgc.stu.126.net/pub/s/teachold/core_8f48212905a0a11b856194fc3ce1a9de.js (316)
[17320:16820:1226/102541.499:INFO:CONSOLE(316)] "recomputeFixedHeight", source: http://tgc.stu.126.net/pub/s/teachold/core_8f48212905a0a11b856194fc3ce1a9de.js (316)
[17320:16820:1226/102541.602:INFO:CONSOLE(316)] "recomputeFixedHeight", source: http://tgc.stu.126.net/pub/s/teachold/core_8f48212905a0a11b856194fc3ce1a9de.js (316)
[17320:16820:1226/102541.603:INFO:CONSOLE(316)] "check width", source: http://tgc.stu.126.net/pub/s/teachold/core_8f48212905a0a11b856194fc3ce1a9de.js (316)
[17320:16820:1226/102541.604:INFO:CONSOLE(316)] "cntWidth=1800", source: http://tgc.stu.126.net/pub/s/teachold/core_8f48212905a0a11b856194fc3ce1a9de.js (316)
[17320:16820:1226/102541.604:INFO:CONSOLE(316)] "wrpWidth=938", source: http://tgc.stu.126.net/pub/s/teachold/core_8f48212905a0a11b856194fc3ce1a9de.js (316)
[17320:16820:1226/102604.806:INFO:CONSOLE(252)] "module-question/i18n/lang.js", source: http://tgc.stu.126.net/pub/s/teachold/core_8f48212905a0a11b856194fc3ce1a9de.js (252)
[17320:16820:1226/102604.806:INFO:CONSOLE(253)] "module-question/wapUiHelp", source: http://tgc.stu.126.net/pub/s/teachold/core_8f48212905a0a11b856194fc3ce1a9de.js (253)
[17320:16820:1226/102604.819:INFO:CONSOLE(257)] "module-question/wapUiViewHelp.js", source: http://tgc.stu.126.net/pub/s/teachold/core_8f48212905a0a11b856194fc3ce1a9de.js (257)
[17320:16820:1226/102606.070:INFO:CONSOLE(316)] "recomputeFixedHeight", source: http://tgc.stu.126.net/pub/s/teachold/core_8f48212905a0a11b856194fc3ce1a9de.js (316)
[17320:16820:1226/102606.072:INFO:CONSOLE(316)] "check width", source: http://tgc.stu.126.net/pub/s/teachold/core_8f48212905a0a11b856194fc3ce1a9de.js (316)
[17320:16820:1226/102606.073:INFO:CONSOLE(316)] "cntWidth=1800", source: http://tgc.stu.126.net/pub/s/teachold/core_8f48212905a0a11b856194fc3ce1a9de.js (316)
[17320:16820:1226/102606.073:INFO:CONSOLE(316)] "wrpWidth=938", source: http://tgc.stu.126.net/pub/s/teachold/core_8f48212905a0a11b856194fc3ce1a9de.js (316)
[17320:16820:1226/102606.078:INFO:CONSOLE(316)] "recomputeFixedHeight", source: http://tgc.stu.126.net/pub/s/teachold/core_8f48212905a0a11b856194fc3ce1a9de.js (316)
[17320:16820:1226/102606.080:INFO:CONSOLE(316)] "check width", source: http://tgc.stu.126.net/pub/s/teachold/core_8f48212905a0a11b856194fc3ce1a9de.js (316)
[17320:16820:1226/102606.081:INFO:CONSOLE(316)] "cntWidth=1800", source: http://tgc.stu.126.net/pub/s/teachold/core_8f48212905a0a11b856194fc3ce1a9de.js (316)
[17320:16820:1226/102606.081:INFO:CONSOLE(316)] "wrpWidth=938", source: http://tgc.stu.126.net/pub/s/teachold/core_8f48212905a0a11b856194fc3ce1a9de.js (316)
[17320:16820:1226/102606.280:INFO:CONSOLE(316)] "recomputeFixedHeight", source: http://tgc.stu.126.net/pub/s/teachold/core_8f48212905a0a11b856194fc3ce1a9de.js (316)
[17320:16820:1226/102606.383:INFO:CONSOLE(316)] "recomputeFixedHeight", source: http://tgc.stu.126.net/pub/s/teachold/core_8f48212905a0a11b856194fc3ce1a9de.js (316)
[17320:16820:1226/102606.384:INFO:CONSOLE(316)] "check width", source: http://tgc.stu.126.net/pub/s/teachold/core_8f48212905a0a11b856194fc3ce1a9de.js (316)
[17320:16820:1226/102606.384:INFO:CONSOLE(316)] "cntWidth=1800", source: http://tgc.stu.126.net/pub/s/teachold/core_8f48212905a0a11b856194fc3ce1a9de.js (316)
[17320:16820:1226/102606.384:INFO:CONSOLE(316)] "wrpWidth=938", source: http://tgc.stu.126.net/pub/s/teachold/core_8f48212905a0a11b856194fc3ce1a9de.js (316)
[17320:16820:1226/102619.163:INFO:CONSOLE(316)] "recomputeFixedHeight", source: http://tgc.stu.126.net/pub/s/teachold/core_8f48212905a0a11b856194fc3ce1a9de.js (316)
[17320:16820:1226/102619.264:INFO:CONSOLE(316)] "recomputeFixedHeight", source: http://tgc.stu.126.net/pub/s/teachold/core_8f48212905a0a11b856194fc3ce1a9de.js (316)
[17320:16820:1226/102619.265:INFO:CONSOLE(316)] "check width", source: http://tgc.stu.126.net/pub/s/teachold/core_8f48212905a0a11b856194fc3ce1a9de.js (316)
[17320:16820:1226/102619.265:INFO:CONSOLE(316)] "cntWidth=1800", source: http://tgc.stu.126.net/pub/s/teachold/core_8f48212905a0a11b856194fc3ce1a9de.js (316)
[17320:16820:1226/102619.265:INFO:CONSOLE(316)] "wrpWidth=938", source: http://tgc.stu.126.net/pub/s/teachold/core_8f48212905a0a11b856194fc3ce1a9de.js (316)
[17320:16820:1226/102625.087:INFO:CONSOLE(316)] "recomputeFixedHeight", source: http://tgc.stu.126.net/pub/s/teachold/core_8f48212905a0a11b856194fc3ce1a9de.js (316)
[17320:16820:1226/102625.192:INFO:CONSOLE(316)] "recomputeFixedHeight", source: http://tgc.stu.126.net/pub/s/teachold/core_8f48212905a0a11b856194fc3ce1a9de.js (316)
[17320:16820:1226/102625.194:INFO:CONSOLE(316)] "check width", source: http://tgc.stu.126.net/pub/s/teachold/core_8f48212905a0a11b856194fc3ce1a9de.js (316)
[17320:16820:1226/102625.194:INFO:CONSOLE(316)] "cntWidth=1800", source: http://tgc.stu.126.net/pub/s/teachold/core_8f48212905a0a11b856194fc3ce1a9de.js (316)
[17320:16820:1226/102625.194:INFO:CONSOLE(316)] "wrpWidth=938", source: http://tgc.stu.126.net/pub/s/teachold/core_8f48212905a0a11b856194fc3ce1a9de.js (316)
[17320:16820:1226/102644.011:INFO:CONSOLE(252)] "module-question/i18n/lang.js", source: http://tgc.stu.126.net/pub/s/teachold/core_8f48212905a0a11b856194fc3ce1a9de.js (252)
[17320:16820:1226/102644.011:INFO:CONSOLE(253)] "module-question/wapUiHelp", source: http://tgc.stu.126.net/pub/s/teachold/core_8f48212905a0a11b856194fc3ce1a9de.js (253)
[17320:16820:1226/102644.023:INFO:CONSOLE(257)] "module-question/wapUiViewHelp.js", source: http://tgc.stu.126.net/pub/s/teachold/core_8f48212905a0a11b856194fc3ce1a9de.js (257)
[17320:16820:1226/102645.186:INFO:CONSOLE(316)] "recomputeFixedHeight", source: http://tgc.stu.126.net/pub/s/teachold/core_8f48212905a0a11b856194fc3ce1a9de.js (316)
[17320:16820:1226/102645.188:INFO:CONSOLE(316)] "check width", source: http://tgc.stu.126.net/pub/s/teachold/core_8f48212905a0a11b856194fc3ce1a9de.js (316)
[17320:16820:1226/102645.188:INFO:CONSOLE(316)] "cntWidth=1800", source: http://tgc.stu.126.net/pub/s/teachold/core_8f48212905a0a11b856194fc3ce1a9de.js (316)
[17320:16820:1226/102645.188:INFO:CONSOLE(316)] "wrpWidth=938", source: http://tgc.stu.126.net/pub/s/teachold/core_8f48212905a0a11b856194fc3ce1a9de.js (316)
[17320:16820:1226/102645.194:INFO:CONSOLE(316)] "recomputeFixedHeight", source: http://tgc.stu.126.net/pub/s/teachold/core_8f48212905a0a11b856194fc3ce1a9de.js (316)
[17320:16820:1226/102645.195:INFO:CONSOLE(316)] "check width", source: http://tgc.stu.126.net/pub/s/teachold/core_8f48212905a0a11b856194fc3ce1a9de.js (316)
[17320:16820:1226/102645.195:INFO:CONSOLE(316)] "cntWidth=1800", source: http://tgc.stu.126.net/pub/s/teachold/core_8f48212905a0a11b856194fc3ce1a9de.js (316)
[17320:16820:1226/102645.195:INFO:CONSOLE(316)] "wrpWidth=938", source: http://tgc.stu.126.net/pub/s/teachold/core_8f48212905a0a11b856194fc3ce1a9de.js (316)
[17320:16820:1226/102645.382:INFO:CONSOLE(316)] "recomputeFixedHeight", source: http://tgc.stu.126.net/pub/s/teachold/core_8f48212905a0a11b856194fc3ce1a9de.js (316)
[17320:16820:1226/102645.451:INFO:CONSOLE(316)] "recomputeFixedHeight", source: http://tgc.stu.126.net/pub/s/teachold/core_8f48212905a0a11b856194fc3ce1a9de.js (316)
[17320:16820:1226/102645.451:INFO:CONSOLE(316)] "check width", source: http://tgc.stu.126.net/pub/s/teachold/core_8f48212905a0a11b856194fc3ce1a9de.js (316)
[17320:16820:1226/102645.452:INFO:CONSOLE(316)] "cntWidth=1800", source: http://tgc.stu.126.net/pub/s/teachold/core_8f48212905a0a11b856194fc3ce1a9de.js (316)
[17320:16820:1226/102645.452:INFO:CONSOLE(316)] "wrpWidth=938", source: http://tgc.stu.126.net/pub/s/teachold/core_8f48212905a0a11b856194fc3ce1a9de.js (316)
