[2400:2132:1225/145957.881:WARNING:discovery_network_list_win.cc(195)] Failed to open Wlan client handle: 1062
[2400:8316:1225/145958.507:WARNING:CONSOLE(0)] "HTML Imports is deprecated and will be removed in M73, around March 2019. Please use ES modules instead. See https://www.chromestatus.com/features/5144752345317376 for more details.", source:  (0)
[2400:8316:1225/145958.606:WARNING:CONSOLE(77)] "document.registerElement is deprecated and will be removed in M73, around March 2019. Please use window.customElements.define instead. See https://www.chromestatus.com/features/4642138092470272 for more details.", source: https://ssl.gstatic.com/chrome/components/doodle-notifier-02.html (77)
[2400:8316:1225/150000.666:INFO:CONSOLE(619)] "ancestorIframeChanged:218,378", source:  (619)
[2400:8316:1225/150002.397:INFO:CONSOLE(619)] "ancestorIframeChanged:620,378", source:  (619)
[2400:8316:1225/150002.749:INFO:CONSOLE(8)] "SW registered", source: https://www.google.com/_/chrome/newtab?ie=UTF-8 (8)
[2400:8316:1225/150003.492:INFO:CONSOLE(619)] "ancestorIframeChanged:620,378", source:  (619)
[2400:8316:1225/150004.533:INFO:CONSOLE(2)] "module-question/i18n/lang.js", source: https://cdn.ravenjs.com/3.22.3/raven.min.js (2)
[2400:8316:1225/150004.534:INFO:CONSOLE(2)] "module-question/wapUiHelp", source: https://cdn.ravenjs.com/3.22.3/raven.min.js (2)
[2400:8316:1225/150004.536:INFO:CONSOLE(2)] "module-question/wapUiViewHelp.js", source: https://cdn.ravenjs.com/3.22.3/raven.min.js (2)
[2400:8316:1225/150005.229:INFO:CONSOLE(0)] "[DOM] Password field is not contained in a form: (More info: https://goo.gl/9p2vKq) %o", source: https://geek.163.com/path/member/login?returnUrl=aHR0cDovL3RlYWNoLmdlZWsuMTYzLmNvbS80MDAwMDAwMDA2NzIwNjQuaHRt (0)
[2400:8316:1225/150005.230:INFO:CONSOLE(0)] "[DOM] Password field is not contained in a form: (More info: https://goo.gl/9p2vKq) %o", source: https://geek.163.com/path/member/login?returnUrl=aHR0cDovL3RlYWNoLmdlZWsuMTYzLmNvbS80MDAwMDAwMDA2NzIwNjQuaHRt (0)
[2400:8316:1225/150005.230:INFO:CONSOLE(0)] "[DOM] Password field is not contained in a form: (More info: https://goo.gl/9p2vKq) %o", source: https://geek.163.com/path/member/login?returnUrl=aHR0cDovL3RlYWNoLmdlZWsuMTYzLmNvbS80MDAwMDAwMDA2NzIwNjQuaHRt (0)
[2400:8316:1225/150005.230:INFO:CONSOLE(0)] "[DOM] Password field is not contained in a form: (More info: https://goo.gl/9p2vKq) %o", source: https://geek.163.com/path/member/login?returnUrl=aHR0cDovL3RlYWNoLmdlZWsuMTYzLmNvbS80MDAwMDAwMDA2NzIwNjQuaHRt (0)
[2400:8316:1225/150005.231:INFO:CONSOLE(0)] "[DOM] Password field is not contained in a form: (More info: https://goo.gl/9p2vKq) %o", source: https://geek.163.com/path/member/login?returnUrl=aHR0cDovL3RlYWNoLmdlZWsuMTYzLmNvbS80MDAwMDAwMDA2NzIwNjQuaHRt (0)
[2400:8316:1225/150005.231:INFO:CONSOLE(0)] "[DOM] Password field is not contained in a form: (More info: https://goo.gl/9p2vKq) %o", source: https://geek.163.com/path/member/login?returnUrl=aHR0cDovL3RlYWNoLmdlZWsuMTYzLmNvbS80MDAwMDAwMDA2NzIwNjQuaHRt (0)
[2400:8316:1225/150005.232:INFO:CONSOLE(0)] "[DOM] Password field is not contained in a form: (More info: https://goo.gl/9p2vKq) %o", source: https://geek.163.com/path/member/login?returnUrl=aHR0cDovL3RlYWNoLmdlZWsuMTYzLmNvbS80MDAwMDAwMDA2NzIwNjQuaHRt (0)
[2400:8316:1225/150005.232:INFO:CONSOLE(0)] "[DOM] Password field is not contained in a form: (More info: https://goo.gl/9p2vKq) %o", source: https://geek.163.com/path/member/login?returnUrl=aHR0cDovL3RlYWNoLmdlZWsuMTYzLmNvbS80MDAwMDAwMDA2NzIwNjQuaHRt (0)
[2400:8316:1225/150005.234:INFO:CONSOLE(0)] "[DOM] Password field is not contained in a form: (More info: https://goo.gl/9p2vKq) %o", source: https://geek.163.com/path/member/login?returnUrl=aHR0cDovL3RlYWNoLmdlZWsuMTYzLmNvbS80MDAwMDAwMDA2NzIwNjQuaHRt (0)
[2400:8316:1225/150006.035:INFO:CONSOLE(0)] "[DOM] Input elements should have autocomplete attributes (suggested: "new-password"): (More info: https://goo.gl/9p2vKq) %o", source: https://webzj.reg.163.com/v1.0.1/pub/index_reg.html?cd=%2F%2Fedu-cms.nosdn.127.net%2Ftopics%2Fcss%2F&cf=kada_urs_register_course_3d3c8920fcb04752d050df94efe9f31a.css&MGID=1545721204924.3909&wdaId=UA1438236666413&pkid=VelXuSo&product=kada (0)
[2400:8316:1225/150006.336:INFO:CONSOLE(0)] "[DOM] Input elements should have autocomplete attributes (suggested: "new-password"): (More info: https://goo.gl/9p2vKq) %o", source: https://webzj.reg.163.com/v1.0.1/pub/index_dl.html?cd=%2F%2Fedu-cms.nosdn.127.net%2Ftopics%2Fcss%2F&cf=kada_urs_course_4c152c9f26817efac4936d84ec1baa71.css&MGID=1545721204879.1494&wdaId=UA1438236666413&pkid=VelXuSo&product=kada (0)
[2400:8316:1225/150006.352:INFO:CONSOLE(0)] "[DOM] Input elements should have autocomplete attributes (suggested: "new-password"): (More info: https://goo.gl/9p2vKq) %o", source: https://webzj.reg.163.com/v1.0.1/pub/index.html?cd=%2F%2Fedu-cms.nosdn.127.net%2Ftopics%2Fcss%2F&cf=kada_urs_course_4c152c9f26817efac4936d84ec1baa71.css&MGID=1545721204917.2576&wdaId=UA1438236666413&pkid=VelXuSo&product=kada (0)
[2400:8316:1225/150007.398:INFO:CONSOLE(2)] "ancestorIframeChanged:791,303", source: https://cdn.ravenjs.com/3.22.3/raven.min.js (2)
[2400:8316:1225/150007.401:INFO:CONSOLE(2)] "ancestorIframeChanged:-1209,211", source: https://cdn.ravenjs.com/3.22.3/raven.min.js (2)
[2400:8316:1225/150007.403:INFO:CONSOLE(2)] "ancestorIframeChanged:-1639,193", source: https://cdn.ravenjs.com/3.22.3/raven.min.js (2)
[2400:8316:1225/150008.621:INFO:CONSOLE(2)] "ancestorIframeChanged:791,303", source: https://cdn.ravenjs.com/3.22.3/raven.min.js (2)
[2400:8316:1225/150008.622:INFO:CONSOLE(2)] "ancestorIframeChanged:-1209,211", source: https://cdn.ravenjs.com/3.22.3/raven.min.js (2)
[2400:8316:1225/150008.625:INFO:CONSOLE(2)] "ancestorIframeChanged:-1639,193", source: https://cdn.ravenjs.com/3.22.3/raven.min.js (2)
[2400:8316:1225/150009.747:INFO:CONSOLE(2)] "ancestorIframeChanged:-1209,211", source: https://cdn.ravenjs.com/3.22.3/raven.min.js (2)
[2400:8316:1225/150009.749:INFO:CONSOLE(2)] "ancestorIframeChanged:791,303", source: https://cdn.ravenjs.com/3.22.3/raven.min.js (2)
[2400:8316:1225/150009.752:INFO:CONSOLE(2)] "ancestorIframeChanged:-1639,193", source: https://cdn.ravenjs.com/3.22.3/raven.min.js (2)
[2400:8316:1225/150011.056:INFO:CONSOLE(2)] "ancestorIframeChanged:-1209,211", source: https://cdn.ravenjs.com/3.22.3/raven.min.js (2)
[2400:8316:1225/150011.057:INFO:CONSOLE(2)] "ancestorIframeChanged:791,303", source: https://cdn.ravenjs.com/3.22.3/raven.min.js (2)
[2400:8316:1225/150011.060:INFO:CONSOLE(2)] "ancestorIframeChanged:-1639,193", source: https://cdn.ravenjs.com/3.22.3/raven.min.js (2)
[2400:8316:1225/150012.299:INFO:CONSOLE(2)] "ancestorIframeChanged:-1209,211", source: https://cdn.ravenjs.com/3.22.3/raven.min.js (2)
[2400:8316:1225/150012.301:INFO:CONSOLE(2)] "ancestorIframeChanged:791,303", source: https://cdn.ravenjs.com/3.22.3/raven.min.js (2)
[2400:8316:1225/150012.303:INFO:CONSOLE(2)] "ancestorIframeChanged:-1639,193", source: https://cdn.ravenjs.com/3.22.3/raven.min.js (2)
[2400:8316:1225/150014.375:INFO:CONSOLE(252)] "module-question/i18n/lang.js", source: http://tgc.stu.126.net/pub/s/teachold/core_8f48212905a0a11b856194fc3ce1a9de.js (252)
[2400:8316:1225/150014.377:INFO:CONSOLE(253)] "module-question/wapUiHelp", source: http://tgc.stu.126.net/pub/s/teachold/core_8f48212905a0a11b856194fc3ce1a9de.js (253)
[2400:8316:1225/150014.394:INFO:CONSOLE(257)] "module-question/wapUiViewHelp.js", source: http://tgc.stu.126.net/pub/s/teachold/core_8f48212905a0a11b856194fc3ce1a9de.js (257)
[2400:8316:1225/150021.057:INFO:CONSOLE(252)] "module-question/i18n/lang.js", source: http://tgc.stu.126.net/pub/s/teachold/core_8f48212905a0a11b856194fc3ce1a9de.js (252)
[2400:8316:1225/150021.058:INFO:CONSOLE(253)] "module-question/wapUiHelp", source: http://tgc.stu.126.net/pub/s/teachold/core_8f48212905a0a11b856194fc3ce1a9de.js (253)
[2400:8316:1225/150021.072:INFO:CONSOLE(257)] "module-question/wapUiViewHelp.js", source: http://tgc.stu.126.net/pub/s/teachold/core_8f48212905a0a11b856194fc3ce1a9de.js (257)
[2400:8316:1225/150030.660:INFO:CONSOLE(252)] "module-question/i18n/lang.js", source: http://tgc.stu.126.net/pub/s/teachold/core_8f48212905a0a11b856194fc3ce1a9de.js (252)
[2400:8316:1225/150030.660:INFO:CONSOLE(253)] "module-question/wapUiHelp", source: http://tgc.stu.126.net/pub/s/teachold/core_8f48212905a0a11b856194fc3ce1a9de.js (253)
[2400:8316:1225/150030.679:INFO:CONSOLE(257)] "module-question/wapUiViewHelp.js", source: http://tgc.stu.126.net/pub/s/teachold/core_8f48212905a0a11b856194fc3ce1a9de.js (257)
[2400:8316:1225/150038.096:INFO:CONSOLE(252)] "module-question/i18n/lang.js", source: http://tgc.stu.126.net/pub/s/teachold/core_8f48212905a0a11b856194fc3ce1a9de.js (252)
[2400:8316:1225/150038.097:INFO:CONSOLE(253)] "module-question/wapUiHelp", source: http://tgc.stu.126.net/pub/s/teachold/core_8f48212905a0a11b856194fc3ce1a9de.js (253)
[2400:8316:1225/150038.113:INFO:CONSOLE(257)] "module-question/wapUiViewHelp.js", source: http://tgc.stu.126.net/pub/s/teachold/core_8f48212905a0a11b856194fc3ce1a9de.js (257)
[2400:8316:1225/150047.331:INFO:CONSOLE(619)] "ancestorIframeChanged:624,594", source:  (619)
[2400:8316:1225/150049.859:INFO:CONSOLE(619)] "ancestorIframeChanged:624,594", source:  (619)
[2400:8316:1225/150051.926:INFO:CONSOLE(619)] "ancestorIframeChanged:624,594", source:  (619)
[2400:8316:1225/150053.908:INFO:CONSOLE(619)] "ancestorIframeChanged:624,302", source:  (619)
[2400:8316:1225/150055.772:INFO:CONSOLE(619)] "ancestorIframeChanged:624,302", source:  (619)
[2400:8316:1225/150056.871:INFO:CONSOLE(619)] "ancestorIframeChanged:624,302", source:  (619)
[2400:8316:1225/150057.968:INFO:CONSOLE(619)] "ancestorIframeChanged:624,302", source:  (619)
[2400:8316:1225/150157.704:INFO:CONSOLE(252)] "module-question/i18n/lang.js", source: http://tgc.stu.126.net/pub/s/teachold/core_8f48212905a0a11b856194fc3ce1a9de.js (252)
[2400:8316:1225/150157.705:INFO:CONSOLE(253)] "module-question/wapUiHelp", source: http://tgc.stu.126.net/pub/s/teachold/core_8f48212905a0a11b856194fc3ce1a9de.js (253)
[2400:8316:1225/150157.717:INFO:CONSOLE(257)] "module-question/wapUiViewHelp.js", source: http://tgc.stu.126.net/pub/s/teachold/core_8f48212905a0a11b856194fc3ce1a9de.js (257)
[2400:8316:1225/150252.786:INFO:CONSOLE(252)] "module-question/i18n/lang.js", source: http://tgc.stu.126.net/pub/s/teachold/core_8f48212905a0a11b856194fc3ce1a9de.js (252)
[2400:8316:1225/150252.786:INFO:CONSOLE(253)] "module-question/wapUiHelp", source: http://tgc.stu.126.net/pub/s/teachold/core_8f48212905a0a11b856194fc3ce1a9de.js (253)
[2400:8316:1225/150252.812:INFO:CONSOLE(257)] "module-question/wapUiViewHelp.js", source: http://tgc.stu.126.net/pub/s/teachold/core_8f48212905a0a11b856194fc3ce1a9de.js (257)
[2400:8316:1225/150316.252:INFO:CONSOLE(252)] "module-question/i18n/lang.js", source: http://tgc.stu.126.net/pub/s/teachold/core_8f48212905a0a11b856194fc3ce1a9de.js (252)
[2400:8316:1225/150316.252:INFO:CONSOLE(253)] "module-question/wapUiHelp", source: http://tgc.stu.126.net/pub/s/teachold/core_8f48212905a0a11b856194fc3ce1a9de.js (253)
[2400:8316:1225/150316.262:INFO:CONSOLE(257)] "module-question/wapUiViewHelp.js", source: http://tgc.stu.126.net/pub/s/teachold/core_8f48212905a0a11b856194fc3ce1a9de.js (257)
[2400:8316:1225/150332.340:INFO:CONSOLE(252)] "module-question/i18n/lang.js", source: http://tgc.stu.126.net/pub/s/teachold/core_8f48212905a0a11b856194fc3ce1a9de.js (252)
[2400:8316:1225/150332.341:INFO:CONSOLE(253)] "module-question/wapUiHelp", source: http://tgc.stu.126.net/pub/s/teachold/core_8f48212905a0a11b856194fc3ce1a9de.js (253)
[2400:8316:1225/150332.358:INFO:CONSOLE(257)] "module-question/wapUiViewHelp.js", source: http://tgc.stu.126.net/pub/s/teachold/core_8f48212905a0a11b856194fc3ce1a9de.js (257)
[2400:8316:1225/150335.898:INFO:CONSOLE(619)] "ancestorIframeChanged:379,1042", source:  (619)
[2400:8316:1225/150336.876:INFO:CONSOLE(619)] "ancestorIframeChanged:379,1042", source:  (619)
[2400:8316:1225/150337.859:INFO:CONSOLE(619)] "ancestorIframeChanged:379,1042", source:  (619)
[2400:8316:1225/150339.803:INFO:CONSOLE(619)] "ancestorIframeChanged:379,516", source:  (619)
[2400:8316:1225/150341.587:INFO:CONSOLE(619)] "ancestorIframeChanged:379,516", source:  (619)
[2400:8316:1225/150342.720:INFO:CONSOLE(619)] "ancestorIframeChanged:379,516", source:  (619)
[2400:8316:1225/150343.806:INFO:CONSOLE(619)] "ancestorIframeChanged:379,516", source:  (619)
[2400:8316:1225/150344.806:INFO:CONSOLE(619)] "ancestorIframeChanged:379,516", source:  (619)
[2400:8316:1225/150345.882:INFO:CONSOLE(619)] "ancestorIframeChanged:379,516", source:  (619)
[2400:8316:1225/150348.355:INFO:CONSOLE(619)] "ancestorIframeChanged:379,516", source:  (619)
[2400:8316:1225/150349.555:INFO:CONSOLE(619)] "ancestorIframeChanged:379,516", source:  (619)
[2400:8316:1225/150350.650:INFO:CONSOLE(619)] "ancestorIframeChanged:379,516", source:  (619)
[2400:8316:1225/150351.633:INFO:CONSOLE(619)] "ancestorIframeChanged:379,516", source:  (619)
[2400:8316:1225/150354.113:INFO:CONSOLE(619)] "ancestorIframeChanged:379,516", source:  (619)
[2400:8316:1225/150355.369:INFO:CONSOLE(619)] "ancestorIframeChanged:379,516", source:  (619)
[2400:8316:1225/150356.465:INFO:CONSOLE(619)] "ancestorIframeChanged:379,516", source:  (619)
[2400:8316:1225/150357.536:INFO:CONSOLE(619)] "ancestorIframeChanged:379,516", source:  (619)
[2400:8316:1225/150358.510:INFO:CONSOLE(619)] "ancestorIframeChanged:379,516", source:  (619)
[2400:8316:1225/150359.639:INFO:CONSOLE(619)] "ancestorIframeChanged:379,516", source:  (619)
[2400:8316:1225/150423.306:INFO:CONSOLE(2)] "module-question/i18n/lang.js", source: https://cdn.ravenjs.com/3.22.3/raven.min.js (2)
[2400:8316:1225/150423.306:INFO:CONSOLE(2)] "module-question/wapUiHelp", source: https://cdn.ravenjs.com/3.22.3/raven.min.js (2)
[2400:8316:1225/150423.310:INFO:CONSOLE(2)] "module-question/wapUiViewHelp.js", source: https://cdn.ravenjs.com/3.22.3/raven.min.js (2)
[2400:8316:1225/150435.245:INFO:CONSOLE(2)] "module-question/i18n/lang.js", source: https://cdn.ravenjs.com/3.22.3/raven.min.js (2)
[2400:8316:1225/150435.245:INFO:CONSOLE(2)] "module-question/wapUiHelp", source: https://cdn.ravenjs.com/3.22.3/raven.min.js (2)
[2400:8316:1225/150435.247:INFO:CONSOLE(2)] "module-question/wapUiViewHelp.js", source: https://cdn.ravenjs.com/3.22.3/raven.min.js (2)
[2400:8316:1225/150441.780:INFO:CONSOLE(252)] "module-question/i18n/lang.js", source: http://tgc.stu.126.net/pub/s/teachold/core_8f48212905a0a11b856194fc3ce1a9de.js (252)
[2400:8316:1225/150441.780:INFO:CONSOLE(253)] "module-question/wapUiHelp", source: http://tgc.stu.126.net/pub/s/teachold/core_8f48212905a0a11b856194fc3ce1a9de.js (253)
[2400:8316:1225/150441.795:INFO:CONSOLE(257)] "module-question/wapUiViewHelp.js", source: http://tgc.stu.126.net/pub/s/teachold/core_8f48212905a0a11b856194fc3ce1a9de.js (257)
[2400:8316:1225/150447.140:INFO:CONSOLE(252)] "module-question/i18n/lang.js", source: http://tgc.stu.126.net/pub/s/teachold/core_8f48212905a0a11b856194fc3ce1a9de.js (252)
[2400:8316:1225/150447.140:INFO:CONSOLE(253)] "module-question/wapUiHelp", source: http://tgc.stu.126.net/pub/s/teachold/core_8f48212905a0a11b856194fc3ce1a9de.js (253)
[2400:8316:1225/150447.160:INFO:CONSOLE(257)] "module-question/wapUiViewHelp.js", source: http://tgc.stu.126.net/pub/s/teachold/core_8f48212905a0a11b856194fc3ce1a9de.js (257)
[2400:8316:1225/150450.669:INFO:CONSOLE(619)] "ancestorIframeChanged:379,1042", source:  (619)
[2400:8316:1225/150451.705:INFO:CONSOLE(619)] "ancestorIframeChanged:379,1042", source:  (619)
[2400:8316:1225/150455.687:INFO:CONSOLE(619)] "ancestorIframeChanged:379,1042", source:  (619)
[2400:8316:1225/150458.636:INFO:CONSOLE(619)] "ancestorIframeChanged:379,1042", source:  (619)
[2400:8316:1225/150501.052:INFO:CONSOLE(619)] "ancestorIframeChanged:379,1042", source:  (619)
[2400:8316:1225/150504.928:INFO:CONSOLE(619)] "ancestorIframeChanged:379,516", source:  (619)
[2400:8316:1225/150508.649:INFO:CONSOLE(619)] "ancestorIframeChanged:379,516", source:  (619)
[2400:8316:1225/150509.880:INFO:CONSOLE(619)] "ancestorIframeChanged:379,516", source:  (619)
[2400:8316:1225/150510.828:INFO:CONSOLE(619)] "ancestorIframeChanged:379,516", source:  (619)
[2400:8316:1225/150511.945:INFO:CONSOLE(619)] "ancestorIframeChanged:379,516", source:  (619)
[2400:8316:1225/150513.013:INFO:CONSOLE(619)] "ancestorIframeChanged:379,516", source:  (619)
[2400:8316:1225/150513.965:INFO:CONSOLE(619)] "ancestorIframeChanged:379,516", source:  (619)
[2400:8316:1225/150515.028:INFO:CONSOLE(619)] "ancestorIframeChanged:379,516", source:  (619)
[2400:8316:1225/150517.477:INFO:CONSOLE(619)] "ancestorIframeChanged:379,516", source:  (619)
[2400:8316:1225/150518.488:INFO:CONSOLE(252)] "module-question/i18n/lang.js", source: http://tgc.stu.126.net/pub/s/teachold/core_8f48212905a0a11b856194fc3ce1a9de.js (252)
[2400:8316:1225/150518.488:INFO:CONSOLE(253)] "module-question/wapUiHelp", source: http://tgc.stu.126.net/pub/s/teachold/core_8f48212905a0a11b856194fc3ce1a9de.js (253)
[2400:8316:1225/150518.499:INFO:CONSOLE(257)] "module-question/wapUiViewHelp.js", source: http://tgc.stu.126.net/pub/s/teachold/core_8f48212905a0a11b856194fc3ce1a9de.js (257)
[2400:8316:1225/150520.959:INFO:CONSOLE(619)] "ancestorIframeChanged:379,516", source:  (619)
[2400:8316:1225/150529.790:INFO:CONSOLE(619)] "ancestorIframeChanged:379,516", source:  (619)
[2400:8316:1225/150545.557:INFO:CONSOLE(252)] "module-question/i18n/lang.js", source: http://tgc.stu.126.net/pub/s/teachold/core_8f48212905a0a11b856194fc3ce1a9de.js (252)
[2400:8316:1225/150545.557:INFO:CONSOLE(253)] "module-question/wapUiHelp", source: http://tgc.stu.126.net/pub/s/teachold/core_8f48212905a0a11b856194fc3ce1a9de.js (253)
[2400:8316:1225/150545.571:INFO:CONSOLE(257)] "module-question/wapUiViewHelp.js", source: http://tgc.stu.126.net/pub/s/teachold/core_8f48212905a0a11b856194fc3ce1a9de.js (257)
[2400:8316:1225/150549.136:INFO:CONSOLE(619)] "ancestorIframeChanged:379,1042", source:  (619)
[2400:8316:1225/150550.103:INFO:CONSOLE(619)] "ancestorIframeChanged:379,1042", source:  (619)
[2400:8316:1225/150551.066:INFO:CONSOLE(619)] "ancestorIframeChanged:379,1042", source:  (619)
[2400:8316:1225/150552.998:INFO:CONSOLE(619)] "ancestorIframeChanged:379,516", source:  (619)
[2400:8316:1225/150557.846:INFO:CONSOLE(619)] "ancestorIframeChanged:379,516", source:  (619)
[2400:8316:1225/150558.947:INFO:CONSOLE(619)] "ancestorIframeChanged:379,516", source:  (619)
[2400:8316:1225/150600.016:INFO:CONSOLE(619)] "ancestorIframeChanged:379,516", source:  (619)
[2400:8316:1225/150600.965:INFO:CONSOLE(619)] "ancestorIframeChanged:379,516", source:  (619)
[2400:8316:1225/150602.101:INFO:CONSOLE(619)] "ancestorIframeChanged:379,516", source:  (619)
[2400:8316:1225/150604.681:INFO:CONSOLE(619)] "ancestorIframeChanged:379,516", source:  (619)
[2400:8316:1225/150605.849:INFO:CONSOLE(619)] "ancestorIframeChanged:379,516", source:  (619)
[2400:8316:1225/150606.929:INFO:CONSOLE(619)] "ancestorIframeChanged:379,516", source:  (619)
[2400:8316:1225/150607.896:INFO:CONSOLE(619)] "ancestorIframeChanged:379,516", source:  (619)
[2400:8316:1225/150610.348:INFO:CONSOLE(619)] "ancestorIframeChanged:379,516", source:  (619)
[2400:8316:1225/150611.513:INFO:CONSOLE(619)] "ancestorIframeChanged:379,516", source:  (619)
[2400:8316:1225/150612.543:INFO:CONSOLE(619)] "ancestorIframeChanged:379,516", source:  (619)
[2400:8316:1225/150613.582:INFO:CONSOLE(619)] "ancestorIframeChanged:379,516", source:  (619)
[2400:8316:1225/150614.528:INFO:CONSOLE(619)] "ancestorIframeChanged:379,516", source:  (619)
[2400:8316:1225/150615.661:INFO:CONSOLE(619)] "ancestorIframeChanged:379,516", source:  (619)
[2400:8316:1225/150656.205:INFO:CONSOLE(2)] "module-question/i18n/lang.js", source: https://cdn.ravenjs.com/3.22.3/raven.min.js (2)
[2400:8316:1225/150656.206:INFO:CONSOLE(2)] "module-question/wapUiHelp", source: https://cdn.ravenjs.com/3.22.3/raven.min.js (2)
[2400:8316:1225/150656.207:INFO:CONSOLE(2)] "module-question/wapUiViewHelp.js", source: https://cdn.ravenjs.com/3.22.3/raven.min.js (2)
[2400:8316:1225/150706.704:INFO:CONSOLE(2)] "module-question/i18n/lang.js", source: https://cdn.ravenjs.com/3.22.3/raven.min.js (2)
[2400:8316:1225/150706.706:INFO:CONSOLE(2)] "module-question/wapUiHelp", source: https://cdn.ravenjs.com/3.22.3/raven.min.js (2)
[2400:8316:1225/150706.708:INFO:CONSOLE(2)] "module-question/wapUiViewHelp.js", source: https://cdn.ravenjs.com/3.22.3/raven.min.js (2)
[2400:8316:1225/150709.842:INFO:CONSOLE(252)] "module-question/i18n/lang.js", source: http://tgc.stu.126.net/pub/s/teachold/core_8f48212905a0a11b856194fc3ce1a9de.js (252)
[2400:8316:1225/150709.842:INFO:CONSOLE(253)] "module-question/wapUiHelp", source: http://tgc.stu.126.net/pub/s/teachold/core_8f48212905a0a11b856194fc3ce1a9de.js (253)
[2400:8316:1225/150709.856:INFO:CONSOLE(257)] "module-question/wapUiViewHelp.js", source: http://tgc.stu.126.net/pub/s/teachold/core_8f48212905a0a11b856194fc3ce1a9de.js (257)
[2400:8316:1225/150717.571:INFO:CONSOLE(252)] "module-question/i18n/lang.js", source: http://tgc.stu.126.net/pub/s/teachold/core_8f48212905a0a11b856194fc3ce1a9de.js (252)
[2400:8316:1225/150717.571:INFO:CONSOLE(253)] "module-question/wapUiHelp", source: http://tgc.stu.126.net/pub/s/teachold/core_8f48212905a0a11b856194fc3ce1a9de.js (253)
[2400:8316:1225/150717.589:INFO:CONSOLE(257)] "module-question/wapUiViewHelp.js", source: http://tgc.stu.126.net/pub/s/teachold/core_8f48212905a0a11b856194fc3ce1a9de.js (257)
[2400:8316:1225/150720.968:INFO:CONSOLE(619)] "ancestorIframeChanged:379,1042", source:  (619)
[2400:8316:1225/150721.935:INFO:CONSOLE(619)] "ancestorIframeChanged:379,1042", source:  (619)
[2400:8316:1225/150722.904:INFO:CONSOLE(619)] "ancestorIframeChanged:379,1042", source:  (619)
[2400:8316:1225/150724.832:INFO:CONSOLE(619)] "ancestorIframeChanged:379,1042", source:  (619)
[2400:8316:1225/150726.989:INFO:CONSOLE(619)] "ancestorIframeChanged:379,1042", source:  (619)
[2400:8316:1225/150729.031:INFO:CONSOLE(619)] "ancestorIframeChanged:379,516", source:  (619)
[2400:8316:1225/150736.144:INFO:CONSOLE(619)] "ancestorIframeChanged:379,516", source:  (619)
[2400:8316:1225/150737.414:INFO:CONSOLE(619)] "ancestorIframeChanged:379,516", source:  (619)
[2400:8316:1225/150738.359:INFO:CONSOLE(619)] "ancestorIframeChanged:379,516", source:  (619)
[2400:8316:1225/150739.408:INFO:CONSOLE(619)] "ancestorIframeChanged:379,516", source:  (619)
[2400:8316:1225/150740.516:INFO:CONSOLE(619)] "ancestorIframeChanged:379,516", source:  (619)
[2400:8316:1225/150741.479:INFO:CONSOLE(619)] "ancestorIframeChanged:379,516", source:  (619)
[2400:8316:1225/150742.584:INFO:CONSOLE(619)] "ancestorIframeChanged:379,516", source:  (619)
[2400:8316:1225/150744.766:INFO:CONSOLE(619)] "ancestorIframeChanged:379,516", source:  (619)
[2400:8316:1225/150746.064:INFO:CONSOLE(252)] "module-question/i18n/lang.js", source: http://tgc.stu.126.net/pub/s/teachold/core_8f48212905a0a11b856194fc3ce1a9de.js (252)
[2400:8316:1225/150746.065:INFO:CONSOLE(253)] "module-question/wapUiHelp", source: http://tgc.stu.126.net/pub/s/teachold/core_8f48212905a0a11b856194fc3ce1a9de.js (253)
[2400:8316:1225/150746.077:INFO:CONSOLE(257)] "module-question/wapUiViewHelp.js", source: http://tgc.stu.126.net/pub/s/teachold/core_8f48212905a0a11b856194fc3ce1a9de.js (257)
[2400:8316:1225/150749.179:INFO:CONSOLE(619)] "ancestorIframeChanged:379,1042", source:  (619)
[2400:8316:1225/150752.945:INFO:CONSOLE(619)] "ancestorIframeChanged:379,516", source:  (619)
[2400:8316:1225/150754.888:INFO:CONSOLE(619)] "ancestorIframeChanged:379,516", source:  (619)
[2400:8316:1225/150808.314:INFO:CONSOLE(252)] "module-question/i18n/lang.js", source: http://tgc.stu.126.net/pub/s/teachold/core_8f48212905a0a11b856194fc3ce1a9de.js (252)
[2400:8316:1225/150808.314:INFO:CONSOLE(253)] "module-question/wapUiHelp", source: http://tgc.stu.126.net/pub/s/teachold/core_8f48212905a0a11b856194fc3ce1a9de.js (253)
[2400:8316:1225/150808.323:INFO:CONSOLE(257)] "module-question/wapUiViewHelp.js", source: http://tgc.stu.126.net/pub/s/teachold/core_8f48212905a0a11b856194fc3ce1a9de.js (257)
[2400:8316:1225/150812.221:INFO:CONSOLE(619)] "ancestorIframeChanged:379,1288", source:  (619)
[2400:8316:1225/150813.259:INFO:CONSOLE(619)] "ancestorIframeChanged:379,1288", source:  (619)
[2400:8316:1225/150814.274:INFO:CONSOLE(619)] "ancestorIframeChanged:379,1288", source:  (619)
[2400:8316:1225/150820.447:INFO:CONSOLE(619)] "ancestorIframeChanged:379,557", source:  (619)
[2400:8316:1225/150824.573:INFO:CONSOLE(619)] "ancestorIframeChanged:379,557", source:  (619)
[2400:8316:1225/150825.713:INFO:CONSOLE(619)] "ancestorIframeChanged:379,557", source:  (619)
[2400:8316:1225/150826.782:INFO:CONSOLE(619)] "ancestorIframeChanged:379,557", source:  (619)
[2400:8316:1225/150827.759:INFO:CONSOLE(619)] "ancestorIframeChanged:379,557", source:  (619)
[2400:8316:1225/150828.853:INFO:CONSOLE(619)] "ancestorIframeChanged:379,557", source:  (619)
[2400:8316:1225/150831.333:INFO:CONSOLE(619)] "ancestorIframeChanged:379,557", source:  (619)
[2400:8316:1225/150832.567:INFO:CONSOLE(619)] "ancestorIframeChanged:379,557", source:  (619)
[2400:8316:1225/150833.602:INFO:CONSOLE(619)] "ancestorIframeChanged:379,557", source:  (619)
[2400:8316:1225/150834.574:INFO:CONSOLE(619)] "ancestorIframeChanged:379,557", source:  (619)
[2400:8316:1225/150835.727:INFO:CONSOLE(619)] "ancestorIframeChanged:379,557", source:  (619)
[2400:8316:1225/150836.696:INFO:CONSOLE(619)] "ancestorIframeChanged:379,557", source:  (619)
[2400:8316:1225/150837.897:INFO:CONSOLE(619)] "ancestorIframeChanged:379,557", source:  (619)
[2400:8316:1225/150838.949:INFO:CONSOLE(619)] "ancestorIframeChanged:379,557", source:  (619)
[2400:8316:1225/150839.918:INFO:CONSOLE(619)] "ancestorIframeChanged:379,557", source:  (619)
[2400:8316:1225/150841.018:INFO:CONSOLE(619)] "ancestorIframeChanged:379,557", source:  (619)
[2400:8316:1225/150842.045:INFO:CONSOLE(252)] "module-question/i18n/lang.js", source: http://tgc.stu.126.net/pub/s/teachold/core_8f48212905a0a11b856194fc3ce1a9de.js (252)
[2400:8316:1225/150842.047:INFO:CONSOLE(253)] "module-question/wapUiHelp", source: http://tgc.stu.126.net/pub/s/teachold/core_8f48212905a0a11b856194fc3ce1a9de.js (253)
[2400:8316:1225/150842.059:INFO:CONSOLE(257)] "module-question/wapUiViewHelp.js", source: http://tgc.stu.126.net/pub/s/teachold/core_8f48212905a0a11b856194fc3ce1a9de.js (257)
[2400:8316:1225/150845.156:INFO:CONSOLE(619)] "ancestorIframeChanged:379,1288", source:  (619)
[2400:8316:1225/150857.819:INFO:CONSOLE(252)] "module-question/i18n/lang.js", source: http://tgc.stu.126.net/pub/s/teachold/core_8f48212905a0a11b856194fc3ce1a9de.js (252)
[2400:8316:1225/150857.819:INFO:CONSOLE(253)] "module-question/wapUiHelp", source: http://tgc.stu.126.net/pub/s/teachold/core_8f48212905a0a11b856194fc3ce1a9de.js (253)
[2400:8316:1225/150857.831:INFO:CONSOLE(257)] "module-question/wapUiViewHelp.js", source: http://tgc.stu.126.net/pub/s/teachold/core_8f48212905a0a11b856194fc3ce1a9de.js (257)
[2400:8316:1225/151004.641:INFO:CONSOLE(2)] "module-question/i18n/lang.js", source: https://cdn.ravenjs.com/3.22.3/raven.min.js (2)
[2400:8316:1225/151004.642:INFO:CONSOLE(2)] "module-question/wapUiHelp", source: https://cdn.ravenjs.com/3.22.3/raven.min.js (2)
[2400:8316:1225/151004.643:INFO:CONSOLE(2)] "module-question/wapUiViewHelp.js", source: https://cdn.ravenjs.com/3.22.3/raven.min.js (2)
[2400:8316:1225/151004.695:INFO:CONSOLE(0)] "Mixed Content: The page at 'https://geek.163.com/path/courses/400000003522074/learning' was loaded over HTTPS, but requested an insecure image 'http://edu-image.nosdn.127.net/2603bb45-5cd1-4ae6-9caa-3b93c65846e3.png?imageView&quality=100'. This content should also be served over HTTPS.", source: https://geek.163.com/path/courses/400000003522074/learning (0)
[2400:8316:1225/151004.695:INFO:CONSOLE(0)] "Mixed Content: The page at 'https://geek.163.com/path/courses/400000003522074/learning' was loaded over HTTPS, but requested an insecure image 'http://edu-image.nosdn.127.net/cef13cc138ff4c0c828b5bb2325fd50e.jpg?imageView&quality=100'. This content should also be served over HTTPS.", source: https://geek.163.com/path/courses/400000003522074/learning (0)
[2400:8316:1225/151004.695:INFO:CONSOLE(0)] "Mixed Content: The page at 'https://geek.163.com/path/courses/400000003522074/learning' was loaded over HTTPS, but requested an insecure image 'http://edu-image.nosdn.127.net/8298fae6ad92479dab0fe0b4529f3a57.png?imageView&quality=100'. This content should also be served over HTTPS.", source: https://geek.163.com/path/courses/400000003522074/learning (0)
[2400:8316:1225/151004.867:INFO:CONSOLE(2)] "Synchronous XMLHttpRequest on the main thread is deprecated because of its detrimental effects to the end user's experience. For more help, check https://xhr.spec.whatwg.org/.", source: https://cdn.ravenjs.com/3.22.3/raven.min.js (2)
[2400:8316:1225/151008.421:INFO:CONSOLE(2)] "the computed 'surplusTimes' don't define the set function,  assign data.surplusTimes altnately", source: https://cdn.ravenjs.com/3.22.3/raven.min.js (2)
[2400:8316:1225/151008.422:INFO:CONSOLE(2)] "the computed 'judgeRules' don't define the set function,  assign data.judgeRules altnately", source: https://cdn.ravenjs.com/3.22.3/raven.min.js (2)
[2400:8316:1225/151008.423:INFO:CONSOLE(2)] "the computed 'answerTime' don't define the set function,  assign data.answerTime altnately", source: https://cdn.ravenjs.com/3.22.3/raven.min.js (2)
[2400:8316:1225/151011.881:INFO:CONSOLE(200)] "module-question/i18n/lang.js", source: https://gc.stu.126.net/pub/s/web/core_17d7d749284a913cb90a5c0e752640ec.js (200)
[2400:8316:1225/151011.882:INFO:CONSOLE(200)] "module-question/wapUiHelp", source: https://gc.stu.126.net/pub/s/web/core_17d7d749284a913cb90a5c0e752640ec.js (200)
[2400:8316:1225/151011.883:INFO:CONSOLE(204)] "module-question/wapUiViewHelp.js", source: https://gc.stu.126.net/pub/s/web/core_17d7d749284a913cb90a5c0e752640ec.js (204)
[2400:8316:1225/151012.409:INFO:CONSOLE(619)] "ancestorIframeChanged:429,1068", source:  (619)
[2400:8316:1225/151014.894:INFO:CONSOLE(619)] "ancestorIframeChanged:429,1068", source:  (619)
[2400:8316:1225/151015.863:INFO:CONSOLE(619)] "ancestorIframeChanged:429,1068", source:  (619)
[2400:8316:1225/151016.827:INFO:CONSOLE(619)] "ancestorIframeChanged:429,1068", source:  (619)
[2400:8316:1225/151017.879:INFO:CONSOLE(619)] "ancestorIframeChanged:429,1068", source:  (619)
[2400:8316:1225/151018.926:INFO:CONSOLE(619)] "ancestorIframeChanged:429,1068", source:  (619)
[2400:8316:1225/151019.998:INFO:CONSOLE(619)] "ancestorIframeChanged:429,1068", source:  (619)
[2400:8316:1225/151020.963:INFO:CONSOLE(619)] "ancestorIframeChanged:429,1068", source:  (619)
[2400:8316:1225/151022.029:INFO:CONSOLE(619)] "ancestorIframeChanged:429,1068", source:  (619)
[2400:8316:1225/151045.071:INFO:CONSOLE(41)] "Cannot read property '0' of undefined", source: http://tgc.stu.126.net/pub/s/teachold/core_8f48212905a0a11b856194fc3ce1a9de.js (41)
[2400:8316:1225/151045.072:INFO:CONSOLE(41)] "TypeError: Cannot read property '0' of undefined", source: http://tgc.stu.126.net/pub/s/teachold/core_8f48212905a0a11b856194fc3ce1a9de.js (41)
