[10012:9272:1226/193153.045:WARNING:discovery_network_list_win.cc(195)] Failed to open Wlan client handle: 1062
[10012:14836:1226/193154.209:WARNING:CONSOLE(0)] "HTML Imports is deprecated and will be removed in M73, around March 2019. Please use ES modules instead. See https://www.chromestatus.com/features/5144752345317376 for more details.", source:  (0)
[10012:14836:1226/193154.299:WARNING:CONSOLE(77)] "document.registerElement is deprecated and will be removed in M73, around March 2019. Please use window.customElements.define instead. See https://www.chromestatus.com/features/4642138092470272 for more details.", source: https://ssl.gstatic.com/chrome/components/doodle-notifier-02.html (77)
[10012:14836:1226/193155.649:INFO:CONSOLE(8)] "SW registered", source: https://www.google.com/_/chrome/newtab?ie=UTF-8 (8)
[10012:14836:1226/193157.531:INFO:CONSOLE(621)] "ancestorIframeChanged:218,378", source:  (621)
[10012:14836:1226/193158.835:INFO:CONSOLE(621)] "ancestorIframeChanged:218,378", source:  (621)
[10012:14836:1226/193200.564:INFO:CONSOLE(2)] "module-question/i18n/lang.js", source: https://cdn.ravenjs.com/3.22.3/raven.min.js (2)
[10012:14836:1226/193200.565:INFO:CONSOLE(2)] "module-question/wapUiHelp", source: https://cdn.ravenjs.com/3.22.3/raven.min.js (2)
[10012:14836:1226/193200.568:INFO:CONSOLE(2)] "module-question/wapUiViewHelp.js", source: https://cdn.ravenjs.com/3.22.3/raven.min.js (2)
[10012:14836:1226/193201.171:INFO:CONSOLE(0)] "[DOM] Password field is not contained in a form: (More info: https://goo.gl/9p2vKq) %o", source: https://geek.163.com/path/member/login?returnUrl=aHR0cDovL3RlYWNoLmdlZWsuMTYzLmNvbS80MDAwMDAwMDA2NzIwNjQuaHRt (0)
[10012:14836:1226/193201.171:INFO:CONSOLE(0)] "[DOM] Password field is not contained in a form: (More info: https://goo.gl/9p2vKq) %o", source: https://geek.163.com/path/member/login?returnUrl=aHR0cDovL3RlYWNoLmdlZWsuMTYzLmNvbS80MDAwMDAwMDA2NzIwNjQuaHRt (0)
[10012:14836:1226/193201.172:INFO:CONSOLE(0)] "[DOM] Password field is not contained in a form: (More info: https://goo.gl/9p2vKq) %o", source: https://geek.163.com/path/member/login?returnUrl=aHR0cDovL3RlYWNoLmdlZWsuMTYzLmNvbS80MDAwMDAwMDA2NzIwNjQuaHRt (0)
[10012:14836:1226/193201.172:INFO:CONSOLE(0)] "[DOM] Password field is not contained in a form: (More info: https://goo.gl/9p2vKq) %o", source: https://geek.163.com/path/member/login?returnUrl=aHR0cDovL3RlYWNoLmdlZWsuMTYzLmNvbS80MDAwMDAwMDA2NzIwNjQuaHRt (0)
[10012:14836:1226/193201.172:INFO:CONSOLE(0)] "[DOM] Password field is not contained in a form: (More info: https://goo.gl/9p2vKq) %o", source: https://geek.163.com/path/member/login?returnUrl=aHR0cDovL3RlYWNoLmdlZWsuMTYzLmNvbS80MDAwMDAwMDA2NzIwNjQuaHRt (0)
[10012:14836:1226/193201.172:INFO:CONSOLE(0)] "[DOM] Password field is not contained in a form: (More info: https://goo.gl/9p2vKq) %o", source: https://geek.163.com/path/member/login?returnUrl=aHR0cDovL3RlYWNoLmdlZWsuMTYzLmNvbS80MDAwMDAwMDA2NzIwNjQuaHRt (0)
[10012:14836:1226/193201.172:INFO:CONSOLE(0)] "[DOM] Password field is not contained in a form: (More info: https://goo.gl/9p2vKq) %o", source: https://geek.163.com/path/member/login?returnUrl=aHR0cDovL3RlYWNoLmdlZWsuMTYzLmNvbS80MDAwMDAwMDA2NzIwNjQuaHRt (0)
[10012:14836:1226/193201.172:INFO:CONSOLE(0)] "[DOM] Password field is not contained in a form: (More info: https://goo.gl/9p2vKq) %o", source: https://geek.163.com/path/member/login?returnUrl=aHR0cDovL3RlYWNoLmdlZWsuMTYzLmNvbS80MDAwMDAwMDA2NzIwNjQuaHRt (0)
[10012:14836:1226/193201.172:INFO:CONSOLE(0)] "[DOM] Password field is not contained in a form: (More info: https://goo.gl/9p2vKq) %o", source: https://geek.163.com/path/member/login?returnUrl=aHR0cDovL3RlYWNoLmdlZWsuMTYzLmNvbS80MDAwMDAwMDA2NzIwNjQuaHRt (0)
[10012:14836:1226/193202.158:INFO:CONSOLE(0)] "[DOM] Input elements should have autocomplete attributes (suggested: "new-password"): (More info: https://goo.gl/9p2vKq) %o", source: https://webzj.reg.163.com/v1.0.1/pub/index_dl.html?cd=%2F%2Fedu-cms.nosdn.127.net%2Ftopics%2Fcss%2F&cf=kada_urs_course_4c152c9f26817efac4936d84ec1baa71.css&MGID=1545823920912.0374&wdaId=UA1438236666413&pkid=VelXuSo&product=kada (0)
[10012:14836:1226/193202.240:INFO:CONSOLE(0)] "[DOM] Input elements should have autocomplete attributes (suggested: "new-password"): (More info: https://goo.gl/9p2vKq) %o", source: https://webzj.reg.163.com/v1.0.1/pub/index_reg.html?cd=%2F%2Fedu-cms.nosdn.127.net%2Ftopics%2Fcss%2F&cf=kada_urs_register_course_3d3c8920fcb04752d050df94efe9f31a.css&MGID=1545823920946.7622&wdaId=UA1438236666413&pkid=VelXuSo&product=kada (0)
[10012:14836:1226/193202.500:INFO:CONSOLE(0)] "[DOM] Input elements should have autocomplete attributes (suggested: "new-password"): (More info: https://goo.gl/9p2vKq) %o", source: https://webzj.reg.163.com/v1.0.1/pub/index.html?cd=%2F%2Fedu-cms.nosdn.127.net%2Ftopics%2Fcss%2F&cf=kada_urs_course_4c152c9f26817efac4936d84ec1baa71.css&MGID=1545823920939.4688&wdaId=UA1438236666413&pkid=VelXuSo&product=kada (0)
[10012:14836:1226/193203.562:INFO:CONSOLE(2)] "ancestorIframeChanged:431,303", source: https://cdn.ravenjs.com/3.22.3/raven.min.js (2)
[10012:14836:1226/193203.564:INFO:CONSOLE(2)] "ancestorIframeChanged:-1569,211", source: https://cdn.ravenjs.com/3.22.3/raven.min.js (2)
[10012:14836:1226/193203.571:INFO:CONSOLE(2)] "ancestorIframeChanged:-1999,193", source: https://cdn.ravenjs.com/3.22.3/raven.min.js (2)
[10012:14836:1226/193205.558:INFO:CONSOLE(2)] "ancestorIframeChanged:791,303", source: https://cdn.ravenjs.com/3.22.3/raven.min.js (2)
[10012:14836:1226/193205.559:INFO:CONSOLE(2)] "ancestorIframeChanged:-1209,211", source: https://cdn.ravenjs.com/3.22.3/raven.min.js (2)
[10012:14836:1226/193205.562:INFO:CONSOLE(2)] "ancestorIframeChanged:-1639,193", source: https://cdn.ravenjs.com/3.22.3/raven.min.js (2)
[10012:14836:1226/193206.924:INFO:CONSOLE(2)] "ancestorIframeChanged:-1209,211", source: https://cdn.ravenjs.com/3.22.3/raven.min.js (2)
[10012:14836:1226/193206.925:INFO:CONSOLE(2)] "ancestorIframeChanged:791,303", source: https://cdn.ravenjs.com/3.22.3/raven.min.js (2)
[10012:14836:1226/193206.927:INFO:CONSOLE(2)] "ancestorIframeChanged:-1639,193", source: https://cdn.ravenjs.com/3.22.3/raven.min.js (2)
[10012:14836:1226/193208.530:INFO:CONSOLE(2)] "ancestorIframeChanged:-1209,211", source: https://cdn.ravenjs.com/3.22.3/raven.min.js (2)
[10012:14836:1226/193208.531:INFO:CONSOLE(2)] "ancestorIframeChanged:791,303", source: https://cdn.ravenjs.com/3.22.3/raven.min.js (2)
[10012:14836:1226/193208.533:INFO:CONSOLE(2)] "ancestorIframeChanged:-1639,193", source: https://cdn.ravenjs.com/3.22.3/raven.min.js (2)
[10012:14836:1226/193209.826:INFO:CONSOLE(2)] "ancestorIframeChanged:-1209,211", source: https://cdn.ravenjs.com/3.22.3/raven.min.js (2)
[10012:14836:1226/193209.828:INFO:CONSOLE(2)] "ancestorIframeChanged:791,303", source: https://cdn.ravenjs.com/3.22.3/raven.min.js (2)
[10012:14836:1226/193209.830:INFO:CONSOLE(2)] "ancestorIframeChanged:-1639,193", source: https://cdn.ravenjs.com/3.22.3/raven.min.js (2)
[10012:14836:1226/193212.549:INFO:CONSOLE(252)] "module-question/i18n/lang.js", source: http://tgc.stu.126.net/pub/s/teachold/core_8f48212905a0a11b856194fc3ce1a9de.js (252)
[10012:14836:1226/193212.549:INFO:CONSOLE(253)] "module-question/wapUiHelp", source: http://tgc.stu.126.net/pub/s/teachold/core_8f48212905a0a11b856194fc3ce1a9de.js (253)
[10012:14836:1226/193212.567:INFO:CONSOLE(257)] "module-question/wapUiViewHelp.js", source: http://tgc.stu.126.net/pub/s/teachold/core_8f48212905a0a11b856194fc3ce1a9de.js (257)
[10012:14836:1226/193217.975:INFO:CONSOLE(252)] "module-question/i18n/lang.js", source: http://tgc.stu.126.net/pub/s/teachold/core_8f48212905a0a11b856194fc3ce1a9de.js (252)
[10012:14836:1226/193217.977:INFO:CONSOLE(253)] "module-question/wapUiHelp", source: http://tgc.stu.126.net/pub/s/teachold/core_8f48212905a0a11b856194fc3ce1a9de.js (253)
[10012:14836:1226/193217.994:INFO:CONSOLE(257)] "module-question/wapUiViewHelp.js", source: http://tgc.stu.126.net/pub/s/teachold/core_8f48212905a0a11b856194fc3ce1a9de.js (257)
[10012:14836:1226/193219.941:INFO:CONSOLE(621)] "ancestorIframeChanged:739,2549", source:  (621)
[10012:14836:1226/193222.178:INFO:CONSOLE(621)] "ancestorIframeChanged:739,1739", source:  (621)
[10012:14836:1226/193224.108:INFO:CONSOLE(621)] "ancestorIframeChanged:739,929", source:  (621)
[10012:14836:1226/193226.213:INFO:CONSOLE(621)] "ancestorIframeChanged:739,560", source:  (621)
[10012:14836:1226/193228.668:INFO:CONSOLE(621)] "ancestorIframeChanged:739,560", source:  (621)
[10012:14836:1226/193230.506:INFO:CONSOLE(252)] "module-question/i18n/lang.js", source: http://tgc.stu.126.net/pub/s/teachold/core_8f48212905a0a11b856194fc3ce1a9de.js (252)
[10012:14836:1226/193230.508:INFO:CONSOLE(253)] "module-question/wapUiHelp", source: http://tgc.stu.126.net/pub/s/teachold/core_8f48212905a0a11b856194fc3ce1a9de.js (253)
[10012:14836:1226/193230.523:INFO:CONSOLE(257)] "module-question/wapUiViewHelp.js", source: http://tgc.stu.126.net/pub/s/teachold/core_8f48212905a0a11b856194fc3ce1a9de.js (257)
[10012:14836:1226/193233.535:INFO:CONSOLE(621)] "ancestorIframeChanged:739,2549", source:  (621)
[10012:14836:1226/193234.762:INFO:CONSOLE(621)] "ancestorIframeChanged:739,2549", source:  (621)
[10012:14836:1226/193235.939:INFO:CONSOLE(621)] "ancestorIframeChanged:739,2549", source:  (621)
[10012:14836:1226/193311.770:INFO:CONSOLE(621)] "ancestorIframeChanged:676,423", source:  (621)
[10012:14836:1226/193313.068:INFO:CONSOLE(621)] "ancestorIframeChanged:676,423", source:  (621)
[10012:14836:1226/193314.313:INFO:CONSOLE(621)] "ancestorIframeChanged:676,423", source:  (621)
[10012:14836:1226/193315.674:INFO:CONSOLE(621)] "ancestorIframeChanged:676,423", source:  (621)
[10012:14836:1226/193317.424:INFO:CONSOLE(621)] "ancestorIframeChanged:676,423", source:  (621)
[10012:14836:1226/193325.427:INFO:CONSOLE(621)] "ancestorIframeChanged:676,428", source:  (621)
[10012:14836:1226/193332.468:INFO:CONSOLE(316)] "recomputeFixedHeight", source: http://tgc.stu.126.net/pub/s/teachold/core_8f48212905a0a11b856194fc3ce1a9de.js (316)
[10012:14836:1226/193332.470:INFO:CONSOLE(316)] "check width", source: http://tgc.stu.126.net/pub/s/teachold/core_8f48212905a0a11b856194fc3ce1a9de.js (316)
[10012:14836:1226/193332.471:INFO:CONSOLE(316)] "cntWidth=1800", source: http://tgc.stu.126.net/pub/s/teachold/core_8f48212905a0a11b856194fc3ce1a9de.js (316)
[10012:14836:1226/193332.471:INFO:CONSOLE(316)] "wrpWidth=938", source: http://tgc.stu.126.net/pub/s/teachold/core_8f48212905a0a11b856194fc3ce1a9de.js (316)
[10012:14836:1226/193332.474:INFO:CONSOLE(316)] "recomputeFixedHeight", source: http://tgc.stu.126.net/pub/s/teachold/core_8f48212905a0a11b856194fc3ce1a9de.js (316)
[10012:14836:1226/193332.475:INFO:CONSOLE(316)] "check width", source: http://tgc.stu.126.net/pub/s/teachold/core_8f48212905a0a11b856194fc3ce1a9de.js (316)
[10012:14836:1226/193332.475:INFO:CONSOLE(316)] "cntWidth=1800", source: http://tgc.stu.126.net/pub/s/teachold/core_8f48212905a0a11b856194fc3ce1a9de.js (316)
[10012:14836:1226/193332.475:INFO:CONSOLE(316)] "wrpWidth=938", source: http://tgc.stu.126.net/pub/s/teachold/core_8f48212905a0a11b856194fc3ce1a9de.js (316)
[10012:14836:1226/193332.673:INFO:CONSOLE(316)] "recomputeFixedHeight", source: http://tgc.stu.126.net/pub/s/teachold/core_8f48212905a0a11b856194fc3ce1a9de.js (316)
[10012:14836:1226/193332.775:INFO:CONSOLE(316)] "recomputeFixedHeight", source: http://tgc.stu.126.net/pub/s/teachold/core_8f48212905a0a11b856194fc3ce1a9de.js (316)
[10012:14836:1226/193332.776:INFO:CONSOLE(316)] "check width", source: http://tgc.stu.126.net/pub/s/teachold/core_8f48212905a0a11b856194fc3ce1a9de.js (316)
[10012:14836:1226/193332.776:INFO:CONSOLE(316)] "cntWidth=1800", source: http://tgc.stu.126.net/pub/s/teachold/core_8f48212905a0a11b856194fc3ce1a9de.js (316)
[10012:14836:1226/193332.776:INFO:CONSOLE(316)] "wrpWidth=938", source: http://tgc.stu.126.net/pub/s/teachold/core_8f48212905a0a11b856194fc3ce1a9de.js (316)
[10012:14836:1226/193357.870:INFO:CONSOLE(316)] "recomputeFixedHeight", source: http://tgc.stu.126.net/pub/s/teachold/core_8f48212905a0a11b856194fc3ce1a9de.js (316)
[10012:14836:1226/193357.971:INFO:CONSOLE(316)] "recomputeFixedHeight", source: http://tgc.stu.126.net/pub/s/teachold/core_8f48212905a0a11b856194fc3ce1a9de.js (316)
[10012:14836:1226/193357.972:INFO:CONSOLE(316)] "check width", source: http://tgc.stu.126.net/pub/s/teachold/core_8f48212905a0a11b856194fc3ce1a9de.js (316)
[10012:14836:1226/193357.972:INFO:CONSOLE(316)] "cntWidth=1800", source: http://tgc.stu.126.net/pub/s/teachold/core_8f48212905a0a11b856194fc3ce1a9de.js (316)
[10012:14836:1226/193357.972:INFO:CONSOLE(316)] "wrpWidth=938", source: http://tgc.stu.126.net/pub/s/teachold/core_8f48212905a0a11b856194fc3ce1a9de.js (316)
[10012:14836:1226/193402.735:INFO:CONSOLE(316)] "recomputeFixedHeight", source: http://tgc.stu.126.net/pub/s/teachold/core_8f48212905a0a11b856194fc3ce1a9de.js (316)
[10012:14836:1226/193402.836:INFO:CONSOLE(316)] "recomputeFixedHeight", source: http://tgc.stu.126.net/pub/s/teachold/core_8f48212905a0a11b856194fc3ce1a9de.js (316)
[10012:14836:1226/193402.837:INFO:CONSOLE(316)] "check width", source: http://tgc.stu.126.net/pub/s/teachold/core_8f48212905a0a11b856194fc3ce1a9de.js (316)
[10012:14836:1226/193402.838:INFO:CONSOLE(316)] "cntWidth=1800", source: http://tgc.stu.126.net/pub/s/teachold/core_8f48212905a0a11b856194fc3ce1a9de.js (316)
[10012:14836:1226/193402.838:INFO:CONSOLE(316)] "wrpWidth=938", source: http://tgc.stu.126.net/pub/s/teachold/core_8f48212905a0a11b856194fc3ce1a9de.js (316)
[10012:14836:1226/193422.516:INFO:CONSOLE(252)] "module-question/i18n/lang.js", source: http://tgc.stu.126.net/pub/s/teachold/core_8f48212905a0a11b856194fc3ce1a9de.js (252)
[10012:14836:1226/193422.517:INFO:CONSOLE(253)] "module-question/wapUiHelp", source: http://tgc.stu.126.net/pub/s/teachold/core_8f48212905a0a11b856194fc3ce1a9de.js (253)
[10012:14836:1226/193422.526:INFO:CONSOLE(257)] "module-question/wapUiViewHelp.js", source: http://tgc.stu.126.net/pub/s/teachold/core_8f48212905a0a11b856194fc3ce1a9de.js (257)
[10012:14836:1226/193423.646:INFO:CONSOLE(316)] "recomputeFixedHeight", source: http://tgc.stu.126.net/pub/s/teachold/core_8f48212905a0a11b856194fc3ce1a9de.js (316)
[10012:14836:1226/193423.648:INFO:CONSOLE(316)] "check width", source: http://tgc.stu.126.net/pub/s/teachold/core_8f48212905a0a11b856194fc3ce1a9de.js (316)
[10012:14836:1226/193423.649:INFO:CONSOLE(316)] "cntWidth=1800", source: http://tgc.stu.126.net/pub/s/teachold/core_8f48212905a0a11b856194fc3ce1a9de.js (316)
[10012:14836:1226/193423.649:INFO:CONSOLE(316)] "wrpWidth=938", source: http://tgc.stu.126.net/pub/s/teachold/core_8f48212905a0a11b856194fc3ce1a9de.js (316)
[10012:14836:1226/193423.652:INFO:CONSOLE(316)] "recomputeFixedHeight", source: http://tgc.stu.126.net/pub/s/teachold/core_8f48212905a0a11b856194fc3ce1a9de.js (316)
[10012:14836:1226/193423.653:INFO:CONSOLE(316)] "check width", source: http://tgc.stu.126.net/pub/s/teachold/core_8f48212905a0a11b856194fc3ce1a9de.js (316)
[10012:14836:1226/193423.653:INFO:CONSOLE(316)] "cntWidth=1800", source: http://tgc.stu.126.net/pub/s/teachold/core_8f48212905a0a11b856194fc3ce1a9de.js (316)
[10012:14836:1226/193423.653:INFO:CONSOLE(316)] "wrpWidth=938", source: http://tgc.stu.126.net/pub/s/teachold/core_8f48212905a0a11b856194fc3ce1a9de.js (316)
[10012:14836:1226/193423.813:INFO:CONSOLE(316)] "recomputeFixedHeight", source: http://tgc.stu.126.net/pub/s/teachold/core_8f48212905a0a11b856194fc3ce1a9de.js (316)
[10012:14836:1226/193423.972:INFO:CONSOLE(316)] "recomputeFixedHeight", source: http://tgc.stu.126.net/pub/s/teachold/core_8f48212905a0a11b856194fc3ce1a9de.js (316)
[10012:14836:1226/193423.972:INFO:CONSOLE(316)] "check width", source: http://tgc.stu.126.net/pub/s/teachold/core_8f48212905a0a11b856194fc3ce1a9de.js (316)
[10012:14836:1226/193423.972:INFO:CONSOLE(316)] "cntWidth=1800", source: http://tgc.stu.126.net/pub/s/teachold/core_8f48212905a0a11b856194fc3ce1a9de.js (316)
[10012:14836:1226/193423.972:INFO:CONSOLE(316)] "wrpWidth=938", source: http://tgc.stu.126.net/pub/s/teachold/core_8f48212905a0a11b856194fc3ce1a9de.js (316)
[10012:14836:1226/193433.561:INFO:CONSOLE(316)] "recomputeFixedHeight", source: http://tgc.stu.126.net/pub/s/teachold/core_8f48212905a0a11b856194fc3ce1a9de.js (316)
[10012:14836:1226/193433.664:INFO:CONSOLE(316)] "recomputeFixedHeight", source: http://tgc.stu.126.net/pub/s/teachold/core_8f48212905a0a11b856194fc3ce1a9de.js (316)
[10012:14836:1226/193433.666:INFO:CONSOLE(316)] "check width", source: http://tgc.stu.126.net/pub/s/teachold/core_8f48212905a0a11b856194fc3ce1a9de.js (316)
[10012:14836:1226/193433.667:INFO:CONSOLE(316)] "cntWidth=1800", source: http://tgc.stu.126.net/pub/s/teachold/core_8f48212905a0a11b856194fc3ce1a9de.js (316)
[10012:14836:1226/193433.667:INFO:CONSOLE(316)] "wrpWidth=938", source: http://tgc.stu.126.net/pub/s/teachold/core_8f48212905a0a11b856194fc3ce1a9de.js (316)
[10012:14836:1226/193440.146:INFO:CONSOLE(316)] "recomputeFixedHeight", source: http://tgc.stu.126.net/pub/s/teachold/core_8f48212905a0a11b856194fc3ce1a9de.js (316)
[10012:14836:1226/193440.251:INFO:CONSOLE(316)] "recomputeFixedHeight", source: http://tgc.stu.126.net/pub/s/teachold/core_8f48212905a0a11b856194fc3ce1a9de.js (316)
[10012:14836:1226/193440.252:INFO:CONSOLE(316)] "check width", source: http://tgc.stu.126.net/pub/s/teachold/core_8f48212905a0a11b856194fc3ce1a9de.js (316)
[10012:14836:1226/193440.252:INFO:CONSOLE(316)] "cntWidth=1800", source: http://tgc.stu.126.net/pub/s/teachold/core_8f48212905a0a11b856194fc3ce1a9de.js (316)
[10012:14836:1226/193440.252:INFO:CONSOLE(316)] "wrpWidth=938", source: http://tgc.stu.126.net/pub/s/teachold/core_8f48212905a0a11b856194fc3ce1a9de.js (316)
[10012:14836:1226/193459.216:INFO:CONSOLE(252)] "module-question/i18n/lang.js", source: http://tgc.stu.126.net/pub/s/teachold/core_8f48212905a0a11b856194fc3ce1a9de.js (252)
[10012:14836:1226/193459.217:INFO:CONSOLE(253)] "module-question/wapUiHelp", source: http://tgc.stu.126.net/pub/s/teachold/core_8f48212905a0a11b856194fc3ce1a9de.js (253)
[10012:14836:1226/193459.226:INFO:CONSOLE(257)] "module-question/wapUiViewHelp.js", source: http://tgc.stu.126.net/pub/s/teachold/core_8f48212905a0a11b856194fc3ce1a9de.js (257)
[10012:14836:1226/193500.321:INFO:CONSOLE(316)] "recomputeFixedHeight", source: http://tgc.stu.126.net/pub/s/teachold/core_8f48212905a0a11b856194fc3ce1a9de.js (316)
[10012:14836:1226/193500.322:INFO:CONSOLE(316)] "check width", source: http://tgc.stu.126.net/pub/s/teachold/core_8f48212905a0a11b856194fc3ce1a9de.js (316)
[10012:14836:1226/193500.323:INFO:CONSOLE(316)] "cntWidth=1800", source: http://tgc.stu.126.net/pub/s/teachold/core_8f48212905a0a11b856194fc3ce1a9de.js (316)
[10012:14836:1226/193500.323:INFO:CONSOLE(316)] "wrpWidth=938", source: http://tgc.stu.126.net/pub/s/teachold/core_8f48212905a0a11b856194fc3ce1a9de.js (316)
[10012:14836:1226/193500.325:INFO:CONSOLE(316)] "recomputeFixedHeight", source: http://tgc.stu.126.net/pub/s/teachold/core_8f48212905a0a11b856194fc3ce1a9de.js (316)
[10012:14836:1226/193500.326:INFO:CONSOLE(316)] "check width", source: http://tgc.stu.126.net/pub/s/teachold/core_8f48212905a0a11b856194fc3ce1a9de.js (316)
[10012:14836:1226/193500.326:INFO:CONSOLE(316)] "cntWidth=1800", source: http://tgc.stu.126.net/pub/s/teachold/core_8f48212905a0a11b856194fc3ce1a9de.js (316)
[10012:14836:1226/193500.327:INFO:CONSOLE(316)] "wrpWidth=938", source: http://tgc.stu.126.net/pub/s/teachold/core_8f48212905a0a11b856194fc3ce1a9de.js (316)
[10012:14836:1226/193500.528:INFO:CONSOLE(316)] "recomputeFixedHeight", source: http://tgc.stu.126.net/pub/s/teachold/core_8f48212905a0a11b856194fc3ce1a9de.js (316)
[10012:14836:1226/193500.585:INFO:CONSOLE(316)] "recomputeFixedHeight", source: http://tgc.stu.126.net/pub/s/teachold/core_8f48212905a0a11b856194fc3ce1a9de.js (316)
[10012:14836:1226/193500.586:INFO:CONSOLE(316)] "check width", source: http://tgc.stu.126.net/pub/s/teachold/core_8f48212905a0a11b856194fc3ce1a9de.js (316)
[10012:14836:1226/193500.586:INFO:CONSOLE(316)] "cntWidth=1800", source: http://tgc.stu.126.net/pub/s/teachold/core_8f48212905a0a11b856194fc3ce1a9de.js (316)
[10012:14836:1226/193500.586:INFO:CONSOLE(316)] "wrpWidth=938", source: http://tgc.stu.126.net/pub/s/teachold/core_8f48212905a0a11b856194fc3ce1a9de.js (316)
[10012:14836:1226/193513.094:INFO:CONSOLE(316)] "recomputeFixedHeight", source: http://tgc.stu.126.net/pub/s/teachold/core_8f48212905a0a11b856194fc3ce1a9de.js (316)
[10012:14836:1226/193513.196:INFO:CONSOLE(316)] "recomputeFixedHeight", source: http://tgc.stu.126.net/pub/s/teachold/core_8f48212905a0a11b856194fc3ce1a9de.js (316)
[10012:14836:1226/193513.197:INFO:CONSOLE(316)] "check width", source: http://tgc.stu.126.net/pub/s/teachold/core_8f48212905a0a11b856194fc3ce1a9de.js (316)
[10012:14836:1226/193513.200:INFO:CONSOLE(316)] "cntWidth=1800", source: http://tgc.stu.126.net/pub/s/teachold/core_8f48212905a0a11b856194fc3ce1a9de.js (316)
[10012:14836:1226/193513.200:INFO:CONSOLE(316)] "wrpWidth=938", source: http://tgc.stu.126.net/pub/s/teachold/core_8f48212905a0a11b856194fc3ce1a9de.js (316)
[10012:14836:1226/193518.732:INFO:CONSOLE(316)] "recomputeFixedHeight", source: http://tgc.stu.126.net/pub/s/teachold/core_8f48212905a0a11b856194fc3ce1a9de.js (316)
[10012:14836:1226/193518.834:INFO:CONSOLE(316)] "recomputeFixedHeight", source: http://tgc.stu.126.net/pub/s/teachold/core_8f48212905a0a11b856194fc3ce1a9de.js (316)
[10012:14836:1226/193518.836:INFO:CONSOLE(316)] "check width", source: http://tgc.stu.126.net/pub/s/teachold/core_8f48212905a0a11b856194fc3ce1a9de.js (316)
[10012:14836:1226/193518.837:INFO:CONSOLE(316)] "cntWidth=1800", source: http://tgc.stu.126.net/pub/s/teachold/core_8f48212905a0a11b856194fc3ce1a9de.js (316)
[10012:14836:1226/193518.837:INFO:CONSOLE(316)] "wrpWidth=938", source: http://tgc.stu.126.net/pub/s/teachold/core_8f48212905a0a11b856194fc3ce1a9de.js (316)
[10012:14836:1226/193535.890:INFO:CONSOLE(252)] "module-question/i18n/lang.js", source: http://tgc.stu.126.net/pub/s/teachold/core_8f48212905a0a11b856194fc3ce1a9de.js (252)
[10012:14836:1226/193535.891:INFO:CONSOLE(253)] "module-question/wapUiHelp", source: http://tgc.stu.126.net/pub/s/teachold/core_8f48212905a0a11b856194fc3ce1a9de.js (253)
[10012:14836:1226/193535.902:INFO:CONSOLE(257)] "module-question/wapUiViewHelp.js", source: http://tgc.stu.126.net/pub/s/teachold/core_8f48212905a0a11b856194fc3ce1a9de.js (257)
[10012:14836:1226/193537.067:INFO:CONSOLE(316)] "recomputeFixedHeight", source: http://tgc.stu.126.net/pub/s/teachold/core_8f48212905a0a11b856194fc3ce1a9de.js (316)
[10012:14836:1226/193537.069:INFO:CONSOLE(316)] "check width", source: http://tgc.stu.126.net/pub/s/teachold/core_8f48212905a0a11b856194fc3ce1a9de.js (316)
[10012:14836:1226/193537.070:INFO:CONSOLE(316)] "cntWidth=1800", source: http://tgc.stu.126.net/pub/s/teachold/core_8f48212905a0a11b856194fc3ce1a9de.js (316)
[10012:14836:1226/193537.070:INFO:CONSOLE(316)] "wrpWidth=938", source: http://tgc.stu.126.net/pub/s/teachold/core_8f48212905a0a11b856194fc3ce1a9de.js (316)
[10012:14836:1226/193537.074:INFO:CONSOLE(316)] "recomputeFixedHeight", source: http://tgc.stu.126.net/pub/s/teachold/core_8f48212905a0a11b856194fc3ce1a9de.js (316)
[10012:14836:1226/193537.075:INFO:CONSOLE(316)] "check width", source: http://tgc.stu.126.net/pub/s/teachold/core_8f48212905a0a11b856194fc3ce1a9de.js (316)
[10012:14836:1226/193537.075:INFO:CONSOLE(316)] "cntWidth=1800", source: http://tgc.stu.126.net/pub/s/teachold/core_8f48212905a0a11b856194fc3ce1a9de.js (316)
[10012:14836:1226/193537.075:INFO:CONSOLE(316)] "wrpWidth=938", source: http://tgc.stu.126.net/pub/s/teachold/core_8f48212905a0a11b856194fc3ce1a9de.js (316)
[10012:14836:1226/193537.324:INFO:CONSOLE(316)] "recomputeFixedHeight", source: http://tgc.stu.126.net/pub/s/teachold/core_8f48212905a0a11b856194fc3ce1a9de.js (316)
[10012:14836:1226/193537.427:INFO:CONSOLE(316)] "recomputeFixedHeight", source: http://tgc.stu.126.net/pub/s/teachold/core_8f48212905a0a11b856194fc3ce1a9de.js (316)
[10012:14836:1226/193537.428:INFO:CONSOLE(316)] "check width", source: http://tgc.stu.126.net/pub/s/teachold/core_8f48212905a0a11b856194fc3ce1a9de.js (316)
[10012:14836:1226/193537.428:INFO:CONSOLE(316)] "cntWidth=1800", source: http://tgc.stu.126.net/pub/s/teachold/core_8f48212905a0a11b856194fc3ce1a9de.js (316)
[10012:14836:1226/193537.428:INFO:CONSOLE(316)] "wrpWidth=938", source: http://tgc.stu.126.net/pub/s/teachold/core_8f48212905a0a11b856194fc3ce1a9de.js (316)
[10012:14836:1226/193543.433:INFO:CONSOLE(316)] "recomputeFixedHeight", source: http://tgc.stu.126.net/pub/s/teachold/core_8f48212905a0a11b856194fc3ce1a9de.js (316)
[10012:14836:1226/193543.537:INFO:CONSOLE(316)] "recomputeFixedHeight", source: http://tgc.stu.126.net/pub/s/teachold/core_8f48212905a0a11b856194fc3ce1a9de.js (316)
[10012:14836:1226/193543.538:INFO:CONSOLE(316)] "check width", source: http://tgc.stu.126.net/pub/s/teachold/core_8f48212905a0a11b856194fc3ce1a9de.js (316)
[10012:14836:1226/193543.538:INFO:CONSOLE(316)] "cntWidth=1800", source: http://tgc.stu.126.net/pub/s/teachold/core_8f48212905a0a11b856194fc3ce1a9de.js (316)
[10012:14836:1226/193543.539:INFO:CONSOLE(316)] "wrpWidth=938", source: http://tgc.stu.126.net/pub/s/teachold/core_8f48212905a0a11b856194fc3ce1a9de.js (316)
