[10016:13808:1226/193144.709:WARNING:discovery_network_list_win.cc(195)] Failed to open Wlan client handle: 1062
[10016:14032:1226/193145.574:WARNING:CONSOLE(0)] "HTML Imports is deprecated and will be removed in M73, around March 2019. Please use ES modules instead. See https://www.chromestatus.com/features/5144752345317376 for more details.", source:  (0)
[10016:14032:1226/193145.664:WARNING:CONSOLE(77)] "document.registerElement is deprecated and will be removed in M73, around March 2019. Please use window.customElements.define instead. See https://www.chromestatus.com/features/4642138092470272 for more details.", source: https://ssl.gstatic.com/chrome/components/doodle-notifier-02.html (77)
[10016:14032:1226/193148.118:INFO:CONSOLE(621)] "ancestorIframeChanged:218,378", source:  (621)
[10016:14032:1226/193148.796:INFO:CONSOLE(8)] "SW registered", source: https://www.google.com/_/chrome/newtab?ie=UTF-8 (8)
[10016:14032:1226/193149.737:INFO:CONSOLE(621)] "ancestorIframeChanged:620,378", source:  (621)
[10016:14032:1226/193150.928:INFO:CONSOLE(621)] "ancestorIframeChanged:620,378", source:  (621)
[10016:14032:1226/193152.177:INFO:CONSOLE(2)] "module-question/i18n/lang.js", source: https://cdn.ravenjs.com/3.22.3/raven.min.js (2)
[10016:14032:1226/193152.178:INFO:CONSOLE(2)] "module-question/wapUiHelp", source: https://cdn.ravenjs.com/3.22.3/raven.min.js (2)
[10016:14032:1226/193152.180:INFO:CONSOLE(2)] "module-question/wapUiViewHelp.js", source: https://cdn.ravenjs.com/3.22.3/raven.min.js (2)
[10016:14032:1226/193153.328:INFO:CONSOLE(0)] "[DOM] Password field is not contained in a form: (More info: https://goo.gl/9p2vKq) %o", source: https://geek.163.com/path/member/login?returnUrl=aHR0cDovL3RlYWNoLmdlZWsuMTYzLmNvbS80MDAwMDAwMDA2NzIwNjQuaHRt (0)
[10016:14032:1226/193153.329:INFO:CONSOLE(0)] "[DOM] Password field is not contained in a form: (More info: https://goo.gl/9p2vKq) %o", source: https://geek.163.com/path/member/login?returnUrl=aHR0cDovL3RlYWNoLmdlZWsuMTYzLmNvbS80MDAwMDAwMDA2NzIwNjQuaHRt (0)
[10016:14032:1226/193153.330:INFO:CONSOLE(0)] "[DOM] Password field is not contained in a form: (More info: https://goo.gl/9p2vKq) %o", source: https://geek.163.com/path/member/login?returnUrl=aHR0cDovL3RlYWNoLmdlZWsuMTYzLmNvbS80MDAwMDAwMDA2NzIwNjQuaHRt (0)
[10016:14032:1226/193153.330:INFO:CONSOLE(0)] "[DOM] Password field is not contained in a form: (More info: https://goo.gl/9p2vKq) %o", source: https://geek.163.com/path/member/login?returnUrl=aHR0cDovL3RlYWNoLmdlZWsuMTYzLmNvbS80MDAwMDAwMDA2NzIwNjQuaHRt (0)
[10016:14032:1226/193153.330:INFO:CONSOLE(0)] "[DOM] Password field is not contained in a form: (More info: https://goo.gl/9p2vKq) %o", source: https://geek.163.com/path/member/login?returnUrl=aHR0cDovL3RlYWNoLmdlZWsuMTYzLmNvbS80MDAwMDAwMDA2NzIwNjQuaHRt (0)
[10016:14032:1226/193153.330:INFO:CONSOLE(0)] "[DOM] Password field is not contained in a form: (More info: https://goo.gl/9p2vKq) %o", source: https://geek.163.com/path/member/login?returnUrl=aHR0cDovL3RlYWNoLmdlZWsuMTYzLmNvbS80MDAwMDAwMDA2NzIwNjQuaHRt (0)
[10016:14032:1226/193153.330:INFO:CONSOLE(0)] "[DOM] Password field is not contained in a form: (More info: https://goo.gl/9p2vKq) %o", source: https://geek.163.com/path/member/login?returnUrl=aHR0cDovL3RlYWNoLmdlZWsuMTYzLmNvbS80MDAwMDAwMDA2NzIwNjQuaHRt (0)
[10016:14032:1226/193153.330:INFO:CONSOLE(0)] "[DOM] Password field is not contained in a form: (More info: https://goo.gl/9p2vKq) %o", source: https://geek.163.com/path/member/login?returnUrl=aHR0cDovL3RlYWNoLmdlZWsuMTYzLmNvbS80MDAwMDAwMDA2NzIwNjQuaHRt (0)
[10016:14032:1226/193153.330:INFO:CONSOLE(0)] "[DOM] Password field is not contained in a form: (More info: https://goo.gl/9p2vKq) %o", source: https://geek.163.com/path/member/login?returnUrl=aHR0cDovL3RlYWNoLmdlZWsuMTYzLmNvbS80MDAwMDAwMDA2NzIwNjQuaHRt (0)
[10016:14032:1226/193154.676:INFO:CONSOLE(0)] "[DOM] Input elements should have autocomplete attributes (suggested: "new-password"): (More info: https://goo.gl/9p2vKq) %o", source: https://webzj.reg.163.com/v1.0.1/pub/index_reg.html?cd=%2F%2Fedu-cms.nosdn.127.net%2Ftopics%2Fcss%2F&cf=kada_urs_register_course_3d3c8920fcb04752d050df94efe9f31a.css&MGID=1545823912645.1772&wdaId=UA1438236666413&pkid=VelXuSo&product=kada (0)
[10016:14032:1226/193154.738:INFO:CONSOLE(0)] "[DOM] Input elements should have autocomplete attributes (suggested: "new-password"): (More info: https://goo.gl/9p2vKq) %o", source: https://webzj.reg.163.com/v1.0.1/pub/index_dl.html?cd=%2F%2Fedu-cms.nosdn.127.net%2Ftopics%2Fcss%2F&cf=kada_urs_course_4c152c9f26817efac4936d84ec1baa71.css&MGID=1545823912602.6646&wdaId=UA1438236666413&pkid=VelXuSo&product=kada (0)
[10016:14032:1226/193155.112:INFO:CONSOLE(0)] "[DOM] Input elements should have autocomplete attributes (suggested: "new-password"): (More info: https://goo.gl/9p2vKq) %o", source: https://webzj.reg.163.com/v1.0.1/pub/index.html?cd=%2F%2Fedu-cms.nosdn.127.net%2Ftopics%2Fcss%2F&cf=kada_urs_course_4c152c9f26817efac4936d84ec1baa71.css&MGID=1545823912630.8416&wdaId=UA1438236666413&pkid=VelXuSo&product=kada (0)
[10016:14032:1226/193157.174:INFO:CONSOLE(2)] "ancestorIframeChanged:791,303", source: https://cdn.ravenjs.com/3.22.3/raven.min.js (2)
[10016:14032:1226/193157.176:INFO:CONSOLE(2)] "ancestorIframeChanged:-1209,211", source: https://cdn.ravenjs.com/3.22.3/raven.min.js (2)
[10016:14032:1226/193157.179:INFO:CONSOLE(2)] "ancestorIframeChanged:-1639,193", source: https://cdn.ravenjs.com/3.22.3/raven.min.js (2)
[10016:14032:1226/193158.209:INFO:CONSOLE(2)] "ancestorIframeChanged:791,303", source: https://cdn.ravenjs.com/3.22.3/raven.min.js (2)
[10016:14032:1226/193158.211:INFO:CONSOLE(2)] "ancestorIframeChanged:-1209,211", source: https://cdn.ravenjs.com/3.22.3/raven.min.js (2)
[10016:14032:1226/193158.213:INFO:CONSOLE(2)] "ancestorIframeChanged:-1639,193", source: https://cdn.ravenjs.com/3.22.3/raven.min.js (2)
[10016:14032:1226/193159.561:INFO:CONSOLE(2)] "ancestorIframeChanged:-1209,211", source: https://cdn.ravenjs.com/3.22.3/raven.min.js (2)
[10016:14032:1226/193159.565:INFO:CONSOLE(2)] "ancestorIframeChanged:791,303", source: https://cdn.ravenjs.com/3.22.3/raven.min.js (2)
[10016:14032:1226/193159.567:INFO:CONSOLE(2)] "ancestorIframeChanged:-1639,193", source: https://cdn.ravenjs.com/3.22.3/raven.min.js (2)
[10016:14032:1226/193201.888:INFO:CONSOLE(2)] "ancestorIframeChanged:-1209,211", source: https://cdn.ravenjs.com/3.22.3/raven.min.js (2)
[10016:14032:1226/193201.889:INFO:CONSOLE(2)] "ancestorIframeChanged:791,303", source: https://cdn.ravenjs.com/3.22.3/raven.min.js (2)
[10016:14032:1226/193201.891:INFO:CONSOLE(2)] "ancestorIframeChanged:-1639,193", source: https://cdn.ravenjs.com/3.22.3/raven.min.js (2)
[10016:14032:1226/193203.551:INFO:CONSOLE(2)] "ancestorIframeChanged:-1209,211", source: https://cdn.ravenjs.com/3.22.3/raven.min.js (2)
[10016:14032:1226/193203.553:INFO:CONSOLE(2)] "ancestorIframeChanged:791,303", source: https://cdn.ravenjs.com/3.22.3/raven.min.js (2)
[10016:14032:1226/193203.555:INFO:CONSOLE(2)] "ancestorIframeChanged:-1639,193", source: https://cdn.ravenjs.com/3.22.3/raven.min.js (2)
[10016:14032:1226/193206.227:INFO:CONSOLE(252)] "module-question/i18n/lang.js", source: http://tgc.stu.126.net/pub/s/teachold/core_8f48212905a0a11b856194fc3ce1a9de.js (252)
[10016:14032:1226/193206.229:INFO:CONSOLE(253)] "module-question/wapUiHelp", source: http://tgc.stu.126.net/pub/s/teachold/core_8f48212905a0a11b856194fc3ce1a9de.js (253)
[10016:14032:1226/193206.247:INFO:CONSOLE(257)] "module-question/wapUiViewHelp.js", source: http://tgc.stu.126.net/pub/s/teachold/core_8f48212905a0a11b856194fc3ce1a9de.js (257)
[10016:14032:1226/193213.836:INFO:CONSOLE(252)] "module-question/i18n/lang.js", source: http://tgc.stu.126.net/pub/s/teachold/core_8f48212905a0a11b856194fc3ce1a9de.js (252)
[10016:14032:1226/193213.836:INFO:CONSOLE(253)] "module-question/wapUiHelp", source: http://tgc.stu.126.net/pub/s/teachold/core_8f48212905a0a11b856194fc3ce1a9de.js (253)
[10016:14032:1226/193213.851:INFO:CONSOLE(257)] "module-question/wapUiViewHelp.js", source: http://tgc.stu.126.net/pub/s/teachold/core_8f48212905a0a11b856194fc3ce1a9de.js (257)
[10016:14032:1226/193224.752:INFO:CONSOLE(252)] "module-question/i18n/lang.js", source: http://tgc.stu.126.net/pub/s/teachold/core_8f48212905a0a11b856194fc3ce1a9de.js (252)
[10016:14032:1226/193224.752:INFO:CONSOLE(253)] "module-question/wapUiHelp", source: http://tgc.stu.126.net/pub/s/teachold/core_8f48212905a0a11b856194fc3ce1a9de.js (253)
[10016:14032:1226/193224.771:INFO:CONSOLE(257)] "module-question/wapUiViewHelp.js", source: http://tgc.stu.126.net/pub/s/teachold/core_8f48212905a0a11b856194fc3ce1a9de.js (257)
[10016:14032:1226/193233.439:INFO:CONSOLE(252)] "module-question/i18n/lang.js", source: http://tgc.stu.126.net/pub/s/teachold/core_8f48212905a0a11b856194fc3ce1a9de.js (252)
[10016:14032:1226/193233.440:INFO:CONSOLE(253)] "module-question/wapUiHelp", source: http://tgc.stu.126.net/pub/s/teachold/core_8f48212905a0a11b856194fc3ce1a9de.js (253)
[10016:14032:1226/193233.451:INFO:CONSOLE(257)] "module-question/wapUiViewHelp.js", source: http://tgc.stu.126.net/pub/s/teachold/core_8f48212905a0a11b856194fc3ce1a9de.js (257)
[10016:14032:1226/193249.540:INFO:CONSOLE(252)] "module-question/i18n/lang.js", source: http://tgc.stu.126.net/pub/s/teachold/core_8f48212905a0a11b856194fc3ce1a9de.js (252)
[10016:14032:1226/193249.540:INFO:CONSOLE(253)] "module-question/wapUiHelp", source: http://tgc.stu.126.net/pub/s/teachold/core_8f48212905a0a11b856194fc3ce1a9de.js (253)
[10016:14032:1226/193249.550:INFO:CONSOLE(257)] "module-question/wapUiViewHelp.js", source: http://tgc.stu.126.net/pub/s/teachold/core_8f48212905a0a11b856194fc3ce1a9de.js (257)
[10016:14032:1226/193253.405:INFO:CONSOLE(621)] "ancestorIframeChanged:379,1042", source:  (621)
[10016:14032:1226/193254.520:INFO:CONSOLE(621)] "ancestorIframeChanged:379,1042", source:  (621)
[10016:14032:1226/193255.600:INFO:CONSOLE(621)] "ancestorIframeChanged:379,1042", source:  (621)
[10016:14032:1226/193257.815:INFO:CONSOLE(621)] "ancestorIframeChanged:379,516", source:  (621)
[10016:14032:1226/193259.843:INFO:CONSOLE(621)] "ancestorIframeChanged:379,516", source:  (621)
[10016:14032:1226/193301.126:INFO:CONSOLE(621)] "ancestorIframeChanged:379,516", source:  (621)
[10016:14032:1226/193302.336:INFO:CONSOLE(621)] "ancestorIframeChanged:379,516", source:  (621)
[10016:14032:1226/193303.537:INFO:CONSOLE(621)] "ancestorIframeChanged:379,516", source:  (621)
[10016:14032:1226/193304.773:INFO:CONSOLE(621)] "ancestorIframeChanged:379,516", source:  (621)
[10016:14032:1226/193307.332:INFO:CONSOLE(621)] "ancestorIframeChanged:379,516", source:  (621)
[10016:14032:1226/193308.697:INFO:CONSOLE(621)] "ancestorIframeChanged:379,516", source:  (621)
[10016:14032:1226/193309.895:INFO:CONSOLE(621)] "ancestorIframeChanged:379,516", source:  (621)
[10016:14032:1226/193310.961:INFO:CONSOLE(621)] "ancestorIframeChanged:379,516", source:  (621)
[10016:14032:1226/193313.605:INFO:CONSOLE(621)] "ancestorIframeChanged:379,516", source:  (621)
[10016:14032:1226/193315.112:INFO:CONSOLE(621)] "ancestorIframeChanged:379,516", source:  (621)
[10016:14032:1226/193316.433:INFO:CONSOLE(621)] "ancestorIframeChanged:379,516", source:  (621)
[10016:14032:1226/193318.158:INFO:CONSOLE(621)] "ancestorIframeChanged:379,516", source:  (621)
[10016:14032:1226/193319.250:INFO:CONSOLE(621)] "ancestorIframeChanged:379,516", source:  (621)
[10016:14032:1226/193320.709:INFO:CONSOLE(621)] "ancestorIframeChanged:379,516", source:  (621)
[10016:14032:1226/193348.274:INFO:CONSOLE(2)] "module-question/i18n/lang.js", source: https://cdn.ravenjs.com/3.22.3/raven.min.js (2)
[10016:14032:1226/193348.274:INFO:CONSOLE(2)] "module-question/wapUiHelp", source: https://cdn.ravenjs.com/3.22.3/raven.min.js (2)
[10016:14032:1226/193348.276:INFO:CONSOLE(2)] "module-question/wapUiViewHelp.js", source: https://cdn.ravenjs.com/3.22.3/raven.min.js (2)
[10016:14032:1226/193400.957:INFO:CONSOLE(2)] "module-question/i18n/lang.js", source: https://cdn.ravenjs.com/3.22.3/raven.min.js (2)
[10016:14032:1226/193400.958:INFO:CONSOLE(2)] "module-question/wapUiHelp", source: https://cdn.ravenjs.com/3.22.3/raven.min.js (2)
[10016:14032:1226/193400.959:INFO:CONSOLE(2)] "module-question/wapUiViewHelp.js", source: https://cdn.ravenjs.com/3.22.3/raven.min.js (2)
[10016:14032:1226/193401.487:INFO:CONSOLE(2)] "Cannot read property '__getDataInCache' of undefined", source: https://cdn.ravenjs.com/3.22.3/raven.min.js (2)
[10016:14032:1226/193401.488:INFO:CONSOLE(2)] "TypeError: Cannot read property '__getDataInCache' of undefined", source: https://cdn.ravenjs.com/3.22.3/raven.min.js (2)
[10016:14032:1226/193405.757:INFO:CONSOLE(252)] "module-question/i18n/lang.js", source: http://tgc.stu.126.net/pub/s/teachold/core_8f48212905a0a11b856194fc3ce1a9de.js (252)
[10016:14032:1226/193405.758:INFO:CONSOLE(253)] "module-question/wapUiHelp", source: http://tgc.stu.126.net/pub/s/teachold/core_8f48212905a0a11b856194fc3ce1a9de.js (253)
[10016:14032:1226/193405.781:INFO:CONSOLE(257)] "module-question/wapUiViewHelp.js", source: http://tgc.stu.126.net/pub/s/teachold/core_8f48212905a0a11b856194fc3ce1a9de.js (257)
[10016:14032:1226/193412.587:INFO:CONSOLE(252)] "module-question/i18n/lang.js", source: http://tgc.stu.126.net/pub/s/teachold/core_8f48212905a0a11b856194fc3ce1a9de.js (252)
[10016:14032:1226/193412.587:INFO:CONSOLE(253)] "module-question/wapUiHelp", source: http://tgc.stu.126.net/pub/s/teachold/core_8f48212905a0a11b856194fc3ce1a9de.js (253)
[10016:14032:1226/193412.597:INFO:CONSOLE(257)] "module-question/wapUiViewHelp.js", source: http://tgc.stu.126.net/pub/s/teachold/core_8f48212905a0a11b856194fc3ce1a9de.js (257)
[10016:14032:1226/193414.187:INFO:CONSOLE(621)] "ancestorIframeChanged:379,1042", source:  (621)
[10016:14032:1226/193416.774:INFO:CONSOLE(621)] "ancestorIframeChanged:379,1042", source:  (621)
[10016:14032:1226/193417.855:INFO:CONSOLE(621)] "ancestorIframeChanged:379,1042", source:  (621)
[10016:14032:1226/193418.924:INFO:CONSOLE(621)] "ancestorIframeChanged:379,1042", source:  (621)
[10016:14032:1226/193421.038:INFO:CONSOLE(621)] "ancestorIframeChanged:379,1042", source:  (621)
[10016:14032:1226/193422.301:INFO:CONSOLE(621)] "ancestorIframeChanged:379,1042", source:  (621)
[10016:14032:1226/193424.927:INFO:CONSOLE(621)] "ancestorIframeChanged:379,516", source:  (621)
[10016:14032:1226/193426.894:INFO:CONSOLE(621)] "ancestorIframeChanged:379,516", source:  (621)
[10016:14032:1226/193428.243:INFO:CONSOLE(621)] "ancestorIframeChanged:379,516", source:  (621)
[10016:14032:1226/193429.313:INFO:CONSOLE(621)] "ancestorIframeChanged:379,516", source:  (621)
[10016:14032:1226/193430.501:INFO:CONSOLE(621)] "ancestorIframeChanged:379,516", source:  (621)
[10016:14032:1226/193431.676:INFO:CONSOLE(621)] "ancestorIframeChanged:379,516", source:  (621)
[10016:14032:1226/193433.195:INFO:CONSOLE(621)] "ancestorIframeChanged:379,516", source:  (621)
[10016:14032:1226/193434.389:INFO:CONSOLE(621)] "ancestorIframeChanged:379,516", source:  (621)
[10016:14032:1226/193437.018:INFO:CONSOLE(621)] "ancestorIframeChanged:379,516", source:  (621)
[10016:14032:1226/193438.080:INFO:CONSOLE(252)] "module-question/i18n/lang.js", source: http://tgc.stu.126.net/pub/s/teachold/core_8f48212905a0a11b856194fc3ce1a9de.js (252)
[10016:14032:1226/193438.081:INFO:CONSOLE(253)] "module-question/wapUiHelp", source: http://tgc.stu.126.net/pub/s/teachold/core_8f48212905a0a11b856194fc3ce1a9de.js (253)
[10016:14032:1226/193438.096:INFO:CONSOLE(257)] "module-question/wapUiViewHelp.js", source: http://tgc.stu.126.net/pub/s/teachold/core_8f48212905a0a11b856194fc3ce1a9de.js (257)
[10016:14032:1226/193441.334:INFO:CONSOLE(621)] "ancestorIframeChanged:379,516", source:  (621)
[10016:14032:1226/193443.497:INFO:CONSOLE(621)] "ancestorIframeChanged:379,516", source:  (621)
[10016:14032:1226/193503.770:INFO:CONSOLE(252)] "module-question/i18n/lang.js", source: http://tgc.stu.126.net/pub/s/teachold/core_8f48212905a0a11b856194fc3ce1a9de.js (252)
[10016:14032:1226/193503.770:INFO:CONSOLE(253)] "module-question/wapUiHelp", source: http://tgc.stu.126.net/pub/s/teachold/core_8f48212905a0a11b856194fc3ce1a9de.js (253)
[10016:14032:1226/193503.784:INFO:CONSOLE(257)] "module-question/wapUiViewHelp.js", source: http://tgc.stu.126.net/pub/s/teachold/core_8f48212905a0a11b856194fc3ce1a9de.js (257)
[10016:14032:1226/193507.457:INFO:CONSOLE(621)] "ancestorIframeChanged:379,1042", source:  (621)
[10016:14032:1226/193508.984:INFO:CONSOLE(621)] "ancestorIframeChanged:379,1042", source:  (621)
[10016:14032:1226/193510.367:INFO:CONSOLE(621)] "ancestorIframeChanged:379,1042", source:  (621)
[10016:14032:1226/193512.694:INFO:CONSOLE(621)] "ancestorIframeChanged:379,516", source:  (621)
[10016:14032:1226/193514.712:INFO:CONSOLE(621)] "ancestorIframeChanged:379,516", source:  (621)
[10016:14032:1226/193515.993:INFO:CONSOLE(621)] "ancestorIframeChanged:379,516", source:  (621)
[10016:14032:1226/193517.501:INFO:CONSOLE(621)] "ancestorIframeChanged:379,516", source:  (621)
[10016:14032:1226/193518.601:INFO:CONSOLE(621)] "ancestorIframeChanged:379,516", source:  (621)
[10016:14032:1226/193519.815:INFO:CONSOLE(621)] "ancestorIframeChanged:379,516", source:  (621)
[10016:14032:1226/193522.584:INFO:CONSOLE(621)] "ancestorIframeChanged:379,516", source:  (621)
[10016:14032:1226/193523.899:INFO:CONSOLE(621)] "ancestorIframeChanged:379,516", source:  (621)
[10016:14032:1226/193525.005:INFO:CONSOLE(621)] "ancestorIframeChanged:379,516", source:  (621)
[10016:14032:1226/193526.238:INFO:CONSOLE(621)] "ancestorIframeChanged:379,516", source:  (621)
[10016:14032:1226/193528.795:INFO:CONSOLE(621)] "ancestorIframeChanged:379,516", source:  (621)
[10016:14032:1226/193529.835:INFO:CONSOLE(621)] "ancestorIframeChanged:379,516", source:  (621)
[10016:14032:1226/193531.318:INFO:CONSOLE(621)] "ancestorIframeChanged:379,516", source:  (621)
[10016:14032:1226/193532.516:INFO:CONSOLE(621)] "ancestorIframeChanged:379,516", source:  (621)
[10016:14032:1226/193533.869:INFO:CONSOLE(621)] "ancestorIframeChanged:379,516", source:  (621)
[10016:14032:1226/193535.082:INFO:CONSOLE(621)] "ancestorIframeChanged:379,516", source:  (621)
[10016:14032:1226/193600.409:INFO:CONSOLE(2)] "module-question/i18n/lang.js", source: https://cdn.ravenjs.com/3.22.3/raven.min.js (2)
[10016:14032:1226/193600.410:INFO:CONSOLE(2)] "module-question/wapUiHelp", source: https://cdn.ravenjs.com/3.22.3/raven.min.js (2)
[10016:14032:1226/193600.412:INFO:CONSOLE(2)] "module-question/wapUiViewHelp.js", source: https://cdn.ravenjs.com/3.22.3/raven.min.js (2)
[10016:14032:1226/193614.701:INFO:CONSOLE(2)] "module-question/i18n/lang.js", source: https://cdn.ravenjs.com/3.22.3/raven.min.js (2)
[10016:14032:1226/193614.704:INFO:CONSOLE(2)] "module-question/wapUiHelp", source: https://cdn.ravenjs.com/3.22.3/raven.min.js (2)
[10016:14032:1226/193614.705:INFO:CONSOLE(2)] "module-question/wapUiViewHelp.js", source: https://cdn.ravenjs.com/3.22.3/raven.min.js (2)
[10016:14032:1226/193619.479:INFO:CONSOLE(252)] "module-question/i18n/lang.js", source: http://tgc.stu.126.net/pub/s/teachold/core_8f48212905a0a11b856194fc3ce1a9de.js (252)
[10016:14032:1226/193619.479:INFO:CONSOLE(253)] "module-question/wapUiHelp", source: http://tgc.stu.126.net/pub/s/teachold/core_8f48212905a0a11b856194fc3ce1a9de.js (253)
[10016:14032:1226/193619.494:INFO:CONSOLE(257)] "module-question/wapUiViewHelp.js", source: http://tgc.stu.126.net/pub/s/teachold/core_8f48212905a0a11b856194fc3ce1a9de.js (257)
[10016:14032:1226/193627.940:INFO:CONSOLE(252)] "module-question/i18n/lang.js", source: http://tgc.stu.126.net/pub/s/teachold/core_8f48212905a0a11b856194fc3ce1a9de.js (252)
[10016:14032:1226/193627.940:INFO:CONSOLE(253)] "module-question/wapUiHelp", source: http://tgc.stu.126.net/pub/s/teachold/core_8f48212905a0a11b856194fc3ce1a9de.js (253)
[10016:14032:1226/193627.955:INFO:CONSOLE(257)] "module-question/wapUiViewHelp.js", source: http://tgc.stu.126.net/pub/s/teachold/core_8f48212905a0a11b856194fc3ce1a9de.js (257)
[10016:14032:1226/193631.767:INFO:CONSOLE(621)] "ancestorIframeChanged:379,1042", source:  (621)
[10016:14032:1226/193632.913:INFO:CONSOLE(621)] "ancestorIframeChanged:379,1042", source:  (621)
[10016:14032:1226/193633.976:INFO:CONSOLE(621)] "ancestorIframeChanged:379,1042", source:  (621)
[10016:14032:1226/193635.969:INFO:CONSOLE(621)] "ancestorIframeChanged:379,1042", source:  (621)
[10016:14032:1226/193637.206:INFO:CONSOLE(621)] "ancestorIframeChanged:379,1042", source:  (621)
[10016:14032:1226/193639.264:INFO:CONSOLE(621)] "ancestorIframeChanged:379,516", source:  (621)
[10016:14032:1226/193641.428:INFO:CONSOLE(621)] "ancestorIframeChanged:379,516", source:  (621)
[10016:14032:1226/193642.910:INFO:CONSOLE(621)] "ancestorIframeChanged:379,516", source:  (621)
[10016:14032:1226/193644.035:INFO:CONSOLE(621)] "ancestorIframeChanged:379,516", source:  (621)
[10016:14032:1226/193645.199:INFO:CONSOLE(621)] "ancestorIframeChanged:379,516", source:  (621)
[10016:14032:1226/193646.488:INFO:CONSOLE(621)] "ancestorIframeChanged:379,516", source:  (621)
[10016:14032:1226/193647.548:INFO:CONSOLE(621)] "ancestorIframeChanged:379,516", source:  (621)
[10016:14032:1226/193648.714:INFO:CONSOLE(621)] "ancestorIframeChanged:379,516", source:  (621)
[10016:14032:1226/193651.297:INFO:CONSOLE(621)] "ancestorIframeChanged:379,516", source:  (621)
[10016:14032:1226/193652.452:INFO:CONSOLE(252)] "module-question/i18n/lang.js", source: http://tgc.stu.126.net/pub/s/teachold/core_8f48212905a0a11b856194fc3ce1a9de.js (252)
[10016:14032:1226/193652.452:INFO:CONSOLE(253)] "module-question/wapUiHelp", source: http://tgc.stu.126.net/pub/s/teachold/core_8f48212905a0a11b856194fc3ce1a9de.js (253)
[10016:14032:1226/193652.467:INFO:CONSOLE(257)] "module-question/wapUiViewHelp.js", source: http://tgc.stu.126.net/pub/s/teachold/core_8f48212905a0a11b856194fc3ce1a9de.js (257)
[10016:14032:1226/193655.803:INFO:CONSOLE(621)] "ancestorIframeChanged:379,1042", source:  (621)
[10016:14032:1226/193657.827:INFO:CONSOLE(621)] "ancestorIframeChanged:379,516", source:  (621)
[10016:14032:1226/193659.895:INFO:CONSOLE(621)] "ancestorIframeChanged:379,516", source:  (621)
[10016:14032:1226/193714.512:INFO:CONSOLE(252)] "module-question/i18n/lang.js", source: http://tgc.stu.126.net/pub/s/teachold/core_8f48212905a0a11b856194fc3ce1a9de.js (252)
[10016:14032:1226/193714.512:INFO:CONSOLE(253)] "module-question/wapUiHelp", source: http://tgc.stu.126.net/pub/s/teachold/core_8f48212905a0a11b856194fc3ce1a9de.js (253)
[10016:14032:1226/193714.524:INFO:CONSOLE(257)] "module-question/wapUiViewHelp.js", source: http://tgc.stu.126.net/pub/s/teachold/core_8f48212905a0a11b856194fc3ce1a9de.js (257)
[10016:14032:1226/193718.376:INFO:CONSOLE(621)] "ancestorIframeChanged:379,1288", source:  (621)
[10016:14032:1226/193719.939:INFO:CONSOLE(621)] "ancestorIframeChanged:379,1288", source:  (621)
[10016:14032:1226/193721.053:INFO:CONSOLE(621)] "ancestorIframeChanged:379,1288", source:  (621)
[10016:14032:1226/193723.378:INFO:CONSOLE(621)] "ancestorIframeChanged:379,557", source:  (621)
[10016:14032:1226/193725.361:INFO:CONSOLE(621)] "ancestorIframeChanged:379,557", source:  (621)
[10016:14032:1226/193726.609:INFO:CONSOLE(621)] "ancestorIframeChanged:379,557", source:  (621)
[10016:14032:1226/193729.000:INFO:CONSOLE(621)] "ancestorIframeChanged:379,557", source:  (621)
[10016:14032:1226/193730.072:INFO:CONSOLE(621)] "ancestorIframeChanged:379,557", source:  (621)
[10016:14032:1226/193731.234:INFO:CONSOLE(621)] "ancestorIframeChanged:379,557", source:  (621)
[10016:14032:1226/193733.825:INFO:CONSOLE(621)] "ancestorIframeChanged:379,557", source:  (621)
[10016:14032:1226/193735.115:INFO:CONSOLE(621)] "ancestorIframeChanged:379,557", source:  (621)
[10016:14032:1226/193736.246:INFO:CONSOLE(621)] "ancestorIframeChanged:379,557", source:  (621)
[10016:14032:1226/193737.311:INFO:CONSOLE(621)] "ancestorIframeChanged:379,557", source:  (621)
[10016:14032:1226/193738.466:INFO:CONSOLE(621)] "ancestorIframeChanged:379,557", source:  (621)
[10016:14032:1226/193739.496:INFO:CONSOLE(621)] "ancestorIframeChanged:379,557", source:  (621)
[10016:14032:1226/193741.216:INFO:CONSOLE(621)] "ancestorIframeChanged:379,557", source:  (621)
[10016:14032:1226/193742.371:INFO:CONSOLE(621)] "ancestorIframeChanged:379,557", source:  (621)
[10016:14032:1226/193743.415:INFO:CONSOLE(621)] "ancestorIframeChanged:379,557", source:  (621)
[10016:14032:1226/193744.614:INFO:CONSOLE(621)] "ancestorIframeChanged:379,557", source:  (621)
[10016:14032:1226/193745.681:INFO:CONSOLE(252)] "module-question/i18n/lang.js", source: http://tgc.stu.126.net/pub/s/teachold/core_8f48212905a0a11b856194fc3ce1a9de.js (252)
[10016:14032:1226/193745.683:INFO:CONSOLE(253)] "module-question/wapUiHelp", source: http://tgc.stu.126.net/pub/s/teachold/core_8f48212905a0a11b856194fc3ce1a9de.js (253)
[10016:14032:1226/193745.693:INFO:CONSOLE(257)] "module-question/wapUiViewHelp.js", source: http://tgc.stu.126.net/pub/s/teachold/core_8f48212905a0a11b856194fc3ce1a9de.js (257)
[10016:14032:1226/193748.920:INFO:CONSOLE(621)] "ancestorIframeChanged:379,1288", source:  (621)
[10016:14032:1226/193803.564:INFO:CONSOLE(252)] "module-question/i18n/lang.js", source: http://tgc.stu.126.net/pub/s/teachold/core_8f48212905a0a11b856194fc3ce1a9de.js (252)
[10016:14032:1226/193803.564:INFO:CONSOLE(253)] "module-question/wapUiHelp", source: http://tgc.stu.126.net/pub/s/teachold/core_8f48212905a0a11b856194fc3ce1a9de.js (253)
[10016:14032:1226/193803.575:INFO:CONSOLE(257)] "module-question/wapUiViewHelp.js", source: http://tgc.stu.126.net/pub/s/teachold/core_8f48212905a0a11b856194fc3ce1a9de.js (257)
[10016:14032:1226/193912.629:INFO:CONSOLE(2)] "module-question/i18n/lang.js", source: https://cdn.ravenjs.com/3.22.3/raven.min.js (2)
[10016:14032:1226/193912.630:INFO:CONSOLE(2)] "module-question/wapUiHelp", source: https://cdn.ravenjs.com/3.22.3/raven.min.js (2)
[10016:14032:1226/193912.631:INFO:CONSOLE(2)] "module-question/wapUiViewHelp.js", source: https://cdn.ravenjs.com/3.22.3/raven.min.js (2)
[10016:14032:1226/193912.682:INFO:CONSOLE(0)] "Mixed Content: The page at 'https://geek.163.com/path/courses/400000003522074/learning' was loaded over HTTPS, but requested an insecure image 'http://edu-image.nosdn.127.net/2603bb45-5cd1-4ae6-9caa-3b93c65846e3.png?imageView&quality=100'. This content should also be served over HTTPS.", source: https://geek.163.com/path/courses/400000003522074/learning (0)
[10016:14032:1226/193912.682:INFO:CONSOLE(0)] "Mixed Content: The page at 'https://geek.163.com/path/courses/400000003522074/learning' was loaded over HTTPS, but requested an insecure image 'http://edu-image.nosdn.127.net/cef13cc138ff4c0c828b5bb2325fd50e.jpg?imageView&quality=100'. This content should also be served over HTTPS.", source: https://geek.163.com/path/courses/400000003522074/learning (0)
[10016:14032:1226/193912.682:INFO:CONSOLE(0)] "Mixed Content: The page at 'https://geek.163.com/path/courses/400000003522074/learning' was loaded over HTTPS, but requested an insecure image 'http://edu-image.nosdn.127.net/8298fae6ad92479dab0fe0b4529f3a57.png?imageView&quality=100'. This content should also be served over HTTPS.", source: https://geek.163.com/path/courses/400000003522074/learning (0)
[10016:14032:1226/193912.850:INFO:CONSOLE(2)] "Synchronous XMLHttpRequest on the main thread is deprecated because of its detrimental effects to the end user's experience. For more help, check https://xhr.spec.whatwg.org/.", source: https://cdn.ravenjs.com/3.22.3/raven.min.js (2)
[10016:14032:1226/193916.936:INFO:CONSOLE(2)] "the computed 'surplusTimes' don't define the set function,  assign data.surplusTimes altnately", source: https://cdn.ravenjs.com/3.22.3/raven.min.js (2)
[10016:14032:1226/193916.937:INFO:CONSOLE(2)] "the computed 'judgeRules' don't define the set function,  assign data.judgeRules altnately", source: https://cdn.ravenjs.com/3.22.3/raven.min.js (2)
[10016:14032:1226/193916.938:INFO:CONSOLE(2)] "the computed 'answerTime' don't define the set function,  assign data.answerTime altnately", source: https://cdn.ravenjs.com/3.22.3/raven.min.js (2)
[10016:14032:1226/193920.763:INFO:CONSOLE(200)] "module-question/i18n/lang.js", source: https://gc.stu.126.net/pub/s/web/core_17d7d749284a913cb90a5c0e752640ec.js (200)
[10016:14032:1226/193920.763:INFO:CONSOLE(200)] "module-question/wapUiHelp", source: https://gc.stu.126.net/pub/s/web/core_17d7d749284a913cb90a5c0e752640ec.js (200)
[10016:14032:1226/193920.765:INFO:CONSOLE(204)] "module-question/wapUiViewHelp.js", source: https://gc.stu.126.net/pub/s/web/core_17d7d749284a913cb90a5c0e752640ec.js (204)
[10016:14032:1226/193921.472:INFO:CONSOLE(621)] "ancestorIframeChanged:429,1068", source:  (621)
[10016:14032:1226/193924.089:INFO:CONSOLE(621)] "ancestorIframeChanged:429,1068", source:  (621)
[10016:14032:1226/193925.370:INFO:CONSOLE(621)] "ancestorIframeChanged:429,1068", source:  (621)
[10016:14032:1226/193926.446:INFO:CONSOLE(621)] "ancestorIframeChanged:429,1068", source:  (621)
[10016:14032:1226/193927.587:INFO:CONSOLE(621)] "ancestorIframeChanged:429,1068", source:  (621)
[10016:14032:1226/193928.654:INFO:CONSOLE(621)] "ancestorIframeChanged:429,1068", source:  (621)
[10016:14032:1226/193929.856:INFO:CONSOLE(621)] "ancestorIframeChanged:429,1068", source:  (621)
[10016:14032:1226/193931.798:INFO:CONSOLE(621)] "ancestorIframeChanged:429,1068", source:  (621)
[10016:14032:1226/193932.976:INFO:CONSOLE(621)] "ancestorIframeChanged:429,1068", source:  (621)
[10016:14032:1226/194000.902:INFO:CONSOLE(41)] "Cannot read property '0' of undefined", source: http://tgc.stu.126.net/pub/s/teachold/core_8f48212905a0a11b856194fc3ce1a9de.js (41)
[10016:14032:1226/194000.903:INFO:CONSOLE(41)] "TypeError: Cannot read property '0' of undefined", source: http://tgc.stu.126.net/pub/s/teachold/core_8f48212905a0a11b856194fc3ce1a9de.js (41)
