[3040:8680:1225/144127.004:WARNING:discovery_network_list_win.cc(195)] Failed to open Wlan client handle: 1062
[3040:16784:1225/144127.724:WARNING:CONSOLE(0)] "HTML Imports is deprecated and will be removed in M73, around March 2019. Please use ES modules instead. See https://www.chromestatus.com/features/5144752345317376 for more details.", source:  (0)
[3040:16784:1225/144127.825:WARNING:CONSOLE(77)] "document.registerElement is deprecated and will be removed in M73, around March 2019. Please use window.customElements.define instead. See https://www.chromestatus.com/features/4642138092470272 for more details.", source: https://ssl.gstatic.com/chrome/components/doodle-notifier-02.html (77)
[3040:16784:1225/144129.843:INFO:CONSOLE(619)] "ancestorIframeChanged:218,378", source:  (619)
[3040:16784:1225/144129.933:INFO:CONSOLE(8)] "SW registered", source: https://www.google.com/_/chrome/newtab?ie=UTF-8 (8)
[3040:16784:1225/144131.262:INFO:CONSOLE(619)] "ancestorIframeChanged:218,378", source:  (619)
[3040:16784:1225/144132.500:INFO:CONSOLE(2)] "module-question/i18n/lang.js", source: https://cdn.ravenjs.com/3.22.3/raven.min.js (2)
[3040:16784:1225/144132.500:INFO:CONSOLE(2)] "module-question/wapUiHelp", source: https://cdn.ravenjs.com/3.22.3/raven.min.js (2)
[3040:16784:1225/144132.502:INFO:CONSOLE(2)] "module-question/wapUiViewHelp.js", source: https://cdn.ravenjs.com/3.22.3/raven.min.js (2)
[3040:16784:1225/144133.339:INFO:CONSOLE(0)] "[DOM] Password field is not contained in a form: (More info: https://goo.gl/9p2vKq) %o", source: https://geek.163.com/path/member/login?returnUrl=aHR0cDovL3RlYWNoLmdlZWsuMTYzLmNvbS80MDAwMDAwMDA2NzIwNjQuaHRt (0)
[3040:16784:1225/144133.339:INFO:CONSOLE(0)] "[DOM] Password field is not contained in a form: (More info: https://goo.gl/9p2vKq) %o", source: https://geek.163.com/path/member/login?returnUrl=aHR0cDovL3RlYWNoLmdlZWsuMTYzLmNvbS80MDAwMDAwMDA2NzIwNjQuaHRt (0)
[3040:16784:1225/144133.339:INFO:CONSOLE(0)] "[DOM] Password field is not contained in a form: (More info: https://goo.gl/9p2vKq) %o", source: https://geek.163.com/path/member/login?returnUrl=aHR0cDovL3RlYWNoLmdlZWsuMTYzLmNvbS80MDAwMDAwMDA2NzIwNjQuaHRt (0)
[3040:16784:1225/144133.340:INFO:CONSOLE(0)] "[DOM] Password field is not contained in a form: (More info: https://goo.gl/9p2vKq) %o", source: https://geek.163.com/path/member/login?returnUrl=aHR0cDovL3RlYWNoLmdlZWsuMTYzLmNvbS80MDAwMDAwMDA2NzIwNjQuaHRt (0)
[3040:16784:1225/144133.340:INFO:CONSOLE(0)] "[DOM] Password field is not contained in a form: (More info: https://goo.gl/9p2vKq) %o", source: https://geek.163.com/path/member/login?returnUrl=aHR0cDovL3RlYWNoLmdlZWsuMTYzLmNvbS80MDAwMDAwMDA2NzIwNjQuaHRt (0)
[3040:16784:1225/144133.340:INFO:CONSOLE(0)] "[DOM] Password field is not contained in a form: (More info: https://goo.gl/9p2vKq) %o", source: https://geek.163.com/path/member/login?returnUrl=aHR0cDovL3RlYWNoLmdlZWsuMTYzLmNvbS80MDAwMDAwMDA2NzIwNjQuaHRt (0)
[3040:16784:1225/144133.340:INFO:CONSOLE(0)] "[DOM] Password field is not contained in a form: (More info: https://goo.gl/9p2vKq) %o", source: https://geek.163.com/path/member/login?returnUrl=aHR0cDovL3RlYWNoLmdlZWsuMTYzLmNvbS80MDAwMDAwMDA2NzIwNjQuaHRt (0)
[3040:16784:1225/144133.340:INFO:CONSOLE(0)] "[DOM] Password field is not contained in a form: (More info: https://goo.gl/9p2vKq) %o", source: https://geek.163.com/path/member/login?returnUrl=aHR0cDovL3RlYWNoLmdlZWsuMTYzLmNvbS80MDAwMDAwMDA2NzIwNjQuaHRt (0)
[3040:16784:1225/144133.341:INFO:CONSOLE(0)] "[DOM] Password field is not contained in a form: (More info: https://goo.gl/9p2vKq) %o", source: https://geek.163.com/path/member/login?returnUrl=aHR0cDovL3RlYWNoLmdlZWsuMTYzLmNvbS80MDAwMDAwMDA2NzIwNjQuaHRt (0)
[3040:16784:1225/144134.158:INFO:CONSOLE(0)] "[DOM] Input elements should have autocomplete attributes (suggested: "new-password"): (More info: https://goo.gl/9p2vKq) %o", source: https://webzj.reg.163.com/v1.0.1/pub/index_reg.html?cd=%2F%2Fedu-cms.nosdn.127.net%2Ftopics%2Fcss%2F&cf=kada_urs_register_course_3d3c8920fcb04752d050df94efe9f31a.css&MGID=1545720092853.11&wdaId=UA1438236666413&pkid=VelXuSo&product=kada (0)
[3040:16784:1225/144134.164:INFO:CONSOLE(0)] "[DOM] Input elements should have autocomplete attributes (suggested: "new-password"): (More info: https://goo.gl/9p2vKq) %o", source: https://webzj.reg.163.com/v1.0.1/pub/index_dl.html?cd=%2F%2Fedu-cms.nosdn.127.net%2Ftopics%2Fcss%2F&cf=kada_urs_course_4c152c9f26817efac4936d84ec1baa71.css&MGID=1545720092819.4827&wdaId=UA1438236666413&pkid=VelXuSo&product=kada (0)
[3040:16784:1225/144134.226:INFO:CONSOLE(0)] "[DOM] Input elements should have autocomplete attributes (suggested: "new-password"): (More info: https://goo.gl/9p2vKq) %o", source: https://webzj.reg.163.com/v1.0.1/pub/index.html?cd=%2F%2Fedu-cms.nosdn.127.net%2Ftopics%2Fcss%2F&cf=kada_urs_course_4c152c9f26817efac4936d84ec1baa71.css&MGID=1545720092842.2273&wdaId=UA1438236666413&pkid=VelXuSo&product=kada (0)
[3040:16784:1225/144135.305:INFO:CONSOLE(2)] "ancestorIframeChanged:431,303", source: https://cdn.ravenjs.com/3.22.3/raven.min.js (2)
[3040:16784:1225/144135.307:INFO:CONSOLE(2)] "ancestorIframeChanged:-1569,211", source: https://cdn.ravenjs.com/3.22.3/raven.min.js (2)
[3040:16784:1225/144135.310:INFO:CONSOLE(2)] "ancestorIframeChanged:-1999,193", source: https://cdn.ravenjs.com/3.22.3/raven.min.js (2)
[3040:16784:1225/144136.487:INFO:CONSOLE(2)] "ancestorIframeChanged:791,303", source: https://cdn.ravenjs.com/3.22.3/raven.min.js (2)
[3040:16784:1225/144136.488:INFO:CONSOLE(2)] "ancestorIframeChanged:-1209,211", source: https://cdn.ravenjs.com/3.22.3/raven.min.js (2)
[3040:16784:1225/144136.492:INFO:CONSOLE(2)] "ancestorIframeChanged:-1639,193", source: https://cdn.ravenjs.com/3.22.3/raven.min.js (2)
[3040:16784:1225/144137.702:INFO:CONSOLE(2)] "ancestorIframeChanged:-1209,211", source: https://cdn.ravenjs.com/3.22.3/raven.min.js (2)
[3040:16784:1225/144137.704:INFO:CONSOLE(2)] "ancestorIframeChanged:791,303", source: https://cdn.ravenjs.com/3.22.3/raven.min.js (2)
[3040:16784:1225/144137.705:INFO:CONSOLE(2)] "ancestorIframeChanged:-1639,193", source: https://cdn.ravenjs.com/3.22.3/raven.min.js (2)
[3040:16784:1225/144139.295:INFO:CONSOLE(2)] "ancestorIframeChanged:-1209,211", source: https://cdn.ravenjs.com/3.22.3/raven.min.js (2)
[3040:16784:1225/144139.296:INFO:CONSOLE(2)] "ancestorIframeChanged:791,303", source: https://cdn.ravenjs.com/3.22.3/raven.min.js (2)
[3040:16784:1225/144139.298:INFO:CONSOLE(2)] "ancestorIframeChanged:-1639,193", source: https://cdn.ravenjs.com/3.22.3/raven.min.js (2)
[3040:16784:1225/144140.536:INFO:CONSOLE(2)] "ancestorIframeChanged:-1209,211", source: https://cdn.ravenjs.com/3.22.3/raven.min.js (2)
[3040:16784:1225/144140.538:INFO:CONSOLE(2)] "ancestorIframeChanged:791,303", source: https://cdn.ravenjs.com/3.22.3/raven.min.js (2)
[3040:16784:1225/144140.540:INFO:CONSOLE(2)] "ancestorIframeChanged:-1639,193", source: https://cdn.ravenjs.com/3.22.3/raven.min.js (2)
[3040:16784:1225/144143.973:INFO:CONSOLE(252)] "module-question/i18n/lang.js", source: http://tgc.stu.126.net/pub/s/teachold/core_8f48212905a0a11b856194fc3ce1a9de.js (252)
[3040:16784:1225/144143.973:INFO:CONSOLE(253)] "module-question/wapUiHelp", source: http://tgc.stu.126.net/pub/s/teachold/core_8f48212905a0a11b856194fc3ce1a9de.js (253)
[3040:16784:1225/144143.987:INFO:CONSOLE(257)] "module-question/wapUiViewHelp.js", source: http://tgc.stu.126.net/pub/s/teachold/core_8f48212905a0a11b856194fc3ce1a9de.js (257)
[3040:16784:1225/144148.398:INFO:CONSOLE(252)] "module-question/i18n/lang.js", source: http://tgc.stu.126.net/pub/s/teachold/core_8f48212905a0a11b856194fc3ce1a9de.js (252)
[3040:16784:1225/144148.401:INFO:CONSOLE(253)] "module-question/wapUiHelp", source: http://tgc.stu.126.net/pub/s/teachold/core_8f48212905a0a11b856194fc3ce1a9de.js (253)
[3040:16784:1225/144148.412:INFO:CONSOLE(257)] "module-question/wapUiViewHelp.js", source: http://tgc.stu.126.net/pub/s/teachold/core_8f48212905a0a11b856194fc3ce1a9de.js (257)
[3040:16784:1225/144150.185:INFO:CONSOLE(619)] "ancestorIframeChanged:739,2549", source:  (619)
[3040:16784:1225/144155.274:INFO:CONSOLE(619)] "ancestorIframeChanged:739,1739", source:  (619)
[3040:16784:1225/144157.091:INFO:CONSOLE(619)] "ancestorIframeChanged:739,929", source:  (619)
[3040:16784:1225/144159.118:INFO:CONSOLE(619)] "ancestorIframeChanged:739,560", source:  (619)
[3040:16784:1225/144200.715:INFO:CONSOLE(619)] "ancestorIframeChanged:739,560", source:  (619)
[3040:16784:1225/144202.401:INFO:CONSOLE(252)] "module-question/i18n/lang.js", source: http://tgc.stu.126.net/pub/s/teachold/core_8f48212905a0a11b856194fc3ce1a9de.js (252)
[3040:16784:1225/144202.402:INFO:CONSOLE(253)] "module-question/wapUiHelp", source: http://tgc.stu.126.net/pub/s/teachold/core_8f48212905a0a11b856194fc3ce1a9de.js (253)
[3040:16784:1225/144202.412:INFO:CONSOLE(257)] "module-question/wapUiViewHelp.js", source: http://tgc.stu.126.net/pub/s/teachold/core_8f48212905a0a11b856194fc3ce1a9de.js (257)
[3040:16784:1225/144204.547:INFO:CONSOLE(619)] "ancestorIframeChanged:739,2549", source:  (619)
[3040:16784:1225/144205.563:INFO:CONSOLE(619)] "ancestorIframeChanged:739,2549", source:  (619)
[3040:16784:1225/144206.624:INFO:CONSOLE(619)] "ancestorIframeChanged:739,2549", source:  (619)
[3040:16784:1225/144237.218:INFO:CONSOLE(619)] "ancestorIframeChanged:676,423", source:  (619)
[3040:16784:1225/144238.453:INFO:CONSOLE(619)] "ancestorIframeChanged:676,423", source:  (619)
[3040:16784:1225/144239.865:INFO:CONSOLE(619)] "ancestorIframeChanged:676,423", source:  (619)
[3040:16784:1225/144241.081:INFO:CONSOLE(619)] "ancestorIframeChanged:676,423", source:  (619)
[3040:16784:1225/144246.382:INFO:CONSOLE(619)] "ancestorIframeChanged:676,428", source:  (619)
[3040:16784:1225/144253.340:INFO:CONSOLE(316)] "recomputeFixedHeight", source: http://tgc.stu.126.net/pub/s/teachold/core_8f48212905a0a11b856194fc3ce1a9de.js (316)
[3040:16784:1225/144253.341:INFO:CONSOLE(316)] "check width", source: http://tgc.stu.126.net/pub/s/teachold/core_8f48212905a0a11b856194fc3ce1a9de.js (316)
[3040:16784:1225/144253.342:INFO:CONSOLE(316)] "cntWidth=1800", source: http://tgc.stu.126.net/pub/s/teachold/core_8f48212905a0a11b856194fc3ce1a9de.js (316)
[3040:16784:1225/144253.342:INFO:CONSOLE(316)] "wrpWidth=938", source: http://tgc.stu.126.net/pub/s/teachold/core_8f48212905a0a11b856194fc3ce1a9de.js (316)
[3040:16784:1225/144253.344:INFO:CONSOLE(316)] "recomputeFixedHeight", source: http://tgc.stu.126.net/pub/s/teachold/core_8f48212905a0a11b856194fc3ce1a9de.js (316)
[3040:16784:1225/144253.345:INFO:CONSOLE(316)] "check width", source: http://tgc.stu.126.net/pub/s/teachold/core_8f48212905a0a11b856194fc3ce1a9de.js (316)
[3040:16784:1225/144253.345:INFO:CONSOLE(316)] "cntWidth=1800", source: http://tgc.stu.126.net/pub/s/teachold/core_8f48212905a0a11b856194fc3ce1a9de.js (316)
[3040:16784:1225/144253.346:INFO:CONSOLE(316)] "wrpWidth=938", source: http://tgc.stu.126.net/pub/s/teachold/core_8f48212905a0a11b856194fc3ce1a9de.js (316)
[3040:16784:1225/144253.504:INFO:CONSOLE(316)] "recomputeFixedHeight", source: http://tgc.stu.126.net/pub/s/teachold/core_8f48212905a0a11b856194fc3ce1a9de.js (316)
[3040:16784:1225/144253.611:INFO:CONSOLE(316)] "recomputeFixedHeight", source: http://tgc.stu.126.net/pub/s/teachold/core_8f48212905a0a11b856194fc3ce1a9de.js (316)
[3040:16784:1225/144253.611:INFO:CONSOLE(316)] "check width", source: http://tgc.stu.126.net/pub/s/teachold/core_8f48212905a0a11b856194fc3ce1a9de.js (316)
[3040:16784:1225/144253.611:INFO:CONSOLE(316)] "cntWidth=1800", source: http://tgc.stu.126.net/pub/s/teachold/core_8f48212905a0a11b856194fc3ce1a9de.js (316)
[3040:16784:1225/144253.611:INFO:CONSOLE(316)] "wrpWidth=938", source: http://tgc.stu.126.net/pub/s/teachold/core_8f48212905a0a11b856194fc3ce1a9de.js (316)
[3040:16784:1225/144316.355:INFO:CONSOLE(316)] "recomputeFixedHeight", source: http://tgc.stu.126.net/pub/s/teachold/core_8f48212905a0a11b856194fc3ce1a9de.js (316)
[3040:16784:1225/144316.462:INFO:CONSOLE(316)] "recomputeFixedHeight", source: http://tgc.stu.126.net/pub/s/teachold/core_8f48212905a0a11b856194fc3ce1a9de.js (316)
[3040:16784:1225/144316.462:INFO:CONSOLE(316)] "check width", source: http://tgc.stu.126.net/pub/s/teachold/core_8f48212905a0a11b856194fc3ce1a9de.js (316)
[3040:16784:1225/144316.462:INFO:CONSOLE(316)] "cntWidth=1800", source: http://tgc.stu.126.net/pub/s/teachold/core_8f48212905a0a11b856194fc3ce1a9de.js (316)
[3040:16784:1225/144316.462:INFO:CONSOLE(316)] "wrpWidth=938", source: http://tgc.stu.126.net/pub/s/teachold/core_8f48212905a0a11b856194fc3ce1a9de.js (316)
[3040:16784:1225/144320.676:INFO:CONSOLE(316)] "recomputeFixedHeight", source: http://tgc.stu.126.net/pub/s/teachold/core_8f48212905a0a11b856194fc3ce1a9de.js (316)
[3040:16784:1225/144320.779:INFO:CONSOLE(316)] "recomputeFixedHeight", source: http://tgc.stu.126.net/pub/s/teachold/core_8f48212905a0a11b856194fc3ce1a9de.js (316)
[3040:16784:1225/144320.781:INFO:CONSOLE(316)] "check width", source: http://tgc.stu.126.net/pub/s/teachold/core_8f48212905a0a11b856194fc3ce1a9de.js (316)
[3040:16784:1225/144320.781:INFO:CONSOLE(316)] "cntWidth=1800", source: http://tgc.stu.126.net/pub/s/teachold/core_8f48212905a0a11b856194fc3ce1a9de.js (316)
[3040:16784:1225/144320.781:INFO:CONSOLE(316)] "wrpWidth=938", source: http://tgc.stu.126.net/pub/s/teachold/core_8f48212905a0a11b856194fc3ce1a9de.js (316)
[3040:16784:1225/144341.561:INFO:CONSOLE(252)] "module-question/i18n/lang.js", source: http://tgc.stu.126.net/pub/s/teachold/core_8f48212905a0a11b856194fc3ce1a9de.js (252)
[3040:16784:1225/144341.562:INFO:CONSOLE(253)] "module-question/wapUiHelp", source: http://tgc.stu.126.net/pub/s/teachold/core_8f48212905a0a11b856194fc3ce1a9de.js (253)
[3040:16784:1225/144341.574:INFO:CONSOLE(257)] "module-question/wapUiViewHelp.js", source: http://tgc.stu.126.net/pub/s/teachold/core_8f48212905a0a11b856194fc3ce1a9de.js (257)
[3040:16784:1225/144342.707:INFO:CONSOLE(316)] "recomputeFixedHeight", source: http://tgc.stu.126.net/pub/s/teachold/core_8f48212905a0a11b856194fc3ce1a9de.js (316)
[3040:16784:1225/144342.708:INFO:CONSOLE(316)] "check width", source: http://tgc.stu.126.net/pub/s/teachold/core_8f48212905a0a11b856194fc3ce1a9de.js (316)
[3040:16784:1225/144342.709:INFO:CONSOLE(316)] "cntWidth=1800", source: http://tgc.stu.126.net/pub/s/teachold/core_8f48212905a0a11b856194fc3ce1a9de.js (316)
[3040:16784:1225/144342.709:INFO:CONSOLE(316)] "wrpWidth=938", source: http://tgc.stu.126.net/pub/s/teachold/core_8f48212905a0a11b856194fc3ce1a9de.js (316)
[3040:16784:1225/144342.713:INFO:CONSOLE(316)] "recomputeFixedHeight", source: http://tgc.stu.126.net/pub/s/teachold/core_8f48212905a0a11b856194fc3ce1a9de.js (316)
[3040:16784:1225/144342.714:INFO:CONSOLE(316)] "check width", source: http://tgc.stu.126.net/pub/s/teachold/core_8f48212905a0a11b856194fc3ce1a9de.js (316)
[3040:16784:1225/144342.714:INFO:CONSOLE(316)] "cntWidth=1800", source: http://tgc.stu.126.net/pub/s/teachold/core_8f48212905a0a11b856194fc3ce1a9de.js (316)
[3040:16784:1225/144342.714:INFO:CONSOLE(316)] "wrpWidth=938", source: http://tgc.stu.126.net/pub/s/teachold/core_8f48212905a0a11b856194fc3ce1a9de.js (316)
[3040:16784:1225/144342.890:INFO:CONSOLE(316)] "recomputeFixedHeight", source: http://tgc.stu.126.net/pub/s/teachold/core_8f48212905a0a11b856194fc3ce1a9de.js (316)
[3040:16784:1225/144342.999:INFO:CONSOLE(316)] "recomputeFixedHeight", source: http://tgc.stu.126.net/pub/s/teachold/core_8f48212905a0a11b856194fc3ce1a9de.js (316)
[3040:16784:1225/144342.999:INFO:CONSOLE(316)] "check width", source: http://tgc.stu.126.net/pub/s/teachold/core_8f48212905a0a11b856194fc3ce1a9de.js (316)
[3040:16784:1225/144342.999:INFO:CONSOLE(316)] "cntWidth=1800", source: http://tgc.stu.126.net/pub/s/teachold/core_8f48212905a0a11b856194fc3ce1a9de.js (316)
[3040:16784:1225/144342.999:INFO:CONSOLE(316)] "wrpWidth=938", source: http://tgc.stu.126.net/pub/s/teachold/core_8f48212905a0a11b856194fc3ce1a9de.js (316)
[3040:16784:1225/144352.477:INFO:CONSOLE(316)] "recomputeFixedHeight", source: http://tgc.stu.126.net/pub/s/teachold/core_8f48212905a0a11b856194fc3ce1a9de.js (316)
[3040:16784:1225/144352.579:INFO:CONSOLE(316)] "recomputeFixedHeight", source: http://tgc.stu.126.net/pub/s/teachold/core_8f48212905a0a11b856194fc3ce1a9de.js (316)
[3040:16784:1225/144352.580:INFO:CONSOLE(316)] "check width", source: http://tgc.stu.126.net/pub/s/teachold/core_8f48212905a0a11b856194fc3ce1a9de.js (316)
[3040:16784:1225/144352.580:INFO:CONSOLE(316)] "cntWidth=1800", source: http://tgc.stu.126.net/pub/s/teachold/core_8f48212905a0a11b856194fc3ce1a9de.js (316)
[3040:16784:1225/144352.581:INFO:CONSOLE(316)] "wrpWidth=938", source: http://tgc.stu.126.net/pub/s/teachold/core_8f48212905a0a11b856194fc3ce1a9de.js (316)
[3040:16784:1225/144357.950:INFO:CONSOLE(316)] "recomputeFixedHeight", source: http://tgc.stu.126.net/pub/s/teachold/core_8f48212905a0a11b856194fc3ce1a9de.js (316)
[3040:16784:1225/144358.062:INFO:CONSOLE(316)] "recomputeFixedHeight", source: http://tgc.stu.126.net/pub/s/teachold/core_8f48212905a0a11b856194fc3ce1a9de.js (316)
[3040:16784:1225/144358.062:INFO:CONSOLE(316)] "check width", source: http://tgc.stu.126.net/pub/s/teachold/core_8f48212905a0a11b856194fc3ce1a9de.js (316)
[3040:16784:1225/144358.062:INFO:CONSOLE(316)] "cntWidth=1800", source: http://tgc.stu.126.net/pub/s/teachold/core_8f48212905a0a11b856194fc3ce1a9de.js (316)
[3040:16784:1225/144358.062:INFO:CONSOLE(316)] "wrpWidth=938", source: http://tgc.stu.126.net/pub/s/teachold/core_8f48212905a0a11b856194fc3ce1a9de.js (316)
[3040:16784:1225/144416.493:INFO:CONSOLE(252)] "module-question/i18n/lang.js", source: http://tgc.stu.126.net/pub/s/teachold/core_8f48212905a0a11b856194fc3ce1a9de.js (252)
[3040:16784:1225/144416.493:INFO:CONSOLE(253)] "module-question/wapUiHelp", source: http://tgc.stu.126.net/pub/s/teachold/core_8f48212905a0a11b856194fc3ce1a9de.js (253)
[3040:16784:1225/144416.505:INFO:CONSOLE(257)] "module-question/wapUiViewHelp.js", source: http://tgc.stu.126.net/pub/s/teachold/core_8f48212905a0a11b856194fc3ce1a9de.js (257)
[3040:16784:1225/144417.667:INFO:CONSOLE(316)] "recomputeFixedHeight", source: http://tgc.stu.126.net/pub/s/teachold/core_8f48212905a0a11b856194fc3ce1a9de.js (316)
[3040:16784:1225/144417.667:INFO:CONSOLE(316)] "check width", source: http://tgc.stu.126.net/pub/s/teachold/core_8f48212905a0a11b856194fc3ce1a9de.js (316)
[3040:16784:1225/144417.667:INFO:CONSOLE(316)] "cntWidth=1800", source: http://tgc.stu.126.net/pub/s/teachold/core_8f48212905a0a11b856194fc3ce1a9de.js (316)
[3040:16784:1225/144417.667:INFO:CONSOLE(316)] "wrpWidth=938", source: http://tgc.stu.126.net/pub/s/teachold/core_8f48212905a0a11b856194fc3ce1a9de.js (316)
[3040:16784:1225/144417.667:INFO:CONSOLE(316)] "recomputeFixedHeight", source: http://tgc.stu.126.net/pub/s/teachold/core_8f48212905a0a11b856194fc3ce1a9de.js (316)
[3040:16784:1225/144417.667:INFO:CONSOLE(316)] "check width", source: http://tgc.stu.126.net/pub/s/teachold/core_8f48212905a0a11b856194fc3ce1a9de.js (316)
[3040:16784:1225/144417.667:INFO:CONSOLE(316)] "cntWidth=1800", source: http://tgc.stu.126.net/pub/s/teachold/core_8f48212905a0a11b856194fc3ce1a9de.js (316)
[3040:16784:1225/144417.667:INFO:CONSOLE(316)] "wrpWidth=938", source: http://tgc.stu.126.net/pub/s/teachold/core_8f48212905a0a11b856194fc3ce1a9de.js (316)
[3040:16784:1225/144417.767:INFO:CONSOLE(316)] "recomputeFixedHeight", source: http://tgc.stu.126.net/pub/s/teachold/core_8f48212905a0a11b856194fc3ce1a9de.js (316)
[3040:16784:1225/144417.869:INFO:CONSOLE(316)] "recomputeFixedHeight", source: http://tgc.stu.126.net/pub/s/teachold/core_8f48212905a0a11b856194fc3ce1a9de.js (316)
[3040:16784:1225/144417.870:INFO:CONSOLE(316)] "check width", source: http://tgc.stu.126.net/pub/s/teachold/core_8f48212905a0a11b856194fc3ce1a9de.js (316)
[3040:16784:1225/144417.870:INFO:CONSOLE(316)] "cntWidth=1800", source: http://tgc.stu.126.net/pub/s/teachold/core_8f48212905a0a11b856194fc3ce1a9de.js (316)
[3040:16784:1225/144417.870:INFO:CONSOLE(316)] "wrpWidth=938", source: http://tgc.stu.126.net/pub/s/teachold/core_8f48212905a0a11b856194fc3ce1a9de.js (316)
[3040:16784:1225/144429.868:INFO:CONSOLE(316)] "recomputeFixedHeight", source: http://tgc.stu.126.net/pub/s/teachold/core_8f48212905a0a11b856194fc3ce1a9de.js (316)
[3040:16784:1225/144429.970:INFO:CONSOLE(316)] "recomputeFixedHeight", source: http://tgc.stu.126.net/pub/s/teachold/core_8f48212905a0a11b856194fc3ce1a9de.js (316)
[3040:16784:1225/144429.970:INFO:CONSOLE(316)] "check width", source: http://tgc.stu.126.net/pub/s/teachold/core_8f48212905a0a11b856194fc3ce1a9de.js (316)
[3040:16784:1225/144429.970:INFO:CONSOLE(316)] "cntWidth=1800", source: http://tgc.stu.126.net/pub/s/teachold/core_8f48212905a0a11b856194fc3ce1a9de.js (316)
[3040:16784:1225/144429.970:INFO:CONSOLE(316)] "wrpWidth=938", source: http://tgc.stu.126.net/pub/s/teachold/core_8f48212905a0a11b856194fc3ce1a9de.js (316)
[3040:16784:1225/144435.246:INFO:CONSOLE(316)] "recomputeFixedHeight", source: http://tgc.stu.126.net/pub/s/teachold/core_8f48212905a0a11b856194fc3ce1a9de.js (316)
[3040:16784:1225/144435.351:INFO:CONSOLE(316)] "recomputeFixedHeight", source: http://tgc.stu.126.net/pub/s/teachold/core_8f48212905a0a11b856194fc3ce1a9de.js (316)
[3040:16784:1225/144435.356:INFO:CONSOLE(316)] "check width", source: http://tgc.stu.126.net/pub/s/teachold/core_8f48212905a0a11b856194fc3ce1a9de.js (316)
[3040:16784:1225/144435.356:INFO:CONSOLE(316)] "cntWidth=1800", source: http://tgc.stu.126.net/pub/s/teachold/core_8f48212905a0a11b856194fc3ce1a9de.js (316)
[3040:16784:1225/144435.356:INFO:CONSOLE(316)] "wrpWidth=938", source: http://tgc.stu.126.net/pub/s/teachold/core_8f48212905a0a11b856194fc3ce1a9de.js (316)
[3040:16784:1225/144450.686:INFO:CONSOLE(252)] "module-question/i18n/lang.js", source: http://tgc.stu.126.net/pub/s/teachold/core_8f48212905a0a11b856194fc3ce1a9de.js (252)
[3040:16784:1225/144450.686:INFO:CONSOLE(253)] "module-question/wapUiHelp", source: http://tgc.stu.126.net/pub/s/teachold/core_8f48212905a0a11b856194fc3ce1a9de.js (253)
[3040:16784:1225/144450.699:INFO:CONSOLE(257)] "module-question/wapUiViewHelp.js", source: http://tgc.stu.126.net/pub/s/teachold/core_8f48212905a0a11b856194fc3ce1a9de.js (257)
[3040:16784:1225/144451.929:INFO:CONSOLE(316)] "recomputeFixedHeight", source: http://tgc.stu.126.net/pub/s/teachold/core_8f48212905a0a11b856194fc3ce1a9de.js (316)
[3040:16784:1225/144451.930:INFO:CONSOLE(316)] "check width", source: http://tgc.stu.126.net/pub/s/teachold/core_8f48212905a0a11b856194fc3ce1a9de.js (316)
[3040:16784:1225/144451.932:INFO:CONSOLE(316)] "cntWidth=1800", source: http://tgc.stu.126.net/pub/s/teachold/core_8f48212905a0a11b856194fc3ce1a9de.js (316)
[3040:16784:1225/144451.934:INFO:CONSOLE(316)] "wrpWidth=938", source: http://tgc.stu.126.net/pub/s/teachold/core_8f48212905a0a11b856194fc3ce1a9de.js (316)
[3040:16784:1225/144451.944:INFO:CONSOLE(316)] "recomputeFixedHeight", source: http://tgc.stu.126.net/pub/s/teachold/core_8f48212905a0a11b856194fc3ce1a9de.js (316)
[3040:16784:1225/144451.946:INFO:CONSOLE(316)] "check width", source: http://tgc.stu.126.net/pub/s/teachold/core_8f48212905a0a11b856194fc3ce1a9de.js (316)
[3040:16784:1225/144451.947:INFO:CONSOLE(316)] "cntWidth=1800", source: http://tgc.stu.126.net/pub/s/teachold/core_8f48212905a0a11b856194fc3ce1a9de.js (316)
[3040:16784:1225/144451.947:INFO:CONSOLE(316)] "wrpWidth=938", source: http://tgc.stu.126.net/pub/s/teachold/core_8f48212905a0a11b856194fc3ce1a9de.js (316)
[3040:16784:1225/144452.223:INFO:CONSOLE(316)] "recomputeFixedHeight", source: http://tgc.stu.126.net/pub/s/teachold/core_8f48212905a0a11b856194fc3ce1a9de.js (316)
[3040:16784:1225/144452.325:INFO:CONSOLE(316)] "recomputeFixedHeight", source: http://tgc.stu.126.net/pub/s/teachold/core_8f48212905a0a11b856194fc3ce1a9de.js (316)
[3040:16784:1225/144452.326:INFO:CONSOLE(316)] "check width", source: http://tgc.stu.126.net/pub/s/teachold/core_8f48212905a0a11b856194fc3ce1a9de.js (316)
[3040:16784:1225/144452.326:INFO:CONSOLE(316)] "cntWidth=1800", source: http://tgc.stu.126.net/pub/s/teachold/core_8f48212905a0a11b856194fc3ce1a9de.js (316)
[3040:16784:1225/144452.326:INFO:CONSOLE(316)] "wrpWidth=938", source: http://tgc.stu.126.net/pub/s/teachold/core_8f48212905a0a11b856194fc3ce1a9de.js (316)
[3040:16784:1225/144457.573:INFO:CONSOLE(316)] "recomputeFixedHeight", source: http://tgc.stu.126.net/pub/s/teachold/core_8f48212905a0a11b856194fc3ce1a9de.js (316)
[3040:16784:1225/144457.679:INFO:CONSOLE(316)] "recomputeFixedHeight", source: http://tgc.stu.126.net/pub/s/teachold/core_8f48212905a0a11b856194fc3ce1a9de.js (316)
[3040:16784:1225/144457.679:INFO:CONSOLE(316)] "check width", source: http://tgc.stu.126.net/pub/s/teachold/core_8f48212905a0a11b856194fc3ce1a9de.js (316)
[3040:16784:1225/144457.679:INFO:CONSOLE(316)] "cntWidth=1800", source: http://tgc.stu.126.net/pub/s/teachold/core_8f48212905a0a11b856194fc3ce1a9de.js (316)
[3040:16784:1225/144457.679:INFO:CONSOLE(316)] "wrpWidth=938", source: http://tgc.stu.126.net/pub/s/teachold/core_8f48212905a0a11b856194fc3ce1a9de.js (316)
