[8292:8844:1224/173340.816:WARNING:discovery_network_list_win.cc(195)] Failed to open Wlan client handle: 1062
[8292:6936:1224/173341.521:WARNING:CONSOLE(0)] "HTML Imports is deprecated and will be removed in M73, around March 2019. Please use ES modules instead. See https://www.chromestatus.com/features/5144752345317376 for more details.", source:  (0)
[8292:6936:1224/173341.622:WARNING:CONSOLE(77)] "document.registerElement is deprecated and will be removed in M73, around March 2019. Please use window.customElements.define instead. See https://www.chromestatus.com/features/4642138092470272 for more details.", source: https://ssl.gstatic.com/chrome/components/doodle-notifier-02.html (77)
[8292:6936:1224/173344.268:INFO:CONSOLE(619)] "ancestorIframeChanged:218,378", source:  (619)
[8292:6936:1224/173345.270:INFO:CONSOLE(619)] "ancestorIframeChanged:218,378", source:  (619)
[8292:6936:1224/173346.460:INFO:CONSOLE(2)] "module-question/i18n/lang.js", source: https://cdn.ravenjs.com/3.22.3/raven.min.js (2)
[8292:6936:1224/173346.462:INFO:CONSOLE(2)] "module-question/wapUiHelp", source: https://cdn.ravenjs.com/3.22.3/raven.min.js (2)
[8292:6936:1224/173346.464:INFO:CONSOLE(2)] "module-question/wapUiViewHelp.js", source: https://cdn.ravenjs.com/3.22.3/raven.min.js (2)
[8292:6936:1224/173347.099:INFO:CONSOLE(0)] "[DOM] Password field is not contained in a form: (More info: https://goo.gl/9p2vKq) %o", source: https://geek.163.com/path/member/login?returnUrl=aHR0cDovL3RlYWNoLmdlZWsuMTYzLmNvbS80MDAwMDAwMDA2NzIwNjQuaHRt (0)
[8292:6936:1224/173347.099:INFO:CONSOLE(0)] "[DOM] Password field is not contained in a form: (More info: https://goo.gl/9p2vKq) %o", source: https://geek.163.com/path/member/login?returnUrl=aHR0cDovL3RlYWNoLmdlZWsuMTYzLmNvbS80MDAwMDAwMDA2NzIwNjQuaHRt (0)
[8292:6936:1224/173347.099:INFO:CONSOLE(0)] "[DOM] Password field is not contained in a form: (More info: https://goo.gl/9p2vKq) %o", source: https://geek.163.com/path/member/login?returnUrl=aHR0cDovL3RlYWNoLmdlZWsuMTYzLmNvbS80MDAwMDAwMDA2NzIwNjQuaHRt (0)
[8292:6936:1224/173347.100:INFO:CONSOLE(0)] "[DOM] Password field is not contained in a form: (More info: https://goo.gl/9p2vKq) %o", source: https://geek.163.com/path/member/login?returnUrl=aHR0cDovL3RlYWNoLmdlZWsuMTYzLmNvbS80MDAwMDAwMDA2NzIwNjQuaHRt (0)
[8292:6936:1224/173347.100:INFO:CONSOLE(0)] "[DOM] Password field is not contained in a form: (More info: https://goo.gl/9p2vKq) %o", source: https://geek.163.com/path/member/login?returnUrl=aHR0cDovL3RlYWNoLmdlZWsuMTYzLmNvbS80MDAwMDAwMDA2NzIwNjQuaHRt (0)
[8292:6936:1224/173347.100:INFO:CONSOLE(0)] "[DOM] Password field is not contained in a form: (More info: https://goo.gl/9p2vKq) %o", source: https://geek.163.com/path/member/login?returnUrl=aHR0cDovL3RlYWNoLmdlZWsuMTYzLmNvbS80MDAwMDAwMDA2NzIwNjQuaHRt (0)
[8292:6936:1224/173347.100:INFO:CONSOLE(0)] "[DOM] Password field is not contained in a form: (More info: https://goo.gl/9p2vKq) %o", source: https://geek.163.com/path/member/login?returnUrl=aHR0cDovL3RlYWNoLmdlZWsuMTYzLmNvbS80MDAwMDAwMDA2NzIwNjQuaHRt (0)
[8292:6936:1224/173347.100:INFO:CONSOLE(0)] "[DOM] Password field is not contained in a form: (More info: https://goo.gl/9p2vKq) %o", source: https://geek.163.com/path/member/login?returnUrl=aHR0cDovL3RlYWNoLmdlZWsuMTYzLmNvbS80MDAwMDAwMDA2NzIwNjQuaHRt (0)
[8292:6936:1224/173347.101:INFO:CONSOLE(0)] "[DOM] Password field is not contained in a form: (More info: https://goo.gl/9p2vKq) %o", source: https://geek.163.com/path/member/login?returnUrl=aHR0cDovL3RlYWNoLmdlZWsuMTYzLmNvbS80MDAwMDAwMDA2NzIwNjQuaHRt (0)
[8292:6936:1224/173348.047:INFO:CONSOLE(0)] "[DOM] Input elements should have autocomplete attributes (suggested: "new-password"): (More info: https://goo.gl/9p2vKq) %o", source: https://webzj.reg.163.com/v1.0.1/pub/index_reg.html?cd=%2F%2Fedu-cms.nosdn.127.net%2Ftopics%2Fcss%2F&cf=kada_urs_register_course_3d3c8920fcb04752d050df94efe9f31a.css&MGID=1545644026826.009&wdaId=UA1438236666413&pkid=VelXuSo&product=kada (0)
[8292:6936:1224/173348.055:INFO:CONSOLE(0)] "[DOM] Input elements should have autocomplete attributes (suggested: "new-password"): (More info: https://goo.gl/9p2vKq) %o", source: https://webzj.reg.163.com/v1.0.1/pub/index_dl.html?cd=%2F%2Fedu-cms.nosdn.127.net%2Ftopics%2Fcss%2F&cf=kada_urs_course_4c152c9f26817efac4936d84ec1baa71.css&MGID=1545644026784.9392&wdaId=UA1438236666413&pkid=VelXuSo&product=kada (0)
[8292:6936:1224/173348.135:INFO:CONSOLE(0)] "[DOM] Input elements should have autocomplete attributes (suggested: "new-password"): (More info: https://goo.gl/9p2vKq) %o", source: https://webzj.reg.163.com/v1.0.1/pub/index.html?cd=%2F%2Fedu-cms.nosdn.127.net%2Ftopics%2Fcss%2F&cf=kada_urs_course_4c152c9f26817efac4936d84ec1baa71.css&MGID=1545644026820.206&wdaId=UA1438236666413&pkid=VelXuSo&product=kada (0)
[8292:6936:1224/173348.691:INFO:CONSOLE(2)] "ancestorIframeChanged:431,303", source: https://cdn.ravenjs.com/3.22.3/raven.min.js (2)
[8292:6936:1224/173348.693:INFO:CONSOLE(2)] "ancestorIframeChanged:-1569,211", source: https://cdn.ravenjs.com/3.22.3/raven.min.js (2)
[8292:6936:1224/173348.697:INFO:CONSOLE(2)] "ancestorIframeChanged:-1999,193", source: https://cdn.ravenjs.com/3.22.3/raven.min.js (2)
[8292:6936:1224/173349.890:INFO:CONSOLE(2)] "ancestorIframeChanged:791,303", source: https://cdn.ravenjs.com/3.22.3/raven.min.js (2)
[8292:6936:1224/173349.892:INFO:CONSOLE(2)] "ancestorIframeChanged:-1209,211", source: https://cdn.ravenjs.com/3.22.3/raven.min.js (2)
[8292:6936:1224/173349.895:INFO:CONSOLE(2)] "ancestorIframeChanged:-1639,193", source: https://cdn.ravenjs.com/3.22.3/raven.min.js (2)
[8292:6936:1224/173351.048:INFO:CONSOLE(2)] "ancestorIframeChanged:-1209,211", source: https://cdn.ravenjs.com/3.22.3/raven.min.js (2)
[8292:6936:1224/173351.049:INFO:CONSOLE(2)] "ancestorIframeChanged:791,303", source: https://cdn.ravenjs.com/3.22.3/raven.min.js (2)
[8292:6936:1224/173351.051:INFO:CONSOLE(2)] "ancestorIframeChanged:-1639,193", source: https://cdn.ravenjs.com/3.22.3/raven.min.js (2)
[8292:6936:1224/173353.020:INFO:CONSOLE(2)] "ancestorIframeChanged:-1209,211", source: https://cdn.ravenjs.com/3.22.3/raven.min.js (2)
[8292:6936:1224/173353.021:INFO:CONSOLE(2)] "ancestorIframeChanged:791,303", source: https://cdn.ravenjs.com/3.22.3/raven.min.js (2)
[8292:6936:1224/173353.023:INFO:CONSOLE(2)] "ancestorIframeChanged:-1639,193", source: https://cdn.ravenjs.com/3.22.3/raven.min.js (2)
[8292:6936:1224/173354.319:INFO:CONSOLE(2)] "ancestorIframeChanged:-1209,211", source: https://cdn.ravenjs.com/3.22.3/raven.min.js (2)
[8292:6936:1224/173354.321:INFO:CONSOLE(2)] "ancestorIframeChanged:791,303", source: https://cdn.ravenjs.com/3.22.3/raven.min.js (2)
[8292:6936:1224/173354.323:INFO:CONSOLE(2)] "ancestorIframeChanged:-1639,193", source: https://cdn.ravenjs.com/3.22.3/raven.min.js (2)
[8292:6936:1224/173355.659:INFO:CONSOLE(2)] "ancestorIframeChanged:-1209,211", source: https://cdn.ravenjs.com/3.22.3/raven.min.js (2)
[8292:6936:1224/173355.662:INFO:CONSOLE(2)] "ancestorIframeChanged:791,303", source: https://cdn.ravenjs.com/3.22.3/raven.min.js (2)
[8292:6936:1224/173355.666:INFO:CONSOLE(2)] "ancestorIframeChanged:-1639,193", source: https://cdn.ravenjs.com/3.22.3/raven.min.js (2)
[8292:6936:1224/173357.725:INFO:CONSOLE(252)] "module-question/i18n/lang.js", source: http://tgc.stu.126.net/pub/s/teachold/core_8f48212905a0a11b856194fc3ce1a9de.js (252)
[8292:6936:1224/173357.726:INFO:CONSOLE(253)] "module-question/wapUiHelp", source: http://tgc.stu.126.net/pub/s/teachold/core_8f48212905a0a11b856194fc3ce1a9de.js (253)
[8292:6936:1224/173357.742:INFO:CONSOLE(257)] "module-question/wapUiViewHelp.js", source: http://tgc.stu.126.net/pub/s/teachold/core_8f48212905a0a11b856194fc3ce1a9de.js (257)
[8292:6936:1224/173359.897:INFO:CONSOLE(252)] "module-question/i18n/lang.js", source: http://tgc.stu.126.net/pub/s/teachold/core_8f48212905a0a11b856194fc3ce1a9de.js (252)
[8292:6936:1224/173359.897:INFO:CONSOLE(253)] "module-question/wapUiHelp", source: http://tgc.stu.126.net/pub/s/teachold/core_8f48212905a0a11b856194fc3ce1a9de.js (253)
[8292:6936:1224/173359.914:INFO:CONSOLE(257)] "module-question/wapUiViewHelp.js", source: http://tgc.stu.126.net/pub/s/teachold/core_8f48212905a0a11b856194fc3ce1a9de.js (257)
[8292:6936:1224/173430.035:INFO:CONSOLE(2)] "module-question/i18n/lang.js", source: https://cdn.ravenjs.com/3.22.3/raven.min.js (2)
[8292:6936:1224/173430.036:INFO:CONSOLE(2)] "module-question/wapUiHelp", source: https://cdn.ravenjs.com/3.22.3/raven.min.js (2)
[8292:6936:1224/173430.040:INFO:CONSOLE(2)] "module-question/wapUiViewHelp.js", source: https://cdn.ravenjs.com/3.22.3/raven.min.js (2)
[8292:6936:1224/173430.687:INFO:CONSOLE(0)] "[DOM] Password field is not contained in a form: (More info: https://goo.gl/9p2vKq) %o", source: https://geek.163.com/path/member/login?returnUrl=aHR0cDovL3RlYWNoLmdlZWsuMTYzLmNvbS80MDAwMDAwMDA2NzIwNjQuaHRt (0)
[8292:6936:1224/173430.688:INFO:CONSOLE(0)] "[DOM] Password field is not contained in a form: (More info: https://goo.gl/9p2vKq) %o", source: https://geek.163.com/path/member/login?returnUrl=aHR0cDovL3RlYWNoLmdlZWsuMTYzLmNvbS80MDAwMDAwMDA2NzIwNjQuaHRt (0)
[8292:6936:1224/173430.689:INFO:CONSOLE(0)] "[DOM] Password field is not contained in a form: (More info: https://goo.gl/9p2vKq) %o", source: https://geek.163.com/path/member/login?returnUrl=aHR0cDovL3RlYWNoLmdlZWsuMTYzLmNvbS80MDAwMDAwMDA2NzIwNjQuaHRt (0)
[8292:6936:1224/173430.689:INFO:CONSOLE(0)] "[DOM] Password field is not contained in a form: (More info: https://goo.gl/9p2vKq) %o", source: https://geek.163.com/path/member/login?returnUrl=aHR0cDovL3RlYWNoLmdlZWsuMTYzLmNvbS80MDAwMDAwMDA2NzIwNjQuaHRt (0)
[8292:6936:1224/173430.689:INFO:CONSOLE(0)] "[DOM] Password field is not contained in a form: (More info: https://goo.gl/9p2vKq) %o", source: https://geek.163.com/path/member/login?returnUrl=aHR0cDovL3RlYWNoLmdlZWsuMTYzLmNvbS80MDAwMDAwMDA2NzIwNjQuaHRt (0)
[8292:6936:1224/173430.689:INFO:CONSOLE(0)] "[DOM] Password field is not contained in a form: (More info: https://goo.gl/9p2vKq) %o", source: https://geek.163.com/path/member/login?returnUrl=aHR0cDovL3RlYWNoLmdlZWsuMTYzLmNvbS80MDAwMDAwMDA2NzIwNjQuaHRt (0)
[8292:6936:1224/173430.690:INFO:CONSOLE(0)] "[DOM] Password field is not contained in a form: (More info: https://goo.gl/9p2vKq) %o", source: https://geek.163.com/path/member/login?returnUrl=aHR0cDovL3RlYWNoLmdlZWsuMTYzLmNvbS80MDAwMDAwMDA2NzIwNjQuaHRt (0)
[8292:6936:1224/173430.690:INFO:CONSOLE(0)] "[DOM] Password field is not contained in a form: (More info: https://goo.gl/9p2vKq) %o", source: https://geek.163.com/path/member/login?returnUrl=aHR0cDovL3RlYWNoLmdlZWsuMTYzLmNvbS80MDAwMDAwMDA2NzIwNjQuaHRt (0)
[8292:6936:1224/173430.690:INFO:CONSOLE(0)] "[DOM] Password field is not contained in a form: (More info: https://goo.gl/9p2vKq) %o", source: https://geek.163.com/path/member/login?returnUrl=aHR0cDovL3RlYWNoLmdlZWsuMTYzLmNvbS80MDAwMDAwMDA2NzIwNjQuaHRt (0)
[8292:6936:1224/173431.581:INFO:CONSOLE(0)] "[DOM] Input elements should have autocomplete attributes (suggested: "new-password"): (More info: https://goo.gl/9p2vKq) %o", source: https://webzj.reg.163.com/v1.0.1/pub/index_dl.html?cd=%2F%2Fedu-cms.nosdn.127.net%2Ftopics%2Fcss%2F&cf=kada_urs_course_4c152c9f26817efac4936d84ec1baa71.css&MGID=1545644070396.6313&wdaId=UA1438236666413&pkid=VelXuSo&product=kada (0)
[8292:6936:1224/173431.583:INFO:CONSOLE(0)] "[DOM] Input elements should have autocomplete attributes (suggested: "new-password"): (More info: https://goo.gl/9p2vKq) %o", source: https://webzj.reg.163.com/v1.0.1/pub/index.html?cd=%2F%2Fedu-cms.nosdn.127.net%2Ftopics%2Fcss%2F&cf=kada_urs_course_4c152c9f26817efac4936d84ec1baa71.css&MGID=1545644070422.3792&wdaId=UA1438236666413&pkid=VelXuSo&product=kada (0)
[8292:6936:1224/173431.588:INFO:CONSOLE(0)] "[DOM] Input elements should have autocomplete attributes (suggested: "new-password"): (More info: https://goo.gl/9p2vKq) %o", source: https://webzj.reg.163.com/v1.0.1/pub/index_reg.html?cd=%2F%2Fedu-cms.nosdn.127.net%2Ftopics%2Fcss%2F&cf=kada_urs_register_course_3d3c8920fcb04752d050df94efe9f31a.css&MGID=1545644070429.1663&wdaId=UA1438236666413&pkid=VelXuSo&product=kada (0)
[8292:6936:1224/173431.842:INFO:CONSOLE(2)] "ancestorIframeChanged:791,303", source: https://cdn.ravenjs.com/3.22.3/raven.min.js (2)
[8292:6936:1224/173431.843:INFO:CONSOLE(2)] "ancestorIframeChanged:-1209,211", source: https://cdn.ravenjs.com/3.22.3/raven.min.js (2)
[8292:6936:1224/173431.848:INFO:CONSOLE(2)] "ancestorIframeChanged:-1639,193", source: https://cdn.ravenjs.com/3.22.3/raven.min.js (2)
[8292:6936:1224/173432.926:INFO:CONSOLE(2)] "ancestorIframeChanged:791,303", source: https://cdn.ravenjs.com/3.22.3/raven.min.js (2)
[8292:6936:1224/173432.927:INFO:CONSOLE(2)] "ancestorIframeChanged:-1209,211", source: https://cdn.ravenjs.com/3.22.3/raven.min.js (2)
[8292:6936:1224/173432.930:INFO:CONSOLE(2)] "ancestorIframeChanged:-1639,193", source: https://cdn.ravenjs.com/3.22.3/raven.min.js (2)
[8292:6936:1224/173434.119:INFO:CONSOLE(2)] "ancestorIframeChanged:-1209,211", source: https://cdn.ravenjs.com/3.22.3/raven.min.js (2)
[8292:6936:1224/173434.121:INFO:CONSOLE(2)] "ancestorIframeChanged:791,303", source: https://cdn.ravenjs.com/3.22.3/raven.min.js (2)
[8292:6936:1224/173434.123:INFO:CONSOLE(2)] "ancestorIframeChanged:-1639,193", source: https://cdn.ravenjs.com/3.22.3/raven.min.js (2)
[8292:6936:1224/173436.258:INFO:CONSOLE(2)] "ancestorIframeChanged:-1209,211", source: https://cdn.ravenjs.com/3.22.3/raven.min.js (2)
[8292:6936:1224/173436.260:INFO:CONSOLE(2)] "ancestorIframeChanged:791,303", source: https://cdn.ravenjs.com/3.22.3/raven.min.js (2)
[8292:6936:1224/173436.263:INFO:CONSOLE(2)] "ancestorIframeChanged:-1639,193", source: https://cdn.ravenjs.com/3.22.3/raven.min.js (2)
[8292:6936:1224/173437.522:INFO:CONSOLE(2)] "ancestorIframeChanged:-1209,211", source: https://cdn.ravenjs.com/3.22.3/raven.min.js (2)
[8292:6936:1224/173437.523:INFO:CONSOLE(2)] "ancestorIframeChanged:791,303", source: https://cdn.ravenjs.com/3.22.3/raven.min.js (2)
[8292:6936:1224/173437.525:INFO:CONSOLE(2)] "ancestorIframeChanged:-1639,193", source: https://cdn.ravenjs.com/3.22.3/raven.min.js (2)
[8292:6936:1224/173438.836:INFO:CONSOLE(2)] "ancestorIframeChanged:-1209,211", source: https://cdn.ravenjs.com/3.22.3/raven.min.js (2)
[8292:6936:1224/173438.837:INFO:CONSOLE(2)] "ancestorIframeChanged:791,303", source: https://cdn.ravenjs.com/3.22.3/raven.min.js (2)
[8292:6936:1224/173438.838:INFO:CONSOLE(2)] "ancestorIframeChanged:-1639,193", source: https://cdn.ravenjs.com/3.22.3/raven.min.js (2)
[8292:6936:1224/173440.824:INFO:CONSOLE(252)] "module-question/i18n/lang.js", source: http://tgc.stu.126.net/pub/s/teachold/core_8f48212905a0a11b856194fc3ce1a9de.js (252)
[8292:6936:1224/173440.824:INFO:CONSOLE(253)] "module-question/wapUiHelp", source: http://tgc.stu.126.net/pub/s/teachold/core_8f48212905a0a11b856194fc3ce1a9de.js (253)
[8292:6936:1224/173440.844:INFO:CONSOLE(257)] "module-question/wapUiViewHelp.js", source: http://tgc.stu.126.net/pub/s/teachold/core_8f48212905a0a11b856194fc3ce1a9de.js (257)
[8292:6936:1224/173442.869:INFO:CONSOLE(252)] "module-question/i18n/lang.js", source: http://tgc.stu.126.net/pub/s/teachold/core_8f48212905a0a11b856194fc3ce1a9de.js (252)
[8292:6936:1224/173442.870:INFO:CONSOLE(253)] "module-question/wapUiHelp", source: http://tgc.stu.126.net/pub/s/teachold/core_8f48212905a0a11b856194fc3ce1a9de.js (253)
[8292:6936:1224/173442.882:INFO:CONSOLE(257)] "module-question/wapUiViewHelp.js", source: http://tgc.stu.126.net/pub/s/teachold/core_8f48212905a0a11b856194fc3ce1a9de.js (257)
[8292:6936:1224/173448.339:INFO:CONSOLE(619)] "ancestorIframeChanged:676,423", source:  (619)
[8292:6936:1224/173449.569:INFO:CONSOLE(619)] "ancestorIframeChanged:676,423", source:  (619)
[8292:6936:1224/173450.887:INFO:CONSOLE(619)] "ancestorIframeChanged:676,423", source:  (619)
[8292:6936:1224/173452.012:INFO:CONSOLE(619)] "ancestorIframeChanged:676,423", source:  (619)
[8292:6936:1224/173458.180:INFO:CONSOLE(619)] "ancestorIframeChanged:676,428", source:  (619)
[8292:6936:1224/173505.800:INFO:CONSOLE(2)] "module-question/i18n/lang.js", source: https://cdn.ravenjs.com/3.22.3/raven.min.js (2)
[8292:6936:1224/173505.800:INFO:CONSOLE(2)] "module-question/wapUiHelp", source: https://cdn.ravenjs.com/3.22.3/raven.min.js (2)
[8292:6936:1224/173505.801:INFO:CONSOLE(2)] "module-question/wapUiViewHelp.js", source: https://cdn.ravenjs.com/3.22.3/raven.min.js (2)
[8292:6936:1224/173506.354:INFO:CONSOLE(0)] "[DOM] Password field is not contained in a form: (More info: https://goo.gl/9p2vKq) %o", source: https://geek.163.com/path/member/login?returnUrl=aHR0cDovL3RlYWNoLmdlZWsuMTYzLmNvbS80MDAwMDAwMDA2NzIwNjQuaHRt (0)
[8292:6936:1224/173506.354:INFO:CONSOLE(0)] "[DOM] Password field is not contained in a form: (More info: https://goo.gl/9p2vKq) %o", source: https://geek.163.com/path/member/login?returnUrl=aHR0cDovL3RlYWNoLmdlZWsuMTYzLmNvbS80MDAwMDAwMDA2NzIwNjQuaHRt (0)
[8292:6936:1224/173506.355:INFO:CONSOLE(0)] "[DOM] Password field is not contained in a form: (More info: https://goo.gl/9p2vKq) %o", source: https://geek.163.com/path/member/login?returnUrl=aHR0cDovL3RlYWNoLmdlZWsuMTYzLmNvbS80MDAwMDAwMDA2NzIwNjQuaHRt (0)
[8292:6936:1224/173506.355:INFO:CONSOLE(0)] "[DOM] Password field is not contained in a form: (More info: https://goo.gl/9p2vKq) %o", source: https://geek.163.com/path/member/login?returnUrl=aHR0cDovL3RlYWNoLmdlZWsuMTYzLmNvbS80MDAwMDAwMDA2NzIwNjQuaHRt (0)
[8292:6936:1224/173506.355:INFO:CONSOLE(0)] "[DOM] Password field is not contained in a form: (More info: https://goo.gl/9p2vKq) %o", source: https://geek.163.com/path/member/login?returnUrl=aHR0cDovL3RlYWNoLmdlZWsuMTYzLmNvbS80MDAwMDAwMDA2NzIwNjQuaHRt (0)
[8292:6936:1224/173506.355:INFO:CONSOLE(0)] "[DOM] Password field is not contained in a form: (More info: https://goo.gl/9p2vKq) %o", source: https://geek.163.com/path/member/login?returnUrl=aHR0cDovL3RlYWNoLmdlZWsuMTYzLmNvbS80MDAwMDAwMDA2NzIwNjQuaHRt (0)
[8292:6936:1224/173506.355:INFO:CONSOLE(0)] "[DOM] Password field is not contained in a form: (More info: https://goo.gl/9p2vKq) %o", source: https://geek.163.com/path/member/login?returnUrl=aHR0cDovL3RlYWNoLmdlZWsuMTYzLmNvbS80MDAwMDAwMDA2NzIwNjQuaHRt (0)
[8292:6936:1224/173506.355:INFO:CONSOLE(0)] "[DOM] Password field is not contained in a form: (More info: https://goo.gl/9p2vKq) %o", source: https://geek.163.com/path/member/login?returnUrl=aHR0cDovL3RlYWNoLmdlZWsuMTYzLmNvbS80MDAwMDAwMDA2NzIwNjQuaHRt (0)
[8292:6936:1224/173506.355:INFO:CONSOLE(0)] "[DOM] Password field is not contained in a form: (More info: https://goo.gl/9p2vKq) %o", source: https://geek.163.com/path/member/login?returnUrl=aHR0cDovL3RlYWNoLmdlZWsuMTYzLmNvbS80MDAwMDAwMDA2NzIwNjQuaHRt (0)
[8292:6936:1224/173506.788:INFO:CONSOLE(0)] "[DOM] Input elements should have autocomplete attributes (suggested: "new-password"): (More info: https://goo.gl/9p2vKq) %o", source: https://webzj.reg.163.com/v1.0.1/pub/index_dl.html?cd=%2F%2Fedu-cms.nosdn.127.net%2Ftopics%2Fcss%2F&cf=kada_urs_course_4c152c9f26817efac4936d84ec1baa71.css&MGID=1545644106070.3457&wdaId=UA1438236666413&pkid=VelXuSo&product=kada (0)
[8292:6936:1224/173507.147:INFO:CONSOLE(0)] "[DOM] Input elements should have autocomplete attributes (suggested: "new-password"): (More info: https://goo.gl/9p2vKq) %o", source: https://webzj.reg.163.com/v1.0.1/pub/index_reg.html?cd=%2F%2Fedu-cms.nosdn.127.net%2Ftopics%2Fcss%2F&cf=kada_urs_register_course_3d3c8920fcb04752d050df94efe9f31a.css&MGID=1545644106097.9006&wdaId=UA1438236666413&pkid=VelXuSo&product=kada (0)
[8292:6936:1224/173507.168:INFO:CONSOLE(0)] "[DOM] Input elements should have autocomplete attributes (suggested: "new-password"): (More info: https://goo.gl/9p2vKq) %o", source: https://webzj.reg.163.com/v1.0.1/pub/index.html?cd=%2F%2Fedu-cms.nosdn.127.net%2Ftopics%2Fcss%2F&cf=kada_urs_course_4c152c9f26817efac4936d84ec1baa71.css&MGID=1545644106089.491&wdaId=UA1438236666413&pkid=VelXuSo&product=kada (0)
[8292:6936:1224/173507.636:INFO:CONSOLE(2)] "ancestorIframeChanged:791,303", source: https://cdn.ravenjs.com/3.22.3/raven.min.js (2)
[8292:6936:1224/173507.639:INFO:CONSOLE(2)] "ancestorIframeChanged:-1209,211", source: https://cdn.ravenjs.com/3.22.3/raven.min.js (2)
[8292:6936:1224/173507.644:INFO:CONSOLE(2)] "ancestorIframeChanged:-1639,193", source: https://cdn.ravenjs.com/3.22.3/raven.min.js (2)
[8292:6936:1224/173508.731:INFO:CONSOLE(2)] "ancestorIframeChanged:791,303", source: https://cdn.ravenjs.com/3.22.3/raven.min.js (2)
[8292:6936:1224/173508.735:INFO:CONSOLE(2)] "ancestorIframeChanged:-1209,211", source: https://cdn.ravenjs.com/3.22.3/raven.min.js (2)
[8292:6936:1224/173508.739:INFO:CONSOLE(2)] "ancestorIframeChanged:-1639,193", source: https://cdn.ravenjs.com/3.22.3/raven.min.js (2)
[8292:6936:1224/173510.389:INFO:CONSOLE(2)] "ancestorIframeChanged:-1209,211", source: https://cdn.ravenjs.com/3.22.3/raven.min.js (2)
[8292:6936:1224/173510.390:INFO:CONSOLE(2)] "ancestorIframeChanged:791,303", source: https://cdn.ravenjs.com/3.22.3/raven.min.js (2)
[8292:6936:1224/173510.393:INFO:CONSOLE(2)] "ancestorIframeChanged:-1639,193", source: https://cdn.ravenjs.com/3.22.3/raven.min.js (2)
[8292:6936:1224/173512.815:INFO:CONSOLE(2)] "ancestorIframeChanged:-1209,211", source: https://cdn.ravenjs.com/3.22.3/raven.min.js (2)
[8292:6936:1224/173512.817:INFO:CONSOLE(2)] "ancestorIframeChanged:791,303", source: https://cdn.ravenjs.com/3.22.3/raven.min.js (2)
[8292:6936:1224/173512.820:INFO:CONSOLE(2)] "ancestorIframeChanged:-1639,193", source: https://cdn.ravenjs.com/3.22.3/raven.min.js (2)
[8292:6936:1224/173514.104:INFO:CONSOLE(2)] "ancestorIframeChanged:-1209,211", source: https://cdn.ravenjs.com/3.22.3/raven.min.js (2)
[8292:6936:1224/173514.105:INFO:CONSOLE(2)] "ancestorIframeChanged:791,303", source: https://cdn.ravenjs.com/3.22.3/raven.min.js (2)
[8292:6936:1224/173514.107:INFO:CONSOLE(2)] "ancestorIframeChanged:-1639,193", source: https://cdn.ravenjs.com/3.22.3/raven.min.js (2)
[8292:6936:1224/173515.830:INFO:CONSOLE(2)] "ancestorIframeChanged:-1209,211", source: https://cdn.ravenjs.com/3.22.3/raven.min.js (2)
[8292:6936:1224/173515.834:INFO:CONSOLE(2)] "ancestorIframeChanged:791,303", source: https://cdn.ravenjs.com/3.22.3/raven.min.js (2)
[8292:6936:1224/173515.835:INFO:CONSOLE(2)] "ancestorIframeChanged:-1639,193", source: https://cdn.ravenjs.com/3.22.3/raven.min.js (2)
[8292:6936:1224/173517.477:INFO:CONSOLE(252)] "module-question/i18n/lang.js", source: http://tgc.stu.126.net/pub/s/teachold/core_8f48212905a0a11b856194fc3ce1a9de.js (252)
[8292:6936:1224/173517.477:INFO:CONSOLE(253)] "module-question/wapUiHelp", source: http://tgc.stu.126.net/pub/s/teachold/core_8f48212905a0a11b856194fc3ce1a9de.js (253)
[8292:6936:1224/173517.491:INFO:CONSOLE(257)] "module-question/wapUiViewHelp.js", source: http://tgc.stu.126.net/pub/s/teachold/core_8f48212905a0a11b856194fc3ce1a9de.js (257)
[8292:6936:1224/173519.062:INFO:CONSOLE(252)] "module-question/i18n/lang.js", source: http://tgc.stu.126.net/pub/s/teachold/core_8f48212905a0a11b856194fc3ce1a9de.js (252)
[8292:6936:1224/173519.063:INFO:CONSOLE(253)] "module-question/wapUiHelp", source: http://tgc.stu.126.net/pub/s/teachold/core_8f48212905a0a11b856194fc3ce1a9de.js (253)
[8292:6936:1224/173519.074:INFO:CONSOLE(257)] "module-question/wapUiViewHelp.js", source: http://tgc.stu.126.net/pub/s/teachold/core_8f48212905a0a11b856194fc3ce1a9de.js (257)
[8292:6936:1224/173520.276:INFO:CONSOLE(316)] "recomputeFixedHeight", source: http://tgc.stu.126.net/pub/s/teachold/core_8f48212905a0a11b856194fc3ce1a9de.js (316)
[8292:6936:1224/173520.279:INFO:CONSOLE(316)] "check width", source: http://tgc.stu.126.net/pub/s/teachold/core_8f48212905a0a11b856194fc3ce1a9de.js (316)
[8292:6936:1224/173520.283:INFO:CONSOLE(316)] "cntWidth=1800", source: http://tgc.stu.126.net/pub/s/teachold/core_8f48212905a0a11b856194fc3ce1a9de.js (316)
[8292:6936:1224/173520.283:INFO:CONSOLE(316)] "wrpWidth=938", source: http://tgc.stu.126.net/pub/s/teachold/core_8f48212905a0a11b856194fc3ce1a9de.js (316)
[8292:6936:1224/173520.294:INFO:CONSOLE(316)] "recomputeFixedHeight", source: http://tgc.stu.126.net/pub/s/teachold/core_8f48212905a0a11b856194fc3ce1a9de.js (316)
[8292:6936:1224/173520.390:INFO:CONSOLE(316)] "check width", source: http://tgc.stu.126.net/pub/s/teachold/core_8f48212905a0a11b856194fc3ce1a9de.js (316)
[8292:6936:1224/173520.390:INFO:CONSOLE(316)] "cntWidth=1800", source: http://tgc.stu.126.net/pub/s/teachold/core_8f48212905a0a11b856194fc3ce1a9de.js (316)
[8292:6936:1224/173520.390:INFO:CONSOLE(316)] "wrpWidth=938", source: http://tgc.stu.126.net/pub/s/teachold/core_8f48212905a0a11b856194fc3ce1a9de.js (316)
[8292:6936:1224/173520.484:INFO:CONSOLE(316)] "recomputeFixedHeight", source: http://tgc.stu.126.net/pub/s/teachold/core_8f48212905a0a11b856194fc3ce1a9de.js (316)
[8292:6936:1224/173520.587:INFO:CONSOLE(316)] "recomputeFixedHeight", source: http://tgc.stu.126.net/pub/s/teachold/core_8f48212905a0a11b856194fc3ce1a9de.js (316)
[8292:6936:1224/173520.588:INFO:CONSOLE(316)] "check width", source: http://tgc.stu.126.net/pub/s/teachold/core_8f48212905a0a11b856194fc3ce1a9de.js (316)
[8292:6936:1224/173520.588:INFO:CONSOLE(316)] "cntWidth=1800", source: http://tgc.stu.126.net/pub/s/teachold/core_8f48212905a0a11b856194fc3ce1a9de.js (316)
[8292:6936:1224/173520.588:INFO:CONSOLE(316)] "wrpWidth=938", source: http://tgc.stu.126.net/pub/s/teachold/core_8f48212905a0a11b856194fc3ce1a9de.js (316)
[8292:6936:1224/173544.039:INFO:CONSOLE(316)] "recomputeFixedHeight", source: http://tgc.stu.126.net/pub/s/teachold/core_8f48212905a0a11b856194fc3ce1a9de.js (316)
[8292:6936:1224/173544.148:INFO:CONSOLE(316)] "recomputeFixedHeight", source: http://tgc.stu.126.net/pub/s/teachold/core_8f48212905a0a11b856194fc3ce1a9de.js (316)
[8292:6936:1224/173544.149:INFO:CONSOLE(316)] "check width", source: http://tgc.stu.126.net/pub/s/teachold/core_8f48212905a0a11b856194fc3ce1a9de.js (316)
[8292:6936:1224/173544.164:INFO:CONSOLE(316)] "cntWidth=1800", source: http://tgc.stu.126.net/pub/s/teachold/core_8f48212905a0a11b856194fc3ce1a9de.js (316)
[8292:6936:1224/173544.164:INFO:CONSOLE(316)] "wrpWidth=938", source: http://tgc.stu.126.net/pub/s/teachold/core_8f48212905a0a11b856194fc3ce1a9de.js (316)
[8292:6936:1224/173548.817:INFO:CONSOLE(316)] "recomputeFixedHeight", source: http://tgc.stu.126.net/pub/s/teachold/core_8f48212905a0a11b856194fc3ce1a9de.js (316)
[8292:6936:1224/173548.920:INFO:CONSOLE(316)] "recomputeFixedHeight", source: http://tgc.stu.126.net/pub/s/teachold/core_8f48212905a0a11b856194fc3ce1a9de.js (316)
[8292:6936:1224/173548.921:INFO:CONSOLE(316)] "check width", source: http://tgc.stu.126.net/pub/s/teachold/core_8f48212905a0a11b856194fc3ce1a9de.js (316)
[8292:6936:1224/173548.921:INFO:CONSOLE(316)] "cntWidth=1800", source: http://tgc.stu.126.net/pub/s/teachold/core_8f48212905a0a11b856194fc3ce1a9de.js (316)
[8292:6936:1224/173548.921:INFO:CONSOLE(316)] "wrpWidth=938", source: http://tgc.stu.126.net/pub/s/teachold/core_8f48212905a0a11b856194fc3ce1a9de.js (316)
[8292:6936:1224/173608.522:INFO:CONSOLE(252)] "module-question/i18n/lang.js", source: http://tgc.stu.126.net/pub/s/teachold/core_8f48212905a0a11b856194fc3ce1a9de.js (252)
[8292:6936:1224/173608.522:INFO:CONSOLE(253)] "module-question/wapUiHelp", source: http://tgc.stu.126.net/pub/s/teachold/core_8f48212905a0a11b856194fc3ce1a9de.js (253)
[8292:6936:1224/173608.535:INFO:CONSOLE(257)] "module-question/wapUiViewHelp.js", source: http://tgc.stu.126.net/pub/s/teachold/core_8f48212905a0a11b856194fc3ce1a9de.js (257)
[8292:6936:1224/173609.857:INFO:CONSOLE(316)] "recomputeFixedHeight", source: http://tgc.stu.126.net/pub/s/teachold/core_8f48212905a0a11b856194fc3ce1a9de.js (316)
[8292:6936:1224/173609.858:INFO:CONSOLE(316)] "check width", source: http://tgc.stu.126.net/pub/s/teachold/core_8f48212905a0a11b856194fc3ce1a9de.js (316)
[8292:6936:1224/173609.860:INFO:CONSOLE(316)] "cntWidth=1800", source: http://tgc.stu.126.net/pub/s/teachold/core_8f48212905a0a11b856194fc3ce1a9de.js (316)
[8292:6936:1224/173609.860:INFO:CONSOLE(316)] "wrpWidth=938", source: http://tgc.stu.126.net/pub/s/teachold/core_8f48212905a0a11b856194fc3ce1a9de.js (316)
[8292:6936:1224/173609.867:INFO:CONSOLE(316)] "recomputeFixedHeight", source: http://tgc.stu.126.net/pub/s/teachold/core_8f48212905a0a11b856194fc3ce1a9de.js (316)
[8292:6936:1224/173609.868:INFO:CONSOLE(316)] "check width", source: http://tgc.stu.126.net/pub/s/teachold/core_8f48212905a0a11b856194fc3ce1a9de.js (316)
[8292:6936:1224/173609.868:INFO:CONSOLE(316)] "cntWidth=1800", source: http://tgc.stu.126.net/pub/s/teachold/core_8f48212905a0a11b856194fc3ce1a9de.js (316)
[8292:6936:1224/173609.868:INFO:CONSOLE(316)] "wrpWidth=938", source: http://tgc.stu.126.net/pub/s/teachold/core_8f48212905a0a11b856194fc3ce1a9de.js (316)
[8292:6936:1224/173610.115:INFO:CONSOLE(316)] "recomputeFixedHeight", source: http://tgc.stu.126.net/pub/s/teachold/core_8f48212905a0a11b856194fc3ce1a9de.js (316)
[8292:6936:1224/173610.216:INFO:CONSOLE(316)] "recomputeFixedHeight", source: http://tgc.stu.126.net/pub/s/teachold/core_8f48212905a0a11b856194fc3ce1a9de.js (316)
[8292:6936:1224/173610.217:INFO:CONSOLE(316)] "check width", source: http://tgc.stu.126.net/pub/s/teachold/core_8f48212905a0a11b856194fc3ce1a9de.js (316)
[8292:6936:1224/173610.217:INFO:CONSOLE(316)] "cntWidth=1800", source: http://tgc.stu.126.net/pub/s/teachold/core_8f48212905a0a11b856194fc3ce1a9de.js (316)
[8292:6936:1224/173610.218:INFO:CONSOLE(316)] "wrpWidth=938", source: http://tgc.stu.126.net/pub/s/teachold/core_8f48212905a0a11b856194fc3ce1a9de.js (316)
[8292:6936:1224/173620.045:INFO:CONSOLE(316)] "recomputeFixedHeight", source: http://tgc.stu.126.net/pub/s/teachold/core_8f48212905a0a11b856194fc3ce1a9de.js (316)
[8292:6936:1224/173620.147:INFO:CONSOLE(316)] "recomputeFixedHeight", source: http://tgc.stu.126.net/pub/s/teachold/core_8f48212905a0a11b856194fc3ce1a9de.js (316)
[8292:6936:1224/173620.147:INFO:CONSOLE(316)] "check width", source: http://tgc.stu.126.net/pub/s/teachold/core_8f48212905a0a11b856194fc3ce1a9de.js (316)
[8292:6936:1224/173620.148:INFO:CONSOLE(316)] "cntWidth=1800", source: http://tgc.stu.126.net/pub/s/teachold/core_8f48212905a0a11b856194fc3ce1a9de.js (316)
[8292:6936:1224/173620.148:INFO:CONSOLE(316)] "wrpWidth=938", source: http://tgc.stu.126.net/pub/s/teachold/core_8f48212905a0a11b856194fc3ce1a9de.js (316)
[8292:6936:1224/173626.290:INFO:CONSOLE(316)] "recomputeFixedHeight", source: http://tgc.stu.126.net/pub/s/teachold/core_8f48212905a0a11b856194fc3ce1a9de.js (316)
[8292:6936:1224/173626.389:INFO:CONSOLE(316)] "recomputeFixedHeight", source: http://tgc.stu.126.net/pub/s/teachold/core_8f48212905a0a11b856194fc3ce1a9de.js (316)
[8292:6936:1224/173626.392:INFO:CONSOLE(316)] "check width", source: http://tgc.stu.126.net/pub/s/teachold/core_8f48212905a0a11b856194fc3ce1a9de.js (316)
[8292:6936:1224/173626.393:INFO:CONSOLE(316)] "cntWidth=1800", source: http://tgc.stu.126.net/pub/s/teachold/core_8f48212905a0a11b856194fc3ce1a9de.js (316)
[8292:6936:1224/173626.393:INFO:CONSOLE(316)] "wrpWidth=938", source: http://tgc.stu.126.net/pub/s/teachold/core_8f48212905a0a11b856194fc3ce1a9de.js (316)
[8292:6936:1224/173648.165:INFO:CONSOLE(252)] "module-question/i18n/lang.js", source: http://tgc.stu.126.net/pub/s/teachold/core_8f48212905a0a11b856194fc3ce1a9de.js (252)
[8292:6936:1224/173648.166:INFO:CONSOLE(253)] "module-question/wapUiHelp", source: http://tgc.stu.126.net/pub/s/teachold/core_8f48212905a0a11b856194fc3ce1a9de.js (253)
[8292:6936:1224/173648.177:INFO:CONSOLE(257)] "module-question/wapUiViewHelp.js", source: http://tgc.stu.126.net/pub/s/teachold/core_8f48212905a0a11b856194fc3ce1a9de.js (257)
[8292:6936:1224/173649.367:INFO:CONSOLE(316)] "recomputeFixedHeight", source: http://tgc.stu.126.net/pub/s/teachold/core_8f48212905a0a11b856194fc3ce1a9de.js (316)
[8292:6936:1224/173649.368:INFO:CONSOLE(316)] "check width", source: http://tgc.stu.126.net/pub/s/teachold/core_8f48212905a0a11b856194fc3ce1a9de.js (316)
[8292:6936:1224/173649.368:INFO:CONSOLE(316)] "cntWidth=1800", source: http://tgc.stu.126.net/pub/s/teachold/core_8f48212905a0a11b856194fc3ce1a9de.js (316)
[8292:6936:1224/173649.368:INFO:CONSOLE(316)] "wrpWidth=938", source: http://tgc.stu.126.net/pub/s/teachold/core_8f48212905a0a11b856194fc3ce1a9de.js (316)
[8292:6936:1224/173649.371:INFO:CONSOLE(316)] "recomputeFixedHeight", source: http://tgc.stu.126.net/pub/s/teachold/core_8f48212905a0a11b856194fc3ce1a9de.js (316)
[8292:6936:1224/173649.371:INFO:CONSOLE(316)] "check width", source: http://tgc.stu.126.net/pub/s/teachold/core_8f48212905a0a11b856194fc3ce1a9de.js (316)
[8292:6936:1224/173649.372:INFO:CONSOLE(316)] "cntWidth=1800", source: http://tgc.stu.126.net/pub/s/teachold/core_8f48212905a0a11b856194fc3ce1a9de.js (316)
[8292:6936:1224/173649.372:INFO:CONSOLE(316)] "wrpWidth=938", source: http://tgc.stu.126.net/pub/s/teachold/core_8f48212905a0a11b856194fc3ce1a9de.js (316)
[8292:6936:1224/173649.552:INFO:CONSOLE(316)] "recomputeFixedHeight", source: http://tgc.stu.126.net/pub/s/teachold/core_8f48212905a0a11b856194fc3ce1a9de.js (316)
[8292:6936:1224/173649.659:INFO:CONSOLE(316)] "recomputeFixedHeight", source: http://tgc.stu.126.net/pub/s/teachold/core_8f48212905a0a11b856194fc3ce1a9de.js (316)
[8292:6936:1224/173649.659:INFO:CONSOLE(316)] "check width", source: http://tgc.stu.126.net/pub/s/teachold/core_8f48212905a0a11b856194fc3ce1a9de.js (316)
[8292:6936:1224/173649.659:INFO:CONSOLE(316)] "cntWidth=1800", source: http://tgc.stu.126.net/pub/s/teachold/core_8f48212905a0a11b856194fc3ce1a9de.js (316)
[8292:6936:1224/173649.659:INFO:CONSOLE(316)] "wrpWidth=938", source: http://tgc.stu.126.net/pub/s/teachold/core_8f48212905a0a11b856194fc3ce1a9de.js (316)
[8292:6936:1224/173705.184:INFO:CONSOLE(316)] "recomputeFixedHeight", source: http://tgc.stu.126.net/pub/s/teachold/core_8f48212905a0a11b856194fc3ce1a9de.js (316)
[8292:6936:1224/173705.288:INFO:CONSOLE(316)] "recomputeFixedHeight", source: http://tgc.stu.126.net/pub/s/teachold/core_8f48212905a0a11b856194fc3ce1a9de.js (316)
[8292:6936:1224/173705.301:INFO:CONSOLE(316)] "check width", source: http://tgc.stu.126.net/pub/s/teachold/core_8f48212905a0a11b856194fc3ce1a9de.js (316)
[8292:6936:1224/173705.302:INFO:CONSOLE(316)] "cntWidth=1800", source: http://tgc.stu.126.net/pub/s/teachold/core_8f48212905a0a11b856194fc3ce1a9de.js (316)
[8292:6936:1224/173705.303:INFO:CONSOLE(316)] "wrpWidth=938", source: http://tgc.stu.126.net/pub/s/teachold/core_8f48212905a0a11b856194fc3ce1a9de.js (316)
[8292:6936:1224/173708.052:INFO:CONSOLE(316)] "recomputeFixedHeight", source: http://tgc.stu.126.net/pub/s/teachold/core_8f48212905a0a11b856194fc3ce1a9de.js (316)
[8292:6936:1224/173708.155:INFO:CONSOLE(316)] "recomputeFixedHeight", source: http://tgc.stu.126.net/pub/s/teachold/core_8f48212905a0a11b856194fc3ce1a9de.js (316)
[8292:6936:1224/173708.156:INFO:CONSOLE(316)] "check width", source: http://tgc.stu.126.net/pub/s/teachold/core_8f48212905a0a11b856194fc3ce1a9de.js (316)
[8292:6936:1224/173708.157:INFO:CONSOLE(316)] "cntWidth=1800", source: http://tgc.stu.126.net/pub/s/teachold/core_8f48212905a0a11b856194fc3ce1a9de.js (316)
[8292:6936:1224/173708.157:INFO:CONSOLE(316)] "wrpWidth=938", source: http://tgc.stu.126.net/pub/s/teachold/core_8f48212905a0a11b856194fc3ce1a9de.js (316)
[8292:6936:1224/173727.367:INFO:CONSOLE(252)] "module-question/i18n/lang.js", source: http://tgc.stu.126.net/pub/s/teachold/core_8f48212905a0a11b856194fc3ce1a9de.js (252)
[8292:6936:1224/173727.368:INFO:CONSOLE(253)] "module-question/wapUiHelp", source: http://tgc.stu.126.net/pub/s/teachold/core_8f48212905a0a11b856194fc3ce1a9de.js (253)
[8292:6936:1224/173727.380:INFO:CONSOLE(257)] "module-question/wapUiViewHelp.js", source: http://tgc.stu.126.net/pub/s/teachold/core_8f48212905a0a11b856194fc3ce1a9de.js (257)
[8292:6936:1224/173728.596:INFO:CONSOLE(316)] "recomputeFixedHeight", source: http://tgc.stu.126.net/pub/s/teachold/core_8f48212905a0a11b856194fc3ce1a9de.js (316)
[8292:6936:1224/173728.597:INFO:CONSOLE(316)] "check width", source: http://tgc.stu.126.net/pub/s/teachold/core_8f48212905a0a11b856194fc3ce1a9de.js (316)
[8292:6936:1224/173728.598:INFO:CONSOLE(316)] "cntWidth=1800", source: http://tgc.stu.126.net/pub/s/teachold/core_8f48212905a0a11b856194fc3ce1a9de.js (316)
[8292:6936:1224/173728.598:INFO:CONSOLE(316)] "wrpWidth=938", source: http://tgc.stu.126.net/pub/s/teachold/core_8f48212905a0a11b856194fc3ce1a9de.js (316)
[8292:6936:1224/173728.601:INFO:CONSOLE(316)] "recomputeFixedHeight", source: http://tgc.stu.126.net/pub/s/teachold/core_8f48212905a0a11b856194fc3ce1a9de.js (316)
[8292:6936:1224/173728.602:INFO:CONSOLE(316)] "check width", source: http://tgc.stu.126.net/pub/s/teachold/core_8f48212905a0a11b856194fc3ce1a9de.js (316)
[8292:6936:1224/173728.602:INFO:CONSOLE(316)] "cntWidth=1800", source: http://tgc.stu.126.net/pub/s/teachold/core_8f48212905a0a11b856194fc3ce1a9de.js (316)
[8292:6936:1224/173728.602:INFO:CONSOLE(316)] "wrpWidth=938", source: http://tgc.stu.126.net/pub/s/teachold/core_8f48212905a0a11b856194fc3ce1a9de.js (316)
[8292:6936:1224/173728.831:INFO:CONSOLE(316)] "recomputeFixedHeight", source: http://tgc.stu.126.net/pub/s/teachold/core_8f48212905a0a11b856194fc3ce1a9de.js (316)
[8292:6936:1224/173728.934:INFO:CONSOLE(316)] "recomputeFixedHeight", source: http://tgc.stu.126.net/pub/s/teachold/core_8f48212905a0a11b856194fc3ce1a9de.js (316)
[8292:6936:1224/173728.935:INFO:CONSOLE(316)] "check width", source: http://tgc.stu.126.net/pub/s/teachold/core_8f48212905a0a11b856194fc3ce1a9de.js (316)
[8292:6936:1224/173728.935:INFO:CONSOLE(316)] "cntWidth=1800", source: http://tgc.stu.126.net/pub/s/teachold/core_8f48212905a0a11b856194fc3ce1a9de.js (316)
[8292:6936:1224/173728.936:INFO:CONSOLE(316)] "wrpWidth=938", source: http://tgc.stu.126.net/pub/s/teachold/core_8f48212905a0a11b856194fc3ce1a9de.js (316)
[8292:6936:1224/173735.206:INFO:CONSOLE(316)] "recomputeFixedHeight", source: http://tgc.stu.126.net/pub/s/teachold/core_8f48212905a0a11b856194fc3ce1a9de.js (316)
[8292:6936:1224/173735.310:INFO:CONSOLE(316)] "recomputeFixedHeight", source: http://tgc.stu.126.net/pub/s/teachold/core_8f48212905a0a11b856194fc3ce1a9de.js (316)
[8292:6936:1224/173735.311:INFO:CONSOLE(316)] "check width", source: http://tgc.stu.126.net/pub/s/teachold/core_8f48212905a0a11b856194fc3ce1a9de.js (316)
[8292:6936:1224/173735.311:INFO:CONSOLE(316)] "cntWidth=1800", source: http://tgc.stu.126.net/pub/s/teachold/core_8f48212905a0a11b856194fc3ce1a9de.js (316)
[8292:6936:1224/173735.311:INFO:CONSOLE(316)] "wrpWidth=938", source: http://tgc.stu.126.net/pub/s/teachold/core_8f48212905a0a11b856194fc3ce1a9de.js (316)
[8292:6936:1224/173739.936:INFO:CONSOLE(2)] "module-question/i18n/lang.js", source: https://cdn.ravenjs.com/3.22.3/raven.min.js (2)
[8292:6936:1224/173739.936:INFO:CONSOLE(2)] "module-question/wapUiHelp", source: https://cdn.ravenjs.com/3.22.3/raven.min.js (2)
[8292:6936:1224/173739.937:INFO:CONSOLE(2)] "module-question/wapUiViewHelp.js", source: https://cdn.ravenjs.com/3.22.3/raven.min.js (2)
[8292:6936:1224/173740.636:INFO:CONSOLE(0)] "[DOM] Password field is not contained in a form: (More info: https://goo.gl/9p2vKq) %o", source: https://geek.163.com/path/member/login?returnUrl=aHR0cDovL3RlYWNoLmdlZWsuMTYzLmNvbS80MDAwMDAwMDA2NzIwNjQuaHRt (0)
[8292:6936:1224/173740.636:INFO:CONSOLE(0)] "[DOM] Password field is not contained in a form: (More info: https://goo.gl/9p2vKq) %o", source: https://geek.163.com/path/member/login?returnUrl=aHR0cDovL3RlYWNoLmdlZWsuMTYzLmNvbS80MDAwMDAwMDA2NzIwNjQuaHRt (0)
[8292:6936:1224/173740.636:INFO:CONSOLE(0)] "[DOM] Password field is not contained in a form: (More info: https://goo.gl/9p2vKq) %o", source: https://geek.163.com/path/member/login?returnUrl=aHR0cDovL3RlYWNoLmdlZWsuMTYzLmNvbS80MDAwMDAwMDA2NzIwNjQuaHRt (0)
[8292:6936:1224/173740.637:INFO:CONSOLE(0)] "[DOM] Password field is not contained in a form: (More info: https://goo.gl/9p2vKq) %o", source: https://geek.163.com/path/member/login?returnUrl=aHR0cDovL3RlYWNoLmdlZWsuMTYzLmNvbS80MDAwMDAwMDA2NzIwNjQuaHRt (0)
[8292:6936:1224/173740.637:INFO:CONSOLE(0)] "[DOM] Password field is not contained in a form: (More info: https://goo.gl/9p2vKq) %o", source: https://geek.163.com/path/member/login?returnUrl=aHR0cDovL3RlYWNoLmdlZWsuMTYzLmNvbS80MDAwMDAwMDA2NzIwNjQuaHRt (0)
[8292:6936:1224/173740.637:INFO:CONSOLE(0)] "[DOM] Password field is not contained in a form: (More info: https://goo.gl/9p2vKq) %o", source: https://geek.163.com/path/member/login?returnUrl=aHR0cDovL3RlYWNoLmdlZWsuMTYzLmNvbS80MDAwMDAwMDA2NzIwNjQuaHRt (0)
[8292:6936:1224/173740.637:INFO:CONSOLE(0)] "[DOM] Password field is not contained in a form: (More info: https://goo.gl/9p2vKq) %o", source: https://geek.163.com/path/member/login?returnUrl=aHR0cDovL3RlYWNoLmdlZWsuMTYzLmNvbS80MDAwMDAwMDA2NzIwNjQuaHRt (0)
[8292:6936:1224/173740.637:INFO:CONSOLE(0)] "[DOM] Password field is not contained in a form: (More info: https://goo.gl/9p2vKq) %o", source: https://geek.163.com/path/member/login?returnUrl=aHR0cDovL3RlYWNoLmdlZWsuMTYzLmNvbS80MDAwMDAwMDA2NzIwNjQuaHRt (0)
[8292:6936:1224/173740.637:INFO:CONSOLE(0)] "[DOM] Password field is not contained in a form: (More info: https://goo.gl/9p2vKq) %o", source: https://geek.163.com/path/member/login?returnUrl=aHR0cDovL3RlYWNoLmdlZWsuMTYzLmNvbS80MDAwMDAwMDA2NzIwNjQuaHRt (0)
[8292:6936:1224/173740.912:INFO:CONSOLE(0)] "[DOM] Input elements should have autocomplete attributes (suggested: "new-password"): (More info: https://goo.gl/9p2vKq) %o", source: https://webzj.reg.163.com/v1.0.1/pub/index_reg.html?cd=%2F%2Fedu-cms.nosdn.127.net%2Ftopics%2Fcss%2F&cf=kada_urs_register_course_3d3c8920fcb04752d050df94efe9f31a.css&MGID=1545644260254.2976&wdaId=UA1438236666413&pkid=VelXuSo&product=kada (0)
[8292:6936:1224/173741.346:INFO:CONSOLE(0)] "[DOM] Input elements should have autocomplete attributes (suggested: "new-password"): (More info: https://goo.gl/9p2vKq) %o", source: https://webzj.reg.163.com/v1.0.1/pub/index.html?cd=%2F%2Fedu-cms.nosdn.127.net%2Ftopics%2Fcss%2F&cf=kada_urs_course_4c152c9f26817efac4936d84ec1baa71.css&MGID=1545644260246.2979&wdaId=UA1438236666413&pkid=VelXuSo&product=kada (0)
[8292:6936:1224/173741.348:INFO:CONSOLE(0)] "[DOM] Input elements should have autocomplete attributes (suggested: "new-password"): (More info: https://goo.gl/9p2vKq) %o", source: https://webzj.reg.163.com/v1.0.1/pub/index_dl.html?cd=%2F%2Fedu-cms.nosdn.127.net%2Ftopics%2Fcss%2F&cf=kada_urs_course_4c152c9f26817efac4936d84ec1baa71.css&MGID=1545644260228.7146&wdaId=UA1438236666413&pkid=VelXuSo&product=kada (0)
[8292:6936:1224/173741.938:INFO:CONSOLE(2)] "ancestorIframeChanged:791,303", source: https://cdn.ravenjs.com/3.22.3/raven.min.js (2)
[8292:6936:1224/173741.942:INFO:CONSOLE(2)] "ancestorIframeChanged:-1209,211", source: https://cdn.ravenjs.com/3.22.3/raven.min.js (2)
[8292:6936:1224/173741.947:INFO:CONSOLE(2)] "ancestorIframeChanged:-1639,193", source: https://cdn.ravenjs.com/3.22.3/raven.min.js (2)
[8292:6936:1224/173743.049:INFO:CONSOLE(2)] "ancestorIframeChanged:791,303", source: https://cdn.ravenjs.com/3.22.3/raven.min.js (2)
[8292:6936:1224/173743.052:INFO:CONSOLE(2)] "ancestorIframeChanged:-1209,211", source: https://cdn.ravenjs.com/3.22.3/raven.min.js (2)
[8292:6936:1224/173743.054:INFO:CONSOLE(2)] "ancestorIframeChanged:-1639,193", source: https://cdn.ravenjs.com/3.22.3/raven.min.js (2)
[8292:6936:1224/173744.213:INFO:CONSOLE(2)] "ancestorIframeChanged:-1209,211", source: https://cdn.ravenjs.com/3.22.3/raven.min.js (2)
[8292:6936:1224/173744.214:INFO:CONSOLE(2)] "ancestorIframeChanged:791,303", source: https://cdn.ravenjs.com/3.22.3/raven.min.js (2)
[8292:6936:1224/173744.217:INFO:CONSOLE(2)] "ancestorIframeChanged:-1639,193", source: https://cdn.ravenjs.com/3.22.3/raven.min.js (2)
[8292:6936:1224/173746.766:INFO:CONSOLE(2)] "ancestorIframeChanged:-1209,211", source: https://cdn.ravenjs.com/3.22.3/raven.min.js (2)
[8292:6936:1224/173746.767:INFO:CONSOLE(2)] "ancestorIframeChanged:791,303", source: https://cdn.ravenjs.com/3.22.3/raven.min.js (2)
[8292:6936:1224/173746.769:INFO:CONSOLE(2)] "ancestorIframeChanged:-1639,193", source: https://cdn.ravenjs.com/3.22.3/raven.min.js (2)
[8292:6936:1224/173748.034:INFO:CONSOLE(2)] "ancestorIframeChanged:-1209,211", source: https://cdn.ravenjs.com/3.22.3/raven.min.js (2)
[8292:6936:1224/173748.035:INFO:CONSOLE(2)] "ancestorIframeChanged:791,303", source: https://cdn.ravenjs.com/3.22.3/raven.min.js (2)
[8292:6936:1224/173748.037:INFO:CONSOLE(2)] "ancestorIframeChanged:-1639,193", source: https://cdn.ravenjs.com/3.22.3/raven.min.js (2)
[8292:6936:1224/173749.304:INFO:CONSOLE(2)] "ancestorIframeChanged:-1209,211", source: https://cdn.ravenjs.com/3.22.3/raven.min.js (2)
[8292:6936:1224/173749.306:INFO:CONSOLE(2)] "ancestorIframeChanged:791,303", source: https://cdn.ravenjs.com/3.22.3/raven.min.js (2)
[8292:6936:1224/173749.308:INFO:CONSOLE(2)] "ancestorIframeChanged:-1639,193", source: https://cdn.ravenjs.com/3.22.3/raven.min.js (2)
[8292:6936:1224/173750.932:INFO:CONSOLE(252)] "module-question/i18n/lang.js", source: http://tgc.stu.126.net/pub/s/teachold/core_8f48212905a0a11b856194fc3ce1a9de.js (252)
[8292:6936:1224/173750.932:INFO:CONSOLE(253)] "module-question/wapUiHelp", source: http://tgc.stu.126.net/pub/s/teachold/core_8f48212905a0a11b856194fc3ce1a9de.js (253)
[8292:6936:1224/173750.951:INFO:CONSOLE(257)] "module-question/wapUiViewHelp.js", source: http://tgc.stu.126.net/pub/s/teachold/core_8f48212905a0a11b856194fc3ce1a9de.js (257)
[8292:6936:1224/173752.865:INFO:CONSOLE(252)] "module-question/i18n/lang.js", source: http://tgc.stu.126.net/pub/s/teachold/core_8f48212905a0a11b856194fc3ce1a9de.js (252)
[8292:6936:1224/173752.867:INFO:CONSOLE(253)] "module-question/wapUiHelp", source: http://tgc.stu.126.net/pub/s/teachold/core_8f48212905a0a11b856194fc3ce1a9de.js (253)
[8292:6936:1224/173752.880:INFO:CONSOLE(257)] "module-question/wapUiViewHelp.js", source: http://tgc.stu.126.net/pub/s/teachold/core_8f48212905a0a11b856194fc3ce1a9de.js (257)
[8292:6936:1224/173804.810:INFO:CONSOLE(2)] "module-question/i18n/lang.js", source: https://cdn.ravenjs.com/3.22.3/raven.min.js (2)
[8292:6936:1224/173804.810:INFO:CONSOLE(2)] "module-question/wapUiHelp", source: https://cdn.ravenjs.com/3.22.3/raven.min.js (2)
[8292:6936:1224/173804.812:INFO:CONSOLE(2)] "module-question/wapUiViewHelp.js", source: https://cdn.ravenjs.com/3.22.3/raven.min.js (2)
[8292:6936:1224/173805.468:INFO:CONSOLE(0)] "[DOM] Password field is not contained in a form: (More info: https://goo.gl/9p2vKq) %o", source: https://geek.163.com/path/member/login?returnUrl=aHR0cDovL3RlYWNoLmdlZWsuMTYzLmNvbS80MDAwMDAwMDA2NzIwNjQuaHRt (0)
[8292:6936:1224/173805.468:INFO:CONSOLE(0)] "[DOM] Password field is not contained in a form: (More info: https://goo.gl/9p2vKq) %o", source: https://geek.163.com/path/member/login?returnUrl=aHR0cDovL3RlYWNoLmdlZWsuMTYzLmNvbS80MDAwMDAwMDA2NzIwNjQuaHRt (0)
[8292:6936:1224/173805.469:INFO:CONSOLE(0)] "[DOM] Password field is not contained in a form: (More info: https://goo.gl/9p2vKq) %o", source: https://geek.163.com/path/member/login?returnUrl=aHR0cDovL3RlYWNoLmdlZWsuMTYzLmNvbS80MDAwMDAwMDA2NzIwNjQuaHRt (0)
[8292:6936:1224/173805.469:INFO:CONSOLE(0)] "[DOM] Password field is not contained in a form: (More info: https://goo.gl/9p2vKq) %o", source: https://geek.163.com/path/member/login?returnUrl=aHR0cDovL3RlYWNoLmdlZWsuMTYzLmNvbS80MDAwMDAwMDA2NzIwNjQuaHRt (0)
[8292:6936:1224/173805.469:INFO:CONSOLE(0)] "[DOM] Password field is not contained in a form: (More info: https://goo.gl/9p2vKq) %o", source: https://geek.163.com/path/member/login?returnUrl=aHR0cDovL3RlYWNoLmdlZWsuMTYzLmNvbS80MDAwMDAwMDA2NzIwNjQuaHRt (0)
[8292:6936:1224/173805.469:INFO:CONSOLE(0)] "[DOM] Password field is not contained in a form: (More info: https://goo.gl/9p2vKq) %o", source: https://geek.163.com/path/member/login?returnUrl=aHR0cDovL3RlYWNoLmdlZWsuMTYzLmNvbS80MDAwMDAwMDA2NzIwNjQuaHRt (0)
[8292:6936:1224/173805.469:INFO:CONSOLE(0)] "[DOM] Password field is not contained in a form: (More info: https://goo.gl/9p2vKq) %o", source: https://geek.163.com/path/member/login?returnUrl=aHR0cDovL3RlYWNoLmdlZWsuMTYzLmNvbS80MDAwMDAwMDA2NzIwNjQuaHRt (0)
[8292:6936:1224/173805.469:INFO:CONSOLE(0)] "[DOM] Password field is not contained in a form: (More info: https://goo.gl/9p2vKq) %o", source: https://geek.163.com/path/member/login?returnUrl=aHR0cDovL3RlYWNoLmdlZWsuMTYzLmNvbS80MDAwMDAwMDA2NzIwNjQuaHRt (0)
[8292:6936:1224/173805.469:INFO:CONSOLE(0)] "[DOM] Password field is not contained in a form: (More info: https://goo.gl/9p2vKq) %o", source: https://geek.163.com/path/member/login?returnUrl=aHR0cDovL3RlYWNoLmdlZWsuMTYzLmNvbS80MDAwMDAwMDA2NzIwNjQuaHRt (0)
[8292:6936:1224/173805.747:INFO:CONSOLE(0)] "[DOM] Input elements should have autocomplete attributes (suggested: "new-password"): (More info: https://goo.gl/9p2vKq) %o", source: https://webzj.reg.163.com/v1.0.1/pub/index_reg.html?cd=%2F%2Fedu-cms.nosdn.127.net%2Ftopics%2Fcss%2F&cf=kada_urs_register_course_3d3c8920fcb04752d050df94efe9f31a.css&MGID=1545644285180.0752&wdaId=UA1438236666413&pkid=VelXuSo&product=kada (0)
[8292:6936:1224/173805.764:INFO:CONSOLE(0)] "[DOM] Input elements should have autocomplete attributes (suggested: "new-password"): (More info: https://goo.gl/9p2vKq) %o", source: https://webzj.reg.163.com/v1.0.1/pub/index_dl.html?cd=%2F%2Fedu-cms.nosdn.127.net%2Ftopics%2Fcss%2F&cf=kada_urs_course_4c152c9f26817efac4936d84ec1baa71.css&MGID=1545644285100.504&wdaId=UA1438236666413&pkid=VelXuSo&product=kada (0)
[8292:6936:1224/173805.979:INFO:CONSOLE(0)] "[DOM] Input elements should have autocomplete attributes (suggested: "new-password"): (More info: https://goo.gl/9p2vKq) %o", source: https://webzj.reg.163.com/v1.0.1/pub/index.html?cd=%2F%2Fedu-cms.nosdn.127.net%2Ftopics%2Fcss%2F&cf=kada_urs_course_4c152c9f26817efac4936d84ec1baa71.css&MGID=1545644285164.3691&wdaId=UA1438236666413&pkid=VelXuSo&product=kada (0)
[8292:6936:1224/173806.695:INFO:CONSOLE(2)] "ancestorIframeChanged:791,303", source: https://cdn.ravenjs.com/3.22.3/raven.min.js (2)
[8292:6936:1224/173806.697:INFO:CONSOLE(2)] "ancestorIframeChanged:-1209,211", source: https://cdn.ravenjs.com/3.22.3/raven.min.js (2)
[8292:6936:1224/173806.703:INFO:CONSOLE(2)] "ancestorIframeChanged:-1639,193", source: https://cdn.ravenjs.com/3.22.3/raven.min.js (2)
[8292:6936:1224/173807.718:INFO:CONSOLE(2)] "ancestorIframeChanged:791,303", source: https://cdn.ravenjs.com/3.22.3/raven.min.js (2)
[8292:6936:1224/173807.719:INFO:CONSOLE(2)] "ancestorIframeChanged:-1209,211", source: https://cdn.ravenjs.com/3.22.3/raven.min.js (2)
[8292:6936:1224/173807.721:INFO:CONSOLE(2)] "ancestorIframeChanged:-1639,193", source: https://cdn.ravenjs.com/3.22.3/raven.min.js (2)
[8292:6936:1224/173808.851:INFO:CONSOLE(2)] "ancestorIframeChanged:-1209,211", source: https://cdn.ravenjs.com/3.22.3/raven.min.js (2)
[8292:6936:1224/173808.852:INFO:CONSOLE(2)] "ancestorIframeChanged:791,303", source: https://cdn.ravenjs.com/3.22.3/raven.min.js (2)
[8292:6936:1224/173808.856:INFO:CONSOLE(2)] "ancestorIframeChanged:-1639,193", source: https://cdn.ravenjs.com/3.22.3/raven.min.js (2)
[8292:6936:1224/173810.727:INFO:CONSOLE(2)] "ancestorIframeChanged:-1209,211", source: https://cdn.ravenjs.com/3.22.3/raven.min.js (2)
[8292:6936:1224/173810.729:INFO:CONSOLE(2)] "ancestorIframeChanged:791,303", source: https://cdn.ravenjs.com/3.22.3/raven.min.js (2)
[8292:6936:1224/173810.731:INFO:CONSOLE(2)] "ancestorIframeChanged:-1639,193", source: https://cdn.ravenjs.com/3.22.3/raven.min.js (2)
[8292:6936:1224/173812.011:INFO:CONSOLE(2)] "ancestorIframeChanged:-1209,211", source: https://cdn.ravenjs.com/3.22.3/raven.min.js (2)
[8292:6936:1224/173812.012:INFO:CONSOLE(2)] "ancestorIframeChanged:791,303", source: https://cdn.ravenjs.com/3.22.3/raven.min.js (2)
[8292:6936:1224/173812.014:INFO:CONSOLE(2)] "ancestorIframeChanged:-1639,193", source: https://cdn.ravenjs.com/3.22.3/raven.min.js (2)
[8292:6936:1224/173813.275:INFO:CONSOLE(2)] "ancestorIframeChanged:-1209,211", source: https://cdn.ravenjs.com/3.22.3/raven.min.js (2)
[8292:6936:1224/173813.276:INFO:CONSOLE(2)] "ancestorIframeChanged:791,303", source: https://cdn.ravenjs.com/3.22.3/raven.min.js (2)
[8292:6936:1224/173813.278:INFO:CONSOLE(2)] "ancestorIframeChanged:-1639,193", source: https://cdn.ravenjs.com/3.22.3/raven.min.js (2)
[8292:6936:1224/173814.414:INFO:CONSOLE(2)] "ancestorIframeChanged:-1209,211", source: https://cdn.ravenjs.com/3.22.3/raven.min.js (2)
[8292:6936:1224/173814.417:INFO:CONSOLE(2)] "ancestorIframeChanged:791,303", source: https://cdn.ravenjs.com/3.22.3/raven.min.js (2)
[8292:6936:1224/173814.421:INFO:CONSOLE(2)] "ancestorIframeChanged:-1639,193", source: https://cdn.ravenjs.com/3.22.3/raven.min.js (2)
[8292:6936:1224/173815.011:INFO:CONSOLE(2)] "module-question/i18n/lang.js", source: https://cdn.ravenjs.com/3.22.3/raven.min.js (2)
[8292:6936:1224/173815.011:INFO:CONSOLE(2)] "module-question/wapUiHelp", source: https://cdn.ravenjs.com/3.22.3/raven.min.js (2)
[8292:6936:1224/173815.013:INFO:CONSOLE(2)] "module-question/wapUiViewHelp.js", source: https://cdn.ravenjs.com/3.22.3/raven.min.js (2)
[8292:6936:1224/173815.588:INFO:CONSOLE(0)] "[DOM] Password field is not contained in a form: (More info: https://goo.gl/9p2vKq) %o", source: https://geek.163.com/path/member/login?returnUrl=aHR0cDovL3RlYWNoLmdlZWsuMTYzLmNvbS90ZXJtcy80MDAwMDAwMDM1MjIwNzQ.#/copySet (0)
[8292:6936:1224/173815.588:INFO:CONSOLE(0)] "[DOM] Password field is not contained in a form: (More info: https://goo.gl/9p2vKq) %o", source: https://geek.163.com/path/member/login?returnUrl=aHR0cDovL3RlYWNoLmdlZWsuMTYzLmNvbS90ZXJtcy80MDAwMDAwMDM1MjIwNzQ.#/copySet (0)
[8292:6936:1224/173815.588:INFO:CONSOLE(0)] "[DOM] Password field is not contained in a form: (More info: https://goo.gl/9p2vKq) %o", source: https://geek.163.com/path/member/login?returnUrl=aHR0cDovL3RlYWNoLmdlZWsuMTYzLmNvbS90ZXJtcy80MDAwMDAwMDM1MjIwNzQ.#/copySet (0)
[8292:6936:1224/173815.589:INFO:CONSOLE(0)] "[DOM] Password field is not contained in a form: (More info: https://goo.gl/9p2vKq) %o", source: https://geek.163.com/path/member/login?returnUrl=aHR0cDovL3RlYWNoLmdlZWsuMTYzLmNvbS90ZXJtcy80MDAwMDAwMDM1MjIwNzQ.#/copySet (0)
[8292:6936:1224/173815.590:INFO:CONSOLE(0)] "[DOM] Password field is not contained in a form: (More info: https://goo.gl/9p2vKq) %o", source: https://geek.163.com/path/member/login?returnUrl=aHR0cDovL3RlYWNoLmdlZWsuMTYzLmNvbS90ZXJtcy80MDAwMDAwMDM1MjIwNzQ.#/copySet (0)
[8292:6936:1224/173815.594:INFO:CONSOLE(0)] "[DOM] Password field is not contained in a form: (More info: https://goo.gl/9p2vKq) %o", source: https://geek.163.com/path/member/login?returnUrl=aHR0cDovL3RlYWNoLmdlZWsuMTYzLmNvbS90ZXJtcy80MDAwMDAwMDM1MjIwNzQ.#/copySet (0)
[8292:6936:1224/173815.596:INFO:CONSOLE(0)] "[DOM] Password field is not contained in a form: (More info: https://goo.gl/9p2vKq) %o", source: https://geek.163.com/path/member/login?returnUrl=aHR0cDovL3RlYWNoLmdlZWsuMTYzLmNvbS90ZXJtcy80MDAwMDAwMDM1MjIwNzQ.#/copySet (0)
[8292:6936:1224/173815.597:INFO:CONSOLE(0)] "[DOM] Password field is not contained in a form: (More info: https://goo.gl/9p2vKq) %o", source: https://geek.163.com/path/member/login?returnUrl=aHR0cDovL3RlYWNoLmdlZWsuMTYzLmNvbS90ZXJtcy80MDAwMDAwMDM1MjIwNzQ.#/copySet (0)
[8292:6936:1224/173815.597:INFO:CONSOLE(0)] "[DOM] Password field is not contained in a form: (More info: https://goo.gl/9p2vKq) %o", source: https://geek.163.com/path/member/login?returnUrl=aHR0cDovL3RlYWNoLmdlZWsuMTYzLmNvbS90ZXJtcy80MDAwMDAwMDM1MjIwNzQ.#/copySet (0)
[8292:6936:1224/173816.071:INFO:CONSOLE(0)] "[DOM] Input elements should have autocomplete attributes (suggested: "new-password"): (More info: https://goo.gl/9p2vKq) %o", source: https://webzj.reg.163.com/v1.0.1/pub/index_dl.html?cd=%2F%2Fedu-cms.nosdn.127.net%2Ftopics%2Fcss%2F&cf=kada_urs_course_4c152c9f26817efac4936d84ec1baa71.css&MGID=1545644295515.8616&wdaId=UA1438236666413&pkid=VelXuSo&product=kada (0)
[8292:6936:1224/173816.136:INFO:CONSOLE(0)] "[DOM] Input elements should have autocomplete attributes (suggested: "new-password"): (More info: https://goo.gl/9p2vKq) %o", source: https://webzj.reg.163.com/v1.0.1/pub/index.html?cd=%2F%2Fedu-cms.nosdn.127.net%2Ftopics%2Fcss%2F&cf=kada_urs_course_4c152c9f26817efac4936d84ec1baa71.css&MGID=1545644295548.4294&wdaId=UA1438236666413&pkid=VelXuSo&product=kada (0)
[8292:6936:1224/173816.147:INFO:CONSOLE(0)] "[DOM] Input elements should have autocomplete attributes (suggested: "new-password"): (More info: https://goo.gl/9p2vKq) %o", source: https://webzj.reg.163.com/v1.0.1/pub/index_reg.html?cd=%2F%2Fedu-cms.nosdn.127.net%2Ftopics%2Fcss%2F&cf=kada_urs_register_course_3d3c8920fcb04752d050df94efe9f31a.css&MGID=1545644295555.381&wdaId=UA1438236666413&pkid=VelXuSo&product=kada (0)
[8292:6936:1224/173816.883:INFO:CONSOLE(2)] "ancestorIframeChanged:791,303", source: https://cdn.ravenjs.com/3.22.3/raven.min.js (2)
[8292:6936:1224/173816.885:INFO:CONSOLE(2)] "ancestorIframeChanged:-1209,211", source: https://cdn.ravenjs.com/3.22.3/raven.min.js (2)
[8292:6936:1224/173816.888:INFO:CONSOLE(2)] "ancestorIframeChanged:-1639,193", source: https://cdn.ravenjs.com/3.22.3/raven.min.js (2)
[8292:6936:1224/173819.416:INFO:CONSOLE(2)] "ancestorIframeChanged:791,303", source: https://cdn.ravenjs.com/3.22.3/raven.min.js (2)
[8292:6936:1224/173819.422:INFO:CONSOLE(2)] "ancestorIframeChanged:-1209,211", source: https://cdn.ravenjs.com/3.22.3/raven.min.js (2)
[8292:6936:1224/173819.423:INFO:CONSOLE(2)] "ancestorIframeChanged:-1639,193", source: https://cdn.ravenjs.com/3.22.3/raven.min.js (2)
[8292:6936:1224/173821.292:INFO:CONSOLE(2)] "ancestorIframeChanged:791,303", source: https://cdn.ravenjs.com/3.22.3/raven.min.js (2)
[8292:6936:1224/173821.294:INFO:CONSOLE(2)] "ancestorIframeChanged:-1209,211", source: https://cdn.ravenjs.com/3.22.3/raven.min.js (2)
[8292:6936:1224/173821.296:INFO:CONSOLE(2)] "ancestorIframeChanged:-1639,193", source: https://cdn.ravenjs.com/3.22.3/raven.min.js (2)
[8292:6936:1224/173822.703:INFO:CONSOLE(2)] "ancestorIframeChanged:791,303", source: https://cdn.ravenjs.com/3.22.3/raven.min.js (2)
[8292:6936:1224/173822.704:INFO:CONSOLE(2)] "ancestorIframeChanged:-1209,211", source: https://cdn.ravenjs.com/3.22.3/raven.min.js (2)
[8292:6936:1224/173822.706:INFO:CONSOLE(2)] "ancestorIframeChanged:-1639,193", source: https://cdn.ravenjs.com/3.22.3/raven.min.js (2)
[8292:6936:1224/173824.279:INFO:CONSOLE(2)] "ancestorIframeChanged:791,303", source: https://cdn.ravenjs.com/3.22.3/raven.min.js (2)
[8292:6936:1224/173824.280:INFO:CONSOLE(2)] "ancestorIframeChanged:-1209,211", source: https://cdn.ravenjs.com/3.22.3/raven.min.js (2)
[8292:6936:1224/173824.282:INFO:CONSOLE(2)] "ancestorIframeChanged:-1639,193", source: https://cdn.ravenjs.com/3.22.3/raven.min.js (2)
[8292:6936:1224/173825.614:INFO:CONSOLE(2)] "ancestorIframeChanged:791,303", source: https://cdn.ravenjs.com/3.22.3/raven.min.js (2)
[8292:6936:1224/173825.616:INFO:CONSOLE(2)] "ancestorIframeChanged:-1209,211", source: https://cdn.ravenjs.com/3.22.3/raven.min.js (2)
[8292:6936:1224/173825.618:INFO:CONSOLE(2)] "ancestorIframeChanged:-1639,193", source: https://cdn.ravenjs.com/3.22.3/raven.min.js (2)
[8292:6936:1224/173826.834:INFO:CONSOLE(2)] "ancestorIframeChanged:791,303", source: https://cdn.ravenjs.com/3.22.3/raven.min.js (2)
[8292:6936:1224/173826.836:INFO:CONSOLE(2)] "ancestorIframeChanged:-1209,211", source: https://cdn.ravenjs.com/3.22.3/raven.min.js (2)
[8292:6936:1224/173826.840:INFO:CONSOLE(2)] "ancestorIframeChanged:-1639,193", source: https://cdn.ravenjs.com/3.22.3/raven.min.js (2)
[8292:6936:1224/173827.242:INFO:CONSOLE(2)] "module-question/i18n/lang.js", source: https://cdn.ravenjs.com/3.22.3/raven.min.js (2)
[8292:6936:1224/173827.242:INFO:CONSOLE(2)] "module-question/wapUiHelp", source: https://cdn.ravenjs.com/3.22.3/raven.min.js (2)
[8292:6936:1224/173827.249:INFO:CONSOLE(2)] "module-question/wapUiViewHelp.js", source: https://cdn.ravenjs.com/3.22.3/raven.min.js (2)
[8292:6936:1224/173827.608:INFO:CONSOLE(0)] "[DOM] Password field is not contained in a form: (More info: https://goo.gl/9p2vKq) %o", source: https://geek.163.com/path/member/login?returnUrl=aHR0cDovL3RlYWNoLmdlZWsuMTYzLmNvbS80MDAwMDAwMDA2NzIwNjQuaHRt (0)
[8292:6936:1224/173827.608:INFO:CONSOLE(0)] "[DOM] Password field is not contained in a form: (More info: https://goo.gl/9p2vKq) %o", source: https://geek.163.com/path/member/login?returnUrl=aHR0cDovL3RlYWNoLmdlZWsuMTYzLmNvbS80MDAwMDAwMDA2NzIwNjQuaHRt (0)
[8292:6936:1224/173827.608:INFO:CONSOLE(0)] "[DOM] Password field is not contained in a form: (More info: https://goo.gl/9p2vKq) %o", source: https://geek.163.com/path/member/login?returnUrl=aHR0cDovL3RlYWNoLmdlZWsuMTYzLmNvbS80MDAwMDAwMDA2NzIwNjQuaHRt (0)
[8292:6936:1224/173827.609:INFO:CONSOLE(0)] "[DOM] Password field is not contained in a form: (More info: https://goo.gl/9p2vKq) %o", source: https://geek.163.com/path/member/login?returnUrl=aHR0cDovL3RlYWNoLmdlZWsuMTYzLmNvbS80MDAwMDAwMDA2NzIwNjQuaHRt (0)
[8292:6936:1224/173827.609:INFO:CONSOLE(0)] "[DOM] Password field is not contained in a form: (More info: https://goo.gl/9p2vKq) %o", source: https://geek.163.com/path/member/login?returnUrl=aHR0cDovL3RlYWNoLmdlZWsuMTYzLmNvbS80MDAwMDAwMDA2NzIwNjQuaHRt (0)
[8292:6936:1224/173827.609:INFO:CONSOLE(0)] "[DOM] Password field is not contained in a form: (More info: https://goo.gl/9p2vKq) %o", source: https://geek.163.com/path/member/login?returnUrl=aHR0cDovL3RlYWNoLmdlZWsuMTYzLmNvbS80MDAwMDAwMDA2NzIwNjQuaHRt (0)
[8292:6936:1224/173827.609:INFO:CONSOLE(0)] "[DOM] Password field is not contained in a form: (More info: https://goo.gl/9p2vKq) %o", source: https://geek.163.com/path/member/login?returnUrl=aHR0cDovL3RlYWNoLmdlZWsuMTYzLmNvbS80MDAwMDAwMDA2NzIwNjQuaHRt (0)
[8292:6936:1224/173827.609:INFO:CONSOLE(0)] "[DOM] Password field is not contained in a form: (More info: https://goo.gl/9p2vKq) %o", source: https://geek.163.com/path/member/login?returnUrl=aHR0cDovL3RlYWNoLmdlZWsuMTYzLmNvbS80MDAwMDAwMDA2NzIwNjQuaHRt (0)
[8292:6936:1224/173827.610:INFO:CONSOLE(0)] "[DOM] Password field is not contained in a form: (More info: https://goo.gl/9p2vKq) %o", source: https://geek.163.com/path/member/login?returnUrl=aHR0cDovL3RlYWNoLmdlZWsuMTYzLmNvbS80MDAwMDAwMDA2NzIwNjQuaHRt (0)
[8292:6936:1224/173827.610:INFO:CONSOLE(0)] "[DOM] Password field is not contained in a form: (More info: https://goo.gl/9p2vKq) %o", source: https://geek.163.com/path/member/login?returnUrl=aHR0cDovL3RlYWNoLmdlZWsuMTYzLmNvbS80MDAwMDAwMDA2NzIwNjQuaHRt (0)
[8292:6936:1224/173828.460:INFO:CONSOLE(0)] "[DOM] Input elements should have autocomplete attributes (suggested: "new-password"): (More info: https://goo.gl/9p2vKq) %o", source: https://webzj.reg.163.com/v1.0.1/pub/index_dl.html?cd=%2F%2Fedu-cms.nosdn.127.net%2Ftopics%2Fcss%2F&cf=kada_urs_course_4c152c9f26817efac4936d84ec1baa71.css&MGID=1545644307574.6401&wdaId=UA1438236666413&pkid=VelXuSo&product=kada (0)
[8292:6936:1224/173828.463:INFO:CONSOLE(0)] "[DOM] Input elements should have autocomplete attributes (suggested: "new-password"): (More info: https://goo.gl/9p2vKq) %o", source: https://webzj.reg.163.com/v1.0.1/pub/index_reg.html?cd=%2F%2Fedu-cms.nosdn.127.net%2Ftopics%2Fcss%2F&cf=kada_urs_register_course_3d3c8920fcb04752d050df94efe9f31a.css&MGID=1545644307619.1284&wdaId=UA1438236666413&pkid=VelXuSo&product=kada (0)
[8292:6936:1224/173828.531:INFO:CONSOLE(0)] "[DOM] Input elements should have autocomplete attributes (suggested: "new-password"): (More info: https://goo.gl/9p2vKq) %o", source: https://webzj.reg.163.com/v1.0.1/pub/index.html?cd=%2F%2Fedu-cms.nosdn.127.net%2Ftopics%2Fcss%2F&cf=kada_urs_course_4c152c9f26817efac4936d84ec1baa71.css&MGID=1545644307589.5615&wdaId=UA1438236666413&pkid=VelXuSo&product=kada (0)
[8292:6936:1224/173828.879:INFO:CONSOLE(2)] "ancestorIframeChanged:791,303", source: https://cdn.ravenjs.com/3.22.3/raven.min.js (2)
[8292:6936:1224/173828.881:INFO:CONSOLE(2)] "ancestorIframeChanged:-1209,211", source: https://cdn.ravenjs.com/3.22.3/raven.min.js (2)
[8292:6936:1224/173828.884:INFO:CONSOLE(2)] "ancestorIframeChanged:-1639,193", source: https://cdn.ravenjs.com/3.22.3/raven.min.js (2)
[8292:6936:1224/173829.991:INFO:CONSOLE(2)] "ancestorIframeChanged:791,303", source: https://cdn.ravenjs.com/3.22.3/raven.min.js (2)
[8292:6936:1224/173829.992:INFO:CONSOLE(2)] "ancestorIframeChanged:-1209,211", source: https://cdn.ravenjs.com/3.22.3/raven.min.js (2)
[8292:6936:1224/173829.994:INFO:CONSOLE(2)] "ancestorIframeChanged:-1639,193", source: https://cdn.ravenjs.com/3.22.3/raven.min.js (2)
[8292:6936:1224/173831.447:INFO:CONSOLE(2)] "ancestorIframeChanged:-1209,211", source: https://cdn.ravenjs.com/3.22.3/raven.min.js (2)
[8292:6936:1224/173831.448:INFO:CONSOLE(2)] "ancestorIframeChanged:791,303", source: https://cdn.ravenjs.com/3.22.3/raven.min.js (2)
[8292:6936:1224/173831.450:INFO:CONSOLE(2)] "ancestorIframeChanged:-1639,193", source: https://cdn.ravenjs.com/3.22.3/raven.min.js (2)
[8292:6936:1224/173835.310:INFO:CONSOLE(2)] "ancestorIframeChanged:-1209,211", source: https://cdn.ravenjs.com/3.22.3/raven.min.js (2)
[8292:6936:1224/173835.311:INFO:CONSOLE(2)] "ancestorIframeChanged:791,303", source: https://cdn.ravenjs.com/3.22.3/raven.min.js (2)
[8292:6936:1224/173835.313:INFO:CONSOLE(2)] "ancestorIframeChanged:-1639,193", source: https://cdn.ravenjs.com/3.22.3/raven.min.js (2)
[8292:6936:1224/173836.538:INFO:CONSOLE(2)] "ancestorIframeChanged:-1209,211", source: https://cdn.ravenjs.com/3.22.3/raven.min.js (2)
[8292:6936:1224/173836.540:INFO:CONSOLE(2)] "ancestorIframeChanged:791,303", source: https://cdn.ravenjs.com/3.22.3/raven.min.js (2)
[8292:6936:1224/173836.542:INFO:CONSOLE(2)] "ancestorIframeChanged:-1639,193", source: https://cdn.ravenjs.com/3.22.3/raven.min.js (2)
[8292:6936:1224/173837.792:INFO:CONSOLE(2)] "ancestorIframeChanged:-1209,211", source: https://cdn.ravenjs.com/3.22.3/raven.min.js (2)
[8292:6936:1224/173837.794:INFO:CONSOLE(2)] "ancestorIframeChanged:791,303", source: https://cdn.ravenjs.com/3.22.3/raven.min.js (2)
[8292:6936:1224/173837.799:INFO:CONSOLE(2)] "ancestorIframeChanged:-1639,193", source: https://cdn.ravenjs.com/3.22.3/raven.min.js (2)
[8292:6936:1224/173838.977:INFO:CONSOLE(2)] "ancestorIframeChanged:-1209,211", source: https://cdn.ravenjs.com/3.22.3/raven.min.js (2)
[8292:6936:1224/173838.978:INFO:CONSOLE(2)] "ancestorIframeChanged:791,303", source: https://cdn.ravenjs.com/3.22.3/raven.min.js (2)
[8292:6936:1224/173838.980:INFO:CONSOLE(2)] "ancestorIframeChanged:-1639,193", source: https://cdn.ravenjs.com/3.22.3/raven.min.js (2)
[8292:6936:1224/173839.411:INFO:CONSOLE(2)] "module-question/i18n/lang.js", source: https://cdn.ravenjs.com/3.22.3/raven.min.js (2)
[8292:6936:1224/173839.412:INFO:CONSOLE(2)] "module-question/wapUiHelp", source: https://cdn.ravenjs.com/3.22.3/raven.min.js (2)
[8292:6936:1224/173839.413:INFO:CONSOLE(2)] "module-question/wapUiViewHelp.js", source: https://cdn.ravenjs.com/3.22.3/raven.min.js (2)
[8292:6936:1224/173839.751:INFO:CONSOLE(0)] "[DOM] Password field is not contained in a form: (More info: https://goo.gl/9p2vKq) %o", source: https://geek.163.com/path/member/login?returnUrl=aHR0cDovL3RlYWNoLmdlZWsuMTYzLmNvbS90ZXJtcy80MDAwMDAwMDM1MjIwNzQ.#/teachTeam (0)
[8292:6936:1224/173839.752:INFO:CONSOLE(0)] "[DOM] Password field is not contained in a form: (More info: https://goo.gl/9p2vKq) %o", source: https://geek.163.com/path/member/login?returnUrl=aHR0cDovL3RlYWNoLmdlZWsuMTYzLmNvbS90ZXJtcy80MDAwMDAwMDM1MjIwNzQ.#/teachTeam (0)
[8292:6936:1224/173839.752:INFO:CONSOLE(0)] "[DOM] Password field is not contained in a form: (More info: https://goo.gl/9p2vKq) %o", source: https://geek.163.com/path/member/login?returnUrl=aHR0cDovL3RlYWNoLmdlZWsuMTYzLmNvbS90ZXJtcy80MDAwMDAwMDM1MjIwNzQ.#/teachTeam (0)
[8292:6936:1224/173839.752:INFO:CONSOLE(0)] "[DOM] Password field is not contained in a form: (More info: https://goo.gl/9p2vKq) %o", source: https://geek.163.com/path/member/login?returnUrl=aHR0cDovL3RlYWNoLmdlZWsuMTYzLmNvbS90ZXJtcy80MDAwMDAwMDM1MjIwNzQ.#/teachTeam (0)
[8292:6936:1224/173839.752:INFO:CONSOLE(0)] "[DOM] Password field is not contained in a form: (More info: https://goo.gl/9p2vKq) %o", source: https://geek.163.com/path/member/login?returnUrl=aHR0cDovL3RlYWNoLmdlZWsuMTYzLmNvbS90ZXJtcy80MDAwMDAwMDM1MjIwNzQ.#/teachTeam (0)
[8292:6936:1224/173839.752:INFO:CONSOLE(0)] "[DOM] Password field is not contained in a form: (More info: https://goo.gl/9p2vKq) %o", source: https://geek.163.com/path/member/login?returnUrl=aHR0cDovL3RlYWNoLmdlZWsuMTYzLmNvbS90ZXJtcy80MDAwMDAwMDM1MjIwNzQ.#/teachTeam (0)
[8292:6936:1224/173839.752:INFO:CONSOLE(0)] "[DOM] Password field is not contained in a form: (More info: https://goo.gl/9p2vKq) %o", source: https://geek.163.com/path/member/login?returnUrl=aHR0cDovL3RlYWNoLmdlZWsuMTYzLmNvbS90ZXJtcy80MDAwMDAwMDM1MjIwNzQ.#/teachTeam (0)
[8292:6936:1224/173839.753:INFO:CONSOLE(0)] "[DOM] Password field is not contained in a form: (More info: https://goo.gl/9p2vKq) %o", source: https://geek.163.com/path/member/login?returnUrl=aHR0cDovL3RlYWNoLmdlZWsuMTYzLmNvbS90ZXJtcy80MDAwMDAwMDM1MjIwNzQ.#/teachTeam (0)
[8292:6936:1224/173839.753:INFO:CONSOLE(0)] "[DOM] Password field is not contained in a form: (More info: https://goo.gl/9p2vKq) %o", source: https://geek.163.com/path/member/login?returnUrl=aHR0cDovL3RlYWNoLmdlZWsuMTYzLmNvbS90ZXJtcy80MDAwMDAwMDM1MjIwNzQ.#/teachTeam (0)
[8292:6936:1224/173840.382:INFO:CONSOLE(0)] "[DOM] Input elements should have autocomplete attributes (suggested: "new-password"): (More info: https://goo.gl/9p2vKq) %o", source: https://webzj.reg.163.com/v1.0.1/pub/index_reg.html?cd=%2F%2Fedu-cms.nosdn.127.net%2Ftopics%2Fcss%2F&cf=kada_urs_register_course_3d3c8920fcb04752d050df94efe9f31a.css&MGID=1545644319739.0415&wdaId=UA1438236666413&pkid=VelXuSo&product=kada (0)
[8292:6936:1224/173840.487:INFO:CONSOLE(0)] "[DOM] Input elements should have autocomplete attributes (suggested: "new-password"): (More info: https://goo.gl/9p2vKq) %o", source: https://webzj.reg.163.com/v1.0.1/pub/index_dl.html?cd=%2F%2Fedu-cms.nosdn.127.net%2Ftopics%2Fcss%2F&cf=kada_urs_course_4c152c9f26817efac4936d84ec1baa71.css&MGID=1545644319711.7288&wdaId=UA1438236666413&pkid=VelXuSo&product=kada (0)
[8292:6936:1224/173840.542:INFO:CONSOLE(0)] "[DOM] Input elements should have autocomplete attributes (suggested: "new-password"): (More info: https://goo.gl/9p2vKq) %o", source: https://webzj.reg.163.com/v1.0.1/pub/index.html?cd=%2F%2Fedu-cms.nosdn.127.net%2Ftopics%2Fcss%2F&cf=kada_urs_course_4c152c9f26817efac4936d84ec1baa71.css&MGID=1545644319728.7986&wdaId=UA1438236666413&pkid=VelXuSo&product=kada (0)
[8292:6936:1224/173840.943:INFO:CONSOLE(2)] "ancestorIframeChanged:791,303", source: https://cdn.ravenjs.com/3.22.3/raven.min.js (2)
[8292:6936:1224/173840.945:INFO:CONSOLE(2)] "ancestorIframeChanged:-1209,211", source: https://cdn.ravenjs.com/3.22.3/raven.min.js (2)
[8292:6936:1224/173840.949:INFO:CONSOLE(2)] "ancestorIframeChanged:-1639,193", source: https://cdn.ravenjs.com/3.22.3/raven.min.js (2)
[8292:6936:1224/173843.462:INFO:CONSOLE(2)] "ancestorIframeChanged:791,303", source: https://cdn.ravenjs.com/3.22.3/raven.min.js (2)
[8292:6936:1224/173843.463:INFO:CONSOLE(2)] "ancestorIframeChanged:-1209,211", source: https://cdn.ravenjs.com/3.22.3/raven.min.js (2)
[8292:6936:1224/173843.465:INFO:CONSOLE(2)] "ancestorIframeChanged:-1639,193", source: https://cdn.ravenjs.com/3.22.3/raven.min.js (2)
[8292:6936:1224/173845.227:INFO:CONSOLE(2)] "ancestorIframeChanged:791,303", source: https://cdn.ravenjs.com/3.22.3/raven.min.js (2)
[8292:6936:1224/173845.230:INFO:CONSOLE(2)] "ancestorIframeChanged:-1209,211", source: https://cdn.ravenjs.com/3.22.3/raven.min.js (2)
[8292:6936:1224/173845.232:INFO:CONSOLE(2)] "ancestorIframeChanged:-1639,193", source: https://cdn.ravenjs.com/3.22.3/raven.min.js (2)
[8292:6936:1224/173849.092:INFO:CONSOLE(2)] "ancestorIframeChanged:791,303", source: https://cdn.ravenjs.com/3.22.3/raven.min.js (2)
[8292:6936:1224/173849.094:INFO:CONSOLE(2)] "ancestorIframeChanged:-1209,211", source: https://cdn.ravenjs.com/3.22.3/raven.min.js (2)
[8292:6936:1224/173849.095:INFO:CONSOLE(2)] "ancestorIframeChanged:-1639,193", source: https://cdn.ravenjs.com/3.22.3/raven.min.js (2)
[8292:6936:1224/173851.115:INFO:CONSOLE(2)] "ancestorIframeChanged:791,303", source: https://cdn.ravenjs.com/3.22.3/raven.min.js (2)
[8292:6936:1224/173851.117:INFO:CONSOLE(2)] "ancestorIframeChanged:-1209,211", source: https://cdn.ravenjs.com/3.22.3/raven.min.js (2)
[8292:6936:1224/173851.119:INFO:CONSOLE(2)] "ancestorIframeChanged:-1639,193", source: https://cdn.ravenjs.com/3.22.3/raven.min.js (2)
