[6704:1056:1224/165646.826:WARNING:discovery_network_list_win.cc(195)] Failed to open Wlan client handle: 1062
[6704:624:1224/165647.455:WARNING:CONSOLE(0)] "HTML Imports is deprecated and will be removed in M73, around March 2019. Please use ES modules instead. See https://www.chromestatus.com/features/5144752345317376 for more details.", source:  (0)
[6704:624:1224/165647.557:WARNING:CONSOLE(77)] "document.registerElement is deprecated and will be removed in M73, around March 2019. Please use window.customElements.define instead. See https://www.chromestatus.com/features/4642138092470272 for more details.", source: https://ssl.gstatic.com/chrome/components/doodle-notifier-02.html (77)
[6704:624:1224/165651.666:INFO:CONSOLE(8)] "SW registered", source: https://www.google.com/_/chrome/newtab?ie=UTF-8 (8)
[6704:624:1224/165652.809:INFO:CONSOLE(619)] "ancestorIframeChanged:218,378", source:  (619)
[6704:624:1224/165653.826:INFO:CONSOLE(619)] "ancestorIframeChanged:218,378", source:  (619)
[6704:624:1224/165654.969:INFO:CONSOLE(2)] "module-question/i18n/lang.js", source: https://cdn.ravenjs.com/3.22.3/raven.min.js (2)
[6704:624:1224/165654.970:INFO:CONSOLE(2)] "module-question/wapUiHelp", source: https://cdn.ravenjs.com/3.22.3/raven.min.js (2)
[6704:624:1224/165654.972:INFO:CONSOLE(2)] "module-question/wapUiViewHelp.js", source: https://cdn.ravenjs.com/3.22.3/raven.min.js (2)
[6704:624:1224/165655.577:INFO:CONSOLE(0)] "[DOM] Password field is not contained in a form: (More info: https://goo.gl/9p2vKq) %o", source: https://geek.163.com/path/member/login?returnUrl=aHR0cDovL3RlYWNoLmdlZWsuMTYzLmNvbS80MDAwMDAwMDA2NzIwNjQuaHRt (0)
[6704:624:1224/165655.577:INFO:CONSOLE(0)] "[DOM] Password field is not contained in a form: (More info: https://goo.gl/9p2vKq) %o", source: https://geek.163.com/path/member/login?returnUrl=aHR0cDovL3RlYWNoLmdlZWsuMTYzLmNvbS80MDAwMDAwMDA2NzIwNjQuaHRt (0)
[6704:624:1224/165655.577:INFO:CONSOLE(0)] "[DOM] Password field is not contained in a form: (More info: https://goo.gl/9p2vKq) %o", source: https://geek.163.com/path/member/login?returnUrl=aHR0cDovL3RlYWNoLmdlZWsuMTYzLmNvbS80MDAwMDAwMDA2NzIwNjQuaHRt (0)
[6704:624:1224/165655.578:INFO:CONSOLE(0)] "[DOM] Password field is not contained in a form: (More info: https://goo.gl/9p2vKq) %o", source: https://geek.163.com/path/member/login?returnUrl=aHR0cDovL3RlYWNoLmdlZWsuMTYzLmNvbS80MDAwMDAwMDA2NzIwNjQuaHRt (0)
[6704:624:1224/165655.578:INFO:CONSOLE(0)] "[DOM] Password field is not contained in a form: (More info: https://goo.gl/9p2vKq) %o", source: https://geek.163.com/path/member/login?returnUrl=aHR0cDovL3RlYWNoLmdlZWsuMTYzLmNvbS80MDAwMDAwMDA2NzIwNjQuaHRt (0)
[6704:624:1224/165655.578:INFO:CONSOLE(0)] "[DOM] Password field is not contained in a form: (More info: https://goo.gl/9p2vKq) %o", source: https://geek.163.com/path/member/login?returnUrl=aHR0cDovL3RlYWNoLmdlZWsuMTYzLmNvbS80MDAwMDAwMDA2NzIwNjQuaHRt (0)
[6704:624:1224/165655.578:INFO:CONSOLE(0)] "[DOM] Password field is not contained in a form: (More info: https://goo.gl/9p2vKq) %o", source: https://geek.163.com/path/member/login?returnUrl=aHR0cDovL3RlYWNoLmdlZWsuMTYzLmNvbS80MDAwMDAwMDA2NzIwNjQuaHRt (0)
[6704:624:1224/165655.579:INFO:CONSOLE(0)] "[DOM] Password field is not contained in a form: (More info: https://goo.gl/9p2vKq) %o", source: https://geek.163.com/path/member/login?returnUrl=aHR0cDovL3RlYWNoLmdlZWsuMTYzLmNvbS80MDAwMDAwMDA2NzIwNjQuaHRt (0)
[6704:624:1224/165655.579:INFO:CONSOLE(0)] "[DOM] Password field is not contained in a form: (More info: https://goo.gl/9p2vKq) %o", source: https://geek.163.com/path/member/login?returnUrl=aHR0cDovL3RlYWNoLmdlZWsuMTYzLmNvbS80MDAwMDAwMDA2NzIwNjQuaHRt (0)
[6704:624:1224/165656.643:INFO:CONSOLE(0)] "[DOM] Input elements should have autocomplete attributes (suggested: "new-password"): (More info: https://goo.gl/9p2vKq) %o", source: https://webzj.reg.163.com/v1.0.1/pub/index_reg.html?cd=%2F%2Fedu-cms.nosdn.127.net%2Ftopics%2Fcss%2F&cf=kada_urs_register_course_3d3c8920fcb04752d050df94efe9f31a.css&MGID=1545641815273.3699&wdaId=UA1438236666413&pkid=VelXuSo&product=kada (0)
[6704:624:1224/165656.649:INFO:CONSOLE(0)] "[DOM] Input elements should have autocomplete attributes (suggested: "new-password"): (More info: https://goo.gl/9p2vKq) %o", source: https://webzj.reg.163.com/v1.0.1/pub/index_dl.html?cd=%2F%2Fedu-cms.nosdn.127.net%2Ftopics%2Fcss%2F&cf=kada_urs_course_4c152c9f26817efac4936d84ec1baa71.css&MGID=1545641815242.267&wdaId=UA1438236666413&pkid=VelXuSo&product=kada (0)
[6704:624:1224/165656.650:INFO:CONSOLE(0)] "[DOM] Input elements should have autocomplete attributes (suggested: "new-password"): (More info: https://goo.gl/9p2vKq) %o", source: https://webzj.reg.163.com/v1.0.1/pub/index.html?cd=%2F%2Fedu-cms.nosdn.127.net%2Ftopics%2Fcss%2F&cf=kada_urs_course_4c152c9f26817efac4936d84ec1baa71.css&MGID=1545641815266.0437&wdaId=UA1438236666413&pkid=VelXuSo&product=kada (0)
[6704:624:1224/165657.404:INFO:CONSOLE(2)] "ancestorIframeChanged:431,303", source: https://cdn.ravenjs.com/3.22.3/raven.min.js (2)
[6704:624:1224/165657.406:INFO:CONSOLE(2)] "ancestorIframeChanged:-1569,211", source: https://cdn.ravenjs.com/3.22.3/raven.min.js (2)
[6704:624:1224/165657.409:INFO:CONSOLE(2)] "ancestorIframeChanged:-1999,193", source: https://cdn.ravenjs.com/3.22.3/raven.min.js (2)
[6704:624:1224/165658.613:INFO:CONSOLE(2)] "ancestorIframeChanged:791,303", source: https://cdn.ravenjs.com/3.22.3/raven.min.js (2)
[6704:624:1224/165658.614:INFO:CONSOLE(2)] "ancestorIframeChanged:-1209,211", source: https://cdn.ravenjs.com/3.22.3/raven.min.js (2)
[6704:624:1224/165658.617:INFO:CONSOLE(2)] "ancestorIframeChanged:-1639,193", source: https://cdn.ravenjs.com/3.22.3/raven.min.js (2)
[6704:624:1224/165659.730:INFO:CONSOLE(2)] "ancestorIframeChanged:-1209,211", source: https://cdn.ravenjs.com/3.22.3/raven.min.js (2)
[6704:624:1224/165659.732:INFO:CONSOLE(2)] "ancestorIframeChanged:791,303", source: https://cdn.ravenjs.com/3.22.3/raven.min.js (2)
[6704:624:1224/165659.734:INFO:CONSOLE(2)] "ancestorIframeChanged:-1639,193", source: https://cdn.ravenjs.com/3.22.3/raven.min.js (2)
[6704:624:1224/165701.613:INFO:CONSOLE(2)] "ancestorIframeChanged:-1209,211", source: https://cdn.ravenjs.com/3.22.3/raven.min.js (2)
[6704:624:1224/165701.614:INFO:CONSOLE(2)] "ancestorIframeChanged:791,303", source: https://cdn.ravenjs.com/3.22.3/raven.min.js (2)
[6704:624:1224/165701.617:INFO:CONSOLE(2)] "ancestorIframeChanged:-1639,193", source: https://cdn.ravenjs.com/3.22.3/raven.min.js (2)
[6704:624:1224/165702.843:INFO:CONSOLE(2)] "ancestorIframeChanged:-1209,211", source: https://cdn.ravenjs.com/3.22.3/raven.min.js (2)
[6704:624:1224/165702.845:INFO:CONSOLE(2)] "ancestorIframeChanged:791,303", source: https://cdn.ravenjs.com/3.22.3/raven.min.js (2)
[6704:624:1224/165702.848:INFO:CONSOLE(2)] "ancestorIframeChanged:-1639,193", source: https://cdn.ravenjs.com/3.22.3/raven.min.js (2)
[6704:624:1224/165703.995:INFO:CONSOLE(2)] "ancestorIframeChanged:-1209,211", source: https://cdn.ravenjs.com/3.22.3/raven.min.js (2)
[6704:624:1224/165703.997:INFO:CONSOLE(2)] "ancestorIframeChanged:791,303", source: https://cdn.ravenjs.com/3.22.3/raven.min.js (2)
[6704:624:1224/165704.000:INFO:CONSOLE(2)] "ancestorIframeChanged:-1639,193", source: https://cdn.ravenjs.com/3.22.3/raven.min.js (2)
[6704:624:1224/165706.173:INFO:CONSOLE(252)] "module-question/i18n/lang.js", source: http://tgc.stu.126.net/pub/s/teachold/core_8f48212905a0a11b856194fc3ce1a9de.js (252)
[6704:624:1224/165706.174:INFO:CONSOLE(253)] "module-question/wapUiHelp", source: http://tgc.stu.126.net/pub/s/teachold/core_8f48212905a0a11b856194fc3ce1a9de.js (253)
[6704:624:1224/165706.187:INFO:CONSOLE(257)] "module-question/wapUiViewHelp.js", source: http://tgc.stu.126.net/pub/s/teachold/core_8f48212905a0a11b856194fc3ce1a9de.js (257)
[6704:624:1224/165707.680:INFO:CONSOLE(252)] "module-question/i18n/lang.js", source: http://tgc.stu.126.net/pub/s/teachold/core_8f48212905a0a11b856194fc3ce1a9de.js (252)
[6704:624:1224/165707.680:INFO:CONSOLE(253)] "module-question/wapUiHelp", source: http://tgc.stu.126.net/pub/s/teachold/core_8f48212905a0a11b856194fc3ce1a9de.js (253)
[6704:624:1224/165707.697:INFO:CONSOLE(257)] "module-question/wapUiViewHelp.js", source: http://tgc.stu.126.net/pub/s/teachold/core_8f48212905a0a11b856194fc3ce1a9de.js (257)
[6704:624:1224/165716.474:INFO:CONSOLE(619)] "ancestorIframeChanged:624,594", source:  (619)
[6704:624:1224/165718.589:INFO:CONSOLE(619)] "ancestorIframeChanged:624,594", source:  (619)
[6704:624:1224/165722.536:INFO:CONSOLE(619)] "ancestorIframeChanged:624,302", source:  (619)
[6704:624:1224/165724.237:INFO:CONSOLE(619)] "ancestorIframeChanged:624,302", source:  (619)
[6704:624:1224/165725.287:INFO:CONSOLE(619)] "ancestorIframeChanged:624,302", source:  (619)
[6704:624:1224/165726.368:INFO:CONSOLE(619)] "ancestorIframeChanged:624,302", source:  (619)
[6704:624:1224/165741.665:INFO:CONSOLE(2)] "module-question/i18n/lang.js", source: https://cdn.ravenjs.com/3.22.3/raven.min.js (2)
[6704:624:1224/165741.666:INFO:CONSOLE(2)] "module-question/wapUiHelp", source: https://cdn.ravenjs.com/3.22.3/raven.min.js (2)
[6704:624:1224/165741.669:INFO:CONSOLE(2)] "module-question/wapUiViewHelp.js", source: https://cdn.ravenjs.com/3.22.3/raven.min.js (2)
[6704:624:1224/165742.412:INFO:CONSOLE(0)] "[DOM] Password field is not contained in a form: (More info: https://goo.gl/9p2vKq) %o", source: https://geek.163.com/path/member/login?returnUrl=aHR0cDovL3RlYWNoLmdlZWsuMTYzLmNvbS80MDAwMDAwMDA2NzIwNjQuaHRt (0)
[6704:624:1224/165742.412:INFO:CONSOLE(0)] "[DOM] Password field is not contained in a form: (More info: https://goo.gl/9p2vKq) %o", source: https://geek.163.com/path/member/login?returnUrl=aHR0cDovL3RlYWNoLmdlZWsuMTYzLmNvbS80MDAwMDAwMDA2NzIwNjQuaHRt (0)
[6704:624:1224/165742.412:INFO:CONSOLE(0)] "[DOM] Password field is not contained in a form: (More info: https://goo.gl/9p2vKq) %o", source: https://geek.163.com/path/member/login?returnUrl=aHR0cDovL3RlYWNoLmdlZWsuMTYzLmNvbS80MDAwMDAwMDA2NzIwNjQuaHRt (0)
[6704:624:1224/165742.412:INFO:CONSOLE(0)] "[DOM] Password field is not contained in a form: (More info: https://goo.gl/9p2vKq) %o", source: https://geek.163.com/path/member/login?returnUrl=aHR0cDovL3RlYWNoLmdlZWsuMTYzLmNvbS80MDAwMDAwMDA2NzIwNjQuaHRt (0)
[6704:624:1224/165742.413:INFO:CONSOLE(0)] "[DOM] Password field is not contained in a form: (More info: https://goo.gl/9p2vKq) %o", source: https://geek.163.com/path/member/login?returnUrl=aHR0cDovL3RlYWNoLmdlZWsuMTYzLmNvbS80MDAwMDAwMDA2NzIwNjQuaHRt (0)
[6704:624:1224/165742.413:INFO:CONSOLE(0)] "[DOM] Password field is not contained in a form: (More info: https://goo.gl/9p2vKq) %o", source: https://geek.163.com/path/member/login?returnUrl=aHR0cDovL3RlYWNoLmdlZWsuMTYzLmNvbS80MDAwMDAwMDA2NzIwNjQuaHRt (0)
[6704:624:1224/165742.413:INFO:CONSOLE(0)] "[DOM] Password field is not contained in a form: (More info: https://goo.gl/9p2vKq) %o", source: https://geek.163.com/path/member/login?returnUrl=aHR0cDovL3RlYWNoLmdlZWsuMTYzLmNvbS80MDAwMDAwMDA2NzIwNjQuaHRt (0)
[6704:624:1224/165742.413:INFO:CONSOLE(0)] "[DOM] Password field is not contained in a form: (More info: https://goo.gl/9p2vKq) %o", source: https://geek.163.com/path/member/login?returnUrl=aHR0cDovL3RlYWNoLmdlZWsuMTYzLmNvbS80MDAwMDAwMDA2NzIwNjQuaHRt (0)
[6704:624:1224/165742.413:INFO:CONSOLE(0)] "[DOM] Password field is not contained in a form: (More info: https://goo.gl/9p2vKq) %o", source: https://geek.163.com/path/member/login?returnUrl=aHR0cDovL3RlYWNoLmdlZWsuMTYzLmNvbS80MDAwMDAwMDA2NzIwNjQuaHRt (0)
[6704:624:1224/165743.139:INFO:CONSOLE(0)] "[DOM] Input elements should have autocomplete attributes (suggested: "new-password"): (More info: https://goo.gl/9p2vKq) %o", source: https://webzj.reg.163.com/v1.0.1/pub/index.html?cd=%2F%2Fedu-cms.nosdn.127.net%2Ftopics%2Fcss%2F&cf=kada_urs_course_4c152c9f26817efac4936d84ec1baa71.css&MGID=1545641862013.1123&wdaId=UA1438236666413&pkid=VelXuSo&product=kada (0)
[6704:624:1224/165743.145:INFO:CONSOLE(0)] "[DOM] Input elements should have autocomplete attributes (suggested: "new-password"): (More info: https://goo.gl/9p2vKq) %o", source: https://webzj.reg.163.com/v1.0.1/pub/index_dl.html?cd=%2F%2Fedu-cms.nosdn.127.net%2Ftopics%2Fcss%2F&cf=kada_urs_course_4c152c9f26817efac4936d84ec1baa71.css&MGID=1545641861991.035&wdaId=UA1438236666413&pkid=VelXuSo&product=kada (0)
[6704:624:1224/165743.147:INFO:CONSOLE(0)] "[DOM] Input elements should have autocomplete attributes (suggested: "new-password"): (More info: https://goo.gl/9p2vKq) %o", source: https://webzj.reg.163.com/v1.0.1/pub/index_reg.html?cd=%2F%2Fedu-cms.nosdn.127.net%2Ftopics%2Fcss%2F&cf=kada_urs_register_course_3d3c8920fcb04752d050df94efe9f31a.css&MGID=1545641862022.5845&wdaId=UA1438236666413&pkid=VelXuSo&product=kada (0)
[6704:624:1224/165743.299:INFO:CONSOLE(2)] "ancestorIframeChanged:791,303", source: https://cdn.ravenjs.com/3.22.3/raven.min.js (2)
[6704:624:1224/165743.300:INFO:CONSOLE(2)] "ancestorIframeChanged:-1209,211", source: https://cdn.ravenjs.com/3.22.3/raven.min.js (2)
[6704:624:1224/165743.303:INFO:CONSOLE(2)] "ancestorIframeChanged:-1639,193", source: https://cdn.ravenjs.com/3.22.3/raven.min.js (2)
[6704:624:1224/165744.282:INFO:CONSOLE(2)] "ancestorIframeChanged:791,303", source: https://cdn.ravenjs.com/3.22.3/raven.min.js (2)
[6704:624:1224/165744.283:INFO:CONSOLE(2)] "ancestorIframeChanged:-1209,211", source: https://cdn.ravenjs.com/3.22.3/raven.min.js (2)
[6704:624:1224/165744.285:INFO:CONSOLE(2)] "ancestorIframeChanged:-1639,193", source: https://cdn.ravenjs.com/3.22.3/raven.min.js (2)
[6704:624:1224/165745.354:INFO:CONSOLE(2)] "ancestorIframeChanged:-1209,211", source: https://cdn.ravenjs.com/3.22.3/raven.min.js (2)
[6704:624:1224/165745.356:INFO:CONSOLE(2)] "ancestorIframeChanged:791,303", source: https://cdn.ravenjs.com/3.22.3/raven.min.js (2)
[6704:624:1224/165745.358:INFO:CONSOLE(2)] "ancestorIframeChanged:-1639,193", source: https://cdn.ravenjs.com/3.22.3/raven.min.js (2)
[6704:624:1224/165749.204:INFO:CONSOLE(2)] "ancestorIframeChanged:-1209,211", source: https://cdn.ravenjs.com/3.22.3/raven.min.js (2)
[6704:624:1224/165749.205:INFO:CONSOLE(2)] "ancestorIframeChanged:791,303", source: https://cdn.ravenjs.com/3.22.3/raven.min.js (2)
[6704:624:1224/165749.207:INFO:CONSOLE(2)] "ancestorIframeChanged:-1639,193", source: https://cdn.ravenjs.com/3.22.3/raven.min.js (2)
[6704:624:1224/165750.864:INFO:CONSOLE(2)] "ancestorIframeChanged:-1209,211", source: https://cdn.ravenjs.com/3.22.3/raven.min.js (2)
[6704:624:1224/165750.866:INFO:CONSOLE(2)] "ancestorIframeChanged:791,303", source: https://cdn.ravenjs.com/3.22.3/raven.min.js (2)
[6704:624:1224/165750.870:INFO:CONSOLE(2)] "ancestorIframeChanged:-1639,193", source: https://cdn.ravenjs.com/3.22.3/raven.min.js (2)
[6704:624:1224/165752.013:INFO:CONSOLE(2)] "ancestorIframeChanged:-1209,211", source: https://cdn.ravenjs.com/3.22.3/raven.min.js (2)
[6704:624:1224/165752.014:INFO:CONSOLE(2)] "ancestorIframeChanged:791,303", source: https://cdn.ravenjs.com/3.22.3/raven.min.js (2)
[6704:624:1224/165752.016:INFO:CONSOLE(2)] "ancestorIframeChanged:-1639,193", source: https://cdn.ravenjs.com/3.22.3/raven.min.js (2)
[6704:624:1224/165753.820:INFO:CONSOLE(252)] "module-question/i18n/lang.js", source: http://tgc.stu.126.net/pub/s/teachold/core_8f48212905a0a11b856194fc3ce1a9de.js (252)
[6704:624:1224/165753.820:INFO:CONSOLE(253)] "module-question/wapUiHelp", source: http://tgc.stu.126.net/pub/s/teachold/core_8f48212905a0a11b856194fc3ce1a9de.js (253)
[6704:624:1224/165753.833:INFO:CONSOLE(257)] "module-question/wapUiViewHelp.js", source: http://tgc.stu.126.net/pub/s/teachold/core_8f48212905a0a11b856194fc3ce1a9de.js (257)
[6704:624:1224/165755.776:INFO:CONSOLE(252)] "module-question/i18n/lang.js", source: http://tgc.stu.126.net/pub/s/teachold/core_8f48212905a0a11b856194fc3ce1a9de.js (252)
[6704:624:1224/165755.777:INFO:CONSOLE(253)] "module-question/wapUiHelp", source: http://tgc.stu.126.net/pub/s/teachold/core_8f48212905a0a11b856194fc3ce1a9de.js (253)
[6704:624:1224/165755.789:INFO:CONSOLE(257)] "module-question/wapUiViewHelp.js", source: http://tgc.stu.126.net/pub/s/teachold/core_8f48212905a0a11b856194fc3ce1a9de.js (257)
[6704:624:1224/165839.553:INFO:CONSOLE(2)] "module-question/i18n/lang.js", source: https://cdn.ravenjs.com/3.22.3/raven.min.js (2)
[6704:624:1224/165839.553:INFO:CONSOLE(2)] "module-question/wapUiHelp", source: https://cdn.ravenjs.com/3.22.3/raven.min.js (2)
[6704:624:1224/165839.554:INFO:CONSOLE(2)] "module-question/wapUiViewHelp.js", source: https://cdn.ravenjs.com/3.22.3/raven.min.js (2)
[6704:624:1224/165840.145:INFO:CONSOLE(0)] "[DOM] Password field is not contained in a form: (More info: https://goo.gl/9p2vKq) %o", source: https://geek.163.com/path/member/login?returnUrl=aHR0cDovL3RlYWNoLmdlZWsuMTYzLmNvbS80MDAwMDAwMDA2NzIwNjQuaHRt (0)
[6704:624:1224/165840.145:INFO:CONSOLE(0)] "[DOM] Password field is not contained in a form: (More info: https://goo.gl/9p2vKq) %o", source: https://geek.163.com/path/member/login?returnUrl=aHR0cDovL3RlYWNoLmdlZWsuMTYzLmNvbS80MDAwMDAwMDA2NzIwNjQuaHRt (0)
[6704:624:1224/165840.146:INFO:CONSOLE(0)] "[DOM] Password field is not contained in a form: (More info: https://goo.gl/9p2vKq) %o", source: https://geek.163.com/path/member/login?returnUrl=aHR0cDovL3RlYWNoLmdlZWsuMTYzLmNvbS80MDAwMDAwMDA2NzIwNjQuaHRt (0)
[6704:624:1224/165840.146:INFO:CONSOLE(0)] "[DOM] Password field is not contained in a form: (More info: https://goo.gl/9p2vKq) %o", source: https://geek.163.com/path/member/login?returnUrl=aHR0cDovL3RlYWNoLmdlZWsuMTYzLmNvbS80MDAwMDAwMDA2NzIwNjQuaHRt (0)
[6704:624:1224/165840.146:INFO:CONSOLE(0)] "[DOM] Password field is not contained in a form: (More info: https://goo.gl/9p2vKq) %o", source: https://geek.163.com/path/member/login?returnUrl=aHR0cDovL3RlYWNoLmdlZWsuMTYzLmNvbS80MDAwMDAwMDA2NzIwNjQuaHRt (0)
[6704:624:1224/165840.146:INFO:CONSOLE(0)] "[DOM] Password field is not contained in a form: (More info: https://goo.gl/9p2vKq) %o", source: https://geek.163.com/path/member/login?returnUrl=aHR0cDovL3RlYWNoLmdlZWsuMTYzLmNvbS80MDAwMDAwMDA2NzIwNjQuaHRt (0)
[6704:624:1224/165840.146:INFO:CONSOLE(0)] "[DOM] Password field is not contained in a form: (More info: https://goo.gl/9p2vKq) %o", source: https://geek.163.com/path/member/login?returnUrl=aHR0cDovL3RlYWNoLmdlZWsuMTYzLmNvbS80MDAwMDAwMDA2NzIwNjQuaHRt (0)
[6704:624:1224/165840.146:INFO:CONSOLE(0)] "[DOM] Password field is not contained in a form: (More info: https://goo.gl/9p2vKq) %o", source: https://geek.163.com/path/member/login?returnUrl=aHR0cDovL3RlYWNoLmdlZWsuMTYzLmNvbS80MDAwMDAwMDA2NzIwNjQuaHRt (0)
[6704:624:1224/165840.147:INFO:CONSOLE(0)] "[DOM] Password field is not contained in a form: (More info: https://goo.gl/9p2vKq) %o", source: https://geek.163.com/path/member/login?returnUrl=aHR0cDovL3RlYWNoLmdlZWsuMTYzLmNvbS80MDAwMDAwMDA2NzIwNjQuaHRt (0)
[6704:624:1224/165840.917:INFO:CONSOLE(0)] "[DOM] Input elements should have autocomplete attributes (suggested: "new-password"): (More info: https://goo.gl/9p2vKq) %o", source: https://webzj.reg.163.com/v1.0.1/pub/index_dl.html?cd=%2F%2Fedu-cms.nosdn.127.net%2Ftopics%2Fcss%2F&cf=kada_urs_course_4c152c9f26817efac4936d84ec1baa71.css&MGID=1545641919826.4192&wdaId=UA1438236666413&pkid=VelXuSo&product=kada (0)
[6704:624:1224/165840.919:INFO:CONSOLE(0)] "[DOM] Input elements should have autocomplete attributes (suggested: "new-password"): (More info: https://goo.gl/9p2vKq) %o", source: https://webzj.reg.163.com/v1.0.1/pub/index_reg.html?cd=%2F%2Fedu-cms.nosdn.127.net%2Ftopics%2Fcss%2F&cf=kada_urs_register_course_3d3c8920fcb04752d050df94efe9f31a.css&MGID=1545641919858.6145&wdaId=UA1438236666413&pkid=VelXuSo&product=kada (0)
[6704:624:1224/165840.976:INFO:CONSOLE(0)] "[DOM] Input elements should have autocomplete attributes (suggested: "new-password"): (More info: https://goo.gl/9p2vKq) %o", source: https://webzj.reg.163.com/v1.0.1/pub/index.html?cd=%2F%2Fedu-cms.nosdn.127.net%2Ftopics%2Fcss%2F&cf=kada_urs_course_4c152c9f26817efac4936d84ec1baa71.css&MGID=1545641919851.4968&wdaId=UA1438236666413&pkid=VelXuSo&product=kada (0)
[6704:624:1224/165841.086:INFO:CONSOLE(2)] "ancestorIframeChanged:791,303", source: https://cdn.ravenjs.com/3.22.3/raven.min.js (2)
[6704:624:1224/165841.088:INFO:CONSOLE(2)] "ancestorIframeChanged:-1209,211", source: https://cdn.ravenjs.com/3.22.3/raven.min.js (2)
[6704:624:1224/165841.092:INFO:CONSOLE(2)] "ancestorIframeChanged:-1639,193", source: https://cdn.ravenjs.com/3.22.3/raven.min.js (2)
[6704:624:1224/165842.062:INFO:CONSOLE(2)] "ancestorIframeChanged:791,303", source: https://cdn.ravenjs.com/3.22.3/raven.min.js (2)
[6704:624:1224/165842.064:INFO:CONSOLE(2)] "ancestorIframeChanged:-1209,211", source: https://cdn.ravenjs.com/3.22.3/raven.min.js (2)
[6704:624:1224/165842.066:INFO:CONSOLE(2)] "ancestorIframeChanged:-1639,193", source: https://cdn.ravenjs.com/3.22.3/raven.min.js (2)
[6704:624:1224/165843.141:INFO:CONSOLE(2)] "ancestorIframeChanged:-1209,211", source: https://cdn.ravenjs.com/3.22.3/raven.min.js (2)
[6704:624:1224/165843.142:INFO:CONSOLE(2)] "ancestorIframeChanged:791,303", source: https://cdn.ravenjs.com/3.22.3/raven.min.js (2)
[6704:624:1224/165843.146:INFO:CONSOLE(2)] "ancestorIframeChanged:-1639,193", source: https://cdn.ravenjs.com/3.22.3/raven.min.js (2)
[6704:624:1224/165845.132:INFO:CONSOLE(2)] "ancestorIframeChanged:-1209,211", source: https://cdn.ravenjs.com/3.22.3/raven.min.js (2)
[6704:624:1224/165845.134:INFO:CONSOLE(2)] "ancestorIframeChanged:791,303", source: https://cdn.ravenjs.com/3.22.3/raven.min.js (2)
[6704:624:1224/165845.136:INFO:CONSOLE(2)] "ancestorIframeChanged:-1639,193", source: https://cdn.ravenjs.com/3.22.3/raven.min.js (2)
[6704:624:1224/165846.416:INFO:CONSOLE(2)] "ancestorIframeChanged:-1209,211", source: https://cdn.ravenjs.com/3.22.3/raven.min.js (2)
[6704:624:1224/165846.418:INFO:CONSOLE(2)] "ancestorIframeChanged:791,303", source: https://cdn.ravenjs.com/3.22.3/raven.min.js (2)
[6704:624:1224/165846.420:INFO:CONSOLE(2)] "ancestorIframeChanged:-1639,193", source: https://cdn.ravenjs.com/3.22.3/raven.min.js (2)
[6704:624:1224/165847.918:INFO:CONSOLE(2)] "ancestorIframeChanged:-1209,211", source: https://cdn.ravenjs.com/3.22.3/raven.min.js (2)
[6704:624:1224/165847.919:INFO:CONSOLE(2)] "ancestorIframeChanged:791,303", source: https://cdn.ravenjs.com/3.22.3/raven.min.js (2)
[6704:624:1224/165847.921:INFO:CONSOLE(2)] "ancestorIframeChanged:-1639,193", source: https://cdn.ravenjs.com/3.22.3/raven.min.js (2)
[6704:624:1224/165849.639:INFO:CONSOLE(252)] "module-question/i18n/lang.js", source: http://tgc.stu.126.net/pub/s/teachold/core_8f48212905a0a11b856194fc3ce1a9de.js (252)
[6704:624:1224/165849.639:INFO:CONSOLE(253)] "module-question/wapUiHelp", source: http://tgc.stu.126.net/pub/s/teachold/core_8f48212905a0a11b856194fc3ce1a9de.js (253)
[6704:624:1224/165849.658:INFO:CONSOLE(257)] "module-question/wapUiViewHelp.js", source: http://tgc.stu.126.net/pub/s/teachold/core_8f48212905a0a11b856194fc3ce1a9de.js (257)
[6704:624:1224/165850.953:INFO:CONSOLE(252)] "module-question/i18n/lang.js", source: http://tgc.stu.126.net/pub/s/teachold/core_8f48212905a0a11b856194fc3ce1a9de.js (252)
[6704:624:1224/165850.953:INFO:CONSOLE(253)] "module-question/wapUiHelp", source: http://tgc.stu.126.net/pub/s/teachold/core_8f48212905a0a11b856194fc3ce1a9de.js (253)
[6704:624:1224/165850.964:INFO:CONSOLE(257)] "module-question/wapUiViewHelp.js", source: http://tgc.stu.126.net/pub/s/teachold/core_8f48212905a0a11b856194fc3ce1a9de.js (257)
[6704:624:1224/165935.590:INFO:CONSOLE(2)] "module-question/i18n/lang.js", source: https://cdn.ravenjs.com/3.22.3/raven.min.js (2)
[6704:624:1224/165935.591:INFO:CONSOLE(2)] "module-question/wapUiHelp", source: https://cdn.ravenjs.com/3.22.3/raven.min.js (2)
[6704:624:1224/165935.592:INFO:CONSOLE(2)] "module-question/wapUiViewHelp.js", source: https://cdn.ravenjs.com/3.22.3/raven.min.js (2)
[6704:624:1224/165936.284:INFO:CONSOLE(0)] "[DOM] Password field is not contained in a form: (More info: https://goo.gl/9p2vKq) %o", source: https://geek.163.com/path/member/login?returnUrl=aHR0cDovL3RlYWNoLmdlZWsuMTYzLmNvbS80MDAwMDAwMDA2NzIwNjQuaHRt (0)
[6704:624:1224/165936.287:INFO:CONSOLE(0)] "[DOM] Password field is not contained in a form: (More info: https://goo.gl/9p2vKq) %o", source: https://geek.163.com/path/member/login?returnUrl=aHR0cDovL3RlYWNoLmdlZWsuMTYzLmNvbS80MDAwMDAwMDA2NzIwNjQuaHRt (0)
[6704:624:1224/165936.287:INFO:CONSOLE(0)] "[DOM] Password field is not contained in a form: (More info: https://goo.gl/9p2vKq) %o", source: https://geek.163.com/path/member/login?returnUrl=aHR0cDovL3RlYWNoLmdlZWsuMTYzLmNvbS80MDAwMDAwMDA2NzIwNjQuaHRt (0)
[6704:624:1224/165936.287:INFO:CONSOLE(0)] "[DOM] Password field is not contained in a form: (More info: https://goo.gl/9p2vKq) %o", source: https://geek.163.com/path/member/login?returnUrl=aHR0cDovL3RlYWNoLmdlZWsuMTYzLmNvbS80MDAwMDAwMDA2NzIwNjQuaHRt (0)
[6704:624:1224/165936.287:INFO:CONSOLE(0)] "[DOM] Password field is not contained in a form: (More info: https://goo.gl/9p2vKq) %o", source: https://geek.163.com/path/member/login?returnUrl=aHR0cDovL3RlYWNoLmdlZWsuMTYzLmNvbS80MDAwMDAwMDA2NzIwNjQuaHRt (0)
[6704:624:1224/165936.287:INFO:CONSOLE(0)] "[DOM] Password field is not contained in a form: (More info: https://goo.gl/9p2vKq) %o", source: https://geek.163.com/path/member/login?returnUrl=aHR0cDovL3RlYWNoLmdlZWsuMTYzLmNvbS80MDAwMDAwMDA2NzIwNjQuaHRt (0)
[6704:624:1224/165936.288:INFO:CONSOLE(0)] "[DOM] Password field is not contained in a form: (More info: https://goo.gl/9p2vKq) %o", source: https://geek.163.com/path/member/login?returnUrl=aHR0cDovL3RlYWNoLmdlZWsuMTYzLmNvbS80MDAwMDAwMDA2NzIwNjQuaHRt (0)
[6704:624:1224/165936.288:INFO:CONSOLE(0)] "[DOM] Password field is not contained in a form: (More info: https://goo.gl/9p2vKq) %o", source: https://geek.163.com/path/member/login?returnUrl=aHR0cDovL3RlYWNoLmdlZWsuMTYzLmNvbS80MDAwMDAwMDA2NzIwNjQuaHRt (0)
[6704:624:1224/165936.288:INFO:CONSOLE(0)] "[DOM] Password field is not contained in a form: (More info: https://goo.gl/9p2vKq) %o", source: https://geek.163.com/path/member/login?returnUrl=aHR0cDovL3RlYWNoLmdlZWsuMTYzLmNvbS80MDAwMDAwMDA2NzIwNjQuaHRt (0)
[6704:624:1224/165936.833:INFO:CONSOLE(0)] "[DOM] Input elements should have autocomplete attributes (suggested: "new-password"): (More info: https://goo.gl/9p2vKq) %o", source: https://webzj.reg.163.com/v1.0.1/pub/index_dl.html?cd=%2F%2Fedu-cms.nosdn.127.net%2Ftopics%2Fcss%2F&cf=kada_urs_course_4c152c9f26817efac4936d84ec1baa71.css&MGID=1545641975876.0159&wdaId=UA1438236666413&pkid=VelXuSo&product=kada (0)
[6704:624:1224/165936.835:INFO:CONSOLE(0)] "[DOM] Input elements should have autocomplete attributes (suggested: "new-password"): (More info: https://goo.gl/9p2vKq) %o", source: https://webzj.reg.163.com/v1.0.1/pub/index_reg.html?cd=%2F%2Fedu-cms.nosdn.127.net%2Ftopics%2Fcss%2F&cf=kada_urs_register_course_3d3c8920fcb04752d050df94efe9f31a.css&MGID=1545641975904.4905&wdaId=UA1438236666413&pkid=VelXuSo&product=kada (0)
[6704:624:1224/165936.835:INFO:CONSOLE(0)] "[DOM] Input elements should have autocomplete attributes (suggested: "new-password"): (More info: https://goo.gl/9p2vKq) %o", source: https://webzj.reg.163.com/v1.0.1/pub/index.html?cd=%2F%2Fedu-cms.nosdn.127.net%2Ftopics%2Fcss%2F&cf=kada_urs_course_4c152c9f26817efac4936d84ec1baa71.css&MGID=1545641975896.7886&wdaId=UA1438236666413&pkid=VelXuSo&product=kada (0)
[6704:624:1224/165937.104:INFO:CONSOLE(2)] "ancestorIframeChanged:791,303", source: https://cdn.ravenjs.com/3.22.3/raven.min.js (2)
[6704:624:1224/165937.106:INFO:CONSOLE(2)] "ancestorIframeChanged:-1209,211", source: https://cdn.ravenjs.com/3.22.3/raven.min.js (2)
[6704:624:1224/165937.109:INFO:CONSOLE(2)] "ancestorIframeChanged:-1639,193", source: https://cdn.ravenjs.com/3.22.3/raven.min.js (2)
[6704:624:1224/165938.062:INFO:CONSOLE(2)] "ancestorIframeChanged:791,303", source: https://cdn.ravenjs.com/3.22.3/raven.min.js (2)
[6704:624:1224/165938.063:INFO:CONSOLE(2)] "ancestorIframeChanged:-1209,211", source: https://cdn.ravenjs.com/3.22.3/raven.min.js (2)
[6704:624:1224/165938.066:INFO:CONSOLE(2)] "ancestorIframeChanged:-1639,193", source: https://cdn.ravenjs.com/3.22.3/raven.min.js (2)
[6704:624:1224/165939.114:INFO:CONSOLE(2)] "ancestorIframeChanged:-1209,211", source: https://cdn.ravenjs.com/3.22.3/raven.min.js (2)
[6704:624:1224/165939.115:INFO:CONSOLE(2)] "ancestorIframeChanged:791,303", source: https://cdn.ravenjs.com/3.22.3/raven.min.js (2)
[6704:624:1224/165939.117:INFO:CONSOLE(2)] "ancestorIframeChanged:-1639,193", source: https://cdn.ravenjs.com/3.22.3/raven.min.js (2)
[6704:624:1224/165941.115:INFO:CONSOLE(2)] "ancestorIframeChanged:-1209,211", source: https://cdn.ravenjs.com/3.22.3/raven.min.js (2)
[6704:624:1224/165941.117:INFO:CONSOLE(2)] "ancestorIframeChanged:791,303", source: https://cdn.ravenjs.com/3.22.3/raven.min.js (2)
[6704:624:1224/165941.119:INFO:CONSOLE(2)] "ancestorIframeChanged:-1639,193", source: https://cdn.ravenjs.com/3.22.3/raven.min.js (2)
[6704:624:1224/165942.314:INFO:CONSOLE(2)] "ancestorIframeChanged:-1209,211", source: https://cdn.ravenjs.com/3.22.3/raven.min.js (2)
[6704:624:1224/165942.318:INFO:CONSOLE(2)] "ancestorIframeChanged:791,303", source: https://cdn.ravenjs.com/3.22.3/raven.min.js (2)
[6704:624:1224/165942.319:INFO:CONSOLE(2)] "ancestorIframeChanged:-1639,193", source: https://cdn.ravenjs.com/3.22.3/raven.min.js (2)
[6704:624:1224/165943.449:INFO:CONSOLE(2)] "ancestorIframeChanged:-1209,211", source: https://cdn.ravenjs.com/3.22.3/raven.min.js (2)
[6704:624:1224/165943.451:INFO:CONSOLE(2)] "ancestorIframeChanged:791,303", source: https://cdn.ravenjs.com/3.22.3/raven.min.js (2)
[6704:624:1224/165943.453:INFO:CONSOLE(2)] "ancestorIframeChanged:-1639,193", source: https://cdn.ravenjs.com/3.22.3/raven.min.js (2)
[6704:624:1224/165945.080:INFO:CONSOLE(252)] "module-question/i18n/lang.js", source: http://tgc.stu.126.net/pub/s/teachold/core_8f48212905a0a11b856194fc3ce1a9de.js (252)
[6704:624:1224/165945.082:INFO:CONSOLE(253)] "module-question/wapUiHelp", source: http://tgc.stu.126.net/pub/s/teachold/core_8f48212905a0a11b856194fc3ce1a9de.js (253)
[6704:624:1224/165945.092:INFO:CONSOLE(257)] "module-question/wapUiViewHelp.js", source: http://tgc.stu.126.net/pub/s/teachold/core_8f48212905a0a11b856194fc3ce1a9de.js (257)
[6704:624:1224/165950.902:INFO:CONSOLE(252)] "module-question/i18n/lang.js", source: http://tgc.stu.126.net/pub/s/teachold/core_8f48212905a0a11b856194fc3ce1a9de.js (252)
[6704:624:1224/165950.905:INFO:CONSOLE(253)] "module-question/wapUiHelp", source: http://tgc.stu.126.net/pub/s/teachold/core_8f48212905a0a11b856194fc3ce1a9de.js (253)
[6704:624:1224/165950.917:INFO:CONSOLE(257)] "module-question/wapUiViewHelp.js", source: http://tgc.stu.126.net/pub/s/teachold/core_8f48212905a0a11b856194fc3ce1a9de.js (257)
[6704:624:1224/170000.435:INFO:CONSOLE(252)] "module-question/i18n/lang.js", source: http://tgc.stu.126.net/pub/s/teachold/core_8f48212905a0a11b856194fc3ce1a9de.js (252)
[6704:624:1224/170000.435:INFO:CONSOLE(253)] "module-question/wapUiHelp", source: http://tgc.stu.126.net/pub/s/teachold/core_8f48212905a0a11b856194fc3ce1a9de.js (253)
[6704:624:1224/170000.447:INFO:CONSOLE(257)] "module-question/wapUiViewHelp.js", source: http://tgc.stu.126.net/pub/s/teachold/core_8f48212905a0a11b856194fc3ce1a9de.js (257)
[6704:624:1224/170011.557:INFO:CONSOLE(2)] "module-question/i18n/lang.js", source: https://cdn.ravenjs.com/3.22.3/raven.min.js (2)
[6704:624:1224/170011.557:INFO:CONSOLE(2)] "module-question/wapUiHelp", source: https://cdn.ravenjs.com/3.22.3/raven.min.js (2)
[6704:624:1224/170011.559:INFO:CONSOLE(2)] "module-question/wapUiViewHelp.js", source: https://cdn.ravenjs.com/3.22.3/raven.min.js (2)
[6704:624:1224/170012.184:INFO:CONSOLE(0)] "[DOM] Password field is not contained in a form: (More info: https://goo.gl/9p2vKq) %o", source: https://geek.163.com/path/member/login?returnUrl=aHR0cDovL3RlYWNoLmdlZWsuMTYzLmNvbS80MDAwMDAwMDA2NzIwNjQuaHRt (0)
[6704:624:1224/170012.185:INFO:CONSOLE(0)] "[DOM] Password field is not contained in a form: (More info: https://goo.gl/9p2vKq) %o", source: https://geek.163.com/path/member/login?returnUrl=aHR0cDovL3RlYWNoLmdlZWsuMTYzLmNvbS80MDAwMDAwMDA2NzIwNjQuaHRt (0)
[6704:624:1224/170012.185:INFO:CONSOLE(0)] "[DOM] Password field is not contained in a form: (More info: https://goo.gl/9p2vKq) %o", source: https://geek.163.com/path/member/login?returnUrl=aHR0cDovL3RlYWNoLmdlZWsuMTYzLmNvbS80MDAwMDAwMDA2NzIwNjQuaHRt (0)
[6704:624:1224/170012.185:INFO:CONSOLE(0)] "[DOM] Password field is not contained in a form: (More info: https://goo.gl/9p2vKq) %o", source: https://geek.163.com/path/member/login?returnUrl=aHR0cDovL3RlYWNoLmdlZWsuMTYzLmNvbS80MDAwMDAwMDA2NzIwNjQuaHRt (0)
[6704:624:1224/170012.185:INFO:CONSOLE(0)] "[DOM] Password field is not contained in a form: (More info: https://goo.gl/9p2vKq) %o", source: https://geek.163.com/path/member/login?returnUrl=aHR0cDovL3RlYWNoLmdlZWsuMTYzLmNvbS80MDAwMDAwMDA2NzIwNjQuaHRt (0)
[6704:624:1224/170012.185:INFO:CONSOLE(0)] "[DOM] Password field is not contained in a form: (More info: https://goo.gl/9p2vKq) %o", source: https://geek.163.com/path/member/login?returnUrl=aHR0cDovL3RlYWNoLmdlZWsuMTYzLmNvbS80MDAwMDAwMDA2NzIwNjQuaHRt (0)
[6704:624:1224/170012.186:INFO:CONSOLE(0)] "[DOM] Password field is not contained in a form: (More info: https://goo.gl/9p2vKq) %o", source: https://geek.163.com/path/member/login?returnUrl=aHR0cDovL3RlYWNoLmdlZWsuMTYzLmNvbS80MDAwMDAwMDA2NzIwNjQuaHRt (0)
[6704:624:1224/170012.186:INFO:CONSOLE(0)] "[DOM] Password field is not contained in a form: (More info: https://goo.gl/9p2vKq) %o", source: https://geek.163.com/path/member/login?returnUrl=aHR0cDovL3RlYWNoLmdlZWsuMTYzLmNvbS80MDAwMDAwMDA2NzIwNjQuaHRt (0)
[6704:624:1224/170012.186:INFO:CONSOLE(0)] "[DOM] Password field is not contained in a form: (More info: https://goo.gl/9p2vKq) %o", source: https://geek.163.com/path/member/login?returnUrl=aHR0cDovL3RlYWNoLmdlZWsuMTYzLmNvbS80MDAwMDAwMDA2NzIwNjQuaHRt (0)
[6704:624:1224/170012.871:INFO:CONSOLE(0)] "[DOM] Input elements should have autocomplete attributes (suggested: "new-password"): (More info: https://goo.gl/9p2vKq) %o", source: https://webzj.reg.163.com/v1.0.1/pub/index_dl.html?cd=%2F%2Fedu-cms.nosdn.127.net%2Ftopics%2Fcss%2F&cf=kada_urs_course_4c152c9f26817efac4936d84ec1baa71.css&MGID=1545642011826.8257&wdaId=UA1438236666413&pkid=VelXuSo&product=kada (0)
[6704:624:1224/170012.926:INFO:CONSOLE(0)] "[DOM] Input elements should have autocomplete attributes (suggested: "new-password"): (More info: https://goo.gl/9p2vKq) %o", source: https://webzj.reg.163.com/v1.0.1/pub/index_reg.html?cd=%2F%2Fedu-cms.nosdn.127.net%2Ftopics%2Fcss%2F&cf=kada_urs_register_course_3d3c8920fcb04752d050df94efe9f31a.css&MGID=1545642011872.1882&wdaId=UA1438236666413&pkid=VelXuSo&product=kada (0)
[6704:624:1224/170012.979:INFO:CONSOLE(0)] "[DOM] Input elements should have autocomplete attributes (suggested: "new-password"): (More info: https://goo.gl/9p2vKq) %o", source: https://webzj.reg.163.com/v1.0.1/pub/index.html?cd=%2F%2Fedu-cms.nosdn.127.net%2Ftopics%2Fcss%2F&cf=kada_urs_course_4c152c9f26817efac4936d84ec1baa71.css&MGID=1545642011860.4353&wdaId=UA1438236666413&pkid=VelXuSo&product=kada (0)
[6704:624:1224/170013.336:INFO:CONSOLE(2)] "ancestorIframeChanged:791,303", source: https://cdn.ravenjs.com/3.22.3/raven.min.js (2)
[6704:624:1224/170013.339:INFO:CONSOLE(2)] "ancestorIframeChanged:-1209,211", source: https://cdn.ravenjs.com/3.22.3/raven.min.js (2)
[6704:624:1224/170013.341:INFO:CONSOLE(2)] "ancestorIframeChanged:-1639,193", source: https://cdn.ravenjs.com/3.22.3/raven.min.js (2)
[6704:624:1224/170014.303:INFO:CONSOLE(2)] "ancestorIframeChanged:791,303", source: https://cdn.ravenjs.com/3.22.3/raven.min.js (2)
[6704:624:1224/170014.305:INFO:CONSOLE(2)] "ancestorIframeChanged:-1209,211", source: https://cdn.ravenjs.com/3.22.3/raven.min.js (2)
[6704:624:1224/170014.306:INFO:CONSOLE(2)] "ancestorIframeChanged:-1639,193", source: https://cdn.ravenjs.com/3.22.3/raven.min.js (2)
[6704:624:1224/170015.392:INFO:CONSOLE(2)] "ancestorIframeChanged:-1209,211", source: https://cdn.ravenjs.com/3.22.3/raven.min.js (2)
[6704:624:1224/170015.394:INFO:CONSOLE(2)] "ancestorIframeChanged:791,303", source: https://cdn.ravenjs.com/3.22.3/raven.min.js (2)
[6704:624:1224/170015.396:INFO:CONSOLE(2)] "ancestorIframeChanged:-1639,193", source: https://cdn.ravenjs.com/3.22.3/raven.min.js (2)
[6704:624:1224/170019.530:INFO:CONSOLE(2)] "ancestorIframeChanged:-1209,211", source: https://cdn.ravenjs.com/3.22.3/raven.min.js (2)
[6704:624:1224/170019.532:INFO:CONSOLE(2)] "ancestorIframeChanged:791,303", source: https://cdn.ravenjs.com/3.22.3/raven.min.js (2)
[6704:624:1224/170019.534:INFO:CONSOLE(2)] "ancestorIframeChanged:-1639,193", source: https://cdn.ravenjs.com/3.22.3/raven.min.js (2)
[6704:624:1224/170020.684:INFO:CONSOLE(2)] "ancestorIframeChanged:-1209,211", source: https://cdn.ravenjs.com/3.22.3/raven.min.js (2)
[6704:624:1224/170020.685:INFO:CONSOLE(2)] "ancestorIframeChanged:791,303", source: https://cdn.ravenjs.com/3.22.3/raven.min.js (2)
[6704:624:1224/170020.687:INFO:CONSOLE(2)] "ancestorIframeChanged:-1639,193", source: https://cdn.ravenjs.com/3.22.3/raven.min.js (2)
[6704:624:1224/170021.810:INFO:CONSOLE(2)] "ancestorIframeChanged:-1209,211", source: https://cdn.ravenjs.com/3.22.3/raven.min.js (2)
[6704:624:1224/170021.811:INFO:CONSOLE(2)] "ancestorIframeChanged:791,303", source: https://cdn.ravenjs.com/3.22.3/raven.min.js (2)
[6704:624:1224/170021.814:INFO:CONSOLE(2)] "ancestorIframeChanged:-1639,193", source: https://cdn.ravenjs.com/3.22.3/raven.min.js (2)
[6704:624:1224/170023.714:INFO:CONSOLE(252)] "module-question/i18n/lang.js", source: http://tgc.stu.126.net/pub/s/teachold/core_8f48212905a0a11b856194fc3ce1a9de.js (252)
[6704:624:1224/170023.715:INFO:CONSOLE(253)] "module-question/wapUiHelp", source: http://tgc.stu.126.net/pub/s/teachold/core_8f48212905a0a11b856194fc3ce1a9de.js (253)
[6704:624:1224/170023.725:INFO:CONSOLE(257)] "module-question/wapUiViewHelp.js", source: http://tgc.stu.126.net/pub/s/teachold/core_8f48212905a0a11b856194fc3ce1a9de.js (257)
[6704:624:1224/170025.145:INFO:CONSOLE(252)] "module-question/i18n/lang.js", source: http://tgc.stu.126.net/pub/s/teachold/core_8f48212905a0a11b856194fc3ce1a9de.js (252)
[6704:624:1224/170025.145:INFO:CONSOLE(253)] "module-question/wapUiHelp", source: http://tgc.stu.126.net/pub/s/teachold/core_8f48212905a0a11b856194fc3ce1a9de.js (253)
[6704:624:1224/170025.164:INFO:CONSOLE(257)] "module-question/wapUiViewHelp.js", source: http://tgc.stu.126.net/pub/s/teachold/core_8f48212905a0a11b856194fc3ce1a9de.js (257)
[6704:624:1224/170034.297:INFO:CONSOLE(619)] "ancestorIframeChanged:624,594", source:  (619)
[6704:624:1224/170035.551:INFO:CONSOLE(619)] "ancestorIframeChanged:624,594", source:  (619)
[6704:624:1224/170037.356:INFO:CONSOLE(619)] "ancestorIframeChanged:624,594", source:  (619)
[6704:624:1224/170038.426:INFO:CONSOLE(619)] "ancestorIframeChanged:624,594", source:  (619)
[6704:624:1224/170039.472:INFO:CONSOLE(619)] "ancestorIframeChanged:624,594", source:  (619)
[6704:624:1224/170040.520:INFO:CONSOLE(619)] "ancestorIframeChanged:624,594", source:  (619)
[6704:624:1224/170041.592:INFO:CONSOLE(619)] "ancestorIframeChanged:624,594", source:  (619)
[6704:624:1224/170042.554:INFO:CONSOLE(619)] "ancestorIframeChanged:624,594", source:  (619)
[6704:624:1224/170044.409:INFO:CONSOLE(619)] "ancestorIframeChanged:624,466", source:  (619)
[6704:624:1224/170046.378:INFO:CONSOLE(619)] "ancestorIframeChanged:624,466", source:  (619)
[6704:624:1224/170111.612:INFO:CONSOLE(2)] "module-question/i18n/lang.js", source: https://cdn.ravenjs.com/3.22.3/raven.min.js (2)
[6704:624:1224/170111.612:INFO:CONSOLE(2)] "module-question/wapUiHelp", source: https://cdn.ravenjs.com/3.22.3/raven.min.js (2)
[6704:624:1224/170111.613:INFO:CONSOLE(2)] "module-question/wapUiViewHelp.js", source: https://cdn.ravenjs.com/3.22.3/raven.min.js (2)
[6704:624:1224/170112.209:INFO:CONSOLE(0)] "[DOM] Password field is not contained in a form: (More info: https://goo.gl/9p2vKq) %o", source: https://geek.163.com/path/member/login?returnUrl=aHR0cDovL3RlYWNoLmdlZWsuMTYzLmNvbS80MDAwMDAwMDA2NzIwNjQuaHRt (0)
[6704:624:1224/170112.209:INFO:CONSOLE(0)] "[DOM] Password field is not contained in a form: (More info: https://goo.gl/9p2vKq) %o", source: https://geek.163.com/path/member/login?returnUrl=aHR0cDovL3RlYWNoLmdlZWsuMTYzLmNvbS80MDAwMDAwMDA2NzIwNjQuaHRt (0)
[6704:624:1224/170112.210:INFO:CONSOLE(0)] "[DOM] Password field is not contained in a form: (More info: https://goo.gl/9p2vKq) %o", source: https://geek.163.com/path/member/login?returnUrl=aHR0cDovL3RlYWNoLmdlZWsuMTYzLmNvbS80MDAwMDAwMDA2NzIwNjQuaHRt (0)
[6704:624:1224/170112.210:INFO:CONSOLE(0)] "[DOM] Password field is not contained in a form: (More info: https://goo.gl/9p2vKq) %o", source: https://geek.163.com/path/member/login?returnUrl=aHR0cDovL3RlYWNoLmdlZWsuMTYzLmNvbS80MDAwMDAwMDA2NzIwNjQuaHRt (0)
[6704:624:1224/170112.210:INFO:CONSOLE(0)] "[DOM] Password field is not contained in a form: (More info: https://goo.gl/9p2vKq) %o", source: https://geek.163.com/path/member/login?returnUrl=aHR0cDovL3RlYWNoLmdlZWsuMTYzLmNvbS80MDAwMDAwMDA2NzIwNjQuaHRt (0)
[6704:624:1224/170112.210:INFO:CONSOLE(0)] "[DOM] Password field is not contained in a form: (More info: https://goo.gl/9p2vKq) %o", source: https://geek.163.com/path/member/login?returnUrl=aHR0cDovL3RlYWNoLmdlZWsuMTYzLmNvbS80MDAwMDAwMDA2NzIwNjQuaHRt (0)
[6704:624:1224/170112.210:INFO:CONSOLE(0)] "[DOM] Password field is not contained in a form: (More info: https://goo.gl/9p2vKq) %o", source: https://geek.163.com/path/member/login?returnUrl=aHR0cDovL3RlYWNoLmdlZWsuMTYzLmNvbS80MDAwMDAwMDA2NzIwNjQuaHRt (0)
[6704:624:1224/170112.211:INFO:CONSOLE(0)] "[DOM] Password field is not contained in a form: (More info: https://goo.gl/9p2vKq) %o", source: https://geek.163.com/path/member/login?returnUrl=aHR0cDovL3RlYWNoLmdlZWsuMTYzLmNvbS80MDAwMDAwMDA2NzIwNjQuaHRt (0)
[6704:624:1224/170112.211:INFO:CONSOLE(0)] "[DOM] Password field is not contained in a form: (More info: https://goo.gl/9p2vKq) %o", source: https://geek.163.com/path/member/login?returnUrl=aHR0cDovL3RlYWNoLmdlZWsuMTYzLmNvbS80MDAwMDAwMDA2NzIwNjQuaHRt (0)
[6704:624:1224/170112.521:INFO:CONSOLE(0)] "[DOM] Input elements should have autocomplete attributes (suggested: "new-password"): (More info: https://goo.gl/9p2vKq) %o", source: https://webzj.reg.163.com/v1.0.1/pub/index_reg.html?cd=%2F%2Fedu-cms.nosdn.127.net%2Ftopics%2Fcss%2F&cf=kada_urs_register_course_3d3c8920fcb04752d050df94efe9f31a.css&MGID=1545642071904.6306&wdaId=UA1438236666413&pkid=VelXuSo&product=kada (0)
[6704:624:1224/170112.846:INFO:CONSOLE(0)] "[DOM] Input elements should have autocomplete attributes (suggested: "new-password"): (More info: https://goo.gl/9p2vKq) %o", source: https://webzj.reg.163.com/v1.0.1/pub/index_dl.html?cd=%2F%2Fedu-cms.nosdn.127.net%2Ftopics%2Fcss%2F&cf=kada_urs_course_4c152c9f26817efac4936d84ec1baa71.css&MGID=1545642071872.2737&wdaId=UA1438236666413&pkid=VelXuSo&product=kada (0)
[6704:624:1224/170112.849:INFO:CONSOLE(0)] "[DOM] Input elements should have autocomplete attributes (suggested: "new-password"): (More info: https://goo.gl/9p2vKq) %o", source: https://webzj.reg.163.com/v1.0.1/pub/index.html?cd=%2F%2Fedu-cms.nosdn.127.net%2Ftopics%2Fcss%2F&cf=kada_urs_course_4c152c9f26817efac4936d84ec1baa71.css&MGID=1545642071893.0376&wdaId=UA1438236666413&pkid=VelXuSo&product=kada (0)
[6704:624:1224/170113.377:INFO:CONSOLE(2)] "ancestorIframeChanged:791,303", source: https://cdn.ravenjs.com/3.22.3/raven.min.js (2)
[6704:624:1224/170113.381:INFO:CONSOLE(2)] "ancestorIframeChanged:-1209,211", source: https://cdn.ravenjs.com/3.22.3/raven.min.js (2)
[6704:624:1224/170113.383:INFO:CONSOLE(2)] "ancestorIframeChanged:-1639,193", source: https://cdn.ravenjs.com/3.22.3/raven.min.js (2)
[6704:624:1224/170114.336:INFO:CONSOLE(2)] "ancestorIframeChanged:791,303", source: https://cdn.ravenjs.com/3.22.3/raven.min.js (2)
[6704:624:1224/170114.337:INFO:CONSOLE(2)] "ancestorIframeChanged:-1209,211", source: https://cdn.ravenjs.com/3.22.3/raven.min.js (2)
[6704:624:1224/170114.339:INFO:CONSOLE(2)] "ancestorIframeChanged:-1639,193", source: https://cdn.ravenjs.com/3.22.3/raven.min.js (2)
[6704:624:1224/170115.414:INFO:CONSOLE(2)] "ancestorIframeChanged:-1209,211", source: https://cdn.ravenjs.com/3.22.3/raven.min.js (2)
[6704:624:1224/170115.415:INFO:CONSOLE(2)] "ancestorIframeChanged:791,303", source: https://cdn.ravenjs.com/3.22.3/raven.min.js (2)
[6704:624:1224/170115.417:INFO:CONSOLE(2)] "ancestorIframeChanged:-1639,193", source: https://cdn.ravenjs.com/3.22.3/raven.min.js (2)
[6704:624:1224/170117.231:INFO:CONSOLE(2)] "ancestorIframeChanged:-1209,211", source: https://cdn.ravenjs.com/3.22.3/raven.min.js (2)
[6704:624:1224/170117.233:INFO:CONSOLE(2)] "ancestorIframeChanged:791,303", source: https://cdn.ravenjs.com/3.22.3/raven.min.js (2)
[6704:624:1224/170117.234:INFO:CONSOLE(2)] "ancestorIframeChanged:-1639,193", source: https://cdn.ravenjs.com/3.22.3/raven.min.js (2)
[6704:624:1224/170118.397:INFO:CONSOLE(2)] "ancestorIframeChanged:-1209,211", source: https://cdn.ravenjs.com/3.22.3/raven.min.js (2)
[6704:624:1224/170118.398:INFO:CONSOLE(2)] "ancestorIframeChanged:791,303", source: https://cdn.ravenjs.com/3.22.3/raven.min.js (2)
[6704:624:1224/170118.401:INFO:CONSOLE(2)] "ancestorIframeChanged:-1639,193", source: https://cdn.ravenjs.com/3.22.3/raven.min.js (2)
[6704:624:1224/170119.536:INFO:CONSOLE(2)] "ancestorIframeChanged:-1209,211", source: https://cdn.ravenjs.com/3.22.3/raven.min.js (2)
[6704:624:1224/170119.538:INFO:CONSOLE(2)] "ancestorIframeChanged:791,303", source: https://cdn.ravenjs.com/3.22.3/raven.min.js (2)
[6704:624:1224/170119.540:INFO:CONSOLE(2)] "ancestorIframeChanged:-1639,193", source: https://cdn.ravenjs.com/3.22.3/raven.min.js (2)
[6704:624:1224/170121.185:INFO:CONSOLE(252)] "module-question/i18n/lang.js", source: http://tgc.stu.126.net/pub/s/teachold/core_8f48212905a0a11b856194fc3ce1a9de.js (252)
[6704:624:1224/170121.186:INFO:CONSOLE(253)] "module-question/wapUiHelp", source: http://tgc.stu.126.net/pub/s/teachold/core_8f48212905a0a11b856194fc3ce1a9de.js (253)
[6704:624:1224/170121.197:INFO:CONSOLE(257)] "module-question/wapUiViewHelp.js", source: http://tgc.stu.126.net/pub/s/teachold/core_8f48212905a0a11b856194fc3ce1a9de.js (257)
[6704:624:1224/170123.261:INFO:CONSOLE(252)] "module-question/i18n/lang.js", source: http://tgc.stu.126.net/pub/s/teachold/core_8f48212905a0a11b856194fc3ce1a9de.js (252)
[6704:624:1224/170123.262:INFO:CONSOLE(253)] "module-question/wapUiHelp", source: http://tgc.stu.126.net/pub/s/teachold/core_8f48212905a0a11b856194fc3ce1a9de.js (253)
[6704:624:1224/170123.280:INFO:CONSOLE(257)] "module-question/wapUiViewHelp.js", source: http://tgc.stu.126.net/pub/s/teachold/core_8f48212905a0a11b856194fc3ce1a9de.js (257)
[6704:624:1224/170128.000:INFO:CONSOLE(619)] "ancestorIframeChanged:676,423", source:  (619)
[6704:624:1224/170129.122:INFO:CONSOLE(619)] "ancestorIframeChanged:676,423", source:  (619)
[6704:624:1224/170130.301:INFO:CONSOLE(619)] "ancestorIframeChanged:676,423", source:  (619)
[6704:624:1224/170131.356:INFO:CONSOLE(619)] "ancestorIframeChanged:676,423", source:  (619)
[6704:624:1224/170136.458:INFO:CONSOLE(619)] "ancestorIframeChanged:676,428", source:  (619)
[6704:624:1224/170151.606:INFO:CONSOLE(2)] "module-question/i18n/lang.js", source: https://cdn.ravenjs.com/3.22.3/raven.min.js (2)
[6704:624:1224/170151.606:INFO:CONSOLE(2)] "module-question/wapUiHelp", source: https://cdn.ravenjs.com/3.22.3/raven.min.js (2)
[6704:624:1224/170151.608:INFO:CONSOLE(2)] "module-question/wapUiViewHelp.js", source: https://cdn.ravenjs.com/3.22.3/raven.min.js (2)
[6704:624:1224/170152.256:INFO:CONSOLE(0)] "[DOM] Password field is not contained in a form: (More info: https://goo.gl/9p2vKq) %o", source: https://geek.163.com/path/member/login?returnUrl=aHR0cDovL3RlYWNoLmdlZWsuMTYzLmNvbS80MDAwMDAwMDA2NzIwNjQuaHRt (0)
[6704:624:1224/170152.256:INFO:CONSOLE(0)] "[DOM] Password field is not contained in a form: (More info: https://goo.gl/9p2vKq) %o", source: https://geek.163.com/path/member/login?returnUrl=aHR0cDovL3RlYWNoLmdlZWsuMTYzLmNvbS80MDAwMDAwMDA2NzIwNjQuaHRt (0)
[6704:624:1224/170152.256:INFO:CONSOLE(0)] "[DOM] Password field is not contained in a form: (More info: https://goo.gl/9p2vKq) %o", source: https://geek.163.com/path/member/login?returnUrl=aHR0cDovL3RlYWNoLmdlZWsuMTYzLmNvbS80MDAwMDAwMDA2NzIwNjQuaHRt (0)
[6704:624:1224/170152.256:INFO:CONSOLE(0)] "[DOM] Password field is not contained in a form: (More info: https://goo.gl/9p2vKq) %o", source: https://geek.163.com/path/member/login?returnUrl=aHR0cDovL3RlYWNoLmdlZWsuMTYzLmNvbS80MDAwMDAwMDA2NzIwNjQuaHRt (0)
[6704:624:1224/170152.256:INFO:CONSOLE(0)] "[DOM] Password field is not contained in a form: (More info: https://goo.gl/9p2vKq) %o", source: https://geek.163.com/path/member/login?returnUrl=aHR0cDovL3RlYWNoLmdlZWsuMTYzLmNvbS80MDAwMDAwMDA2NzIwNjQuaHRt (0)
[6704:624:1224/170152.256:INFO:CONSOLE(0)] "[DOM] Password field is not contained in a form: (More info: https://goo.gl/9p2vKq) %o", source: https://geek.163.com/path/member/login?returnUrl=aHR0cDovL3RlYWNoLmdlZWsuMTYzLmNvbS80MDAwMDAwMDA2NzIwNjQuaHRt (0)
[6704:624:1224/170152.257:INFO:CONSOLE(0)] "[DOM] Password field is not contained in a form: (More info: https://goo.gl/9p2vKq) %o", source: https://geek.163.com/path/member/login?returnUrl=aHR0cDovL3RlYWNoLmdlZWsuMTYzLmNvbS80MDAwMDAwMDA2NzIwNjQuaHRt (0)
[6704:624:1224/170152.257:INFO:CONSOLE(0)] "[DOM] Password field is not contained in a form: (More info: https://goo.gl/9p2vKq) %o", source: https://geek.163.com/path/member/login?returnUrl=aHR0cDovL3RlYWNoLmdlZWsuMTYzLmNvbS80MDAwMDAwMDA2NzIwNjQuaHRt (0)
[6704:624:1224/170152.257:INFO:CONSOLE(0)] "[DOM] Password field is not contained in a form: (More info: https://goo.gl/9p2vKq) %o", source: https://geek.163.com/path/member/login?returnUrl=aHR0cDovL3RlYWNoLmdlZWsuMTYzLmNvbS80MDAwMDAwMDA2NzIwNjQuaHRt (0)
[6704:624:1224/170152.857:INFO:CONSOLE(0)] "[DOM] Input elements should have autocomplete attributes (suggested: "new-password"): (More info: https://goo.gl/9p2vKq) %o", source: https://webzj.reg.163.com/v1.0.1/pub/index_dl.html?cd=%2F%2Fedu-cms.nosdn.127.net%2Ftopics%2Fcss%2F&cf=kada_urs_course_4c152c9f26817efac4936d84ec1baa71.css&MGID=1545642111877.56&wdaId=UA1438236666413&pkid=VelXuSo&product=kada (0)
[6704:624:1224/170152.905:INFO:CONSOLE(0)] "[DOM] Input elements should have autocomplete attributes (suggested: "new-password"): (More info: https://goo.gl/9p2vKq) %o", source: https://webzj.reg.163.com/v1.0.1/pub/index_reg.html?cd=%2F%2Fedu-cms.nosdn.127.net%2Ftopics%2Fcss%2F&cf=kada_urs_register_course_3d3c8920fcb04752d050df94efe9f31a.css&MGID=1545642111910.4102&wdaId=UA1438236666413&pkid=VelXuSo&product=kada (0)
[6704:624:1224/170152.909:INFO:CONSOLE(0)] "[DOM] Input elements should have autocomplete attributes (suggested: "new-password"): (More info: https://goo.gl/9p2vKq) %o", source: https://webzj.reg.163.com/v1.0.1/pub/index.html?cd=%2F%2Fedu-cms.nosdn.127.net%2Ftopics%2Fcss%2F&cf=kada_urs_course_4c152c9f26817efac4936d84ec1baa71.css&MGID=1545642111901.5808&wdaId=UA1438236666413&pkid=VelXuSo&product=kada (0)
[6704:624:1224/170153.074:INFO:CONSOLE(2)] "ancestorIframeChanged:791,303", source: https://cdn.ravenjs.com/3.22.3/raven.min.js (2)
[6704:624:1224/170153.076:INFO:CONSOLE(2)] "ancestorIframeChanged:-1209,211", source: https://cdn.ravenjs.com/3.22.3/raven.min.js (2)
[6704:624:1224/170153.079:INFO:CONSOLE(2)] "ancestorIframeChanged:-1639,193", source: https://cdn.ravenjs.com/3.22.3/raven.min.js (2)
[6704:624:1224/170154.062:INFO:CONSOLE(2)] "ancestorIframeChanged:791,303", source: https://cdn.ravenjs.com/3.22.3/raven.min.js (2)
[6704:624:1224/170154.063:INFO:CONSOLE(2)] "ancestorIframeChanged:-1209,211", source: https://cdn.ravenjs.com/3.22.3/raven.min.js (2)
[6704:624:1224/170154.065:INFO:CONSOLE(2)] "ancestorIframeChanged:-1639,193", source: https://cdn.ravenjs.com/3.22.3/raven.min.js (2)
[6704:624:1224/170155.113:INFO:CONSOLE(2)] "ancestorIframeChanged:-1209,211", source: https://cdn.ravenjs.com/3.22.3/raven.min.js (2)
[6704:624:1224/170155.115:INFO:CONSOLE(2)] "ancestorIframeChanged:791,303", source: https://cdn.ravenjs.com/3.22.3/raven.min.js (2)
[6704:624:1224/170155.118:INFO:CONSOLE(2)] "ancestorIframeChanged:-1639,193", source: https://cdn.ravenjs.com/3.22.3/raven.min.js (2)
[6704:624:1224/170156.968:INFO:CONSOLE(2)] "ancestorIframeChanged:-1209,211", source: https://cdn.ravenjs.com/3.22.3/raven.min.js (2)
[6704:624:1224/170156.970:INFO:CONSOLE(2)] "ancestorIframeChanged:791,303", source: https://cdn.ravenjs.com/3.22.3/raven.min.js (2)
[6704:624:1224/170156.971:INFO:CONSOLE(2)] "ancestorIframeChanged:-1639,193", source: https://cdn.ravenjs.com/3.22.3/raven.min.js (2)
[6704:624:1224/170158.132:INFO:CONSOLE(2)] "ancestorIframeChanged:-1209,211", source: https://cdn.ravenjs.com/3.22.3/raven.min.js (2)
[6704:624:1224/170158.134:INFO:CONSOLE(2)] "ancestorIframeChanged:791,303", source: https://cdn.ravenjs.com/3.22.3/raven.min.js (2)
[6704:624:1224/170158.138:INFO:CONSOLE(2)] "ancestorIframeChanged:-1639,193", source: https://cdn.ravenjs.com/3.22.3/raven.min.js (2)
[6704:624:1224/170159.281:INFO:CONSOLE(2)] "ancestorIframeChanged:-1209,211", source: https://cdn.ravenjs.com/3.22.3/raven.min.js (2)
[6704:624:1224/170159.283:INFO:CONSOLE(2)] "ancestorIframeChanged:791,303", source: https://cdn.ravenjs.com/3.22.3/raven.min.js (2)
[6704:624:1224/170159.285:INFO:CONSOLE(2)] "ancestorIframeChanged:-1639,193", source: https://cdn.ravenjs.com/3.22.3/raven.min.js (2)
[6704:624:1224/170200.885:INFO:CONSOLE(252)] "module-question/i18n/lang.js", source: http://tgc.stu.126.net/pub/s/teachold/core_8f48212905a0a11b856194fc3ce1a9de.js (252)
[6704:624:1224/170200.886:INFO:CONSOLE(253)] "module-question/wapUiHelp", source: http://tgc.stu.126.net/pub/s/teachold/core_8f48212905a0a11b856194fc3ce1a9de.js (253)
[6704:624:1224/170200.899:INFO:CONSOLE(257)] "module-question/wapUiViewHelp.js", source: http://tgc.stu.126.net/pub/s/teachold/core_8f48212905a0a11b856194fc3ce1a9de.js (257)
[6704:624:1224/170203.706:INFO:CONSOLE(252)] "module-question/i18n/lang.js", source: http://tgc.stu.126.net/pub/s/teachold/core_8f48212905a0a11b856194fc3ce1a9de.js (252)
[6704:624:1224/170203.709:INFO:CONSOLE(253)] "module-question/wapUiHelp", source: http://tgc.stu.126.net/pub/s/teachold/core_8f48212905a0a11b856194fc3ce1a9de.js (253)
[6704:624:1224/170203.719:INFO:CONSOLE(257)] "module-question/wapUiViewHelp.js", source: http://tgc.stu.126.net/pub/s/teachold/core_8f48212905a0a11b856194fc3ce1a9de.js (257)
[6704:624:1224/170241.772:INFO:CONSOLE(2)] "module-question/i18n/lang.js", source: https://cdn.ravenjs.com/3.22.3/raven.min.js (2)
[6704:624:1224/170241.773:INFO:CONSOLE(2)] "module-question/wapUiHelp", source: https://cdn.ravenjs.com/3.22.3/raven.min.js (2)
[6704:624:1224/170241.775:INFO:CONSOLE(2)] "module-question/wapUiViewHelp.js", source: https://cdn.ravenjs.com/3.22.3/raven.min.js (2)
[6704:624:1224/170242.379:INFO:CONSOLE(0)] "[DOM] Password field is not contained in a form: (More info: https://goo.gl/9p2vKq) %o", source: https://geek.163.com/path/member/login?returnUrl=aHR0cDovL3RlYWNoLmdlZWsuMTYzLmNvbS80MDAwMDAwMDA2NzIwNjQuaHRt (0)
[6704:624:1224/170242.380:INFO:CONSOLE(0)] "[DOM] Password field is not contained in a form: (More info: https://goo.gl/9p2vKq) %o", source: https://geek.163.com/path/member/login?returnUrl=aHR0cDovL3RlYWNoLmdlZWsuMTYzLmNvbS80MDAwMDAwMDA2NzIwNjQuaHRt (0)
[6704:624:1224/170242.380:INFO:CONSOLE(0)] "[DOM] Password field is not contained in a form: (More info: https://goo.gl/9p2vKq) %o", source: https://geek.163.com/path/member/login?returnUrl=aHR0cDovL3RlYWNoLmdlZWsuMTYzLmNvbS80MDAwMDAwMDA2NzIwNjQuaHRt (0)
[6704:624:1224/170242.380:INFO:CONSOLE(0)] "[DOM] Password field is not contained in a form: (More info: https://goo.gl/9p2vKq) %o", source: https://geek.163.com/path/member/login?returnUrl=aHR0cDovL3RlYWNoLmdlZWsuMTYzLmNvbS80MDAwMDAwMDA2NzIwNjQuaHRt (0)
[6704:624:1224/170242.380:INFO:CONSOLE(0)] "[DOM] Password field is not contained in a form: (More info: https://goo.gl/9p2vKq) %o", source: https://geek.163.com/path/member/login?returnUrl=aHR0cDovL3RlYWNoLmdlZWsuMTYzLmNvbS80MDAwMDAwMDA2NzIwNjQuaHRt (0)
[6704:624:1224/170242.380:INFO:CONSOLE(0)] "[DOM] Password field is not contained in a form: (More info: https://goo.gl/9p2vKq) %o", source: https://geek.163.com/path/member/login?returnUrl=aHR0cDovL3RlYWNoLmdlZWsuMTYzLmNvbS80MDAwMDAwMDA2NzIwNjQuaHRt (0)
[6704:624:1224/170242.380:INFO:CONSOLE(0)] "[DOM] Password field is not contained in a form: (More info: https://goo.gl/9p2vKq) %o", source: https://geek.163.com/path/member/login?returnUrl=aHR0cDovL3RlYWNoLmdlZWsuMTYzLmNvbS80MDAwMDAwMDA2NzIwNjQuaHRt (0)
[6704:624:1224/170242.381:INFO:CONSOLE(0)] "[DOM] Password field is not contained in a form: (More info: https://goo.gl/9p2vKq) %o", source: https://geek.163.com/path/member/login?returnUrl=aHR0cDovL3RlYWNoLmdlZWsuMTYzLmNvbS80MDAwMDAwMDA2NzIwNjQuaHRt (0)
[6704:624:1224/170242.381:INFO:CONSOLE(0)] "[DOM] Password field is not contained in a form: (More info: https://goo.gl/9p2vKq) %o", source: https://geek.163.com/path/member/login?returnUrl=aHR0cDovL3RlYWNoLmdlZWsuMTYzLmNvbS80MDAwMDAwMDA2NzIwNjQuaHRt (0)
[6704:624:1224/170243.095:INFO:CONSOLE(0)] "[DOM] Input elements should have autocomplete attributes (suggested: "new-password"): (More info: https://goo.gl/9p2vKq) %o", source: https://webzj.reg.163.com/v1.0.1/pub/index_dl.html?cd=%2F%2Fedu-cms.nosdn.127.net%2Ftopics%2Fcss%2F&cf=kada_urs_course_4c152c9f26817efac4936d84ec1baa71.css&MGID=1545642162039.672&wdaId=UA1438236666413&pkid=VelXuSo&product=kada (0)
[6704:624:1224/170243.096:INFO:CONSOLE(0)] "[DOM] Input elements should have autocomplete attributes (suggested: "new-password"): (More info: https://goo.gl/9p2vKq) %o", source: https://webzj.reg.163.com/v1.0.1/pub/index_reg.html?cd=%2F%2Fedu-cms.nosdn.127.net%2Ftopics%2Fcss%2F&cf=kada_urs_register_course_3d3c8920fcb04752d050df94efe9f31a.css&MGID=1545642162080.4802&wdaId=UA1438236666413&pkid=VelXuSo&product=kada (0)
[6704:624:1224/170243.136:INFO:CONSOLE(0)] "[DOM] Input elements should have autocomplete attributes (suggested: "new-password"): (More info: https://goo.gl/9p2vKq) %o", source: https://webzj.reg.163.com/v1.0.1/pub/index.html?cd=%2F%2Fedu-cms.nosdn.127.net%2Ftopics%2Fcss%2F&cf=kada_urs_course_4c152c9f26817efac4936d84ec1baa71.css&MGID=1545642162071.6763&wdaId=UA1438236666413&pkid=VelXuSo&product=kada (0)
[6704:624:1224/170243.483:INFO:CONSOLE(2)] "ancestorIframeChanged:791,303", source: https://cdn.ravenjs.com/3.22.3/raven.min.js (2)
[6704:624:1224/170243.484:INFO:CONSOLE(2)] "ancestorIframeChanged:-1209,211", source: https://cdn.ravenjs.com/3.22.3/raven.min.js (2)
[6704:624:1224/170243.488:INFO:CONSOLE(2)] "ancestorIframeChanged:-1639,193", source: https://cdn.ravenjs.com/3.22.3/raven.min.js (2)
[6704:624:1224/170244.455:INFO:CONSOLE(2)] "ancestorIframeChanged:791,303", source: https://cdn.ravenjs.com/3.22.3/raven.min.js (2)
[6704:624:1224/170244.456:INFO:CONSOLE(2)] "ancestorIframeChanged:-1209,211", source: https://cdn.ravenjs.com/3.22.3/raven.min.js (2)
[6704:624:1224/170244.459:INFO:CONSOLE(2)] "ancestorIframeChanged:-1639,193", source: https://cdn.ravenjs.com/3.22.3/raven.min.js (2)
[6704:624:1224/170245.516:INFO:CONSOLE(2)] "ancestorIframeChanged:-1209,211", source: https://cdn.ravenjs.com/3.22.3/raven.min.js (2)
[6704:624:1224/170245.517:INFO:CONSOLE(2)] "ancestorIframeChanged:791,303", source: https://cdn.ravenjs.com/3.22.3/raven.min.js (2)
[6704:624:1224/170245.519:INFO:CONSOLE(2)] "ancestorIframeChanged:-1639,193", source: https://cdn.ravenjs.com/3.22.3/raven.min.js (2)
[6704:624:1224/170249.358:INFO:CONSOLE(2)] "ancestorIframeChanged:-1209,211", source: https://cdn.ravenjs.com/3.22.3/raven.min.js (2)
[6704:624:1224/170249.359:INFO:CONSOLE(2)] "ancestorIframeChanged:791,303", source: https://cdn.ravenjs.com/3.22.3/raven.min.js (2)
[6704:624:1224/170249.362:INFO:CONSOLE(2)] "ancestorIframeChanged:-1639,193", source: https://cdn.ravenjs.com/3.22.3/raven.min.js (2)
[6704:624:1224/170250.531:INFO:CONSOLE(2)] "ancestorIframeChanged:-1209,211", source: https://cdn.ravenjs.com/3.22.3/raven.min.js (2)
[6704:624:1224/170250.532:INFO:CONSOLE(2)] "ancestorIframeChanged:791,303", source: https://cdn.ravenjs.com/3.22.3/raven.min.js (2)
[6704:624:1224/170250.535:INFO:CONSOLE(2)] "ancestorIframeChanged:-1639,193", source: https://cdn.ravenjs.com/3.22.3/raven.min.js (2)
[6704:624:1224/170251.682:INFO:CONSOLE(2)] "ancestorIframeChanged:-1209,211", source: https://cdn.ravenjs.com/3.22.3/raven.min.js (2)
[6704:624:1224/170251.684:INFO:CONSOLE(2)] "ancestorIframeChanged:791,303", source: https://cdn.ravenjs.com/3.22.3/raven.min.js (2)
[6704:624:1224/170251.686:INFO:CONSOLE(2)] "ancestorIframeChanged:-1639,193", source: https://cdn.ravenjs.com/3.22.3/raven.min.js (2)
[6704:624:1224/170253.530:INFO:CONSOLE(252)] "module-question/i18n/lang.js", source: http://tgc.stu.126.net/pub/s/teachold/core_8f48212905a0a11b856194fc3ce1a9de.js (252)
[6704:624:1224/170253.531:INFO:CONSOLE(253)] "module-question/wapUiHelp", source: http://tgc.stu.126.net/pub/s/teachold/core_8f48212905a0a11b856194fc3ce1a9de.js (253)
[6704:624:1224/170253.542:INFO:CONSOLE(257)] "module-question/wapUiViewHelp.js", source: http://tgc.stu.126.net/pub/s/teachold/core_8f48212905a0a11b856194fc3ce1a9de.js (257)
[6704:624:1224/170255.086:INFO:CONSOLE(252)] "module-question/i18n/lang.js", source: http://tgc.stu.126.net/pub/s/teachold/core_8f48212905a0a11b856194fc3ce1a9de.js (252)
[6704:624:1224/170255.087:INFO:CONSOLE(253)] "module-question/wapUiHelp", source: http://tgc.stu.126.net/pub/s/teachold/core_8f48212905a0a11b856194fc3ce1a9de.js (253)
[6704:624:1224/170255.099:INFO:CONSOLE(257)] "module-question/wapUiViewHelp.js", source: http://tgc.stu.126.net/pub/s/teachold/core_8f48212905a0a11b856194fc3ce1a9de.js (257)
[6704:624:1224/170316.720:INFO:CONSOLE(2)] "module-question/i18n/lang.js", source: https://cdn.ravenjs.com/3.22.3/raven.min.js (2)
[6704:624:1224/170316.721:INFO:CONSOLE(2)] "module-question/wapUiHelp", source: https://cdn.ravenjs.com/3.22.3/raven.min.js (2)
[6704:624:1224/170316.722:INFO:CONSOLE(2)] "module-question/wapUiViewHelp.js", source: https://cdn.ravenjs.com/3.22.3/raven.min.js (2)
[6704:624:1224/170317.284:INFO:CONSOLE(0)] "[DOM] Password field is not contained in a form: (More info: https://goo.gl/9p2vKq) %o", source: https://geek.163.com/path/member/login?returnUrl=aHR0cDovL3RlYWNoLmdlZWsuMTYzLmNvbS80MDAwMDAwMDA2NzIwNjQuaHRt (0)
[6704:624:1224/170317.284:INFO:CONSOLE(0)] "[DOM] Password field is not contained in a form: (More info: https://goo.gl/9p2vKq) %o", source: https://geek.163.com/path/member/login?returnUrl=aHR0cDovL3RlYWNoLmdlZWsuMTYzLmNvbS80MDAwMDAwMDA2NzIwNjQuaHRt (0)
[6704:624:1224/170317.284:INFO:CONSOLE(0)] "[DOM] Password field is not contained in a form: (More info: https://goo.gl/9p2vKq) %o", source: https://geek.163.com/path/member/login?returnUrl=aHR0cDovL3RlYWNoLmdlZWsuMTYzLmNvbS80MDAwMDAwMDA2NzIwNjQuaHRt (0)
[6704:624:1224/170317.284:INFO:CONSOLE(0)] "[DOM] Password field is not contained in a form: (More info: https://goo.gl/9p2vKq) %o", source: https://geek.163.com/path/member/login?returnUrl=aHR0cDovL3RlYWNoLmdlZWsuMTYzLmNvbS80MDAwMDAwMDA2NzIwNjQuaHRt (0)
[6704:624:1224/170317.285:INFO:CONSOLE(0)] "[DOM] Password field is not contained in a form: (More info: https://goo.gl/9p2vKq) %o", source: https://geek.163.com/path/member/login?returnUrl=aHR0cDovL3RlYWNoLmdlZWsuMTYzLmNvbS80MDAwMDAwMDA2NzIwNjQuaHRt (0)
[6704:624:1224/170317.285:INFO:CONSOLE(0)] "[DOM] Password field is not contained in a form: (More info: https://goo.gl/9p2vKq) %o", source: https://geek.163.com/path/member/login?returnUrl=aHR0cDovL3RlYWNoLmdlZWsuMTYzLmNvbS80MDAwMDAwMDA2NzIwNjQuaHRt (0)
[6704:624:1224/170317.285:INFO:CONSOLE(0)] "[DOM] Password field is not contained in a form: (More info: https://goo.gl/9p2vKq) %o", source: https://geek.163.com/path/member/login?returnUrl=aHR0cDovL3RlYWNoLmdlZWsuMTYzLmNvbS80MDAwMDAwMDA2NzIwNjQuaHRt (0)
[6704:624:1224/170317.285:INFO:CONSOLE(0)] "[DOM] Password field is not contained in a form: (More info: https://goo.gl/9p2vKq) %o", source: https://geek.163.com/path/member/login?returnUrl=aHR0cDovL3RlYWNoLmdlZWsuMTYzLmNvbS80MDAwMDAwMDA2NzIwNjQuaHRt (0)
[6704:624:1224/170317.285:INFO:CONSOLE(0)] "[DOM] Password field is not contained in a form: (More info: https://goo.gl/9p2vKq) %o", source: https://geek.163.com/path/member/login?returnUrl=aHR0cDovL3RlYWNoLmdlZWsuMTYzLmNvbS80MDAwMDAwMDA2NzIwNjQuaHRt (0)
[6704:624:1224/170318.054:INFO:CONSOLE(0)] "[DOM] Input elements should have autocomplete attributes (suggested: "new-password"): (More info: https://goo.gl/9p2vKq) %o", source: https://webzj.reg.163.com/v1.0.1/pub/index_dl.html?cd=%2F%2Fedu-cms.nosdn.127.net%2Ftopics%2Fcss%2F&cf=kada_urs_course_4c152c9f26817efac4936d84ec1baa71.css&MGID=1545642196991.639&wdaId=UA1438236666413&pkid=VelXuSo&product=kada (0)
[6704:624:1224/170318.098:INFO:CONSOLE(0)] "[DOM] Input elements should have autocomplete attributes (suggested: "new-password"): (More info: https://goo.gl/9p2vKq) %o", source: https://webzj.reg.163.com/v1.0.1/pub/index_reg.html?cd=%2F%2Fedu-cms.nosdn.127.net%2Ftopics%2Fcss%2F&cf=kada_urs_register_course_3d3c8920fcb04752d050df94efe9f31a.css&MGID=1545642197023.143&wdaId=UA1438236666413&pkid=VelXuSo&product=kada (0)
[6704:624:1224/170318.099:INFO:CONSOLE(0)] "[DOM] Input elements should have autocomplete attributes (suggested: "new-password"): (More info: https://goo.gl/9p2vKq) %o", source: https://webzj.reg.163.com/v1.0.1/pub/index.html?cd=%2F%2Fedu-cms.nosdn.127.net%2Ftopics%2Fcss%2F&cf=kada_urs_course_4c152c9f26817efac4936d84ec1baa71.css&MGID=1545642197016.0283&wdaId=UA1438236666413&pkid=VelXuSo&product=kada (0)
[6704:624:1224/170318.483:INFO:CONSOLE(2)] "ancestorIframeChanged:791,303", source: https://cdn.ravenjs.com/3.22.3/raven.min.js (2)
[6704:624:1224/170318.485:INFO:CONSOLE(2)] "ancestorIframeChanged:-1209,211", source: https://cdn.ravenjs.com/3.22.3/raven.min.js (2)
[6704:624:1224/170318.491:INFO:CONSOLE(2)] "ancestorIframeChanged:-1639,193", source: https://cdn.ravenjs.com/3.22.3/raven.min.js (2)
[6704:624:1224/170319.450:INFO:CONSOLE(2)] "ancestorIframeChanged:791,303", source: https://cdn.ravenjs.com/3.22.3/raven.min.js (2)
[6704:624:1224/170319.451:INFO:CONSOLE(2)] "ancestorIframeChanged:-1209,211", source: https://cdn.ravenjs.com/3.22.3/raven.min.js (2)
[6704:624:1224/170319.453:INFO:CONSOLE(2)] "ancestorIframeChanged:-1639,193", source: https://cdn.ravenjs.com/3.22.3/raven.min.js (2)
[6704:624:1224/170320.533:INFO:CONSOLE(2)] "ancestorIframeChanged:-1209,211", source: https://cdn.ravenjs.com/3.22.3/raven.min.js (2)
[6704:624:1224/170320.535:INFO:CONSOLE(2)] "ancestorIframeChanged:791,303", source: https://cdn.ravenjs.com/3.22.3/raven.min.js (2)
[6704:624:1224/170320.537:INFO:CONSOLE(2)] "ancestorIframeChanged:-1639,193", source: https://cdn.ravenjs.com/3.22.3/raven.min.js (2)
[6704:624:1224/170322.433:INFO:CONSOLE(2)] "ancestorIframeChanged:-1209,211", source: https://cdn.ravenjs.com/3.22.3/raven.min.js (2)
[6704:624:1224/170322.435:INFO:CONSOLE(2)] "ancestorIframeChanged:791,303", source: https://cdn.ravenjs.com/3.22.3/raven.min.js (2)
[6704:624:1224/170322.437:INFO:CONSOLE(2)] "ancestorIframeChanged:-1639,193", source: https://cdn.ravenjs.com/3.22.3/raven.min.js (2)
[6704:624:1224/170323.585:INFO:CONSOLE(2)] "ancestorIframeChanged:-1209,211", source: https://cdn.ravenjs.com/3.22.3/raven.min.js (2)
[6704:624:1224/170323.585:INFO:CONSOLE(2)] "ancestorIframeChanged:791,303", source: https://cdn.ravenjs.com/3.22.3/raven.min.js (2)
[6704:624:1224/170323.587:INFO:CONSOLE(2)] "ancestorIframeChanged:-1639,193", source: https://cdn.ravenjs.com/3.22.3/raven.min.js (2)
[6704:624:1224/170324.716:INFO:CONSOLE(2)] "ancestorIframeChanged:-1209,211", source: https://cdn.ravenjs.com/3.22.3/raven.min.js (2)
[6704:624:1224/170324.717:INFO:CONSOLE(2)] "ancestorIframeChanged:791,303", source: https://cdn.ravenjs.com/3.22.3/raven.min.js (2)
[6704:624:1224/170324.719:INFO:CONSOLE(2)] "ancestorIframeChanged:-1639,193", source: https://cdn.ravenjs.com/3.22.3/raven.min.js (2)
[6704:624:1224/170326.331:INFO:CONSOLE(252)] "module-question/i18n/lang.js", source: http://tgc.stu.126.net/pub/s/teachold/core_8f48212905a0a11b856194fc3ce1a9de.js (252)
[6704:624:1224/170326.332:INFO:CONSOLE(253)] "module-question/wapUiHelp", source: http://tgc.stu.126.net/pub/s/teachold/core_8f48212905a0a11b856194fc3ce1a9de.js (253)
[6704:624:1224/170326.343:INFO:CONSOLE(257)] "module-question/wapUiViewHelp.js", source: http://tgc.stu.126.net/pub/s/teachold/core_8f48212905a0a11b856194fc3ce1a9de.js (257)
[6704:624:1224/170327.634:INFO:CONSOLE(252)] "module-question/i18n/lang.js", source: http://tgc.stu.126.net/pub/s/teachold/core_8f48212905a0a11b856194fc3ce1a9de.js (252)
[6704:624:1224/170327.635:INFO:CONSOLE(253)] "module-question/wapUiHelp", source: http://tgc.stu.126.net/pub/s/teachold/core_8f48212905a0a11b856194fc3ce1a9de.js (253)
[6704:624:1224/170327.647:INFO:CONSOLE(257)] "module-question/wapUiViewHelp.js", source: http://tgc.stu.126.net/pub/s/teachold/core_8f48212905a0a11b856194fc3ce1a9de.js (257)
[6704:624:1224/170401.720:INFO:CONSOLE(2)] "module-question/i18n/lang.js", source: https://cdn.ravenjs.com/3.22.3/raven.min.js (2)
[6704:624:1224/170401.721:INFO:CONSOLE(2)] "module-question/wapUiHelp", source: https://cdn.ravenjs.com/3.22.3/raven.min.js (2)
[6704:624:1224/170401.723:INFO:CONSOLE(2)] "module-question/wapUiViewHelp.js", source: https://cdn.ravenjs.com/3.22.3/raven.min.js (2)
[6704:624:1224/170402.320:INFO:CONSOLE(0)] "[DOM] Password field is not contained in a form: (More info: https://goo.gl/9p2vKq) %o", source: https://geek.163.com/path/member/login?returnUrl=aHR0cDovL3RlYWNoLmdlZWsuMTYzLmNvbS80MDAwMDAwMDA2NzIwNjQuaHRt (0)
[6704:624:1224/170402.320:INFO:CONSOLE(0)] "[DOM] Password field is not contained in a form: (More info: https://goo.gl/9p2vKq) %o", source: https://geek.163.com/path/member/login?returnUrl=aHR0cDovL3RlYWNoLmdlZWsuMTYzLmNvbS80MDAwMDAwMDA2NzIwNjQuaHRt (0)
[6704:624:1224/170402.321:INFO:CONSOLE(0)] "[DOM] Password field is not contained in a form: (More info: https://goo.gl/9p2vKq) %o", source: https://geek.163.com/path/member/login?returnUrl=aHR0cDovL3RlYWNoLmdlZWsuMTYzLmNvbS80MDAwMDAwMDA2NzIwNjQuaHRt (0)
[6704:624:1224/170402.321:INFO:CONSOLE(0)] "[DOM] Password field is not contained in a form: (More info: https://goo.gl/9p2vKq) %o", source: https://geek.163.com/path/member/login?returnUrl=aHR0cDovL3RlYWNoLmdlZWsuMTYzLmNvbS80MDAwMDAwMDA2NzIwNjQuaHRt (0)
[6704:624:1224/170402.321:INFO:CONSOLE(0)] "[DOM] Password field is not contained in a form: (More info: https://goo.gl/9p2vKq) %o", source: https://geek.163.com/path/member/login?returnUrl=aHR0cDovL3RlYWNoLmdlZWsuMTYzLmNvbS80MDAwMDAwMDA2NzIwNjQuaHRt (0)
[6704:624:1224/170402.321:INFO:CONSOLE(0)] "[DOM] Password field is not contained in a form: (More info: https://goo.gl/9p2vKq) %o", source: https://geek.163.com/path/member/login?returnUrl=aHR0cDovL3RlYWNoLmdlZWsuMTYzLmNvbS80MDAwMDAwMDA2NzIwNjQuaHRt (0)
[6704:624:1224/170402.321:INFO:CONSOLE(0)] "[DOM] Password field is not contained in a form: (More info: https://goo.gl/9p2vKq) %o", source: https://geek.163.com/path/member/login?returnUrl=aHR0cDovL3RlYWNoLmdlZWsuMTYzLmNvbS80MDAwMDAwMDA2NzIwNjQuaHRt (0)
[6704:624:1224/170402.321:INFO:CONSOLE(0)] "[DOM] Password field is not contained in a form: (More info: https://goo.gl/9p2vKq) %o", source: https://geek.163.com/path/member/login?returnUrl=aHR0cDovL3RlYWNoLmdlZWsuMTYzLmNvbS80MDAwMDAwMDA2NzIwNjQuaHRt (0)
[6704:624:1224/170402.322:INFO:CONSOLE(0)] "[DOM] Password field is not contained in a form: (More info: https://goo.gl/9p2vKq) %o", source: https://geek.163.com/path/member/login?returnUrl=aHR0cDovL3RlYWNoLmdlZWsuMTYzLmNvbS80MDAwMDAwMDA2NzIwNjQuaHRt (0)
[6704:624:1224/170402.661:INFO:CONSOLE(0)] "[DOM] Input elements should have autocomplete attributes (suggested: "new-password"): (More info: https://goo.gl/9p2vKq) %o", source: https://webzj.reg.163.com/v1.0.1/pub/index_dl.html?cd=%2F%2Fedu-cms.nosdn.127.net%2Ftopics%2Fcss%2F&cf=kada_urs_course_4c152c9f26817efac4936d84ec1baa71.css&MGID=1545642241987.2537&wdaId=UA1438236666413&pkid=VelXuSo&product=kada (0)
[6704:624:1224/170403.023:INFO:CONSOLE(0)] "[DOM] Input elements should have autocomplete attributes (suggested: "new-password"): (More info: https://goo.gl/9p2vKq) %o", source: https://webzj.reg.163.com/v1.0.1/pub/index_reg.html?cd=%2F%2Fedu-cms.nosdn.127.net%2Ftopics%2Fcss%2F&cf=kada_urs_register_course_3d3c8920fcb04752d050df94efe9f31a.css&MGID=1545642242034.7822&wdaId=UA1438236666413&pkid=VelXuSo&product=kada (0)
[6704:624:1224/170403.070:INFO:CONSOLE(0)] "[DOM] Input elements should have autocomplete attributes (suggested: "new-password"): (More info: https://goo.gl/9p2vKq) %o", source: https://webzj.reg.163.com/v1.0.1/pub/index.html?cd=%2F%2Fedu-cms.nosdn.127.net%2Ftopics%2Fcss%2F&cf=kada_urs_course_4c152c9f26817efac4936d84ec1baa71.css&MGID=1545642242016.0166&wdaId=UA1438236666413&pkid=VelXuSo&product=kada (0)
[6704:624:1224/170403.510:INFO:CONSOLE(2)] "ancestorIframeChanged:791,303", source: https://cdn.ravenjs.com/3.22.3/raven.min.js (2)
[6704:624:1224/170403.512:INFO:CONSOLE(2)] "ancestorIframeChanged:-1209,211", source: https://cdn.ravenjs.com/3.22.3/raven.min.js (2)
[6704:624:1224/170403.515:INFO:CONSOLE(2)] "ancestorIframeChanged:-1639,193", source: https://cdn.ravenjs.com/3.22.3/raven.min.js (2)
[6704:624:1224/170404.568:INFO:CONSOLE(2)] "ancestorIframeChanged:791,303", source: https://cdn.ravenjs.com/3.22.3/raven.min.js (2)
[6704:624:1224/170404.570:INFO:CONSOLE(2)] "ancestorIframeChanged:-1209,211", source: https://cdn.ravenjs.com/3.22.3/raven.min.js (2)
[6704:624:1224/170404.575:INFO:CONSOLE(2)] "ancestorIframeChanged:-1639,193", source: https://cdn.ravenjs.com/3.22.3/raven.min.js (2)
[6704:624:1224/170405.635:INFO:CONSOLE(2)] "ancestorIframeChanged:-1209,211", source: https://cdn.ravenjs.com/3.22.3/raven.min.js (2)
[6704:624:1224/170405.635:INFO:CONSOLE(2)] "ancestorIframeChanged:791,303", source: https://cdn.ravenjs.com/3.22.3/raven.min.js (2)
[6704:624:1224/170405.637:INFO:CONSOLE(2)] "ancestorIframeChanged:-1639,193", source: https://cdn.ravenjs.com/3.22.3/raven.min.js (2)
[6704:624:1224/170409.521:INFO:CONSOLE(2)] "ancestorIframeChanged:-1209,211", source: https://cdn.ravenjs.com/3.22.3/raven.min.js (2)
[6704:624:1224/170409.522:INFO:CONSOLE(2)] "ancestorIframeChanged:791,303", source: https://cdn.ravenjs.com/3.22.3/raven.min.js (2)
[6704:624:1224/170409.525:INFO:CONSOLE(2)] "ancestorIframeChanged:-1639,193", source: https://cdn.ravenjs.com/3.22.3/raven.min.js (2)
[6704:624:1224/170410.680:INFO:CONSOLE(2)] "ancestorIframeChanged:-1209,211", source: https://cdn.ravenjs.com/3.22.3/raven.min.js (2)
[6704:624:1224/170410.681:INFO:CONSOLE(2)] "ancestorIframeChanged:791,303", source: https://cdn.ravenjs.com/3.22.3/raven.min.js (2)
[6704:624:1224/170410.683:INFO:CONSOLE(2)] "ancestorIframeChanged:-1639,193", source: https://cdn.ravenjs.com/3.22.3/raven.min.js (2)
[6704:624:1224/170411.838:INFO:CONSOLE(2)] "ancestorIframeChanged:-1209,211", source: https://cdn.ravenjs.com/3.22.3/raven.min.js (2)
[6704:624:1224/170411.839:INFO:CONSOLE(2)] "ancestorIframeChanged:791,303", source: https://cdn.ravenjs.com/3.22.3/raven.min.js (2)
[6704:624:1224/170411.841:INFO:CONSOLE(2)] "ancestorIframeChanged:-1639,193", source: https://cdn.ravenjs.com/3.22.3/raven.min.js (2)
[6704:624:1224/170413.496:INFO:CONSOLE(252)] "module-question/i18n/lang.js", source: http://tgc.stu.126.net/pub/s/teachold/core_8f48212905a0a11b856194fc3ce1a9de.js (252)
[6704:624:1224/170413.496:INFO:CONSOLE(253)] "module-question/wapUiHelp", source: http://tgc.stu.126.net/pub/s/teachold/core_8f48212905a0a11b856194fc3ce1a9de.js (253)
[6704:624:1224/170413.507:INFO:CONSOLE(257)] "module-question/wapUiViewHelp.js", source: http://tgc.stu.126.net/pub/s/teachold/core_8f48212905a0a11b856194fc3ce1a9de.js (257)
[6704:624:1224/170509.821:INFO:CONSOLE(252)] "module-question/i18n/lang.js", source: http://tgc.stu.126.net/pub/s/teachold/core_8f48212905a0a11b856194fc3ce1a9de.js (252)
[6704:624:1224/170509.821:INFO:CONSOLE(253)] "module-question/wapUiHelp", source: http://tgc.stu.126.net/pub/s/teachold/core_8f48212905a0a11b856194fc3ce1a9de.js (253)
[6704:624:1224/170509.834:INFO:CONSOLE(257)] "module-question/wapUiViewHelp.js", source: http://tgc.stu.126.net/pub/s/teachold/core_8f48212905a0a11b856194fc3ce1a9de.js (257)
[6704:624:1224/170531.743:INFO:CONSOLE(2)] "module-question/i18n/lang.js", source: https://cdn.ravenjs.com/3.22.3/raven.min.js (2)
[6704:624:1224/170531.744:INFO:CONSOLE(2)] "module-question/wapUiHelp", source: https://cdn.ravenjs.com/3.22.3/raven.min.js (2)
[6704:624:1224/170531.745:INFO:CONSOLE(2)] "module-question/wapUiViewHelp.js", source: https://cdn.ravenjs.com/3.22.3/raven.min.js (2)
[6704:624:1224/170532.302:INFO:CONSOLE(0)] "[DOM] Password field is not contained in a form: (More info: https://goo.gl/9p2vKq) %o", source: https://geek.163.com/path/member/login?returnUrl=aHR0cDovL3RlYWNoLmdlZWsuMTYzLmNvbS80MDAwMDAwMDA2NzIwNjQuaHRt (0)
[6704:624:1224/170532.302:INFO:CONSOLE(0)] "[DOM] Password field is not contained in a form: (More info: https://goo.gl/9p2vKq) %o", source: https://geek.163.com/path/member/login?returnUrl=aHR0cDovL3RlYWNoLmdlZWsuMTYzLmNvbS80MDAwMDAwMDA2NzIwNjQuaHRt (0)
[6704:624:1224/170532.303:INFO:CONSOLE(0)] "[DOM] Password field is not contained in a form: (More info: https://goo.gl/9p2vKq) %o", source: https://geek.163.com/path/member/login?returnUrl=aHR0cDovL3RlYWNoLmdlZWsuMTYzLmNvbS80MDAwMDAwMDA2NzIwNjQuaHRt (0)
[6704:624:1224/170532.303:INFO:CONSOLE(0)] "[DOM] Password field is not contained in a form: (More info: https://goo.gl/9p2vKq) %o", source: https://geek.163.com/path/member/login?returnUrl=aHR0cDovL3RlYWNoLmdlZWsuMTYzLmNvbS80MDAwMDAwMDA2NzIwNjQuaHRt (0)
[6704:624:1224/170532.303:INFO:CONSOLE(0)] "[DOM] Password field is not contained in a form: (More info: https://goo.gl/9p2vKq) %o", source: https://geek.163.com/path/member/login?returnUrl=aHR0cDovL3RlYWNoLmdlZWsuMTYzLmNvbS80MDAwMDAwMDA2NzIwNjQuaHRt (0)
[6704:624:1224/170532.303:INFO:CONSOLE(0)] "[DOM] Password field is not contained in a form: (More info: https://goo.gl/9p2vKq) %o", source: https://geek.163.com/path/member/login?returnUrl=aHR0cDovL3RlYWNoLmdlZWsuMTYzLmNvbS80MDAwMDAwMDA2NzIwNjQuaHRt (0)
[6704:624:1224/170532.303:INFO:CONSOLE(0)] "[DOM] Password field is not contained in a form: (More info: https://goo.gl/9p2vKq) %o", source: https://geek.163.com/path/member/login?returnUrl=aHR0cDovL3RlYWNoLmdlZWsuMTYzLmNvbS80MDAwMDAwMDA2NzIwNjQuaHRt (0)
[6704:624:1224/170532.303:INFO:CONSOLE(0)] "[DOM] Password field is not contained in a form: (More info: https://goo.gl/9p2vKq) %o", source: https://geek.163.com/path/member/login?returnUrl=aHR0cDovL3RlYWNoLmdlZWsuMTYzLmNvbS80MDAwMDAwMDA2NzIwNjQuaHRt (0)
[6704:624:1224/170532.304:INFO:CONSOLE(0)] "[DOM] Password field is not contained in a form: (More info: https://goo.gl/9p2vKq) %o", source: https://geek.163.com/path/member/login?returnUrl=aHR0cDovL3RlYWNoLmdlZWsuMTYzLmNvbS80MDAwMDAwMDA2NzIwNjQuaHRt (0)
[6704:624:1224/170532.961:INFO:CONSOLE(0)] "[DOM] Input elements should have autocomplete attributes (suggested: "new-password"): (More info: https://goo.gl/9p2vKq) %o", source: https://webzj.reg.163.com/v1.0.1/pub/index_reg.html?cd=%2F%2Fedu-cms.nosdn.127.net%2Ftopics%2Fcss%2F&cf=kada_urs_register_course_3d3c8920fcb04752d050df94efe9f31a.css&MGID=1545642332038.3044&wdaId=UA1438236666413&pkid=VelXuSo&product=kada (0)
[6704:624:1224/170532.968:INFO:CONSOLE(0)] "[DOM] Input elements should have autocomplete attributes (suggested: "new-password"): (More info: https://goo.gl/9p2vKq) %o", source: https://webzj.reg.163.com/v1.0.1/pub/index_dl.html?cd=%2F%2Fedu-cms.nosdn.127.net%2Ftopics%2Fcss%2F&cf=kada_urs_course_4c152c9f26817efac4936d84ec1baa71.css&MGID=1545642332009.3462&wdaId=UA1438236666413&pkid=VelXuSo&product=kada (0)
[6704:624:1224/170532.969:INFO:CONSOLE(0)] "[DOM] Input elements should have autocomplete attributes (suggested: "new-password"): (More info: https://goo.gl/9p2vKq) %o", source: https://webzj.reg.163.com/v1.0.1/pub/index.html?cd=%2F%2Fedu-cms.nosdn.127.net%2Ftopics%2Fcss%2F&cf=kada_urs_course_4c152c9f26817efac4936d84ec1baa71.css&MGID=1545642332030.8164&wdaId=UA1438236666413&pkid=VelXuSo&product=kada (0)
[6704:624:1224/170533.472:INFO:CONSOLE(2)] "ancestorIframeChanged:791,303", source: https://cdn.ravenjs.com/3.22.3/raven.min.js (2)
[6704:624:1224/170533.474:INFO:CONSOLE(2)] "ancestorIframeChanged:-1209,211", source: https://cdn.ravenjs.com/3.22.3/raven.min.js (2)
[6704:624:1224/170533.476:INFO:CONSOLE(2)] "ancestorIframeChanged:-1639,193", source: https://cdn.ravenjs.com/3.22.3/raven.min.js (2)
[6704:624:1224/170534.429:INFO:CONSOLE(2)] "ancestorIframeChanged:791,303", source: https://cdn.ravenjs.com/3.22.3/raven.min.js (2)
[6704:624:1224/170534.430:INFO:CONSOLE(2)] "ancestorIframeChanged:-1209,211", source: https://cdn.ravenjs.com/3.22.3/raven.min.js (2)
[6704:624:1224/170534.433:INFO:CONSOLE(2)] "ancestorIframeChanged:-1639,193", source: https://cdn.ravenjs.com/3.22.3/raven.min.js (2)
[6704:624:1224/170535.500:INFO:CONSOLE(2)] "ancestorIframeChanged:-1209,211", source: https://cdn.ravenjs.com/3.22.3/raven.min.js (2)
[6704:624:1224/170535.501:INFO:CONSOLE(2)] "ancestorIframeChanged:791,303", source: https://cdn.ravenjs.com/3.22.3/raven.min.js (2)
[6704:624:1224/170535.503:INFO:CONSOLE(2)] "ancestorIframeChanged:-1639,193", source: https://cdn.ravenjs.com/3.22.3/raven.min.js (2)
[6704:624:1224/170539.384:INFO:CONSOLE(2)] "ancestorIframeChanged:-1209,211", source: https://cdn.ravenjs.com/3.22.3/raven.min.js (2)
[6704:624:1224/170539.386:INFO:CONSOLE(2)] "ancestorIframeChanged:791,303", source: https://cdn.ravenjs.com/3.22.3/raven.min.js (2)
[6704:624:1224/170539.388:INFO:CONSOLE(2)] "ancestorIframeChanged:-1639,193", source: https://cdn.ravenjs.com/3.22.3/raven.min.js (2)
[6704:624:1224/170540.561:INFO:CONSOLE(2)] "ancestorIframeChanged:-1209,211", source: https://cdn.ravenjs.com/3.22.3/raven.min.js (2)
[6704:624:1224/170540.562:INFO:CONSOLE(2)] "ancestorIframeChanged:791,303", source: https://cdn.ravenjs.com/3.22.3/raven.min.js (2)
[6704:624:1224/170540.564:INFO:CONSOLE(2)] "ancestorIframeChanged:-1639,193", source: https://cdn.ravenjs.com/3.22.3/raven.min.js (2)
[6704:624:1224/170541.681:INFO:CONSOLE(2)] "ancestorIframeChanged:-1209,211", source: https://cdn.ravenjs.com/3.22.3/raven.min.js (2)
[6704:624:1224/170541.682:INFO:CONSOLE(2)] "ancestorIframeChanged:791,303", source: https://cdn.ravenjs.com/3.22.3/raven.min.js (2)
[6704:624:1224/170541.684:INFO:CONSOLE(2)] "ancestorIframeChanged:-1639,193", source: https://cdn.ravenjs.com/3.22.3/raven.min.js (2)
[6704:624:1224/170542.806:INFO:CONSOLE(2)] "ancestorIframeChanged:-1209,211", source: https://cdn.ravenjs.com/3.22.3/raven.min.js (2)
[6704:624:1224/170542.807:INFO:CONSOLE(2)] "ancestorIframeChanged:791,303", source: https://cdn.ravenjs.com/3.22.3/raven.min.js (2)
[6704:624:1224/170542.809:INFO:CONSOLE(2)] "ancestorIframeChanged:-1639,193", source: https://cdn.ravenjs.com/3.22.3/raven.min.js (2)
[6704:624:1224/170543.241:INFO:CONSOLE(2)] "module-question/i18n/lang.js", source: https://cdn.ravenjs.com/3.22.3/raven.min.js (2)
[6704:624:1224/170543.242:INFO:CONSOLE(2)] "module-question/wapUiHelp", source: https://cdn.ravenjs.com/3.22.3/raven.min.js (2)
[6704:624:1224/170543.244:INFO:CONSOLE(2)] "module-question/wapUiViewHelp.js", source: https://cdn.ravenjs.com/3.22.3/raven.min.js (2)
[6704:624:1224/170543.550:INFO:CONSOLE(0)] "[DOM] Password field is not contained in a form: (More info: https://goo.gl/9p2vKq) %o", source: https://geek.163.com/path/member/login?returnUrl=aHR0cDovL3RlYWNoLmdlZWsuMTYzLmNvbS90ZXJtcy80MDAwMDAwMDM1MjIwNzQ.#/studentEnroll (0)
[6704:624:1224/170543.551:INFO:CONSOLE(0)] "[DOM] Password field is not contained in a form: (More info: https://goo.gl/9p2vKq) %o", source: https://geek.163.com/path/member/login?returnUrl=aHR0cDovL3RlYWNoLmdlZWsuMTYzLmNvbS90ZXJtcy80MDAwMDAwMDM1MjIwNzQ.#/studentEnroll (0)
[6704:624:1224/170543.551:INFO:CONSOLE(0)] "[DOM] Password field is not contained in a form: (More info: https://goo.gl/9p2vKq) %o", source: https://geek.163.com/path/member/login?returnUrl=aHR0cDovL3RlYWNoLmdlZWsuMTYzLmNvbS90ZXJtcy80MDAwMDAwMDM1MjIwNzQ.#/studentEnroll (0)
[6704:624:1224/170543.551:INFO:CONSOLE(0)] "[DOM] Password field is not contained in a form: (More info: https://goo.gl/9p2vKq) %o", source: https://geek.163.com/path/member/login?returnUrl=aHR0cDovL3RlYWNoLmdlZWsuMTYzLmNvbS90ZXJtcy80MDAwMDAwMDM1MjIwNzQ.#/studentEnroll (0)
[6704:624:1224/170543.551:INFO:CONSOLE(0)] "[DOM] Password field is not contained in a form: (More info: https://goo.gl/9p2vKq) %o", source: https://geek.163.com/path/member/login?returnUrl=aHR0cDovL3RlYWNoLmdlZWsuMTYzLmNvbS90ZXJtcy80MDAwMDAwMDM1MjIwNzQ.#/studentEnroll (0)
[6704:624:1224/170543.551:INFO:CONSOLE(0)] "[DOM] Password field is not contained in a form: (More info: https://goo.gl/9p2vKq) %o", source: https://geek.163.com/path/member/login?returnUrl=aHR0cDovL3RlYWNoLmdlZWsuMTYzLmNvbS90ZXJtcy80MDAwMDAwMDM1MjIwNzQ.#/studentEnroll (0)
[6704:624:1224/170543.551:INFO:CONSOLE(0)] "[DOM] Password field is not contained in a form: (More info: https://goo.gl/9p2vKq) %o", source: https://geek.163.com/path/member/login?returnUrl=aHR0cDovL3RlYWNoLmdlZWsuMTYzLmNvbS90ZXJtcy80MDAwMDAwMDM1MjIwNzQ.#/studentEnroll (0)
[6704:624:1224/170543.551:INFO:CONSOLE(0)] "[DOM] Password field is not contained in a form: (More info: https://goo.gl/9p2vKq) %o", source: https://geek.163.com/path/member/login?returnUrl=aHR0cDovL3RlYWNoLmdlZWsuMTYzLmNvbS90ZXJtcy80MDAwMDAwMDM1MjIwNzQ.#/studentEnroll (0)
[6704:624:1224/170543.551:INFO:CONSOLE(0)] "[DOM] Password field is not contained in a form: (More info: https://goo.gl/9p2vKq) %o", source: https://geek.163.com/path/member/login?returnUrl=aHR0cDovL3RlYWNoLmdlZWsuMTYzLmNvbS90ZXJtcy80MDAwMDAwMDM1MjIwNzQ.#/studentEnroll (0)
[6704:624:1224/170543.964:INFO:CONSOLE(0)] "[DOM] Input elements should have autocomplete attributes (suggested: "new-password"): (More info: https://goo.gl/9p2vKq) %o", source: https://webzj.reg.163.com/v1.0.1/pub/index_dl.html?cd=%2F%2Fedu-cms.nosdn.127.net%2Ftopics%2Fcss%2F&cf=kada_urs_course_4c152c9f26817efac4936d84ec1baa71.css&MGID=1545642343503.8032&wdaId=UA1438236666413&pkid=VelXuSo&product=kada (0)
[6704:624:1224/170543.973:INFO:CONSOLE(0)] "[DOM] Input elements should have autocomplete attributes (suggested: "new-password"): (More info: https://goo.gl/9p2vKq) %o", source: https://webzj.reg.163.com/v1.0.1/pub/index.html?cd=%2F%2Fedu-cms.nosdn.127.net%2Ftopics%2Fcss%2F&cf=kada_urs_course_4c152c9f26817efac4936d84ec1baa71.css&MGID=1545642343525.4302&wdaId=UA1438236666413&pkid=VelXuSo&product=kada (0)
[6704:624:1224/170544.004:INFO:CONSOLE(0)] "[DOM] Input elements should have autocomplete attributes (suggested: "new-password"): (More info: https://goo.gl/9p2vKq) %o", source: https://webzj.reg.163.com/v1.0.1/pub/index_reg.html?cd=%2F%2Fedu-cms.nosdn.127.net%2Ftopics%2Fcss%2F&cf=kada_urs_register_course_3d3c8920fcb04752d050df94efe9f31a.css&MGID=1545642343536.8826&wdaId=UA1438236666413&pkid=VelXuSo&product=kada (0)
[6704:624:1224/170544.872:INFO:CONSOLE(2)] "ancestorIframeChanged:791,303", source: https://cdn.ravenjs.com/3.22.3/raven.min.js (2)
[6704:624:1224/170544.874:INFO:CONSOLE(2)] "ancestorIframeChanged:-1209,211", source: https://cdn.ravenjs.com/3.22.3/raven.min.js (2)
[6704:624:1224/170544.877:INFO:CONSOLE(2)] "ancestorIframeChanged:-1639,193", source: https://cdn.ravenjs.com/3.22.3/raven.min.js (2)
[6704:624:1224/170547.345:INFO:CONSOLE(2)] "ancestorIframeChanged:791,303", source: https://cdn.ravenjs.com/3.22.3/raven.min.js (2)
[6704:624:1224/170547.347:INFO:CONSOLE(2)] "ancestorIframeChanged:-1209,211", source: https://cdn.ravenjs.com/3.22.3/raven.min.js (2)
[6704:624:1224/170547.348:INFO:CONSOLE(2)] "ancestorIframeChanged:-1639,193", source: https://cdn.ravenjs.com/3.22.3/raven.min.js (2)
[6704:624:1224/170550.613:INFO:CONSOLE(2)] "ancestorIframeChanged:791,303", source: https://cdn.ravenjs.com/3.22.3/raven.min.js (2)
[6704:624:1224/170550.614:INFO:CONSOLE(2)] "ancestorIframeChanged:-1209,211", source: https://cdn.ravenjs.com/3.22.3/raven.min.js (2)
[6704:624:1224/170550.616:INFO:CONSOLE(2)] "ancestorIframeChanged:-1639,193", source: https://cdn.ravenjs.com/3.22.3/raven.min.js (2)
[6704:624:1224/170553.829:INFO:CONSOLE(2)] "ancestorIframeChanged:791,303", source: https://cdn.ravenjs.com/3.22.3/raven.min.js (2)
[6704:624:1224/170553.831:INFO:CONSOLE(2)] "ancestorIframeChanged:-1209,211", source: https://cdn.ravenjs.com/3.22.3/raven.min.js (2)
[6704:624:1224/170553.833:INFO:CONSOLE(2)] "ancestorIframeChanged:-1639,193", source: https://cdn.ravenjs.com/3.22.3/raven.min.js (2)
[6704:624:1224/170555.060:INFO:CONSOLE(2)] "ancestorIframeChanged:791,303", source: https://cdn.ravenjs.com/3.22.3/raven.min.js (2)
[6704:624:1224/170555.062:INFO:CONSOLE(2)] "ancestorIframeChanged:-1209,211", source: https://cdn.ravenjs.com/3.22.3/raven.min.js (2)
[6704:624:1224/170555.064:INFO:CONSOLE(2)] "ancestorIframeChanged:-1639,193", source: https://cdn.ravenjs.com/3.22.3/raven.min.js (2)
