[7060:6564:1225/101820.771:WARNING:discovery_network_list_win.cc(195)] Failed to open Wlan client handle: 1062
[7060:6096:1225/101821.475:WARNING:CONSOLE(0)] "HTML Imports is deprecated and will be removed in M73, around March 2019. Please use ES modules instead. See https://www.chromestatus.com/features/5144752345317376 for more details.", source:  (0)
[7060:6096:1225/101821.580:WARNING:CONSOLE(77)] "document.registerElement is deprecated and will be removed in M73, around March 2019. Please use window.customElements.define instead. See https://www.chromestatus.com/features/4642138092470272 for more details.", source: https://ssl.gstatic.com/chrome/components/doodle-notifier-02.html (77)
[7060:6096:1225/101823.891:INFO:CONSOLE(619)] "ancestorIframeChanged:218,378", source:  (619)
[7060:6096:1225/101824.729:INFO:CONSOLE(8)] "SW registered", source: https://www.google.com/_/chrome/newtab?ie=UTF-8 (8)
[7060:6096:1225/101825.071:INFO:CONSOLE(619)] "ancestorIframeChanged:620,378", source:  (619)
[7060:6096:1225/101826.081:INFO:CONSOLE(619)] "ancestorIframeChanged:620,378", source:  (619)
[7060:6096:1225/101827.201:INFO:CONSOLE(2)] "module-question/i18n/lang.js", source: https://cdn.ravenjs.com/3.22.3/raven.min.js (2)
[7060:6096:1225/101827.202:INFO:CONSOLE(2)] "module-question/wapUiHelp", source: https://cdn.ravenjs.com/3.22.3/raven.min.js (2)
[7060:6096:1225/101827.204:INFO:CONSOLE(2)] "module-question/wapUiViewHelp.js", source: https://cdn.ravenjs.com/3.22.3/raven.min.js (2)
[7060:6096:1225/101828.060:INFO:CONSOLE(0)] "[DOM] Password field is not contained in a form: (More info: https://goo.gl/9p2vKq) %o", source: https://geek.163.com/path/member/login?returnUrl=aHR0cDovL3RlYWNoLmdlZWsuMTYzLmNvbS80MDAwMDAwMDA2NzIwNjQuaHRt (0)
[7060:6096:1225/101828.060:INFO:CONSOLE(0)] "[DOM] Password field is not contained in a form: (More info: https://goo.gl/9p2vKq) %o", source: https://geek.163.com/path/member/login?returnUrl=aHR0cDovL3RlYWNoLmdlZWsuMTYzLmNvbS80MDAwMDAwMDA2NzIwNjQuaHRt (0)
[7060:6096:1225/101828.061:INFO:CONSOLE(0)] "[DOM] Password field is not contained in a form: (More info: https://goo.gl/9p2vKq) %o", source: https://geek.163.com/path/member/login?returnUrl=aHR0cDovL3RlYWNoLmdlZWsuMTYzLmNvbS80MDAwMDAwMDA2NzIwNjQuaHRt (0)
[7060:6096:1225/101828.061:INFO:CONSOLE(0)] "[DOM] Password field is not contained in a form: (More info: https://goo.gl/9p2vKq) %o", source: https://geek.163.com/path/member/login?returnUrl=aHR0cDovL3RlYWNoLmdlZWsuMTYzLmNvbS80MDAwMDAwMDA2NzIwNjQuaHRt (0)
[7060:6096:1225/101828.062:INFO:CONSOLE(0)] "[DOM] Password field is not contained in a form: (More info: https://goo.gl/9p2vKq) %o", source: https://geek.163.com/path/member/login?returnUrl=aHR0cDovL3RlYWNoLmdlZWsuMTYzLmNvbS80MDAwMDAwMDA2NzIwNjQuaHRt (0)
[7060:6096:1225/101828.062:INFO:CONSOLE(0)] "[DOM] Password field is not contained in a form: (More info: https://goo.gl/9p2vKq) %o", source: https://geek.163.com/path/member/login?returnUrl=aHR0cDovL3RlYWNoLmdlZWsuMTYzLmNvbS80MDAwMDAwMDA2NzIwNjQuaHRt (0)
[7060:6096:1225/101828.062:INFO:CONSOLE(0)] "[DOM] Password field is not contained in a form: (More info: https://goo.gl/9p2vKq) %o", source: https://geek.163.com/path/member/login?returnUrl=aHR0cDovL3RlYWNoLmdlZWsuMTYzLmNvbS80MDAwMDAwMDA2NzIwNjQuaHRt (0)
[7060:6096:1225/101828.062:INFO:CONSOLE(0)] "[DOM] Password field is not contained in a form: (More info: https://goo.gl/9p2vKq) %o", source: https://geek.163.com/path/member/login?returnUrl=aHR0cDovL3RlYWNoLmdlZWsuMTYzLmNvbS80MDAwMDAwMDA2NzIwNjQuaHRt (0)
[7060:6096:1225/101828.062:INFO:CONSOLE(0)] "[DOM] Password field is not contained in a form: (More info: https://goo.gl/9p2vKq) %o", source: https://geek.163.com/path/member/login?returnUrl=aHR0cDovL3RlYWNoLmdlZWsuMTYzLmNvbS80MDAwMDAwMDA2NzIwNjQuaHRt (0)
[7060:6096:1225/101828.867:INFO:CONSOLE(0)] "[DOM] Input elements should have autocomplete attributes (suggested: "new-password"): (More info: https://goo.gl/9p2vKq) %o", source: https://webzj.reg.163.com/v1.0.1/pub/index_dl.html?cd=%2F%2Fedu-cms.nosdn.127.net%2Ftopics%2Fcss%2F&cf=kada_urs_course_4c152c9f26817efac4936d84ec1baa71.css&MGID=1545704307616.7214&wdaId=UA1438236666413&pkid=VelXuSo&product=kada (0)
[7060:6096:1225/101828.954:INFO:CONSOLE(0)] "[DOM] Input elements should have autocomplete attributes (suggested: "new-password"): (More info: https://goo.gl/9p2vKq) %o", source: https://webzj.reg.163.com/v1.0.1/pub/index_reg.html?cd=%2F%2Fedu-cms.nosdn.127.net%2Ftopics%2Fcss%2F&cf=kada_urs_register_course_3d3c8920fcb04752d050df94efe9f31a.css&MGID=1545704307675.8418&wdaId=UA1438236666413&pkid=VelXuSo&product=kada (0)
[7060:6096:1225/101829.006:INFO:CONSOLE(0)] "[DOM] Input elements should have autocomplete attributes (suggested: "new-password"): (More info: https://goo.gl/9p2vKq) %o", source: https://webzj.reg.163.com/v1.0.1/pub/index.html?cd=%2F%2Fedu-cms.nosdn.127.net%2Ftopics%2Fcss%2F&cf=kada_urs_course_4c152c9f26817efac4936d84ec1baa71.css&MGID=1545704307661.2136&wdaId=UA1438236666413&pkid=VelXuSo&product=kada (0)
[7060:6096:1225/101829.881:INFO:CONSOLE(2)] "ancestorIframeChanged:791,303", source: https://cdn.ravenjs.com/3.22.3/raven.min.js (2)
[7060:6096:1225/101829.884:INFO:CONSOLE(2)] "ancestorIframeChanged:-1209,211", source: https://cdn.ravenjs.com/3.22.3/raven.min.js (2)
[7060:6096:1225/101829.887:INFO:CONSOLE(2)] "ancestorIframeChanged:-1639,193", source: https://cdn.ravenjs.com/3.22.3/raven.min.js (2)
[7060:6096:1225/101830.925:INFO:CONSOLE(2)] "ancestorIframeChanged:791,303", source: https://cdn.ravenjs.com/3.22.3/raven.min.js (2)
[7060:6096:1225/101830.925:INFO:CONSOLE(2)] "ancestorIframeChanged:-1209,211", source: https://cdn.ravenjs.com/3.22.3/raven.min.js (2)
[7060:6096:1225/101830.925:INFO:CONSOLE(2)] "ancestorIframeChanged:-1639,193", source: https://cdn.ravenjs.com/3.22.3/raven.min.js (2)
[7060:6096:1225/101832.044:INFO:CONSOLE(2)] "ancestorIframeChanged:-1209,211", source: https://cdn.ravenjs.com/3.22.3/raven.min.js (2)
[7060:6096:1225/101832.046:INFO:CONSOLE(2)] "ancestorIframeChanged:791,303", source: https://cdn.ravenjs.com/3.22.3/raven.min.js (2)
[7060:6096:1225/101832.049:INFO:CONSOLE(2)] "ancestorIframeChanged:-1639,193", source: https://cdn.ravenjs.com/3.22.3/raven.min.js (2)
[7060:6096:1225/101833.331:INFO:CONSOLE(2)] "ancestorIframeChanged:-1209,211", source: https://cdn.ravenjs.com/3.22.3/raven.min.js (2)
[7060:6096:1225/101833.331:INFO:CONSOLE(2)] "ancestorIframeChanged:791,303", source: https://cdn.ravenjs.com/3.22.3/raven.min.js (2)
[7060:6096:1225/101833.331:INFO:CONSOLE(2)] "ancestorIframeChanged:-1639,193", source: https://cdn.ravenjs.com/3.22.3/raven.min.js (2)
[7060:6096:1225/101834.571:INFO:CONSOLE(2)] "ancestorIframeChanged:-1209,211", source: https://cdn.ravenjs.com/3.22.3/raven.min.js (2)
[7060:6096:1225/101834.571:INFO:CONSOLE(2)] "ancestorIframeChanged:791,303", source: https://cdn.ravenjs.com/3.22.3/raven.min.js (2)
[7060:6096:1225/101834.571:INFO:CONSOLE(2)] "ancestorIframeChanged:-1639,193", source: https://cdn.ravenjs.com/3.22.3/raven.min.js (2)
[7060:6096:1225/101836.630:INFO:CONSOLE(252)] "module-question/i18n/lang.js", source: http://tgc.stu.126.net/pub/s/teachold/core_8f48212905a0a11b856194fc3ce1a9de.js (252)
[7060:6096:1225/101836.631:INFO:CONSOLE(253)] "module-question/wapUiHelp", source: http://tgc.stu.126.net/pub/s/teachold/core_8f48212905a0a11b856194fc3ce1a9de.js (253)
[7060:6096:1225/101836.644:INFO:CONSOLE(257)] "module-question/wapUiViewHelp.js", source: http://tgc.stu.126.net/pub/s/teachold/core_8f48212905a0a11b856194fc3ce1a9de.js (257)
[7060:6096:1225/101842.954:INFO:CONSOLE(252)] "module-question/i18n/lang.js", source: http://tgc.stu.126.net/pub/s/teachold/core_8f48212905a0a11b856194fc3ce1a9de.js (252)
[7060:6096:1225/101842.954:INFO:CONSOLE(253)] "module-question/wapUiHelp", source: http://tgc.stu.126.net/pub/s/teachold/core_8f48212905a0a11b856194fc3ce1a9de.js (253)
[7060:6096:1225/101842.968:INFO:CONSOLE(257)] "module-question/wapUiViewHelp.js", source: http://tgc.stu.126.net/pub/s/teachold/core_8f48212905a0a11b856194fc3ce1a9de.js (257)
[7060:6096:1225/101852.766:INFO:CONSOLE(252)] "module-question/i18n/lang.js", source: http://tgc.stu.126.net/pub/s/teachold/core_8f48212905a0a11b856194fc3ce1a9de.js (252)
[7060:6096:1225/101852.767:INFO:CONSOLE(253)] "module-question/wapUiHelp", source: http://tgc.stu.126.net/pub/s/teachold/core_8f48212905a0a11b856194fc3ce1a9de.js (253)
[7060:6096:1225/101852.785:INFO:CONSOLE(257)] "module-question/wapUiViewHelp.js", source: http://tgc.stu.126.net/pub/s/teachold/core_8f48212905a0a11b856194fc3ce1a9de.js (257)
[7060:6096:1225/101901.351:INFO:CONSOLE(2)] "module-question/i18n/lang.js", source: https://cdn.ravenjs.com/3.22.3/raven.min.js (2)
[7060:6096:1225/101901.351:INFO:CONSOLE(2)] "module-question/wapUiHelp", source: https://cdn.ravenjs.com/3.22.3/raven.min.js (2)
[7060:6096:1225/101901.355:INFO:CONSOLE(2)] "module-question/wapUiViewHelp.js", source: https://cdn.ravenjs.com/3.22.3/raven.min.js (2)
[7060:6096:1225/101902.128:INFO:CONSOLE(0)] "[DOM] Password field is not contained in a form: (More info: https://goo.gl/9p2vKq) %o", source: https://geek.163.com/path/member/login?returnUrl=aHR0cDovL3RlYWNoLmdlZWsuMTYzLmNvbS80MDAwMDAwMDA2NzIwNjQuaHRt (0)
[7060:6096:1225/101902.128:INFO:CONSOLE(0)] "[DOM] Password field is not contained in a form: (More info: https://goo.gl/9p2vKq) %o", source: https://geek.163.com/path/member/login?returnUrl=aHR0cDovL3RlYWNoLmdlZWsuMTYzLmNvbS80MDAwMDAwMDA2NzIwNjQuaHRt (0)
[7060:6096:1225/101902.128:INFO:CONSOLE(0)] "[DOM] Password field is not contained in a form: (More info: https://goo.gl/9p2vKq) %o", source: https://geek.163.com/path/member/login?returnUrl=aHR0cDovL3RlYWNoLmdlZWsuMTYzLmNvbS80MDAwMDAwMDA2NzIwNjQuaHRt (0)
[7060:6096:1225/101902.128:INFO:CONSOLE(0)] "[DOM] Password field is not contained in a form: (More info: https://goo.gl/9p2vKq) %o", source: https://geek.163.com/path/member/login?returnUrl=aHR0cDovL3RlYWNoLmdlZWsuMTYzLmNvbS80MDAwMDAwMDA2NzIwNjQuaHRt (0)
[7060:6096:1225/101902.128:INFO:CONSOLE(0)] "[DOM] Password field is not contained in a form: (More info: https://goo.gl/9p2vKq) %o", source: https://geek.163.com/path/member/login?returnUrl=aHR0cDovL3RlYWNoLmdlZWsuMTYzLmNvbS80MDAwMDAwMDA2NzIwNjQuaHRt (0)
[7060:6096:1225/101902.128:INFO:CONSOLE(0)] "[DOM] Password field is not contained in a form: (More info: https://goo.gl/9p2vKq) %o", source: https://geek.163.com/path/member/login?returnUrl=aHR0cDovL3RlYWNoLmdlZWsuMTYzLmNvbS80MDAwMDAwMDA2NzIwNjQuaHRt (0)
[7060:6096:1225/101902.128:INFO:CONSOLE(0)] "[DOM] Password field is not contained in a form: (More info: https://goo.gl/9p2vKq) %o", source: https://geek.163.com/path/member/login?returnUrl=aHR0cDovL3RlYWNoLmdlZWsuMTYzLmNvbS80MDAwMDAwMDA2NzIwNjQuaHRt (0)
[7060:6096:1225/101902.128:INFO:CONSOLE(0)] "[DOM] Password field is not contained in a form: (More info: https://goo.gl/9p2vKq) %o", source: https://geek.163.com/path/member/login?returnUrl=aHR0cDovL3RlYWNoLmdlZWsuMTYzLmNvbS80MDAwMDAwMDA2NzIwNjQuaHRt (0)
[7060:6096:1225/101902.128:INFO:CONSOLE(0)] "[DOM] Password field is not contained in a form: (More info: https://goo.gl/9p2vKq) %o", source: https://geek.163.com/path/member/login?returnUrl=aHR0cDovL3RlYWNoLmdlZWsuMTYzLmNvbS80MDAwMDAwMDA2NzIwNjQuaHRt (0)
[7060:6096:1225/101902.761:INFO:CONSOLE(0)] "[DOM] Input elements should have autocomplete attributes (suggested: "new-password"): (More info: https://goo.gl/9p2vKq) %o", source: https://webzj.reg.163.com/v1.0.1/pub/index_dl.html?cd=%2F%2Fedu-cms.nosdn.127.net%2Ftopics%2Fcss%2F&cf=kada_urs_course_4c152c9f26817efac4936d84ec1baa71.css&MGID=1545704341715.2817&wdaId=UA1438236666413&pkid=VelXuSo&product=kada (0)
[7060:6096:1225/101903.092:INFO:CONSOLE(0)] "[DOM] Input elements should have autocomplete attributes (suggested: "new-password"): (More info: https://goo.gl/9p2vKq) %o", source: https://webzj.reg.163.com/v1.0.1/pub/index_reg.html?cd=%2F%2Fedu-cms.nosdn.127.net%2Ftopics%2Fcss%2F&cf=kada_urs_register_course_3d3c8920fcb04752d050df94efe9f31a.css&MGID=1545704341753.0745&wdaId=UA1438236666413&pkid=VelXuSo&product=kada (0)
[7060:6096:1225/101903.093:INFO:CONSOLE(0)] "[DOM] Input elements should have autocomplete attributes (suggested: "new-password"): (More info: https://goo.gl/9p2vKq) %o", source: https://webzj.reg.163.com/v1.0.1/pub/index.html?cd=%2F%2Fedu-cms.nosdn.127.net%2Ftopics%2Fcss%2F&cf=kada_urs_course_4c152c9f26817efac4936d84ec1baa71.css&MGID=1545704341744.7703&wdaId=UA1438236666413&pkid=VelXuSo&product=kada (0)
[7060:6096:1225/101903.386:INFO:CONSOLE(2)] "ancestorIframeChanged:791,303", source: https://cdn.ravenjs.com/3.22.3/raven.min.js (2)
[7060:6096:1225/101903.387:INFO:CONSOLE(2)] "ancestorIframeChanged:-1209,211", source: https://cdn.ravenjs.com/3.22.3/raven.min.js (2)
[7060:6096:1225/101903.390:INFO:CONSOLE(2)] "ancestorIframeChanged:-1639,193", source: https://cdn.ravenjs.com/3.22.3/raven.min.js (2)
[7060:6096:1225/101904.432:INFO:CONSOLE(2)] "ancestorIframeChanged:791,303", source: https://cdn.ravenjs.com/3.22.3/raven.min.js (2)
[7060:6096:1225/101904.434:INFO:CONSOLE(2)] "ancestorIframeChanged:-1209,211", source: https://cdn.ravenjs.com/3.22.3/raven.min.js (2)
[7060:6096:1225/101904.436:INFO:CONSOLE(2)] "ancestorIframeChanged:-1639,193", source: https://cdn.ravenjs.com/3.22.3/raven.min.js (2)
[7060:6096:1225/101905.537:INFO:CONSOLE(2)] "ancestorIframeChanged:-1209,211", source: https://cdn.ravenjs.com/3.22.3/raven.min.js (2)
[7060:6096:1225/101905.538:INFO:CONSOLE(2)] "ancestorIframeChanged:791,303", source: https://cdn.ravenjs.com/3.22.3/raven.min.js (2)
[7060:6096:1225/101905.541:INFO:CONSOLE(2)] "ancestorIframeChanged:-1639,193", source: https://cdn.ravenjs.com/3.22.3/raven.min.js (2)
[7060:6096:1225/101906.785:INFO:CONSOLE(2)] "ancestorIframeChanged:-1209,211", source: https://cdn.ravenjs.com/3.22.3/raven.min.js (2)
[7060:6096:1225/101906.787:INFO:CONSOLE(2)] "ancestorIframeChanged:791,303", source: https://cdn.ravenjs.com/3.22.3/raven.min.js (2)
[7060:6096:1225/101906.790:INFO:CONSOLE(2)] "ancestorIframeChanged:-1639,193", source: https://cdn.ravenjs.com/3.22.3/raven.min.js (2)
[7060:6096:1225/101908.038:INFO:CONSOLE(2)] "ancestorIframeChanged:-1209,211", source: https://cdn.ravenjs.com/3.22.3/raven.min.js (2)
[7060:6096:1225/101908.038:INFO:CONSOLE(2)] "ancestorIframeChanged:791,303", source: https://cdn.ravenjs.com/3.22.3/raven.min.js (2)
[7060:6096:1225/101908.038:INFO:CONSOLE(2)] "ancestorIframeChanged:-1639,193", source: https://cdn.ravenjs.com/3.22.3/raven.min.js (2)
[7060:6096:1225/101909.807:INFO:CONSOLE(252)] "module-question/i18n/lang.js", source: http://tgc.stu.126.net/pub/s/teachold/core_8f48212905a0a11b856194fc3ce1a9de.js (252)
[7060:6096:1225/101909.808:INFO:CONSOLE(253)] "module-question/wapUiHelp", source: http://tgc.stu.126.net/pub/s/teachold/core_8f48212905a0a11b856194fc3ce1a9de.js (253)
[7060:6096:1225/101909.841:INFO:CONSOLE(257)] "module-question/wapUiViewHelp.js", source: http://tgc.stu.126.net/pub/s/teachold/core_8f48212905a0a11b856194fc3ce1a9de.js (257)
[7060:6096:1225/101911.859:INFO:CONSOLE(252)] "module-question/i18n/lang.js", source: http://tgc.stu.126.net/pub/s/teachold/core_8f48212905a0a11b856194fc3ce1a9de.js (252)
[7060:6096:1225/101911.859:INFO:CONSOLE(253)] "module-question/wapUiHelp", source: http://tgc.stu.126.net/pub/s/teachold/core_8f48212905a0a11b856194fc3ce1a9de.js (253)
[7060:6096:1225/101911.878:INFO:CONSOLE(257)] "module-question/wapUiViewHelp.js", source: http://tgc.stu.126.net/pub/s/teachold/core_8f48212905a0a11b856194fc3ce1a9de.js (257)
[7060:6096:1225/101921.613:INFO:CONSOLE(619)] "ancestorIframeChanged:624,594", source:  (619)
[7060:6096:1225/101927.000:INFO:CONSOLE(619)] "ancestorIframeChanged:624,594", source:  (619)
[7060:6096:1225/101929.026:INFO:CONSOLE(619)] "ancestorIframeChanged:624,302", source:  (619)
[7060:6096:1225/101930.861:INFO:CONSOLE(619)] "ancestorIframeChanged:624,302", source:  (619)
[7060:6096:1225/101932.036:INFO:CONSOLE(619)] "ancestorIframeChanged:624,302", source:  (619)
[7060:6096:1225/101933.209:INFO:CONSOLE(619)] "ancestorIframeChanged:624,302", source:  (619)
[7060:6096:1225/101947.103:INFO:CONSOLE(2)] "module-question/i18n/lang.js", source: https://cdn.ravenjs.com/3.22.3/raven.min.js (2)
[7060:6096:1225/101947.104:INFO:CONSOLE(2)] "module-question/wapUiHelp", source: https://cdn.ravenjs.com/3.22.3/raven.min.js (2)
[7060:6096:1225/101947.105:INFO:CONSOLE(2)] "module-question/wapUiViewHelp.js", source: https://cdn.ravenjs.com/3.22.3/raven.min.js (2)
[7060:6096:1225/101947.840:INFO:CONSOLE(0)] "[DOM] Password field is not contained in a form: (More info: https://goo.gl/9p2vKq) %o", source: https://geek.163.com/path/member/login?returnUrl=aHR0cDovL3RlYWNoLmdlZWsuMTYzLmNvbS80MDAwMDAwMDA2NzIwNjQuaHRt (0)
[7060:6096:1225/101947.840:INFO:CONSOLE(0)] "[DOM] Password field is not contained in a form: (More info: https://goo.gl/9p2vKq) %o", source: https://geek.163.com/path/member/login?returnUrl=aHR0cDovL3RlYWNoLmdlZWsuMTYzLmNvbS80MDAwMDAwMDA2NzIwNjQuaHRt (0)
[7060:6096:1225/101947.840:INFO:CONSOLE(0)] "[DOM] Password field is not contained in a form: (More info: https://goo.gl/9p2vKq) %o", source: https://geek.163.com/path/member/login?returnUrl=aHR0cDovL3RlYWNoLmdlZWsuMTYzLmNvbS80MDAwMDAwMDA2NzIwNjQuaHRt (0)
[7060:6096:1225/101947.841:INFO:CONSOLE(0)] "[DOM] Password field is not contained in a form: (More info: https://goo.gl/9p2vKq) %o", source: https://geek.163.com/path/member/login?returnUrl=aHR0cDovL3RlYWNoLmdlZWsuMTYzLmNvbS80MDAwMDAwMDA2NzIwNjQuaHRt (0)
[7060:6096:1225/101947.841:INFO:CONSOLE(0)] "[DOM] Password field is not contained in a form: (More info: https://goo.gl/9p2vKq) %o", source: https://geek.163.com/path/member/login?returnUrl=aHR0cDovL3RlYWNoLmdlZWsuMTYzLmNvbS80MDAwMDAwMDA2NzIwNjQuaHRt (0)
[7060:6096:1225/101947.841:INFO:CONSOLE(0)] "[DOM] Password field is not contained in a form: (More info: https://goo.gl/9p2vKq) %o", source: https://geek.163.com/path/member/login?returnUrl=aHR0cDovL3RlYWNoLmdlZWsuMTYzLmNvbS80MDAwMDAwMDA2NzIwNjQuaHRt (0)
[7060:6096:1225/101947.841:INFO:CONSOLE(0)] "[DOM] Password field is not contained in a form: (More info: https://goo.gl/9p2vKq) %o", source: https://geek.163.com/path/member/login?returnUrl=aHR0cDovL3RlYWNoLmdlZWsuMTYzLmNvbS80MDAwMDAwMDA2NzIwNjQuaHRt (0)
[7060:6096:1225/101947.841:INFO:CONSOLE(0)] "[DOM] Password field is not contained in a form: (More info: https://goo.gl/9p2vKq) %o", source: https://geek.163.com/path/member/login?returnUrl=aHR0cDovL3RlYWNoLmdlZWsuMTYzLmNvbS80MDAwMDAwMDA2NzIwNjQuaHRt (0)
[7060:6096:1225/101947.841:INFO:CONSOLE(0)] "[DOM] Password field is not contained in a form: (More info: https://goo.gl/9p2vKq) %o", source: https://geek.163.com/path/member/login?returnUrl=aHR0cDovL3RlYWNoLmdlZWsuMTYzLmNvbS80MDAwMDAwMDA2NzIwNjQuaHRt (0)
[7060:6096:1225/101948.125:INFO:CONSOLE(0)] "[DOM] Input elements should have autocomplete attributes (suggested: "new-password"): (More info: https://goo.gl/9p2vKq) %o", source: https://webzj.reg.163.com/v1.0.1/pub/index_dl.html?cd=%2F%2Fedu-cms.nosdn.127.net%2Ftopics%2Fcss%2F&cf=kada_urs_course_4c152c9f26817efac4936d84ec1baa71.css&MGID=1545704387399.1&wdaId=UA1438236666413&pkid=VelXuSo&product=kada (0)
[7060:6096:1225/101948.487:INFO:CONSOLE(0)] "[DOM] Input elements should have autocomplete attributes (suggested: "new-password"): (More info: https://goo.gl/9p2vKq) %o", source: https://webzj.reg.163.com/v1.0.1/pub/index_reg.html?cd=%2F%2Fedu-cms.nosdn.127.net%2Ftopics%2Fcss%2F&cf=kada_urs_register_course_3d3c8920fcb04752d050df94efe9f31a.css&MGID=1545704387430.747&wdaId=UA1438236666413&pkid=VelXuSo&product=kada (0)
[7060:6096:1225/101948.488:INFO:CONSOLE(0)] "[DOM] Input elements should have autocomplete attributes (suggested: "new-password"): (More info: https://goo.gl/9p2vKq) %o", source: https://webzj.reg.163.com/v1.0.1/pub/index.html?cd=%2F%2Fedu-cms.nosdn.127.net%2Ftopics%2Fcss%2F&cf=kada_urs_course_4c152c9f26817efac4936d84ec1baa71.css&MGID=1545704387421.447&wdaId=UA1438236666413&pkid=VelXuSo&product=kada (0)
[7060:6096:1225/101948.669:INFO:CONSOLE(2)] "ancestorIframeChanged:791,303", source: https://cdn.ravenjs.com/3.22.3/raven.min.js (2)
[7060:6096:1225/101948.671:INFO:CONSOLE(2)] "ancestorIframeChanged:-1209,211", source: https://cdn.ravenjs.com/3.22.3/raven.min.js (2)
[7060:6096:1225/101948.675:INFO:CONSOLE(2)] "ancestorIframeChanged:-1639,193", source: https://cdn.ravenjs.com/3.22.3/raven.min.js (2)
[7060:6096:1225/101949.720:INFO:CONSOLE(2)] "ancestorIframeChanged:791,303", source: https://cdn.ravenjs.com/3.22.3/raven.min.js (2)
[7060:6096:1225/101949.720:INFO:CONSOLE(2)] "ancestorIframeChanged:-1209,211", source: https://cdn.ravenjs.com/3.22.3/raven.min.js (2)
[7060:6096:1225/101949.720:INFO:CONSOLE(2)] "ancestorIframeChanged:-1639,193", source: https://cdn.ravenjs.com/3.22.3/raven.min.js (2)
[7060:6096:1225/101950.901:INFO:CONSOLE(2)] "ancestorIframeChanged:-1209,211", source: https://cdn.ravenjs.com/3.22.3/raven.min.js (2)
[7060:6096:1225/101950.901:INFO:CONSOLE(2)] "ancestorIframeChanged:791,303", source: https://cdn.ravenjs.com/3.22.3/raven.min.js (2)
[7060:6096:1225/101950.901:INFO:CONSOLE(2)] "ancestorIframeChanged:-1639,193", source: https://cdn.ravenjs.com/3.22.3/raven.min.js (2)
[7060:6096:1225/101952.293:INFO:CONSOLE(2)] "ancestorIframeChanged:-1209,211", source: https://cdn.ravenjs.com/3.22.3/raven.min.js (2)
[7060:6096:1225/101952.293:INFO:CONSOLE(2)] "ancestorIframeChanged:791,303", source: https://cdn.ravenjs.com/3.22.3/raven.min.js (2)
[7060:6096:1225/101952.293:INFO:CONSOLE(2)] "ancestorIframeChanged:-1639,193", source: https://cdn.ravenjs.com/3.22.3/raven.min.js (2)
[7060:6096:1225/101953.544:INFO:CONSOLE(2)] "ancestorIframeChanged:-1209,211", source: https://cdn.ravenjs.com/3.22.3/raven.min.js (2)
[7060:6096:1225/101953.544:INFO:CONSOLE(2)] "ancestorIframeChanged:791,303", source: https://cdn.ravenjs.com/3.22.3/raven.min.js (2)
[7060:6096:1225/101953.544:INFO:CONSOLE(2)] "ancestorIframeChanged:-1639,193", source: https://cdn.ravenjs.com/3.22.3/raven.min.js (2)
[7060:6096:1225/101955.321:INFO:CONSOLE(252)] "module-question/i18n/lang.js", source: http://tgc.stu.126.net/pub/s/teachold/core_8f48212905a0a11b856194fc3ce1a9de.js (252)
[7060:6096:1225/101955.322:INFO:CONSOLE(253)] "module-question/wapUiHelp", source: http://tgc.stu.126.net/pub/s/teachold/core_8f48212905a0a11b856194fc3ce1a9de.js (253)
[7060:6096:1225/101955.334:INFO:CONSOLE(257)] "module-question/wapUiViewHelp.js", source: http://tgc.stu.126.net/pub/s/teachold/core_8f48212905a0a11b856194fc3ce1a9de.js (257)
[7060:6096:1225/101957.272:INFO:CONSOLE(252)] "module-question/i18n/lang.js", source: http://tgc.stu.126.net/pub/s/teachold/core_8f48212905a0a11b856194fc3ce1a9de.js (252)
[7060:6096:1225/101957.273:INFO:CONSOLE(253)] "module-question/wapUiHelp", source: http://tgc.stu.126.net/pub/s/teachold/core_8f48212905a0a11b856194fc3ce1a9de.js (253)
[7060:6096:1225/101957.290:INFO:CONSOLE(257)] "module-question/wapUiViewHelp.js", source: http://tgc.stu.126.net/pub/s/teachold/core_8f48212905a0a11b856194fc3ce1a9de.js (257)
[7060:6096:1225/102015.652:INFO:CONSOLE(619)] "ancestorIframeChanged:624,594", source:  (619)
[7060:6096:1225/102016.933:INFO:CONSOLE(619)] "ancestorIframeChanged:624,594", source:  (619)
[7060:6096:1225/102018.915:INFO:CONSOLE(619)] "ancestorIframeChanged:624,594", source:  (619)
[7060:6096:1225/102020.287:INFO:CONSOLE(619)] "ancestorIframeChanged:624,594", source:  (619)
[7060:6096:1225/102021.594:INFO:CONSOLE(619)] "ancestorIframeChanged:624,594", source:  (619)
[7060:6096:1225/102022.521:INFO:CONSOLE(619)] "ancestorIframeChanged:624,594", source:  (619)
[7060:6096:1225/102024.061:INFO:CONSOLE(619)] "ancestorIframeChanged:624,594", source:  (619)
[7060:6096:1225/102025.078:INFO:CONSOLE(619)] "ancestorIframeChanged:624,594", source:  (619)
[7060:6096:1225/102027.118:INFO:CONSOLE(619)] "ancestorIframeChanged:624,466", source:  (619)
[7060:6096:1225/102028.967:INFO:CONSOLE(619)] "ancestorIframeChanged:624,466", source:  (619)
[7060:6096:1225/102045.900:INFO:CONSOLE(2)] "module-question/i18n/lang.js", source: https://cdn.ravenjs.com/3.22.3/raven.min.js (2)
[7060:6096:1225/102045.900:INFO:CONSOLE(2)] "module-question/wapUiHelp", source: https://cdn.ravenjs.com/3.22.3/raven.min.js (2)
[7060:6096:1225/102045.901:INFO:CONSOLE(2)] "module-question/wapUiViewHelp.js", source: https://cdn.ravenjs.com/3.22.3/raven.min.js (2)
[7060:6096:1225/102046.542:INFO:CONSOLE(0)] "[DOM] Password field is not contained in a form: (More info: https://goo.gl/9p2vKq) %o", source: https://geek.163.com/path/member/login?returnUrl=aHR0cDovL3RlYWNoLmdlZWsuMTYzLmNvbS80MDAwMDAwMDA2NzIwNjQuaHRt (0)
[7060:6096:1225/102046.542:INFO:CONSOLE(0)] "[DOM] Password field is not contained in a form: (More info: https://goo.gl/9p2vKq) %o", source: https://geek.163.com/path/member/login?returnUrl=aHR0cDovL3RlYWNoLmdlZWsuMTYzLmNvbS80MDAwMDAwMDA2NzIwNjQuaHRt (0)
[7060:6096:1225/102046.542:INFO:CONSOLE(0)] "[DOM] Password field is not contained in a form: (More info: https://goo.gl/9p2vKq) %o", source: https://geek.163.com/path/member/login?returnUrl=aHR0cDovL3RlYWNoLmdlZWsuMTYzLmNvbS80MDAwMDAwMDA2NzIwNjQuaHRt (0)
[7060:6096:1225/102046.542:INFO:CONSOLE(0)] "[DOM] Password field is not contained in a form: (More info: https://goo.gl/9p2vKq) %o", source: https://geek.163.com/path/member/login?returnUrl=aHR0cDovL3RlYWNoLmdlZWsuMTYzLmNvbS80MDAwMDAwMDA2NzIwNjQuaHRt (0)
[7060:6096:1225/102046.542:INFO:CONSOLE(0)] "[DOM] Password field is not contained in a form: (More info: https://goo.gl/9p2vKq) %o", source: https://geek.163.com/path/member/login?returnUrl=aHR0cDovL3RlYWNoLmdlZWsuMTYzLmNvbS80MDAwMDAwMDA2NzIwNjQuaHRt (0)
[7060:6096:1225/102046.542:INFO:CONSOLE(0)] "[DOM] Password field is not contained in a form: (More info: https://goo.gl/9p2vKq) %o", source: https://geek.163.com/path/member/login?returnUrl=aHR0cDovL3RlYWNoLmdlZWsuMTYzLmNvbS80MDAwMDAwMDA2NzIwNjQuaHRt (0)
[7060:6096:1225/102046.543:INFO:CONSOLE(0)] "[DOM] Password field is not contained in a form: (More info: https://goo.gl/9p2vKq) %o", source: https://geek.163.com/path/member/login?returnUrl=aHR0cDovL3RlYWNoLmdlZWsuMTYzLmNvbS80MDAwMDAwMDA2NzIwNjQuaHRt (0)
[7060:6096:1225/102046.543:INFO:CONSOLE(0)] "[DOM] Password field is not contained in a form: (More info: https://goo.gl/9p2vKq) %o", source: https://geek.163.com/path/member/login?returnUrl=aHR0cDovL3RlYWNoLmdlZWsuMTYzLmNvbS80MDAwMDAwMDA2NzIwNjQuaHRt (0)
[7060:6096:1225/102046.543:INFO:CONSOLE(0)] "[DOM] Password field is not contained in a form: (More info: https://goo.gl/9p2vKq) %o", source: https://geek.163.com/path/member/login?returnUrl=aHR0cDovL3RlYWNoLmdlZWsuMTYzLmNvbS80MDAwMDAwMDA2NzIwNjQuaHRt (0)
[7060:6096:1225/102046.877:INFO:CONSOLE(0)] "[DOM] Input elements should have autocomplete attributes (suggested: "new-password"): (More info: https://goo.gl/9p2vKq) %o", source: https://webzj.reg.163.com/v1.0.1/pub/index_dl.html?cd=%2F%2Fedu-cms.nosdn.127.net%2Ftopics%2Fcss%2F&cf=kada_urs_course_4c152c9f26817efac4936d84ec1baa71.css&MGID=1545704446187.501&wdaId=UA1438236666413&pkid=VelXuSo&product=kada (0)
[7060:6096:1225/102047.248:INFO:CONSOLE(0)] "[DOM] Input elements should have autocomplete attributes (suggested: "new-password"): (More info: https://goo.gl/9p2vKq) %o", source: https://webzj.reg.163.com/v1.0.1/pub/index_reg.html?cd=%2F%2Fedu-cms.nosdn.127.net%2Ftopics%2Fcss%2F&cf=kada_urs_register_course_3d3c8920fcb04752d050df94efe9f31a.css&MGID=1545704446213.1606&wdaId=UA1438236666413&pkid=VelXuSo&product=kada (0)
[7060:6096:1225/102047.249:INFO:CONSOLE(0)] "[DOM] Input elements should have autocomplete attributes (suggested: "new-password"): (More info: https://goo.gl/9p2vKq) %o", source: https://webzj.reg.163.com/v1.0.1/pub/index.html?cd=%2F%2Fedu-cms.nosdn.127.net%2Ftopics%2Fcss%2F&cf=kada_urs_course_4c152c9f26817efac4936d84ec1baa71.css&MGID=1545704446205.9268&wdaId=UA1438236666413&pkid=VelXuSo&product=kada (0)
[7060:6096:1225/102047.773:INFO:CONSOLE(2)] "ancestorIframeChanged:791,303", source: https://cdn.ravenjs.com/3.22.3/raven.min.js (2)
[7060:6096:1225/102047.776:INFO:CONSOLE(2)] "ancestorIframeChanged:-1209,211", source: https://cdn.ravenjs.com/3.22.3/raven.min.js (2)
[7060:6096:1225/102047.779:INFO:CONSOLE(2)] "ancestorIframeChanged:-1639,193", source: https://cdn.ravenjs.com/3.22.3/raven.min.js (2)
[7060:6096:1225/102048.852:INFO:CONSOLE(2)] "ancestorIframeChanged:791,303", source: https://cdn.ravenjs.com/3.22.3/raven.min.js (2)
[7060:6096:1225/102048.853:INFO:CONSOLE(2)] "ancestorIframeChanged:-1209,211", source: https://cdn.ravenjs.com/3.22.3/raven.min.js (2)
[7060:6096:1225/102048.855:INFO:CONSOLE(2)] "ancestorIframeChanged:-1639,193", source: https://cdn.ravenjs.com/3.22.3/raven.min.js (2)
[7060:6096:1225/102049.914:INFO:CONSOLE(2)] "ancestorIframeChanged:-1209,211", source: https://cdn.ravenjs.com/3.22.3/raven.min.js (2)
[7060:6096:1225/102049.914:INFO:CONSOLE(2)] "ancestorIframeChanged:791,303", source: https://cdn.ravenjs.com/3.22.3/raven.min.js (2)
[7060:6096:1225/102049.914:INFO:CONSOLE(2)] "ancestorIframeChanged:-1639,193", source: https://cdn.ravenjs.com/3.22.3/raven.min.js (2)
[7060:6096:1225/102051.381:INFO:CONSOLE(2)] "ancestorIframeChanged:-1209,211", source: https://cdn.ravenjs.com/3.22.3/raven.min.js (2)
[7060:6096:1225/102051.381:INFO:CONSOLE(2)] "ancestorIframeChanged:791,303", source: https://cdn.ravenjs.com/3.22.3/raven.min.js (2)
[7060:6096:1225/102051.381:INFO:CONSOLE(2)] "ancestorIframeChanged:-1639,193", source: https://cdn.ravenjs.com/3.22.3/raven.min.js (2)
[7060:6096:1225/102052.640:INFO:CONSOLE(2)] "ancestorIframeChanged:-1209,211", source: https://cdn.ravenjs.com/3.22.3/raven.min.js (2)
[7060:6096:1225/102052.640:INFO:CONSOLE(2)] "ancestorIframeChanged:791,303", source: https://cdn.ravenjs.com/3.22.3/raven.min.js (2)
[7060:6096:1225/102052.640:INFO:CONSOLE(2)] "ancestorIframeChanged:-1639,193", source: https://cdn.ravenjs.com/3.22.3/raven.min.js (2)
[7060:6096:1225/102054.309:INFO:CONSOLE(252)] "module-question/i18n/lang.js", source: http://tgc.stu.126.net/pub/s/teachold/core_8f48212905a0a11b856194fc3ce1a9de.js (252)
[7060:6096:1225/102054.309:INFO:CONSOLE(253)] "module-question/wapUiHelp", source: http://tgc.stu.126.net/pub/s/teachold/core_8f48212905a0a11b856194fc3ce1a9de.js (253)
[7060:6096:1225/102054.324:INFO:CONSOLE(257)] "module-question/wapUiViewHelp.js", source: http://tgc.stu.126.net/pub/s/teachold/core_8f48212905a0a11b856194fc3ce1a9de.js (257)
[7060:6096:1225/102055.982:INFO:CONSOLE(252)] "module-question/i18n/lang.js", source: http://tgc.stu.126.net/pub/s/teachold/core_8f48212905a0a11b856194fc3ce1a9de.js (252)
[7060:6096:1225/102055.984:INFO:CONSOLE(253)] "module-question/wapUiHelp", source: http://tgc.stu.126.net/pub/s/teachold/core_8f48212905a0a11b856194fc3ce1a9de.js (253)
[7060:6096:1225/102056.008:INFO:CONSOLE(257)] "module-question/wapUiViewHelp.js", source: http://tgc.stu.126.net/pub/s/teachold/core_8f48212905a0a11b856194fc3ce1a9de.js (257)
[7060:6096:1225/102128.169:INFO:CONSOLE(2)] "module-question/i18n/lang.js", source: https://cdn.ravenjs.com/3.22.3/raven.min.js (2)
[7060:6096:1225/102128.169:INFO:CONSOLE(2)] "module-question/wapUiHelp", source: https://cdn.ravenjs.com/3.22.3/raven.min.js (2)
[7060:6096:1225/102128.170:INFO:CONSOLE(2)] "module-question/wapUiViewHelp.js", source: https://cdn.ravenjs.com/3.22.3/raven.min.js (2)
[7060:6096:1225/102128.782:INFO:CONSOLE(0)] "[DOM] Password field is not contained in a form: (More info: https://goo.gl/9p2vKq) %o", source: https://geek.163.com/path/member/login?returnUrl=aHR0cDovL3RlYWNoLmdlZWsuMTYzLmNvbS80MDAwMDAwMDA2NzIwNjQuaHRt (0)
[7060:6096:1225/102128.782:INFO:CONSOLE(0)] "[DOM] Password field is not contained in a form: (More info: https://goo.gl/9p2vKq) %o", source: https://geek.163.com/path/member/login?returnUrl=aHR0cDovL3RlYWNoLmdlZWsuMTYzLmNvbS80MDAwMDAwMDA2NzIwNjQuaHRt (0)
[7060:6096:1225/102128.782:INFO:CONSOLE(0)] "[DOM] Password field is not contained in a form: (More info: https://goo.gl/9p2vKq) %o", source: https://geek.163.com/path/member/login?returnUrl=aHR0cDovL3RlYWNoLmdlZWsuMTYzLmNvbS80MDAwMDAwMDA2NzIwNjQuaHRt (0)
[7060:6096:1225/102128.782:INFO:CONSOLE(0)] "[DOM] Password field is not contained in a form: (More info: https://goo.gl/9p2vKq) %o", source: https://geek.163.com/path/member/login?returnUrl=aHR0cDovL3RlYWNoLmdlZWsuMTYzLmNvbS80MDAwMDAwMDA2NzIwNjQuaHRt (0)
[7060:6096:1225/102128.783:INFO:CONSOLE(0)] "[DOM] Password field is not contained in a form: (More info: https://goo.gl/9p2vKq) %o", source: https://geek.163.com/path/member/login?returnUrl=aHR0cDovL3RlYWNoLmdlZWsuMTYzLmNvbS80MDAwMDAwMDA2NzIwNjQuaHRt (0)
[7060:6096:1225/102128.783:INFO:CONSOLE(0)] "[DOM] Password field is not contained in a form: (More info: https://goo.gl/9p2vKq) %o", source: https://geek.163.com/path/member/login?returnUrl=aHR0cDovL3RlYWNoLmdlZWsuMTYzLmNvbS80MDAwMDAwMDA2NzIwNjQuaHRt (0)
[7060:6096:1225/102128.783:INFO:CONSOLE(0)] "[DOM] Password field is not contained in a form: (More info: https://goo.gl/9p2vKq) %o", source: https://geek.163.com/path/member/login?returnUrl=aHR0cDovL3RlYWNoLmdlZWsuMTYzLmNvbS80MDAwMDAwMDA2NzIwNjQuaHRt (0)
[7060:6096:1225/102128.783:INFO:CONSOLE(0)] "[DOM] Password field is not contained in a form: (More info: https://goo.gl/9p2vKq) %o", source: https://geek.163.com/path/member/login?returnUrl=aHR0cDovL3RlYWNoLmdlZWsuMTYzLmNvbS80MDAwMDAwMDA2NzIwNjQuaHRt (0)
[7060:6096:1225/102128.783:INFO:CONSOLE(0)] "[DOM] Password field is not contained in a form: (More info: https://goo.gl/9p2vKq) %o", source: https://geek.163.com/path/member/login?returnUrl=aHR0cDovL3RlYWNoLmdlZWsuMTYzLmNvbS80MDAwMDAwMDA2NzIwNjQuaHRt (0)
[7060:6096:1225/102129.156:INFO:CONSOLE(0)] "[DOM] Input elements should have autocomplete attributes (suggested: "new-password"): (More info: https://goo.gl/9p2vKq) %o", source: https://webzj.reg.163.com/v1.0.1/pub/index_dl.html?cd=%2F%2Fedu-cms.nosdn.127.net%2Ftopics%2Fcss%2F&cf=kada_urs_course_4c152c9f26817efac4936d84ec1baa71.css&MGID=1545704488430.9358&wdaId=UA1438236666413&pkid=VelXuSo&product=kada (0)
[7060:6096:1225/102129.570:INFO:CONSOLE(0)] "[DOM] Input elements should have autocomplete attributes (suggested: "new-password"): (More info: https://goo.gl/9p2vKq) %o", source: https://webzj.reg.163.com/v1.0.1/pub/index_reg.html?cd=%2F%2Fedu-cms.nosdn.127.net%2Ftopics%2Fcss%2F&cf=kada_urs_register_course_3d3c8920fcb04752d050df94efe9f31a.css&MGID=1545704488458.36&wdaId=UA1438236666413&pkid=VelXuSo&product=kada (0)
[7060:6096:1225/102129.632:INFO:CONSOLE(0)] "[DOM] Input elements should have autocomplete attributes (suggested: "new-password"): (More info: https://goo.gl/9p2vKq) %o", source: https://webzj.reg.163.com/v1.0.1/pub/index.html?cd=%2F%2Fedu-cms.nosdn.127.net%2Ftopics%2Fcss%2F&cf=kada_urs_course_4c152c9f26817efac4936d84ec1baa71.css&MGID=1545704488451.58&wdaId=UA1438236666413&pkid=VelXuSo&product=kada (0)
[7060:6096:1225/102129.777:INFO:CONSOLE(2)] "ancestorIframeChanged:791,303", source: https://cdn.ravenjs.com/3.22.3/raven.min.js (2)
[7060:6096:1225/102129.779:INFO:CONSOLE(2)] "ancestorIframeChanged:-1209,211", source: https://cdn.ravenjs.com/3.22.3/raven.min.js (2)
[7060:6096:1225/102129.782:INFO:CONSOLE(2)] "ancestorIframeChanged:-1639,193", source: https://cdn.ravenjs.com/3.22.3/raven.min.js (2)
[7060:6096:1225/102130.879:INFO:CONSOLE(2)] "ancestorIframeChanged:791,303", source: https://cdn.ravenjs.com/3.22.3/raven.min.js (2)
[7060:6096:1225/102130.881:INFO:CONSOLE(2)] "ancestorIframeChanged:-1209,211", source: https://cdn.ravenjs.com/3.22.3/raven.min.js (2)
[7060:6096:1225/102130.885:INFO:CONSOLE(2)] "ancestorIframeChanged:-1639,193", source: https://cdn.ravenjs.com/3.22.3/raven.min.js (2)
[7060:6096:1225/102132.022:INFO:CONSOLE(2)] "ancestorIframeChanged:-1209,211", source: https://cdn.ravenjs.com/3.22.3/raven.min.js (2)
[7060:6096:1225/102132.022:INFO:CONSOLE(2)] "ancestorIframeChanged:791,303", source: https://cdn.ravenjs.com/3.22.3/raven.min.js (2)
[7060:6096:1225/102132.022:INFO:CONSOLE(2)] "ancestorIframeChanged:-1639,193", source: https://cdn.ravenjs.com/3.22.3/raven.min.js (2)
[7060:6096:1225/102133.395:INFO:CONSOLE(2)] "ancestorIframeChanged:-1209,211", source: https://cdn.ravenjs.com/3.22.3/raven.min.js (2)
[7060:6096:1225/102133.395:INFO:CONSOLE(2)] "ancestorIframeChanged:791,303", source: https://cdn.ravenjs.com/3.22.3/raven.min.js (2)
[7060:6096:1225/102133.395:INFO:CONSOLE(2)] "ancestorIframeChanged:-1639,193", source: https://cdn.ravenjs.com/3.22.3/raven.min.js (2)
[7060:6096:1225/102134.611:INFO:CONSOLE(2)] "ancestorIframeChanged:-1209,211", source: https://cdn.ravenjs.com/3.22.3/raven.min.js (2)
[7060:6096:1225/102134.611:INFO:CONSOLE(2)] "ancestorIframeChanged:791,303", source: https://cdn.ravenjs.com/3.22.3/raven.min.js (2)
[7060:6096:1225/102134.611:INFO:CONSOLE(2)] "ancestorIframeChanged:-1639,193", source: https://cdn.ravenjs.com/3.22.3/raven.min.js (2)
[7060:6096:1225/102136.610:INFO:CONSOLE(252)] "module-question/i18n/lang.js", source: http://tgc.stu.126.net/pub/s/teachold/core_8f48212905a0a11b856194fc3ce1a9de.js (252)
[7060:6096:1225/102136.612:INFO:CONSOLE(253)] "module-question/wapUiHelp", source: http://tgc.stu.126.net/pub/s/teachold/core_8f48212905a0a11b856194fc3ce1a9de.js (253)
[7060:6096:1225/102136.631:INFO:CONSOLE(257)] "module-question/wapUiViewHelp.js", source: http://tgc.stu.126.net/pub/s/teachold/core_8f48212905a0a11b856194fc3ce1a9de.js (257)
[7060:6096:1225/102235.032:INFO:CONSOLE(252)] "module-question/i18n/lang.js", source: http://tgc.stu.126.net/pub/s/teachold/core_8f48212905a0a11b856194fc3ce1a9de.js (252)
[7060:6096:1225/102235.032:INFO:CONSOLE(253)] "module-question/wapUiHelp", source: http://tgc.stu.126.net/pub/s/teachold/core_8f48212905a0a11b856194fc3ce1a9de.js (253)
[7060:6096:1225/102235.044:INFO:CONSOLE(257)] "module-question/wapUiViewHelp.js", source: http://tgc.stu.126.net/pub/s/teachold/core_8f48212905a0a11b856194fc3ce1a9de.js (257)
