[9164:19380:1226/193148.774:WARNING:discovery_network_list_win.cc(195)] Failed to open Wlan client handle: 1062
[9164:19180:1226/193149.818:WARNING:CONSOLE(0)] "HTML Imports is deprecated and will be removed in M73, around March 2019. Please use ES modules instead. See https://www.chromestatus.com/features/5144752345317376 for more details.", source:  (0)
[9164:19180:1226/193149.891:WARNING:CONSOLE(77)] "document.registerElement is deprecated and will be removed in M73, around March 2019. Please use window.customElements.define instead. See https://www.chromestatus.com/features/4642138092470272 for more details.", source: https://ssl.gstatic.com/chrome/components/doodle-notifier-02.html (77)
[9164:19180:1226/193152.043:INFO:CONSOLE(8)] "SW registered", source: https://www.google.com/_/chrome/newtab?ie=UTF-8 (8)
[9164:19180:1226/193152.419:INFO:CONSOLE(621)] "ancestorIframeChanged:218,378", source:  (621)
[9164:19180:1226/193154.376:INFO:CONSOLE(621)] "ancestorIframeChanged:218,378", source:  (621)
[9164:19180:1226/193156.095:INFO:CONSOLE(2)] "module-question/i18n/lang.js", source: https://cdn.ravenjs.com/3.22.3/raven.min.js (2)
[9164:19180:1226/193156.097:INFO:CONSOLE(2)] "module-question/wapUiHelp", source: https://cdn.ravenjs.com/3.22.3/raven.min.js (2)
[9164:19180:1226/193156.099:INFO:CONSOLE(2)] "module-question/wapUiViewHelp.js", source: https://cdn.ravenjs.com/3.22.3/raven.min.js (2)
[9164:19180:1226/193156.937:INFO:CONSOLE(0)] "[DOM] Password field is not contained in a form: (More info: https://goo.gl/9p2vKq) %o", source: https://geek.163.com/path/member/login?returnUrl=aHR0cDovL3RlYWNoLmdlZWsuMTYzLmNvbS80MDAwMDAwMDA2NzIwNjQuaHRt (0)
[9164:19180:1226/193156.938:INFO:CONSOLE(0)] "[DOM] Password field is not contained in a form: (More info: https://goo.gl/9p2vKq) %o", source: https://geek.163.com/path/member/login?returnUrl=aHR0cDovL3RlYWNoLmdlZWsuMTYzLmNvbS80MDAwMDAwMDA2NzIwNjQuaHRt (0)
[9164:19180:1226/193156.939:INFO:CONSOLE(0)] "[DOM] Password field is not contained in a form: (More info: https://goo.gl/9p2vKq) %o", source: https://geek.163.com/path/member/login?returnUrl=aHR0cDovL3RlYWNoLmdlZWsuMTYzLmNvbS80MDAwMDAwMDA2NzIwNjQuaHRt (0)
[9164:19180:1226/193156.939:INFO:CONSOLE(0)] "[DOM] Password field is not contained in a form: (More info: https://goo.gl/9p2vKq) %o", source: https://geek.163.com/path/member/login?returnUrl=aHR0cDovL3RlYWNoLmdlZWsuMTYzLmNvbS80MDAwMDAwMDA2NzIwNjQuaHRt (0)
[9164:19180:1226/193156.939:INFO:CONSOLE(0)] "[DOM] Password field is not contained in a form: (More info: https://goo.gl/9p2vKq) %o", source: https://geek.163.com/path/member/login?returnUrl=aHR0cDovL3RlYWNoLmdlZWsuMTYzLmNvbS80MDAwMDAwMDA2NzIwNjQuaHRt (0)
[9164:19180:1226/193156.939:INFO:CONSOLE(0)] "[DOM] Password field is not contained in a form: (More info: https://goo.gl/9p2vKq) %o", source: https://geek.163.com/path/member/login?returnUrl=aHR0cDovL3RlYWNoLmdlZWsuMTYzLmNvbS80MDAwMDAwMDA2NzIwNjQuaHRt (0)
[9164:19180:1226/193156.939:INFO:CONSOLE(0)] "[DOM] Password field is not contained in a form: (More info: https://goo.gl/9p2vKq) %o", source: https://geek.163.com/path/member/login?returnUrl=aHR0cDovL3RlYWNoLmdlZWsuMTYzLmNvbS80MDAwMDAwMDA2NzIwNjQuaHRt (0)
[9164:19180:1226/193156.939:INFO:CONSOLE(0)] "[DOM] Password field is not contained in a form: (More info: https://goo.gl/9p2vKq) %o", source: https://geek.163.com/path/member/login?returnUrl=aHR0cDovL3RlYWNoLmdlZWsuMTYzLmNvbS80MDAwMDAwMDA2NzIwNjQuaHRt (0)
[9164:19180:1226/193156.939:INFO:CONSOLE(0)] "[DOM] Password field is not contained in a form: (More info: https://goo.gl/9p2vKq) %o", source: https://geek.163.com/path/member/login?returnUrl=aHR0cDovL3RlYWNoLmdlZWsuMTYzLmNvbS80MDAwMDAwMDA2NzIwNjQuaHRt (0)
[9164:19180:1226/193158.052:INFO:CONSOLE(0)] "[DOM] Input elements should have autocomplete attributes (suggested: "new-password"): (More info: https://goo.gl/9p2vKq) %o", source: https://webzj.reg.163.com/v1.0.1/pub/index_dl.html?cd=%2F%2Fedu-cms.nosdn.127.net%2Ftopics%2Fcss%2F&cf=kada_urs_course_4c152c9f26817efac4936d84ec1baa71.css&MGID=1545823916733.5642&wdaId=UA1438236666413&pkid=VelXuSo&product=kada (0)
[9164:19180:1226/193158.677:INFO:CONSOLE(0)] "[DOM] Input elements should have autocomplete attributes (suggested: "new-password"): (More info: https://goo.gl/9p2vKq) %o", source: https://webzj.reg.163.com/v1.0.1/pub/index_reg.html?cd=%2F%2Fedu-cms.nosdn.127.net%2Ftopics%2Fcss%2F&cf=kada_urs_register_course_3d3c8920fcb04752d050df94efe9f31a.css&MGID=1545823916805.1223&wdaId=UA1438236666413&pkid=VelXuSo&product=kada (0)
[9164:19180:1226/193158.678:INFO:CONSOLE(0)] "[DOM] Input elements should have autocomplete attributes (suggested: "new-password"): (More info: https://goo.gl/9p2vKq) %o", source: https://webzj.reg.163.com/v1.0.1/pub/index.html?cd=%2F%2Fedu-cms.nosdn.127.net%2Ftopics%2Fcss%2F&cf=kada_urs_course_4c152c9f26817efac4936d84ec1baa71.css&MGID=1545823916765.6362&wdaId=UA1438236666413&pkid=VelXuSo&product=kada (0)
[9164:19180:1226/193159.362:INFO:CONSOLE(2)] "ancestorIframeChanged:431,303", source: https://cdn.ravenjs.com/3.22.3/raven.min.js (2)
[9164:19180:1226/193159.367:INFO:CONSOLE(2)] "ancestorIframeChanged:-1569,211", source: https://cdn.ravenjs.com/3.22.3/raven.min.js (2)
[9164:19180:1226/193159.372:INFO:CONSOLE(2)] "ancestorIframeChanged:-1999,193", source: https://cdn.ravenjs.com/3.22.3/raven.min.js (2)
[9164:19180:1226/193200.698:INFO:CONSOLE(2)] "ancestorIframeChanged:791,303", source: https://cdn.ravenjs.com/3.22.3/raven.min.js (2)
[9164:19180:1226/193200.699:INFO:CONSOLE(2)] "ancestorIframeChanged:-1209,211", source: https://cdn.ravenjs.com/3.22.3/raven.min.js (2)
[9164:19180:1226/193200.703:INFO:CONSOLE(2)] "ancestorIframeChanged:-1639,193", source: https://cdn.ravenjs.com/3.22.3/raven.min.js (2)
[9164:19180:1226/193202.429:INFO:CONSOLE(2)] "ancestorIframeChanged:-1209,211", source: https://cdn.ravenjs.com/3.22.3/raven.min.js (2)
[9164:19180:1226/193202.430:INFO:CONSOLE(2)] "ancestorIframeChanged:791,303", source: https://cdn.ravenjs.com/3.22.3/raven.min.js (2)
[9164:19180:1226/193202.433:INFO:CONSOLE(2)] "ancestorIframeChanged:-1639,193", source: https://cdn.ravenjs.com/3.22.3/raven.min.js (2)
[9164:19180:1226/193204.058:INFO:CONSOLE(2)] "ancestorIframeChanged:-1209,211", source: https://cdn.ravenjs.com/3.22.3/raven.min.js (2)
[9164:19180:1226/193204.060:INFO:CONSOLE(2)] "ancestorIframeChanged:791,303", source: https://cdn.ravenjs.com/3.22.3/raven.min.js (2)
[9164:19180:1226/193204.063:INFO:CONSOLE(2)] "ancestorIframeChanged:-1639,193", source: https://cdn.ravenjs.com/3.22.3/raven.min.js (2)
[9164:19180:1226/193205.632:INFO:CONSOLE(2)] "ancestorIframeChanged:-1209,211", source: https://cdn.ravenjs.com/3.22.3/raven.min.js (2)
[9164:19180:1226/193205.637:INFO:CONSOLE(2)] "ancestorIframeChanged:791,303", source: https://cdn.ravenjs.com/3.22.3/raven.min.js (2)
[9164:19180:1226/193205.642:INFO:CONSOLE(2)] "ancestorIframeChanged:-1639,193", source: https://cdn.ravenjs.com/3.22.3/raven.min.js (2)
[9164:19180:1226/193207.998:INFO:CONSOLE(252)] "module-question/i18n/lang.js", source: http://tgc.stu.126.net/pub/s/teachold/core_8f48212905a0a11b856194fc3ce1a9de.js (252)
[9164:19180:1226/193207.999:INFO:CONSOLE(253)] "module-question/wapUiHelp", source: http://tgc.stu.126.net/pub/s/teachold/core_8f48212905a0a11b856194fc3ce1a9de.js (253)
[9164:19180:1226/193208.014:INFO:CONSOLE(257)] "module-question/wapUiViewHelp.js", source: http://tgc.stu.126.net/pub/s/teachold/core_8f48212905a0a11b856194fc3ce1a9de.js (257)
[9164:19180:1226/193210.772:INFO:CONSOLE(252)] "module-question/i18n/lang.js", source: http://tgc.stu.126.net/pub/s/teachold/core_8f48212905a0a11b856194fc3ce1a9de.js (252)
[9164:19180:1226/193210.773:INFO:CONSOLE(253)] "module-question/wapUiHelp", source: http://tgc.stu.126.net/pub/s/teachold/core_8f48212905a0a11b856194fc3ce1a9de.js (253)
[9164:19180:1226/193210.785:INFO:CONSOLE(257)] "module-question/wapUiViewHelp.js", source: http://tgc.stu.126.net/pub/s/teachold/core_8f48212905a0a11b856194fc3ce1a9de.js (257)
[9164:19180:1226/193221.625:INFO:CONSOLE(621)] "ancestorIframeChanged:624,594", source:  (621)
[9164:19180:1226/193223.919:INFO:CONSOLE(621)] "ancestorIframeChanged:624,594", source:  (621)
[9164:19180:1226/193226.907:INFO:CONSOLE(621)] "ancestorIframeChanged:624,594", source:  (621)
[9164:19180:1226/193229.472:INFO:CONSOLE(621)] "ancestorIframeChanged:624,302", source:  (621)
[9164:19180:1226/193231.374:INFO:CONSOLE(621)] "ancestorIframeChanged:624,302", source:  (621)
[9164:19180:1226/193232.645:INFO:CONSOLE(621)] "ancestorIframeChanged:624,302", source:  (621)
[9164:19180:1226/193233.887:INFO:CONSOLE(621)] "ancestorIframeChanged:624,302", source:  (621)
[9164:19180:1226/193257.615:INFO:CONSOLE(621)] "ancestorIframeChanged:624,594", source:  (621)
[9164:19180:1226/193258.973:INFO:CONSOLE(621)] "ancestorIframeChanged:624,594", source:  (621)
[9164:19180:1226/193301.176:INFO:CONSOLE(621)] "ancestorIframeChanged:624,594", source:  (621)
[9164:19180:1226/193303.000:INFO:CONSOLE(621)] "ancestorIframeChanged:624,594", source:  (621)
[9164:19180:1226/193304.415:INFO:CONSOLE(621)] "ancestorIframeChanged:624,594", source:  (621)
[9164:19180:1226/193305.579:INFO:CONSOLE(621)] "ancestorIframeChanged:624,594", source:  (621)
[9164:19180:1226/193306.763:INFO:CONSOLE(621)] "ancestorIframeChanged:624,594", source:  (621)
[9164:19180:1226/193307.881:INFO:CONSOLE(621)] "ancestorIframeChanged:624,594", source:  (621)
[9164:19180:1226/193311.071:INFO:CONSOLE(621)] "ancestorIframeChanged:624,466", source:  (621)
[9164:19180:1226/193312.982:INFO:CONSOLE(621)] "ancestorIframeChanged:624,466", source:  (621)
