[996:13420:1226/102254.538:WARNING:discovery_network_list_win.cc(195)] Failed to open Wlan client handle: 1062
[996:12868:1226/102255.365:WARNING:CONSOLE(0)] "HTML Imports is deprecated and will be removed in M73, around March 2019. Please use ES modules instead. See https://www.chromestatus.com/features/5144752345317376 for more details.", source:  (0)
[996:12868:1226/102255.457:WARNING:CONSOLE(77)] "document.registerElement is deprecated and will be removed in M73, around March 2019. Please use window.customElements.define instead. See https://www.chromestatus.com/features/4642138092470272 for more details.", source: https://ssl.gstatic.com/chrome/components/doodle-notifier-02.html (77)
[996:12868:1226/102257.667:INFO:CONSOLE(621)] "ancestorIframeChanged:218,378", source:  (621)
[996:12868:1226/102259.070:INFO:CONSOLE(621)] "ancestorIframeChanged:620,378", source:  (621)
[996:12868:1226/102300.110:INFO:CONSOLE(621)] "ancestorIframeChanged:620,378", source:  (621)
[996:12868:1226/102301.358:INFO:CONSOLE(2)] "module-question/i18n/lang.js", source: https://cdn.ravenjs.com/3.22.3/raven.min.js (2)
[996:12868:1226/102301.359:INFO:CONSOLE(2)] "module-question/wapUiHelp", source: https://cdn.ravenjs.com/3.22.3/raven.min.js (2)
[996:12868:1226/102301.361:INFO:CONSOLE(2)] "module-question/wapUiViewHelp.js", source: https://cdn.ravenjs.com/3.22.3/raven.min.js (2)
[996:12868:1226/102302.005:INFO:CONSOLE(0)] "[DOM] Password field is not contained in a form: (More info: https://goo.gl/9p2vKq) %o", source: https://geek.163.com/path/member/login?returnUrl=aHR0cDovL3RlYWNoLmdlZWsuMTYzLmNvbS80MDAwMDAwMDA2NzIwNjQuaHRt (0)
[996:12868:1226/102302.005:INFO:CONSOLE(0)] "[DOM] Password field is not contained in a form: (More info: https://goo.gl/9p2vKq) %o", source: https://geek.163.com/path/member/login?returnUrl=aHR0cDovL3RlYWNoLmdlZWsuMTYzLmNvbS80MDAwMDAwMDA2NzIwNjQuaHRt (0)
[996:12868:1226/102302.005:INFO:CONSOLE(0)] "[DOM] Password field is not contained in a form: (More info: https://goo.gl/9p2vKq) %o", source: https://geek.163.com/path/member/login?returnUrl=aHR0cDovL3RlYWNoLmdlZWsuMTYzLmNvbS80MDAwMDAwMDA2NzIwNjQuaHRt (0)
[996:12868:1226/102302.006:INFO:CONSOLE(0)] "[DOM] Password field is not contained in a form: (More info: https://goo.gl/9p2vKq) %o", source: https://geek.163.com/path/member/login?returnUrl=aHR0cDovL3RlYWNoLmdlZWsuMTYzLmNvbS80MDAwMDAwMDA2NzIwNjQuaHRt (0)
[996:12868:1226/102302.007:INFO:CONSOLE(0)] "[DOM] Password field is not contained in a form: (More info: https://goo.gl/9p2vKq) %o", source: https://geek.163.com/path/member/login?returnUrl=aHR0cDovL3RlYWNoLmdlZWsuMTYzLmNvbS80MDAwMDAwMDA2NzIwNjQuaHRt (0)
[996:12868:1226/102302.007:INFO:CONSOLE(0)] "[DOM] Password field is not contained in a form: (More info: https://goo.gl/9p2vKq) %o", source: https://geek.163.com/path/member/login?returnUrl=aHR0cDovL3RlYWNoLmdlZWsuMTYzLmNvbS80MDAwMDAwMDA2NzIwNjQuaHRt (0)
[996:12868:1226/102302.007:INFO:CONSOLE(0)] "[DOM] Password field is not contained in a form: (More info: https://goo.gl/9p2vKq) %o", source: https://geek.163.com/path/member/login?returnUrl=aHR0cDovL3RlYWNoLmdlZWsuMTYzLmNvbS80MDAwMDAwMDA2NzIwNjQuaHRt (0)
[996:12868:1226/102302.007:INFO:CONSOLE(0)] "[DOM] Password field is not contained in a form: (More info: https://goo.gl/9p2vKq) %o", source: https://geek.163.com/path/member/login?returnUrl=aHR0cDovL3RlYWNoLmdlZWsuMTYzLmNvbS80MDAwMDAwMDA2NzIwNjQuaHRt (0)
[996:12868:1226/102302.008:INFO:CONSOLE(0)] "[DOM] Password field is not contained in a form: (More info: https://goo.gl/9p2vKq) %o", source: https://geek.163.com/path/member/login?returnUrl=aHR0cDovL3RlYWNoLmdlZWsuMTYzLmNvbS80MDAwMDAwMDA2NzIwNjQuaHRt (0)
[996:12868:1226/102303.194:INFO:CONSOLE(0)] "[DOM] Input elements should have autocomplete attributes (suggested: "new-password"): (More info: https://goo.gl/9p2vKq) %o", source: https://webzj.reg.163.com/v1.0.1/pub/index_dl.html?cd=%2F%2Fedu-cms.nosdn.127.net%2Ftopics%2Fcss%2F&cf=kada_urs_course_4c152c9f26817efac4936d84ec1baa71.css&MGID=1545790981739.7837&wdaId=UA1438236666413&pkid=VelXuSo&product=kada (0)
[996:12868:1226/102303.274:INFO:CONSOLE(0)] "[DOM] Input elements should have autocomplete attributes (suggested: "new-password"): (More info: https://goo.gl/9p2vKq) %o", source: https://webzj.reg.163.com/v1.0.1/pub/index.html?cd=%2F%2Fedu-cms.nosdn.127.net%2Ftopics%2Fcss%2F&cf=kada_urs_course_4c152c9f26817efac4936d84ec1baa71.css&MGID=1545790981773.3743&wdaId=UA1438236666413&pkid=VelXuSo&product=kada (0)
[996:12868:1226/102303.288:INFO:CONSOLE(0)] "[DOM] Input elements should have autocomplete attributes (suggested: "new-password"): (More info: https://goo.gl/9p2vKq) %o", source: https://webzj.reg.163.com/v1.0.1/pub/index_reg.html?cd=%2F%2Fedu-cms.nosdn.127.net%2Ftopics%2Fcss%2F&cf=kada_urs_register_course_3d3c8920fcb04752d050df94efe9f31a.css&MGID=1545790981790.1462&wdaId=UA1438236666413&pkid=VelXuSo&product=kada (0)
[996:12868:1226/102304.783:INFO:CONSOLE(2)] "ancestorIframeChanged:791,303", source: https://cdn.ravenjs.com/3.22.3/raven.min.js (2)
[996:12868:1226/102304.786:INFO:CONSOLE(2)] "ancestorIframeChanged:-1209,211", source: https://cdn.ravenjs.com/3.22.3/raven.min.js (2)
[996:12868:1226/102304.790:INFO:CONSOLE(2)] "ancestorIframeChanged:-1639,193", source: https://cdn.ravenjs.com/3.22.3/raven.min.js (2)
[996:12868:1226/102305.843:INFO:CONSOLE(2)] "ancestorIframeChanged:791,303", source: https://cdn.ravenjs.com/3.22.3/raven.min.js (2)
[996:12868:1226/102305.845:INFO:CONSOLE(2)] "ancestorIframeChanged:-1209,211", source: https://cdn.ravenjs.com/3.22.3/raven.min.js (2)
[996:12868:1226/102305.848:INFO:CONSOLE(2)] "ancestorIframeChanged:-1639,193", source: https://cdn.ravenjs.com/3.22.3/raven.min.js (2)
[996:12868:1226/102307.048:INFO:CONSOLE(2)] "ancestorIframeChanged:-1209,211", source: https://cdn.ravenjs.com/3.22.3/raven.min.js (2)
[996:12868:1226/102307.050:INFO:CONSOLE(2)] "ancestorIframeChanged:791,303", source: https://cdn.ravenjs.com/3.22.3/raven.min.js (2)
[996:12868:1226/102307.053:INFO:CONSOLE(2)] "ancestorIframeChanged:-1639,193", source: https://cdn.ravenjs.com/3.22.3/raven.min.js (2)
[996:12868:1226/102308.753:INFO:CONSOLE(2)] "ancestorIframeChanged:-1209,211", source: https://cdn.ravenjs.com/3.22.3/raven.min.js (2)
[996:12868:1226/102308.753:INFO:CONSOLE(2)] "ancestorIframeChanged:791,303", source: https://cdn.ravenjs.com/3.22.3/raven.min.js (2)
[996:12868:1226/102308.753:INFO:CONSOLE(2)] "ancestorIframeChanged:-1639,193", source: https://cdn.ravenjs.com/3.22.3/raven.min.js (2)
[996:12868:1226/102310.268:INFO:CONSOLE(2)] "ancestorIframeChanged:-1209,211", source: https://cdn.ravenjs.com/3.22.3/raven.min.js (2)
[996:12868:1226/102310.270:INFO:CONSOLE(2)] "ancestorIframeChanged:791,303", source: https://cdn.ravenjs.com/3.22.3/raven.min.js (2)
[996:12868:1226/102310.272:INFO:CONSOLE(2)] "ancestorIframeChanged:-1639,193", source: https://cdn.ravenjs.com/3.22.3/raven.min.js (2)
[996:12868:1226/102312.403:INFO:CONSOLE(252)] "module-question/i18n/lang.js", source: http://tgc.stu.126.net/pub/s/teachold/core_8f48212905a0a11b856194fc3ce1a9de.js (252)
[996:12868:1226/102312.403:INFO:CONSOLE(253)] "module-question/wapUiHelp", source: http://tgc.stu.126.net/pub/s/teachold/core_8f48212905a0a11b856194fc3ce1a9de.js (253)
[996:12868:1226/102312.415:INFO:CONSOLE(257)] "module-question/wapUiViewHelp.js", source: http://tgc.stu.126.net/pub/s/teachold/core_8f48212905a0a11b856194fc3ce1a9de.js (257)
[996:12868:1226/102319.640:INFO:CONSOLE(252)] "module-question/i18n/lang.js", source: http://tgc.stu.126.net/pub/s/teachold/core_8f48212905a0a11b856194fc3ce1a9de.js (252)
[996:12868:1226/102319.640:INFO:CONSOLE(253)] "module-question/wapUiHelp", source: http://tgc.stu.126.net/pub/s/teachold/core_8f48212905a0a11b856194fc3ce1a9de.js (253)
[996:12868:1226/102319.656:INFO:CONSOLE(257)] "module-question/wapUiViewHelp.js", source: http://tgc.stu.126.net/pub/s/teachold/core_8f48212905a0a11b856194fc3ce1a9de.js (257)
[996:12868:1226/102331.735:INFO:CONSOLE(252)] "module-question/i18n/lang.js", source: http://tgc.stu.126.net/pub/s/teachold/core_8f48212905a0a11b856194fc3ce1a9de.js (252)
[996:12868:1226/102331.735:INFO:CONSOLE(253)] "module-question/wapUiHelp", source: http://tgc.stu.126.net/pub/s/teachold/core_8f48212905a0a11b856194fc3ce1a9de.js (253)
[996:12868:1226/102331.747:INFO:CONSOLE(257)] "module-question/wapUiViewHelp.js", source: http://tgc.stu.126.net/pub/s/teachold/core_8f48212905a0a11b856194fc3ce1a9de.js (257)
[996:12868:1226/102339.824:INFO:CONSOLE(252)] "module-question/i18n/lang.js", source: http://tgc.stu.126.net/pub/s/teachold/core_8f48212905a0a11b856194fc3ce1a9de.js (252)
[996:12868:1226/102339.826:INFO:CONSOLE(253)] "module-question/wapUiHelp", source: http://tgc.stu.126.net/pub/s/teachold/core_8f48212905a0a11b856194fc3ce1a9de.js (253)
[996:12868:1226/102339.841:INFO:CONSOLE(257)] "module-question/wapUiViewHelp.js", source: http://tgc.stu.126.net/pub/s/teachold/core_8f48212905a0a11b856194fc3ce1a9de.js (257)
[996:12868:1226/102410.596:INFO:CONSOLE(621)] "ancestorIframeChanged:624,594", source:  (621)
[996:12868:1226/102412.248:INFO:CONSOLE(621)] "ancestorIframeChanged:624,594", source:  (621)
[996:12868:1226/102414.214:INFO:CONSOLE(621)] "ancestorIframeChanged:624,594", source:  (621)
[996:12868:1226/102415.410:INFO:CONSOLE(621)] "ancestorIframeChanged:624,594", source:  (621)
[996:12868:1226/102416.641:INFO:CONSOLE(621)] "ancestorIframeChanged:624,594", source:  (621)
[996:12868:1226/102418.235:INFO:CONSOLE(621)] "ancestorIframeChanged:624,594", source:  (621)
[996:12868:1226/102419.535:INFO:CONSOLE(621)] "ancestorIframeChanged:624,594", source:  (621)
[996:12868:1226/102420.584:INFO:CONSOLE(621)] "ancestorIframeChanged:624,594", source:  (621)
[996:12868:1226/102422.760:INFO:CONSOLE(621)] "ancestorIframeChanged:624,466", source:  (621)
[996:12868:1226/102426.649:INFO:CONSOLE(621)] "ancestorIframeChanged:624,466", source:  (621)
[996:12868:1226/102510.595:INFO:CONSOLE(252)] "module-question/i18n/lang.js", source: http://tgc.stu.126.net/pub/s/teachold/core_8f48212905a0a11b856194fc3ce1a9de.js (252)
[996:12868:1226/102510.596:INFO:CONSOLE(253)] "module-question/wapUiHelp", source: http://tgc.stu.126.net/pub/s/teachold/core_8f48212905a0a11b856194fc3ce1a9de.js (253)
[996:12868:1226/102510.617:INFO:CONSOLE(257)] "module-question/wapUiViewHelp.js", source: http://tgc.stu.126.net/pub/s/teachold/core_8f48212905a0a11b856194fc3ce1a9de.js (257)
[996:12868:1226/102617.098:INFO:CONSOLE(252)] "module-question/i18n/lang.js", source: http://tgc.stu.126.net/pub/s/teachold/core_8f48212905a0a11b856194fc3ce1a9de.js (252)
[996:12868:1226/102617.098:INFO:CONSOLE(253)] "module-question/wapUiHelp", source: http://tgc.stu.126.net/pub/s/teachold/core_8f48212905a0a11b856194fc3ce1a9de.js (253)
[996:12868:1226/102617.113:INFO:CONSOLE(257)] "module-question/wapUiViewHelp.js", source: http://tgc.stu.126.net/pub/s/teachold/core_8f48212905a0a11b856194fc3ce1a9de.js (257)
[996:12868:1226/102639.210:INFO:CONSOLE(252)] "module-question/i18n/lang.js", source: http://tgc.stu.126.net/pub/s/teachold/core_8f48212905a0a11b856194fc3ce1a9de.js (252)
[996:12868:1226/102639.212:INFO:CONSOLE(253)] "module-question/wapUiHelp", source: http://tgc.stu.126.net/pub/s/teachold/core_8f48212905a0a11b856194fc3ce1a9de.js (253)
[996:12868:1226/102639.248:INFO:CONSOLE(257)] "module-question/wapUiViewHelp.js", source: http://tgc.stu.126.net/pub/s/teachold/core_8f48212905a0a11b856194fc3ce1a9de.js (257)
[996:12868:1226/102657.527:INFO:CONSOLE(252)] "module-question/i18n/lang.js", source: http://tgc.stu.126.net/pub/s/teachold/core_8f48212905a0a11b856194fc3ce1a9de.js (252)
[996:12868:1226/102657.527:INFO:CONSOLE(253)] "module-question/wapUiHelp", source: http://tgc.stu.126.net/pub/s/teachold/core_8f48212905a0a11b856194fc3ce1a9de.js (253)
[996:12868:1226/102657.539:INFO:CONSOLE(257)] "module-question/wapUiViewHelp.js", source: http://tgc.stu.126.net/pub/s/teachold/core_8f48212905a0a11b856194fc3ce1a9de.js (257)
[996:12868:1226/102701.334:INFO:CONSOLE(621)] "ancestorIframeChanged:379,1042", source:  (621)
[996:12868:1226/102702.412:INFO:CONSOLE(621)] "ancestorIframeChanged:379,1042", source:  (621)
[996:12868:1226/102703.455:INFO:CONSOLE(621)] "ancestorIframeChanged:379,1042", source:  (621)
[996:12868:1226/102705.591:INFO:CONSOLE(621)] "ancestorIframeChanged:379,516", source:  (621)
[996:12868:1226/102708.509:INFO:CONSOLE(621)] "ancestorIframeChanged:379,516", source:  (621)
[996:12868:1226/102709.765:INFO:CONSOLE(621)] "ancestorIframeChanged:379,516", source:  (621)
[996:12868:1226/102710.913:INFO:CONSOLE(621)] "ancestorIframeChanged:379,516", source:  (621)
[996:12868:1226/102711.929:INFO:CONSOLE(621)] "ancestorIframeChanged:379,516", source:  (621)
[996:12868:1226/102713.131:INFO:CONSOLE(621)] "ancestorIframeChanged:379,516", source:  (621)
[996:12868:1226/102715.779:INFO:CONSOLE(621)] "ancestorIframeChanged:379,516", source:  (621)
[996:12868:1226/102717.362:INFO:CONSOLE(621)] "ancestorIframeChanged:379,516", source:  (621)
[996:12868:1226/102719.131:INFO:CONSOLE(621)] "ancestorIframeChanged:379,516", source:  (621)
[996:12868:1226/102720.163:INFO:CONSOLE(621)] "ancestorIframeChanged:379,516", source:  (621)
[996:12868:1226/102722.809:INFO:CONSOLE(621)] "ancestorIframeChanged:379,516", source:  (621)
[996:12868:1226/102724.055:INFO:CONSOLE(621)] "ancestorIframeChanged:379,516", source:  (621)
[996:12868:1226/102725.110:INFO:CONSOLE(621)] "ancestorIframeChanged:379,516", source:  (621)
[996:12868:1226/102726.688:INFO:CONSOLE(621)] "ancestorIframeChanged:379,516", source:  (621)
[996:12868:1226/102727.752:INFO:CONSOLE(621)] "ancestorIframeChanged:379,516", source:  (621)
[996:12868:1226/102728.963:INFO:CONSOLE(621)] "ancestorIframeChanged:379,516", source:  (621)
[996:12868:1226/102751.539:INFO:CONSOLE(2)] "module-question/i18n/lang.js", source: https://cdn.ravenjs.com/3.22.3/raven.min.js (2)
[996:12868:1226/102751.541:INFO:CONSOLE(2)] "module-question/wapUiHelp", source: https://cdn.ravenjs.com/3.22.3/raven.min.js (2)
[996:12868:1226/102751.545:INFO:CONSOLE(2)] "module-question/wapUiViewHelp.js", source: https://cdn.ravenjs.com/3.22.3/raven.min.js (2)
[996:12868:1226/102804.125:INFO:CONSOLE(2)] "module-question/i18n/lang.js", source: https://cdn.ravenjs.com/3.22.3/raven.min.js (2)
[996:12868:1226/102804.126:INFO:CONSOLE(2)] "module-question/wapUiHelp", source: https://cdn.ravenjs.com/3.22.3/raven.min.js (2)
[996:12868:1226/102804.127:INFO:CONSOLE(2)] "module-question/wapUiViewHelp.js", source: https://cdn.ravenjs.com/3.22.3/raven.min.js (2)
[996:12868:1226/102807.162:INFO:CONSOLE(252)] "module-question/i18n/lang.js", source: http://tgc.stu.126.net/pub/s/teachold/core_8f48212905a0a11b856194fc3ce1a9de.js (252)
[996:12868:1226/102807.162:INFO:CONSOLE(253)] "module-question/wapUiHelp", source: http://tgc.stu.126.net/pub/s/teachold/core_8f48212905a0a11b856194fc3ce1a9de.js (253)
[996:12868:1226/102807.177:INFO:CONSOLE(257)] "module-question/wapUiViewHelp.js", source: http://tgc.stu.126.net/pub/s/teachold/core_8f48212905a0a11b856194fc3ce1a9de.js (257)
[996:12868:1226/102812.856:INFO:CONSOLE(252)] "module-question/i18n/lang.js", source: http://tgc.stu.126.net/pub/s/teachold/core_8f48212905a0a11b856194fc3ce1a9de.js (252)
[996:12868:1226/102812.857:INFO:CONSOLE(253)] "module-question/wapUiHelp", source: http://tgc.stu.126.net/pub/s/teachold/core_8f48212905a0a11b856194fc3ce1a9de.js (253)
[996:12868:1226/102812.880:INFO:CONSOLE(257)] "module-question/wapUiViewHelp.js", source: http://tgc.stu.126.net/pub/s/teachold/core_8f48212905a0a11b856194fc3ce1a9de.js (257)
[996:12868:1226/102816.668:INFO:CONSOLE(621)] "ancestorIframeChanged:379,1042", source:  (621)
[996:12868:1226/102817.746:INFO:CONSOLE(621)] "ancestorIframeChanged:379,1042", source:  (621)
[996:12868:1226/102818.832:INFO:CONSOLE(621)] "ancestorIframeChanged:379,1042", source:  (621)
[996:12868:1226/102823.716:INFO:CONSOLE(621)] "ancestorIframeChanged:379,1042", source:  (621)
[996:12868:1226/102825.013:INFO:CONSOLE(621)] "ancestorIframeChanged:379,1042", source:  (621)
[996:12868:1226/102827.303:INFO:CONSOLE(621)] "ancestorIframeChanged:379,516", source:  (621)
[996:12868:1226/102829.128:INFO:CONSOLE(621)] "ancestorIframeChanged:379,516", source:  (621)
[996:12868:1226/102830.692:INFO:CONSOLE(621)] "ancestorIframeChanged:379,516", source:  (621)
[996:12868:1226/102831.716:INFO:CONSOLE(621)] "ancestorIframeChanged:379,516", source:  (621)
[996:12868:1226/102832.912:INFO:CONSOLE(621)] "ancestorIframeChanged:379,516", source:  (621)
[996:12868:1226/102834.214:INFO:CONSOLE(621)] "ancestorIframeChanged:379,516", source:  (621)
[996:12868:1226/102835.375:INFO:CONSOLE(621)] "ancestorIframeChanged:379,516", source:  (621)
[996:12868:1226/102836.726:INFO:CONSOLE(621)] "ancestorIframeChanged:379,516", source:  (621)
[996:12868:1226/102839.358:INFO:CONSOLE(621)] "ancestorIframeChanged:379,516", source:  (621)
[996:12868:1226/102840.374:INFO:CONSOLE(252)] "module-question/i18n/lang.js", source: http://tgc.stu.126.net/pub/s/teachold/core_8f48212905a0a11b856194fc3ce1a9de.js (252)
[996:12868:1226/102840.374:INFO:CONSOLE(253)] "module-question/wapUiHelp", source: http://tgc.stu.126.net/pub/s/teachold/core_8f48212905a0a11b856194fc3ce1a9de.js (253)
[996:12868:1226/102840.391:INFO:CONSOLE(257)] "module-question/wapUiViewHelp.js", source: http://tgc.stu.126.net/pub/s/teachold/core_8f48212905a0a11b856194fc3ce1a9de.js (257)
[996:12868:1226/102842.908:INFO:CONSOLE(621)] "ancestorIframeChanged:379,516", source:  (621)
[996:12868:1226/102845.008:INFO:CONSOLE(621)] "ancestorIframeChanged:379,516", source:  (621)
[996:12868:1226/102859.997:INFO:CONSOLE(252)] "module-question/i18n/lang.js", source: http://tgc.stu.126.net/pub/s/teachold/core_8f48212905a0a11b856194fc3ce1a9de.js (252)
[996:12868:1226/102859.997:INFO:CONSOLE(253)] "module-question/wapUiHelp", source: http://tgc.stu.126.net/pub/s/teachold/core_8f48212905a0a11b856194fc3ce1a9de.js (253)
[996:12868:1226/102900.013:INFO:CONSOLE(257)] "module-question/wapUiViewHelp.js", source: http://tgc.stu.126.net/pub/s/teachold/core_8f48212905a0a11b856194fc3ce1a9de.js (257)
[996:12868:1226/102903.738:INFO:CONSOLE(621)] "ancestorIframeChanged:379,1042", source:  (621)
[996:12868:1226/102904.828:INFO:CONSOLE(621)] "ancestorIframeChanged:379,1042", source:  (621)
[996:12868:1226/102905.944:INFO:CONSOLE(621)] "ancestorIframeChanged:379,1042", source:  (621)
[996:12868:1226/102908.106:INFO:CONSOLE(621)] "ancestorIframeChanged:379,516", source:  (621)
[996:12868:1226/102910.194:INFO:CONSOLE(621)] "ancestorIframeChanged:379,516", source:  (621)
[996:12868:1226/102911.664:INFO:CONSOLE(621)] "ancestorIframeChanged:379,516", source:  (621)
[996:12868:1226/102912.994:INFO:CONSOLE(621)] "ancestorIframeChanged:379,516", source:  (621)
[996:12868:1226/102914.060:INFO:CONSOLE(621)] "ancestorIframeChanged:379,516", source:  (621)
[996:12868:1226/102915.339:INFO:CONSOLE(621)] "ancestorIframeChanged:379,516", source:  (621)
[996:12868:1226/102917.958:INFO:CONSOLE(621)] "ancestorIframeChanged:379,516", source:  (621)
[996:12868:1226/102919.466:INFO:CONSOLE(621)] "ancestorIframeChanged:379,516", source:  (621)
[996:12868:1226/102920.676:INFO:CONSOLE(621)] "ancestorIframeChanged:379,516", source:  (621)
[996:12868:1226/102921.711:INFO:CONSOLE(621)] "ancestorIframeChanged:379,516", source:  (621)
[996:12868:1226/102924.343:INFO:CONSOLE(621)] "ancestorIframeChanged:379,516", source:  (621)
[996:12868:1226/102925.824:INFO:CONSOLE(621)] "ancestorIframeChanged:379,516", source:  (621)
[996:12868:1226/102927.049:INFO:CONSOLE(621)] "ancestorIframeChanged:379,516", source:  (621)
[996:12868:1226/102928.332:INFO:CONSOLE(621)] "ancestorIframeChanged:379,516", source:  (621)
[996:12868:1226/102929.416:INFO:CONSOLE(621)] "ancestorIframeChanged:379,516", source:  (621)
[996:12868:1226/102930.710:INFO:CONSOLE(621)] "ancestorIframeChanged:379,516", source:  (621)
[996:12868:1226/102955.431:INFO:CONSOLE(2)] "module-question/i18n/lang.js", source: https://cdn.ravenjs.com/3.22.3/raven.min.js (2)
[996:12868:1226/102955.431:INFO:CONSOLE(2)] "module-question/wapUiHelp", source: https://cdn.ravenjs.com/3.22.3/raven.min.js (2)
[996:12868:1226/102955.433:INFO:CONSOLE(2)] "module-question/wapUiViewHelp.js", source: https://cdn.ravenjs.com/3.22.3/raven.min.js (2)
[996:12868:1226/103008.317:INFO:CONSOLE(2)] "module-question/i18n/lang.js", source: https://cdn.ravenjs.com/3.22.3/raven.min.js (2)
[996:12868:1226/103008.322:INFO:CONSOLE(2)] "module-question/wapUiHelp", source: https://cdn.ravenjs.com/3.22.3/raven.min.js (2)
[996:12868:1226/103008.326:INFO:CONSOLE(2)] "module-question/wapUiViewHelp.js", source: https://cdn.ravenjs.com/3.22.3/raven.min.js (2)
[996:12868:1226/103014.324:INFO:CONSOLE(252)] "module-question/i18n/lang.js", source: http://tgc.stu.126.net/pub/s/teachold/core_8f48212905a0a11b856194fc3ce1a9de.js (252)
[996:12868:1226/103014.325:INFO:CONSOLE(253)] "module-question/wapUiHelp", source: http://tgc.stu.126.net/pub/s/teachold/core_8f48212905a0a11b856194fc3ce1a9de.js (253)
[996:12868:1226/103014.339:INFO:CONSOLE(257)] "module-question/wapUiViewHelp.js", source: http://tgc.stu.126.net/pub/s/teachold/core_8f48212905a0a11b856194fc3ce1a9de.js (257)
[996:12868:1226/103022.714:INFO:CONSOLE(252)] "module-question/i18n/lang.js", source: http://tgc.stu.126.net/pub/s/teachold/core_8f48212905a0a11b856194fc3ce1a9de.js (252)
[996:12868:1226/103022.714:INFO:CONSOLE(253)] "module-question/wapUiHelp", source: http://tgc.stu.126.net/pub/s/teachold/core_8f48212905a0a11b856194fc3ce1a9de.js (253)
[996:12868:1226/103022.731:INFO:CONSOLE(257)] "module-question/wapUiViewHelp.js", source: http://tgc.stu.126.net/pub/s/teachold/core_8f48212905a0a11b856194fc3ce1a9de.js (257)
[996:12868:1226/103024.063:INFO:CONSOLE(621)] "ancestorIframeChanged:379,1042", source:  (621)
[996:12868:1226/103026.600:INFO:CONSOLE(621)] "ancestorIframeChanged:379,1042", source:  (621)
[996:12868:1226/103027.660:INFO:CONSOLE(621)] "ancestorIframeChanged:379,1042", source:  (621)
[996:12868:1226/103028.734:INFO:CONSOLE(621)] "ancestorIframeChanged:379,1042", source:  (621)
[996:12868:1226/103033.676:INFO:CONSOLE(621)] "ancestorIframeChanged:379,1042", source:  (621)
[996:12868:1226/103034.994:INFO:CONSOLE(621)] "ancestorIframeChanged:379,1042", source:  (621)
[996:12868:1226/103037.349:INFO:CONSOLE(621)] "ancestorIframeChanged:379,516", source:  (621)
[996:12868:1226/103039.343:INFO:CONSOLE(621)] "ancestorIframeChanged:379,516", source:  (621)
[996:12868:1226/103040.895:INFO:CONSOLE(621)] "ancestorIframeChanged:379,516", source:  (621)
[996:12868:1226/103041.931:INFO:CONSOLE(621)] "ancestorIframeChanged:379,516", source:  (621)
[996:12868:1226/103043.121:INFO:CONSOLE(621)] "ancestorIframeChanged:379,516", source:  (621)
[996:12868:1226/103044.471:INFO:CONSOLE(621)] "ancestorIframeChanged:379,516", source:  (621)
[996:12868:1226/103045.502:INFO:CONSOLE(621)] "ancestorIframeChanged:379,516", source:  (621)
[996:12868:1226/103046.814:INFO:CONSOLE(621)] "ancestorIframeChanged:379,516", source:  (621)
[996:12868:1226/103049.423:INFO:CONSOLE(621)] "ancestorIframeChanged:379,516", source:  (621)
[996:12868:1226/103050.417:INFO:CONSOLE(252)] "module-question/i18n/lang.js", source: http://tgc.stu.126.net/pub/s/teachold/core_8f48212905a0a11b856194fc3ce1a9de.js (252)
[996:12868:1226/103050.417:INFO:CONSOLE(253)] "module-question/wapUiHelp", source: http://tgc.stu.126.net/pub/s/teachold/core_8f48212905a0a11b856194fc3ce1a9de.js (253)
[996:12868:1226/103050.431:INFO:CONSOLE(257)] "module-question/wapUiViewHelp.js", source: http://tgc.stu.126.net/pub/s/teachold/core_8f48212905a0a11b856194fc3ce1a9de.js (257)
[996:12868:1226/103053.782:INFO:CONSOLE(621)] "ancestorIframeChanged:379,1042", source:  (621)
[996:12868:1226/103056.791:INFO:CONSOLE(621)] "ancestorIframeChanged:379,516", source:  (621)
[996:12868:1226/103059.745:INFO:CONSOLE(621)] "ancestorIframeChanged:379,516", source:  (621)
[996:12868:1226/103114.834:INFO:CONSOLE(252)] "module-question/i18n/lang.js", source: http://tgc.stu.126.net/pub/s/teachold/core_8f48212905a0a11b856194fc3ce1a9de.js (252)
[996:12868:1226/103114.834:INFO:CONSOLE(253)] "module-question/wapUiHelp", source: http://tgc.stu.126.net/pub/s/teachold/core_8f48212905a0a11b856194fc3ce1a9de.js (253)
[996:12868:1226/103114.846:INFO:CONSOLE(257)] "module-question/wapUiViewHelp.js", source: http://tgc.stu.126.net/pub/s/teachold/core_8f48212905a0a11b856194fc3ce1a9de.js (257)
[996:12868:1226/103118.518:INFO:CONSOLE(621)] "ancestorIframeChanged:379,1288", source:  (621)
[996:12868:1226/103119.552:INFO:CONSOLE(621)] "ancestorIframeChanged:379,1288", source:  (621)
[996:12868:1226/103120.652:INFO:CONSOLE(621)] "ancestorIframeChanged:379,1288", source:  (621)
[996:12868:1226/103124.941:INFO:CONSOLE(621)] "ancestorIframeChanged:379,557", source:  (621)
[996:12868:1226/103127.192:INFO:CONSOLE(621)] "ancestorIframeChanged:379,557", source:  (621)
[996:12868:1226/103128.575:INFO:CONSOLE(621)] "ancestorIframeChanged:379,557", source:  (621)
[996:12868:1226/103129.730:INFO:CONSOLE(621)] "ancestorIframeChanged:379,557", source:  (621)
[996:12868:1226/103130.809:INFO:CONSOLE(621)] "ancestorIframeChanged:379,557", source:  (621)
[996:12868:1226/103132.104:INFO:CONSOLE(621)] "ancestorIframeChanged:379,557", source:  (621)
[996:12868:1226/103134.723:INFO:CONSOLE(621)] "ancestorIframeChanged:379,557", source:  (621)
[996:12868:1226/103136.274:INFO:CONSOLE(621)] "ancestorIframeChanged:379,557", source:  (621)
[996:12868:1226/103137.742:INFO:CONSOLE(621)] "ancestorIframeChanged:379,557", source:  (621)
[996:12868:1226/103138.834:INFO:CONSOLE(621)] "ancestorIframeChanged:379,557", source:  (621)
[996:12868:1226/103140.183:INFO:CONSOLE(621)] "ancestorIframeChanged:379,557", source:  (621)
[996:12868:1226/103141.240:INFO:CONSOLE(621)] "ancestorIframeChanged:379,557", source:  (621)
[996:12868:1226/103142.765:INFO:CONSOLE(621)] "ancestorIframeChanged:379,557", source:  (621)
[996:12868:1226/103143.962:INFO:CONSOLE(621)] "ancestorIframeChanged:379,557", source:  (621)
[996:12868:1226/103145.029:INFO:CONSOLE(621)] "ancestorIframeChanged:379,557", source:  (621)
[996:12868:1226/103146.346:INFO:CONSOLE(621)] "ancestorIframeChanged:379,557", source:  (621)
[996:12868:1226/103147.373:INFO:CONSOLE(252)] "module-question/i18n/lang.js", source: http://tgc.stu.126.net/pub/s/teachold/core_8f48212905a0a11b856194fc3ce1a9de.js (252)
[996:12868:1226/103147.374:INFO:CONSOLE(253)] "module-question/wapUiHelp", source: http://tgc.stu.126.net/pub/s/teachold/core_8f48212905a0a11b856194fc3ce1a9de.js (253)
[996:12868:1226/103147.385:INFO:CONSOLE(257)] "module-question/wapUiViewHelp.js", source: http://tgc.stu.126.net/pub/s/teachold/core_8f48212905a0a11b856194fc3ce1a9de.js (257)
[996:12868:1226/103150.752:INFO:CONSOLE(621)] "ancestorIframeChanged:379,1288", source:  (621)
[996:12868:1226/103205.373:INFO:CONSOLE(252)] "module-question/i18n/lang.js", source: http://tgc.stu.126.net/pub/s/teachold/core_8f48212905a0a11b856194fc3ce1a9de.js (252)
[996:12868:1226/103205.373:INFO:CONSOLE(253)] "module-question/wapUiHelp", source: http://tgc.stu.126.net/pub/s/teachold/core_8f48212905a0a11b856194fc3ce1a9de.js (253)
[996:12868:1226/103205.385:INFO:CONSOLE(257)] "module-question/wapUiViewHelp.js", source: http://tgc.stu.126.net/pub/s/teachold/core_8f48212905a0a11b856194fc3ce1a9de.js (257)
[996:12868:1226/103320.463:INFO:CONSOLE(2)] "module-question/i18n/lang.js", source: https://cdn.ravenjs.com/3.22.3/raven.min.js (2)
[996:12868:1226/103320.464:INFO:CONSOLE(2)] "module-question/wapUiHelp", source: https://cdn.ravenjs.com/3.22.3/raven.min.js (2)
[996:12868:1226/103320.467:INFO:CONSOLE(2)] "module-question/wapUiViewHelp.js", source: https://cdn.ravenjs.com/3.22.3/raven.min.js (2)
[996:12868:1226/103320.518:INFO:CONSOLE(0)] "Mixed Content: The page at 'https://geek.163.com/path/courses/400000003522074/learning' was loaded over HTTPS, but requested an insecure image 'http://edu-image.nosdn.127.net/2603bb45-5cd1-4ae6-9caa-3b93c65846e3.png?imageView&quality=100'. This content should also be served over HTTPS.", source: https://geek.163.com/path/courses/400000003522074/learning (0)
[996:12868:1226/103320.518:INFO:CONSOLE(0)] "Mixed Content: The page at 'https://geek.163.com/path/courses/400000003522074/learning' was loaded over HTTPS, but requested an insecure image 'http://edu-image.nosdn.127.net/cef13cc138ff4c0c828b5bb2325fd50e.jpg?imageView&quality=100'. This content should also be served over HTTPS.", source: https://geek.163.com/path/courses/400000003522074/learning (0)
[996:12868:1226/103320.518:INFO:CONSOLE(0)] "Mixed Content: The page at 'https://geek.163.com/path/courses/400000003522074/learning' was loaded over HTTPS, but requested an insecure image 'http://edu-image.nosdn.127.net/8298fae6ad92479dab0fe0b4529f3a57.png?imageView&quality=100'. This content should also be served over HTTPS.", source: https://geek.163.com/path/courses/400000003522074/learning (0)
[996:12868:1226/103320.680:INFO:CONSOLE(2)] "Synchronous XMLHttpRequest on the main thread is deprecated because of its detrimental effects to the end user's experience. For more help, check https://xhr.spec.whatwg.org/.", source: https://cdn.ravenjs.com/3.22.3/raven.min.js (2)
[996:12868:1226/103325.520:INFO:CONSOLE(2)] "the computed 'surplusTimes' don't define the set function,  assign data.surplusTimes altnately", source: https://cdn.ravenjs.com/3.22.3/raven.min.js (2)
[996:12868:1226/103325.520:INFO:CONSOLE(2)] "the computed 'judgeRules' don't define the set function,  assign data.judgeRules altnately", source: https://cdn.ravenjs.com/3.22.3/raven.min.js (2)
[996:12868:1226/103325.521:INFO:CONSOLE(2)] "the computed 'answerTime' don't define the set function,  assign data.answerTime altnately", source: https://cdn.ravenjs.com/3.22.3/raven.min.js (2)
[996:12868:1226/103329.369:INFO:CONSOLE(200)] "module-question/i18n/lang.js", source: https://gc.stu.126.net/pub/s/web/core_17d7d749284a913cb90a5c0e752640ec.js (200)
[996:12868:1226/103329.369:INFO:CONSOLE(200)] "module-question/wapUiHelp", source: https://gc.stu.126.net/pub/s/web/core_17d7d749284a913cb90a5c0e752640ec.js (200)
[996:12868:1226/103329.371:INFO:CONSOLE(204)] "module-question/wapUiViewHelp.js", source: https://gc.stu.126.net/pub/s/web/core_17d7d749284a913cb90a5c0e752640ec.js (204)
[996:12868:1226/103330.069:INFO:CONSOLE(621)] "ancestorIframeChanged:429,1068", source:  (621)
[996:12868:1226/103332.703:INFO:CONSOLE(621)] "ancestorIframeChanged:429,1068", source:  (621)
[996:12868:1226/103333.747:INFO:CONSOLE(621)] "ancestorIframeChanged:429,1068", source:  (621)
[996:12868:1226/103334.850:INFO:CONSOLE(621)] "ancestorIframeChanged:429,1068", source:  (621)
[996:12868:1226/103336.187:INFO:CONSOLE(621)] "ancestorIframeChanged:429,1068", source:  (621)
[996:12868:1226/103337.469:INFO:CONSOLE(621)] "ancestorIframeChanged:429,1068", source:  (621)
[996:12868:1226/103338.792:INFO:CONSOLE(621)] "ancestorIframeChanged:429,1068", source:  (621)
[996:12868:1226/103339.871:INFO:CONSOLE(621)] "ancestorIframeChanged:429,1068", source:  (621)
[996:12868:1226/103341.175:INFO:CONSOLE(621)] "ancestorIframeChanged:429,1068", source:  (621)
[996:12868:1226/103413.003:INFO:CONSOLE(41)] "Cannot read property '0' of undefined", source: http://tgc.stu.126.net/pub/s/teachold/core_8f48212905a0a11b856194fc3ce1a9de.js (41)
[996:12868:1226/103413.003:INFO:CONSOLE(41)] "TypeError: Cannot read property '0' of undefined", source: http://tgc.stu.126.net/pub/s/teachold/core_8f48212905a0a11b856194fc3ce1a9de.js (41)
