[17504:8264:1212/170146.191:WARNING:discovery_network_list_win.cc(195)] Failed to open Wlan client handle: 1062
[17504:8016:1212/170146.968:WARNING:CONSOLE(0)] "HTML Imports is deprecated and will be removed in M73, around March 2019. Please use ES modules instead. See https://www.chromestatus.com/features/5144752345317376 for more details.", source:  (0)
[17504:8016:1212/170147.109:WARNING:CONSOLE(77)] "document.registerElement is deprecated and will be removed in M73, around March 2019. Please use window.customElements.define instead. See https://www.chromestatus.com/features/4642138092470272 for more details.", source: https://ssl.gstatic.com/chrome/components/doodle-notifier-02.html (77)
[17504:8016:1212/170148.984:INFO:CONSOLE(588)] "ancestorIframeChanged:218,378", source:  (588)
[17504:8016:1212/170148.986:INFO:CONSOLE(468)] "0,662,1117,0not in sight!", source:  (468)
[17504:8016:1212/170148.986:INFO:CONSOLE(468)] "0,662,1117,14not in sight!", source:  (468)
[17504:8016:1212/170150.338:INFO:CONSOLE(588)] "ancestorIframeChanged:620,378", source:  (588)
[17504:8016:1212/170151.359:INFO:CONSOLE(588)] "ancestorIframeChanged:620,378", source:  (588)
[17504:8016:1212/170152.436:INFO:CONSOLE(2)] "module-question/i18n/lang.js", source: https://cdn.ravenjs.com/3.22.3/raven.min.js (2)
[17504:8016:1212/170152.437:INFO:CONSOLE(2)] "module-question/wapUiHelp", source: https://cdn.ravenjs.com/3.22.3/raven.min.js (2)
[17504:8016:1212/170152.440:INFO:CONSOLE(2)] "module-question/wapUiViewHelp.js", source: https://cdn.ravenjs.com/3.22.3/raven.min.js (2)
[17504:8016:1212/170152.805:INFO:CONSOLE(0)] "[DOM] Password field is not contained in a form: (More info: https://goo.gl/9p2vKq) %o", source: https://geek.163.com/path/member/login?returnUrl=aHR0cDovL3RlYWNoLmdlZWsuMTYzLmNvbS80MDAwMDAwMDA2NzIwNjQuaHRt (0)
[17504:8016:1212/170152.806:INFO:CONSOLE(0)] "[DOM] Password field is not contained in a form: (More info: https://goo.gl/9p2vKq) %o", source: https://geek.163.com/path/member/login?returnUrl=aHR0cDovL3RlYWNoLmdlZWsuMTYzLmNvbS80MDAwMDAwMDA2NzIwNjQuaHRt (0)
[17504:8016:1212/170152.806:INFO:CONSOLE(0)] "[DOM] Password field is not contained in a form: (More info: https://goo.gl/9p2vKq) %o", source: https://geek.163.com/path/member/login?returnUrl=aHR0cDovL3RlYWNoLmdlZWsuMTYzLmNvbS80MDAwMDAwMDA2NzIwNjQuaHRt (0)
[17504:8016:1212/170152.806:INFO:CONSOLE(0)] "[DOM] Password field is not contained in a form: (More info: https://goo.gl/9p2vKq) %o", source: https://geek.163.com/path/member/login?returnUrl=aHR0cDovL3RlYWNoLmdlZWsuMTYzLmNvbS80MDAwMDAwMDA2NzIwNjQuaHRt (0)
[17504:8016:1212/170152.806:INFO:CONSOLE(0)] "[DOM] Password field is not contained in a form: (More info: https://goo.gl/9p2vKq) %o", source: https://geek.163.com/path/member/login?returnUrl=aHR0cDovL3RlYWNoLmdlZWsuMTYzLmNvbS80MDAwMDAwMDA2NzIwNjQuaHRt (0)
[17504:8016:1212/170152.807:INFO:CONSOLE(0)] "[DOM] Password field is not contained in a form: (More info: https://goo.gl/9p2vKq) %o", source: https://geek.163.com/path/member/login?returnUrl=aHR0cDovL3RlYWNoLmdlZWsuMTYzLmNvbS80MDAwMDAwMDA2NzIwNjQuaHRt (0)
[17504:8016:1212/170152.807:INFO:CONSOLE(0)] "[DOM] Password field is not contained in a form: (More info: https://goo.gl/9p2vKq) %o", source: https://geek.163.com/path/member/login?returnUrl=aHR0cDovL3RlYWNoLmdlZWsuMTYzLmNvbS80MDAwMDAwMDA2NzIwNjQuaHRt (0)
[17504:8016:1212/170152.807:INFO:CONSOLE(0)] "[DOM] Password field is not contained in a form: (More info: https://goo.gl/9p2vKq) %o", source: https://geek.163.com/path/member/login?returnUrl=aHR0cDovL3RlYWNoLmdlZWsuMTYzLmNvbS80MDAwMDAwMDA2NzIwNjQuaHRt (0)
[17504:8016:1212/170152.807:INFO:CONSOLE(0)] "[DOM] Password field is not contained in a form: (More info: https://goo.gl/9p2vKq) %o", source: https://geek.163.com/path/member/login?returnUrl=aHR0cDovL3RlYWNoLmdlZWsuMTYzLmNvbS80MDAwMDAwMDA2NzIwNjQuaHRt (0)
[17504:8016:1212/170153.849:INFO:CONSOLE(0)] "[DOM] Input elements should have autocomplete attributes (suggested: "new-password"): (More info: https://goo.gl/9p2vKq) %o", source: https://webzj.reg.163.com/v1.0.1/pub/index.html?cd=%2F%2Fedu-cms.nosdn.127.net%2Ftopics%2Fcss%2F&cf=kada_urs_course_4c152c9f26817efac4936d84ec1baa71.css&MGID=1544605312786.5703&wdaId=UA1438236666413&pkid=VelXuSo&product=kada (0)
[17504:8016:1212/170154.012:INFO:CONSOLE(0)] "[DOM] Input elements should have autocomplete attributes (suggested: "new-password"): (More info: https://goo.gl/9p2vKq) %o", source: https://webzj.reg.163.com/v1.0.1/pub/index_reg.html?cd=%2F%2Fedu-cms.nosdn.127.net%2Ftopics%2Fcss%2F&cf=kada_urs_register_course_3d3c8920fcb04752d050df94efe9f31a.css&MGID=1544605312793.087&wdaId=UA1438236666413&pkid=VelXuSo&product=kada (0)
[17504:8016:1212/170154.014:INFO:CONSOLE(0)] "[DOM] Input elements should have autocomplete attributes (suggested: "new-password"): (More info: https://goo.gl/9p2vKq) %o", source: https://webzj.reg.163.com/v1.0.1/pub/index_dl.html?cd=%2F%2Fedu-cms.nosdn.127.net%2Ftopics%2Fcss%2F&cf=kada_urs_course_4c152c9f26817efac4936d84ec1baa71.css&MGID=1544605312752.2563&wdaId=UA1438236666413&pkid=VelXuSo&product=kada (0)
[17504:8016:1212/170154.823:INFO:CONSOLE(2)] "ancestorIframeChanged:791,303", source: https://cdn.ravenjs.com/3.22.3/raven.min.js (2)
[17504:8016:1212/170154.823:INFO:CONSOLE(2)] "ancestorIframeChanged:-1209,211", source: https://cdn.ravenjs.com/3.22.3/raven.min.js (2)
[17504:8016:1212/170154.823:INFO:CONSOLE(2)] "ancestorIframeChanged:-1639,193", source: https://cdn.ravenjs.com/3.22.3/raven.min.js (2)
[17504:8016:1212/170154.838:INFO:CONSOLE(2)] "-1209,211,400,252not in sight!", source: https://cdn.ravenjs.com/3.22.3/raven.min.js (2)
[17504:8016:1212/170154.838:INFO:CONSOLE(2)] "-1209,211,280,235not in sight!", source: https://cdn.ravenjs.com/3.22.3/raven.min.js (2)
[17504:8016:1212/170154.838:INFO:CONSOLE(2)] "-1639,167,400,430not in sight!", source: https://cdn.ravenjs.com/3.22.3/raven.min.js (2)
[17504:8016:1212/170154.838:INFO:CONSOLE(2)] "-1639,167,400,282not in sight!", source: https://cdn.ravenjs.com/3.22.3/raven.min.js (2)
[17504:8016:1212/170155.932:INFO:CONSOLE(2)] "ancestorIframeChanged:-1209,211", source: https://cdn.ravenjs.com/3.22.3/raven.min.js (2)
[17504:8016:1212/170155.934:INFO:CONSOLE(2)] "ancestorIframeChanged:791,303", source: https://cdn.ravenjs.com/3.22.3/raven.min.js (2)
[17504:8016:1212/170155.936:INFO:CONSOLE(2)] "ancestorIframeChanged:-1639,193", source: https://cdn.ravenjs.com/3.22.3/raven.min.js (2)
[17504:8016:1212/170155.939:INFO:CONSOLE(2)] "-1209,211,400,245not in sight!", source: https://cdn.ravenjs.com/3.22.3/raven.min.js (2)
[17504:8016:1212/170155.940:INFO:CONSOLE(2)] "-1209,211,280,235not in sight!", source: https://cdn.ravenjs.com/3.22.3/raven.min.js (2)
[17504:8016:1212/170155.941:INFO:CONSOLE(2)] "-1639,167,400,430not in sight!", source: https://cdn.ravenjs.com/3.22.3/raven.min.js (2)
[17504:8016:1212/170155.941:INFO:CONSOLE(2)] "-1639,167,400,282not in sight!", source: https://cdn.ravenjs.com/3.22.3/raven.min.js (2)
[17504:8016:1212/170158.081:INFO:CONSOLE(2)] "ancestorIframeChanged:-1209,211", source: https://cdn.ravenjs.com/3.22.3/raven.min.js (2)
[17504:8016:1212/170158.082:INFO:CONSOLE(2)] "ancestorIframeChanged:791,303", source: https://cdn.ravenjs.com/3.22.3/raven.min.js (2)
[17504:8016:1212/170158.084:INFO:CONSOLE(2)] "ancestorIframeChanged:-1639,193", source: https://cdn.ravenjs.com/3.22.3/raven.min.js (2)
[17504:8016:1212/170158.087:INFO:CONSOLE(2)] "-1209,211,400,245not in sight!", source: https://cdn.ravenjs.com/3.22.3/raven.min.js (2)
[17504:8016:1212/170158.087:INFO:CONSOLE(2)] "-1209,211,280,235not in sight!", source: https://cdn.ravenjs.com/3.22.3/raven.min.js (2)
[17504:8016:1212/170158.088:INFO:CONSOLE(2)] "-1639,167,400,430not in sight!", source: https://cdn.ravenjs.com/3.22.3/raven.min.js (2)
[17504:8016:1212/170158.088:INFO:CONSOLE(2)] "-1639,167,400,282not in sight!", source: https://cdn.ravenjs.com/3.22.3/raven.min.js (2)
[17504:8016:1212/170159.453:INFO:CONSOLE(2)] "ancestorIframeChanged:-1209,211", source: https://cdn.ravenjs.com/3.22.3/raven.min.js (2)
[17504:8016:1212/170159.453:INFO:CONSOLE(2)] "ancestorIframeChanged:791,303", source: https://cdn.ravenjs.com/3.22.3/raven.min.js (2)
[17504:8016:1212/170159.453:INFO:CONSOLE(2)] "ancestorIframeChanged:-1639,193", source: https://cdn.ravenjs.com/3.22.3/raven.min.js (2)
[17504:8016:1212/170159.453:INFO:CONSOLE(2)] "-1209,211,400,245not in sight!", source: https://cdn.ravenjs.com/3.22.3/raven.min.js (2)
[17504:8016:1212/170159.453:INFO:CONSOLE(2)] "-1209,211,280,235not in sight!", source: https://cdn.ravenjs.com/3.22.3/raven.min.js (2)
[17504:8016:1212/170159.453:INFO:CONSOLE(2)] "-1639,167,400,430not in sight!", source: https://cdn.ravenjs.com/3.22.3/raven.min.js (2)
[17504:8016:1212/170159.453:INFO:CONSOLE(2)] "-1639,167,400,282not in sight!", source: https://cdn.ravenjs.com/3.22.3/raven.min.js (2)
[17504:8016:1212/170201.445:INFO:CONSOLE(2)] "ancestorIframeChanged:-1209,211", source: https://cdn.ravenjs.com/3.22.3/raven.min.js (2)
[17504:8016:1212/170201.445:INFO:CONSOLE(2)] "ancestorIframeChanged:791,303", source: https://cdn.ravenjs.com/3.22.3/raven.min.js (2)
[17504:8016:1212/170201.445:INFO:CONSOLE(2)] "ancestorIframeChanged:-1639,193", source: https://cdn.ravenjs.com/3.22.3/raven.min.js (2)
[17504:8016:1212/170201.445:INFO:CONSOLE(2)] "-1209,211,400,245not in sight!", source: https://cdn.ravenjs.com/3.22.3/raven.min.js (2)
[17504:8016:1212/170201.445:INFO:CONSOLE(2)] "-1209,211,280,235not in sight!", source: https://cdn.ravenjs.com/3.22.3/raven.min.js (2)
[17504:8016:1212/170201.445:INFO:CONSOLE(2)] "-1639,167,400,430not in sight!", source: https://cdn.ravenjs.com/3.22.3/raven.min.js (2)
[17504:8016:1212/170201.445:INFO:CONSOLE(2)] "-1639,167,400,282not in sight!", source: https://cdn.ravenjs.com/3.22.3/raven.min.js (2)
[17504:8016:1212/170203.432:INFO:CONSOLE(2)] "ancestorIframeChanged:-1209,211", source: https://cdn.ravenjs.com/3.22.3/raven.min.js (2)
[17504:8016:1212/170203.432:INFO:CONSOLE(2)] "ancestorIframeChanged:791,303", source: https://cdn.ravenjs.com/3.22.3/raven.min.js (2)
[17504:8016:1212/170203.432:INFO:CONSOLE(2)] "ancestorIframeChanged:-1639,193", source: https://cdn.ravenjs.com/3.22.3/raven.min.js (2)
[17504:8016:1212/170203.432:INFO:CONSOLE(2)] "-1209,211,400,245not in sight!", source: https://cdn.ravenjs.com/3.22.3/raven.min.js (2)
[17504:8016:1212/170203.432:INFO:CONSOLE(2)] "-1209,211,280,235not in sight!", source: https://cdn.ravenjs.com/3.22.3/raven.min.js (2)
[17504:8016:1212/170203.432:INFO:CONSOLE(2)] "-1639,167,400,430not in sight!", source: https://cdn.ravenjs.com/3.22.3/raven.min.js (2)
[17504:8016:1212/170203.432:INFO:CONSOLE(2)] "-1639,167,400,282not in sight!", source: https://cdn.ravenjs.com/3.22.3/raven.min.js (2)
[17504:8016:1212/170205.632:INFO:CONSOLE(236)] "module-question/i18n/lang.js", source: http://tgc.stu.126.net/pub/s/teachold/core_dba06df6e6682377bbdd3b729662c32c.js (236)
[17504:8016:1212/170205.633:INFO:CONSOLE(237)] "module-question/wapUiHelp", source: http://tgc.stu.126.net/pub/s/teachold/core_dba06df6e6682377bbdd3b729662c32c.js (237)
[17504:8016:1212/170205.648:INFO:CONSOLE(241)] "module-question/wapUiViewHelp.js", source: http://tgc.stu.126.net/pub/s/teachold/core_dba06df6e6682377bbdd3b729662c32c.js (241)
[17504:8016:1212/170212.291:INFO:CONSOLE(236)] "module-question/i18n/lang.js", source: http://tgc.stu.126.net/pub/s/teachold/core_dba06df6e6682377bbdd3b729662c32c.js (236)
[17504:8016:1212/170212.291:INFO:CONSOLE(237)] "module-question/wapUiHelp", source: http://tgc.stu.126.net/pub/s/teachold/core_dba06df6e6682377bbdd3b729662c32c.js (237)
[17504:8016:1212/170212.301:INFO:CONSOLE(241)] "module-question/wapUiViewHelp.js", source: http://tgc.stu.126.net/pub/s/teachold/core_dba06df6e6682377bbdd3b729662c32c.js (241)
[17504:8016:1212/170221.944:INFO:CONSOLE(236)] "module-question/i18n/lang.js", source: http://tgc.stu.126.net/pub/s/teachold/core_dba06df6e6682377bbdd3b729662c32c.js (236)
[17504:8016:1212/170221.944:INFO:CONSOLE(237)] "module-question/wapUiHelp", source: http://tgc.stu.126.net/pub/s/teachold/core_dba06df6e6682377bbdd3b729662c32c.js (237)
[17504:8016:1212/170221.967:INFO:CONSOLE(241)] "module-question/wapUiViewHelp.js", source: http://tgc.stu.126.net/pub/s/teachold/core_dba06df6e6682377bbdd3b729662c32c.js (241)
[17504:8016:1212/170231.487:INFO:CONSOLE(2)] "module-question/i18n/lang.js", source: https://cdn.ravenjs.com/3.22.3/raven.min.js (2)
[17504:8016:1212/170231.488:INFO:CONSOLE(2)] "module-question/wapUiHelp", source: https://cdn.ravenjs.com/3.22.3/raven.min.js (2)
[17504:8016:1212/170231.490:INFO:CONSOLE(2)] "module-question/wapUiViewHelp.js", source: https://cdn.ravenjs.com/3.22.3/raven.min.js (2)
[17504:8016:1212/170231.910:INFO:CONSOLE(0)] "[DOM] Password field is not contained in a form: (More info: https://goo.gl/9p2vKq) %o", source: https://geek.163.com/path/member/login?returnUrl=aHR0cDovL3RlYWNoLmdlZWsuMTYzLmNvbS80MDAwMDAwMDA2NzIwNjQuaHRt (0)
[17504:8016:1212/170231.910:INFO:CONSOLE(0)] "[DOM] Password field is not contained in a form: (More info: https://goo.gl/9p2vKq) %o", source: https://geek.163.com/path/member/login?returnUrl=aHR0cDovL3RlYWNoLmdlZWsuMTYzLmNvbS80MDAwMDAwMDA2NzIwNjQuaHRt (0)
[17504:8016:1212/170231.911:INFO:CONSOLE(0)] "[DOM] Password field is not contained in a form: (More info: https://goo.gl/9p2vKq) %o", source: https://geek.163.com/path/member/login?returnUrl=aHR0cDovL3RlYWNoLmdlZWsuMTYzLmNvbS80MDAwMDAwMDA2NzIwNjQuaHRt (0)
[17504:8016:1212/170231.911:INFO:CONSOLE(0)] "[DOM] Password field is not contained in a form: (More info: https://goo.gl/9p2vKq) %o", source: https://geek.163.com/path/member/login?returnUrl=aHR0cDovL3RlYWNoLmdlZWsuMTYzLmNvbS80MDAwMDAwMDA2NzIwNjQuaHRt (0)
[17504:8016:1212/170231.911:INFO:CONSOLE(0)] "[DOM] Password field is not contained in a form: (More info: https://goo.gl/9p2vKq) %o", source: https://geek.163.com/path/member/login?returnUrl=aHR0cDovL3RlYWNoLmdlZWsuMTYzLmNvbS80MDAwMDAwMDA2NzIwNjQuaHRt (0)
[17504:8016:1212/170231.911:INFO:CONSOLE(0)] "[DOM] Password field is not contained in a form: (More info: https://goo.gl/9p2vKq) %o", source: https://geek.163.com/path/member/login?returnUrl=aHR0cDovL3RlYWNoLmdlZWsuMTYzLmNvbS80MDAwMDAwMDA2NzIwNjQuaHRt (0)
[17504:8016:1212/170231.911:INFO:CONSOLE(0)] "[DOM] Password field is not contained in a form: (More info: https://goo.gl/9p2vKq) %o", source: https://geek.163.com/path/member/login?returnUrl=aHR0cDovL3RlYWNoLmdlZWsuMTYzLmNvbS80MDAwMDAwMDA2NzIwNjQuaHRt (0)
[17504:8016:1212/170231.912:INFO:CONSOLE(0)] "[DOM] Password field is not contained in a form: (More info: https://goo.gl/9p2vKq) %o", source: https://geek.163.com/path/member/login?returnUrl=aHR0cDovL3RlYWNoLmdlZWsuMTYzLmNvbS80MDAwMDAwMDA2NzIwNjQuaHRt (0)
[17504:8016:1212/170231.912:INFO:CONSOLE(0)] "[DOM] Password field is not contained in a form: (More info: https://goo.gl/9p2vKq) %o", source: https://geek.163.com/path/member/login?returnUrl=aHR0cDovL3RlYWNoLmdlZWsuMTYzLmNvbS80MDAwMDAwMDA2NzIwNjQuaHRt (0)
[17504:8016:1212/170233.065:INFO:CONSOLE(0)] "[DOM] Input elements should have autocomplete attributes (suggested: "new-password"): (More info: https://goo.gl/9p2vKq) %o", source: https://webzj.reg.163.com/v1.0.1/pub/index_dl.html?cd=%2F%2Fedu-cms.nosdn.127.net%2Ftopics%2Fcss%2F&cf=kada_urs_course_4c152c9f26817efac4936d84ec1baa71.css&MGID=1544605351862.604&wdaId=UA1438236666413&pkid=VelXuSo&product=kada (0)
[17504:8016:1212/170233.067:INFO:CONSOLE(0)] "[DOM] Input elements should have autocomplete attributes (suggested: "new-password"): (More info: https://goo.gl/9p2vKq) %o", source: https://webzj.reg.163.com/v1.0.1/pub/index_reg.html?cd=%2F%2Fedu-cms.nosdn.127.net%2Ftopics%2Fcss%2F&cf=kada_urs_register_course_3d3c8920fcb04752d050df94efe9f31a.css&MGID=1544605351915.8801&wdaId=UA1438236666413&pkid=VelXuSo&product=kada (0)
[17504:8016:1212/170233.068:INFO:CONSOLE(0)] "[DOM] Input elements should have autocomplete attributes (suggested: "new-password"): (More info: https://goo.gl/9p2vKq) %o", source: https://webzj.reg.163.com/v1.0.1/pub/index.html?cd=%2F%2Fedu-cms.nosdn.127.net%2Ftopics%2Fcss%2F&cf=kada_urs_course_4c152c9f26817efac4936d84ec1baa71.css&MGID=1544605351894.9275&wdaId=UA1438236666413&pkid=VelXuSo&product=kada (0)
[17504:8016:1212/170233.554:INFO:CONSOLE(2)] "ancestorIframeChanged:791,303", source: https://cdn.ravenjs.com/3.22.3/raven.min.js (2)
[17504:8016:1212/170233.555:INFO:CONSOLE(2)] "ancestorIframeChanged:-1209,211", source: https://cdn.ravenjs.com/3.22.3/raven.min.js (2)
[17504:8016:1212/170233.557:INFO:CONSOLE(2)] "ancestorIframeChanged:-1639,193", source: https://cdn.ravenjs.com/3.22.3/raven.min.js (2)
[17504:8016:1212/170233.565:INFO:CONSOLE(2)] "-1209,211,400,252not in sight!", source: https://cdn.ravenjs.com/3.22.3/raven.min.js (2)
[17504:8016:1212/170233.565:INFO:CONSOLE(2)] "-1209,211,280,235not in sight!", source: https://cdn.ravenjs.com/3.22.3/raven.min.js (2)
[17504:8016:1212/170233.566:INFO:CONSOLE(2)] "-1639,167,400,430not in sight!", source: https://cdn.ravenjs.com/3.22.3/raven.min.js (2)
[17504:8016:1212/170233.567:INFO:CONSOLE(2)] "-1639,167,400,282not in sight!", source: https://cdn.ravenjs.com/3.22.3/raven.min.js (2)
[17504:8016:1212/170234.662:INFO:CONSOLE(2)] "ancestorIframeChanged:-1209,211", source: https://cdn.ravenjs.com/3.22.3/raven.min.js (2)
[17504:8016:1212/170234.664:INFO:CONSOLE(2)] "ancestorIframeChanged:791,303", source: https://cdn.ravenjs.com/3.22.3/raven.min.js (2)
[17504:8016:1212/170234.667:INFO:CONSOLE(2)] "ancestorIframeChanged:-1639,193", source: https://cdn.ravenjs.com/3.22.3/raven.min.js (2)
[17504:8016:1212/170234.670:INFO:CONSOLE(2)] "-1209,211,400,245not in sight!", source: https://cdn.ravenjs.com/3.22.3/raven.min.js (2)
[17504:8016:1212/170234.671:INFO:CONSOLE(2)] "-1209,211,280,235not in sight!", source: https://cdn.ravenjs.com/3.22.3/raven.min.js (2)
[17504:8016:1212/170234.671:INFO:CONSOLE(2)] "-1639,167,400,430not in sight!", source: https://cdn.ravenjs.com/3.22.3/raven.min.js (2)
[17504:8016:1212/170234.672:INFO:CONSOLE(2)] "-1639,167,400,282not in sight!", source: https://cdn.ravenjs.com/3.22.3/raven.min.js (2)
[17504:8016:1212/170236.599:INFO:CONSOLE(2)] "ancestorIframeChanged:-1209,211", source: https://cdn.ravenjs.com/3.22.3/raven.min.js (2)
[17504:8016:1212/170236.599:INFO:CONSOLE(2)] "ancestorIframeChanged:791,303", source: https://cdn.ravenjs.com/3.22.3/raven.min.js (2)
[17504:8016:1212/170236.599:INFO:CONSOLE(2)] "ancestorIframeChanged:-1639,193", source: https://cdn.ravenjs.com/3.22.3/raven.min.js (2)
[17504:8016:1212/170236.599:INFO:CONSOLE(2)] "-1209,211,400,245not in sight!", source: https://cdn.ravenjs.com/3.22.3/raven.min.js (2)
[17504:8016:1212/170236.599:INFO:CONSOLE(2)] "-1209,211,280,235not in sight!", source: https://cdn.ravenjs.com/3.22.3/raven.min.js (2)
[17504:8016:1212/170236.599:INFO:CONSOLE(2)] "-1639,167,400,430not in sight!", source: https://cdn.ravenjs.com/3.22.3/raven.min.js (2)
[17504:8016:1212/170236.599:INFO:CONSOLE(2)] "-1639,167,400,282not in sight!", source: https://cdn.ravenjs.com/3.22.3/raven.min.js (2)
[17504:8016:1212/170237.849:INFO:CONSOLE(2)] "ancestorIframeChanged:-1209,211", source: https://cdn.ravenjs.com/3.22.3/raven.min.js (2)
[17504:8016:1212/170237.849:INFO:CONSOLE(2)] "ancestorIframeChanged:791,303", source: https://cdn.ravenjs.com/3.22.3/raven.min.js (2)
[17504:8016:1212/170237.849:INFO:CONSOLE(2)] "ancestorIframeChanged:-1639,193", source: https://cdn.ravenjs.com/3.22.3/raven.min.js (2)
[17504:8016:1212/170237.849:INFO:CONSOLE(2)] "-1209,211,400,245not in sight!", source: https://cdn.ravenjs.com/3.22.3/raven.min.js (2)
[17504:8016:1212/170237.849:INFO:CONSOLE(2)] "-1209,211,280,235not in sight!", source: https://cdn.ravenjs.com/3.22.3/raven.min.js (2)
[17504:8016:1212/170237.849:INFO:CONSOLE(2)] "-1639,167,400,430not in sight!", source: https://cdn.ravenjs.com/3.22.3/raven.min.js (2)
[17504:8016:1212/170237.849:INFO:CONSOLE(2)] "-1639,167,400,282not in sight!", source: https://cdn.ravenjs.com/3.22.3/raven.min.js (2)
[17504:8016:1212/170239.884:INFO:CONSOLE(2)] "ancestorIframeChanged:-1209,211", source: https://cdn.ravenjs.com/3.22.3/raven.min.js (2)
[17504:8016:1212/170239.885:INFO:CONSOLE(2)] "ancestorIframeChanged:791,303", source: https://cdn.ravenjs.com/3.22.3/raven.min.js (2)
[17504:8016:1212/170239.887:INFO:CONSOLE(2)] "ancestorIframeChanged:-1639,193", source: https://cdn.ravenjs.com/3.22.3/raven.min.js (2)
[17504:8016:1212/170239.890:INFO:CONSOLE(2)] "-1209,211,400,245not in sight!", source: https://cdn.ravenjs.com/3.22.3/raven.min.js (2)
[17504:8016:1212/170239.890:INFO:CONSOLE(2)] "-1209,211,280,235not in sight!", source: https://cdn.ravenjs.com/3.22.3/raven.min.js (2)
[17504:8016:1212/170239.891:INFO:CONSOLE(2)] "-1639,167,400,430not in sight!", source: https://cdn.ravenjs.com/3.22.3/raven.min.js (2)
[17504:8016:1212/170239.891:INFO:CONSOLE(2)] "-1639,167,400,282not in sight!", source: https://cdn.ravenjs.com/3.22.3/raven.min.js (2)
[17504:8016:1212/170241.912:INFO:CONSOLE(2)] "ancestorIframeChanged:-1209,211", source: https://cdn.ravenjs.com/3.22.3/raven.min.js (2)
[17504:8016:1212/170241.914:INFO:CONSOLE(2)] "ancestorIframeChanged:791,303", source: https://cdn.ravenjs.com/3.22.3/raven.min.js (2)
[17504:8016:1212/170241.916:INFO:CONSOLE(2)] "ancestorIframeChanged:-1639,193", source: https://cdn.ravenjs.com/3.22.3/raven.min.js (2)
[17504:8016:1212/170241.918:INFO:CONSOLE(2)] "-1209,211,400,245not in sight!", source: https://cdn.ravenjs.com/3.22.3/raven.min.js (2)
[17504:8016:1212/170241.919:INFO:CONSOLE(2)] "-1209,211,280,235not in sight!", source: https://cdn.ravenjs.com/3.22.3/raven.min.js (2)
[17504:8016:1212/170241.920:INFO:CONSOLE(2)] "-1639,167,400,430not in sight!", source: https://cdn.ravenjs.com/3.22.3/raven.min.js (2)
[17504:8016:1212/170241.920:INFO:CONSOLE(2)] "-1639,167,400,282not in sight!", source: https://cdn.ravenjs.com/3.22.3/raven.min.js (2)
[17504:8016:1212/170243.700:INFO:CONSOLE(236)] "module-question/i18n/lang.js", source: http://tgc.stu.126.net/pub/s/teachold/core_dba06df6e6682377bbdd3b729662c32c.js (236)
[17504:8016:1212/170243.701:INFO:CONSOLE(237)] "module-question/wapUiHelp", source: http://tgc.stu.126.net/pub/s/teachold/core_dba06df6e6682377bbdd3b729662c32c.js (237)
[17504:8016:1212/170243.711:INFO:CONSOLE(241)] "module-question/wapUiViewHelp.js", source: http://tgc.stu.126.net/pub/s/teachold/core_dba06df6e6682377bbdd3b729662c32c.js (241)
[17504:8016:1212/170339.377:INFO:CONSOLE(236)] "module-question/i18n/lang.js", source: http://tgc.stu.126.net/pub/s/teachold/core_dba06df6e6682377bbdd3b729662c32c.js (236)
[17504:8016:1212/170339.377:INFO:CONSOLE(237)] "module-question/wapUiHelp", source: http://tgc.stu.126.net/pub/s/teachold/core_dba06df6e6682377bbdd3b729662c32c.js (237)
[17504:8016:1212/170339.390:INFO:CONSOLE(241)] "module-question/wapUiViewHelp.js", source: http://tgc.stu.126.net/pub/s/teachold/core_dba06df6e6682377bbdd3b729662c32c.js (241)
[17504:8016:1212/170340.724:INFO:CONSOLE(468)] "739,1035,443,0not in sight!", source:  (468)
[17504:8016:1212/170340.724:INFO:CONSOLE(468)] "623,1068,940,158not in sight!", source:  (468)
[17504:8016:1212/170340.725:INFO:CONSOLE(468)] "623,1258,940,44not in sight!", source:  (468)
[17504:8016:1212/170343.280:INFO:CONSOLE(468)] "739,1035,443,0not in sight!", source:  (468)
[17504:8016:1212/170343.280:INFO:CONSOLE(468)] "623,1068,940,158not in sight!", source:  (468)
[17504:8016:1212/170343.280:INFO:CONSOLE(468)] "623,1258,940,44not in sight!", source:  (468)
[17504:8016:1212/170344.310:INFO:CONSOLE(468)] "739,1035,443,0not in sight!", source:  (468)
[17504:8016:1212/170344.310:INFO:CONSOLE(468)] "623,1068,940,158not in sight!", source:  (468)
[17504:8016:1212/170344.310:INFO:CONSOLE(468)] "623,1258,940,44not in sight!", source:  (468)
