[7664:15608:1221/185211.510:WARNING:discovery_network_list_win.cc(195)] Failed to open Wlan client handle: 1062
[7664:15388:1221/185212.158:WARNING:CONSOLE(0)] "HTML Imports is deprecated and will be removed in M73, around March 2019. Please use ES modules instead. See https://www.chromestatus.com/features/5144752345317376 for more details.", source:  (0)
[7664:15388:1221/185212.263:WARNING:CONSOLE(77)] "document.registerElement is deprecated and will be removed in M73, around March 2019. Please use window.customElements.define instead. See https://www.chromestatus.com/features/4642138092470272 for more details.", source: https://ssl.gstatic.com/chrome/components/doodle-notifier-02.html (77)
[7664:15388:1221/185214.534:INFO:CONSOLE(605)] "ancestorIframeChanged:218,378", source:  (605)
[7664:15388:1221/185214.536:INFO:CONSOLE(468)] "0,662,1117,0not in sight!", source:  (468)
[7664:15388:1221/185214.537:INFO:CONSOLE(468)] "0,662,1117,14not in sight!", source:  (468)
[7664:15388:1221/185215.374:INFO:CONSOLE(8)] "SW registered", source: https://www.google.com/_/chrome/newtab?ie=UTF-8 (8)
[7664:15388:1221/185218.592:INFO:CONSOLE(605)] "ancestorIframeChanged:620,378", source:  (605)
[7664:15388:1221/185219.616:INFO:CONSOLE(605)] "ancestorIframeChanged:620,378", source:  (605)
[7664:15388:1221/185220.542:INFO:CONSOLE(2)] "module-question/i18n/lang.js", source: https://cdn.ravenjs.com/3.22.3/raven.min.js (2)
[7664:15388:1221/185220.543:INFO:CONSOLE(2)] "module-question/wapUiHelp", source: https://cdn.ravenjs.com/3.22.3/raven.min.js (2)
[7664:15388:1221/185220.545:INFO:CONSOLE(2)] "module-question/wapUiViewHelp.js", source: https://cdn.ravenjs.com/3.22.3/raven.min.js (2)
[7664:15388:1221/185221.131:INFO:CONSOLE(0)] "[DOM] Password field is not contained in a form: (More info: https://goo.gl/9p2vKq) %o", source: https://geek.163.com/path/member/login?returnUrl=aHR0cDovL3RlYWNoLmdlZWsuMTYzLmNvbS80MDAwMDAwMDA2NzIwNjQuaHRt (0)
[7664:15388:1221/185221.131:INFO:CONSOLE(0)] "[DOM] Password field is not contained in a form: (More info: https://goo.gl/9p2vKq) %o", source: https://geek.163.com/path/member/login?returnUrl=aHR0cDovL3RlYWNoLmdlZWsuMTYzLmNvbS80MDAwMDAwMDA2NzIwNjQuaHRt (0)
[7664:15388:1221/185221.131:INFO:CONSOLE(0)] "[DOM] Password field is not contained in a form: (More info: https://goo.gl/9p2vKq) %o", source: https://geek.163.com/path/member/login?returnUrl=aHR0cDovL3RlYWNoLmdlZWsuMTYzLmNvbS80MDAwMDAwMDA2NzIwNjQuaHRt (0)
[7664:15388:1221/185221.132:INFO:CONSOLE(0)] "[DOM] Password field is not contained in a form: (More info: https://goo.gl/9p2vKq) %o", source: https://geek.163.com/path/member/login?returnUrl=aHR0cDovL3RlYWNoLmdlZWsuMTYzLmNvbS80MDAwMDAwMDA2NzIwNjQuaHRt (0)
[7664:15388:1221/185221.132:INFO:CONSOLE(0)] "[DOM] Password field is not contained in a form: (More info: https://goo.gl/9p2vKq) %o", source: https://geek.163.com/path/member/login?returnUrl=aHR0cDovL3RlYWNoLmdlZWsuMTYzLmNvbS80MDAwMDAwMDA2NzIwNjQuaHRt (0)
[7664:15388:1221/185221.132:INFO:CONSOLE(0)] "[DOM] Password field is not contained in a form: (More info: https://goo.gl/9p2vKq) %o", source: https://geek.163.com/path/member/login?returnUrl=aHR0cDovL3RlYWNoLmdlZWsuMTYzLmNvbS80MDAwMDAwMDA2NzIwNjQuaHRt (0)
[7664:15388:1221/185221.132:INFO:CONSOLE(0)] "[DOM] Password field is not contained in a form: (More info: https://goo.gl/9p2vKq) %o", source: https://geek.163.com/path/member/login?returnUrl=aHR0cDovL3RlYWNoLmdlZWsuMTYzLmNvbS80MDAwMDAwMDA2NzIwNjQuaHRt (0)
[7664:15388:1221/185221.132:INFO:CONSOLE(0)] "[DOM] Password field is not contained in a form: (More info: https://goo.gl/9p2vKq) %o", source: https://geek.163.com/path/member/login?returnUrl=aHR0cDovL3RlYWNoLmdlZWsuMTYzLmNvbS80MDAwMDAwMDA2NzIwNjQuaHRt (0)
[7664:15388:1221/185221.132:INFO:CONSOLE(0)] "[DOM] Password field is not contained in a form: (More info: https://goo.gl/9p2vKq) %o", source: https://geek.163.com/path/member/login?returnUrl=aHR0cDovL3RlYWNoLmdlZWsuMTYzLmNvbS80MDAwMDAwMDA2NzIwNjQuaHRt (0)
[7664:15388:1221/185221.869:INFO:CONSOLE(0)] "[DOM] Input elements should have autocomplete attributes (suggested: "new-password"): (More info: https://goo.gl/9p2vKq) %o", source: https://webzj.reg.163.com/v1.0.1/pub/index_reg.html?cd=%2F%2Fedu-cms.nosdn.127.net%2Ftopics%2Fcss%2F&cf=kada_urs_register_course_3d3c8920fcb04752d050df94efe9f31a.css&MGID=1545389540859.1724&wdaId=UA1438236666413&pkid=VelXuSo&product=kada (0)
[7664:15388:1221/185222.028:INFO:CONSOLE(0)] "[DOM] Input elements should have autocomplete attributes (suggested: "new-password"): (More info: https://goo.gl/9p2vKq) %o", source: https://webzj.reg.163.com/v1.0.1/pub/index_dl.html?cd=%2F%2Fedu-cms.nosdn.127.net%2Ftopics%2Fcss%2F&cf=kada_urs_course_4c152c9f26817efac4936d84ec1baa71.css&MGID=1545389540823.3843&wdaId=UA1438236666413&pkid=VelXuSo&product=kada (0)
[7664:15388:1221/185222.411:INFO:CONSOLE(0)] "[DOM] Input elements should have autocomplete attributes (suggested: "new-password"): (More info: https://goo.gl/9p2vKq) %o", source: https://webzj.reg.163.com/v1.0.1/pub/index.html?cd=%2F%2Fedu-cms.nosdn.127.net%2Ftopics%2Fcss%2F&cf=kada_urs_course_4c152c9f26817efac4936d84ec1baa71.css&MGID=1545389540851.97&wdaId=UA1438236666413&pkid=VelXuSo&product=kada (0)
[7664:15388:1221/185222.567:INFO:CONSOLE(2)] "ancestorIframeChanged:791,303", source: https://cdn.ravenjs.com/3.22.3/raven.min.js (2)
[7664:15388:1221/185222.570:INFO:CONSOLE(2)] "ancestorIframeChanged:-1209,211", source: https://cdn.ravenjs.com/3.22.3/raven.min.js (2)
[7664:15388:1221/185222.572:INFO:CONSOLE(2)] "ancestorIframeChanged:-1639,193", source: https://cdn.ravenjs.com/3.22.3/raven.min.js (2)
[7664:15388:1221/185222.580:INFO:CONSOLE(2)] "-1209,211,400,219not in sight!", source: https://cdn.ravenjs.com/3.22.3/raven.min.js (2)
[7664:15388:1221/185222.580:INFO:CONSOLE(2)] "-1209,211,280,235not in sight!", source: https://cdn.ravenjs.com/3.22.3/raven.min.js (2)
[7664:15388:1221/185222.581:INFO:CONSOLE(2)] "-1639,167,400,368not in sight!", source: https://cdn.ravenjs.com/3.22.3/raven.min.js (2)
[7664:15388:1221/185222.581:INFO:CONSOLE(2)] "-1639,167,400,282not in sight!", source: https://cdn.ravenjs.com/3.22.3/raven.min.js (2)
[7664:15388:1221/185223.601:INFO:CONSOLE(2)] "ancestorIframeChanged:791,303", source: https://cdn.ravenjs.com/3.22.3/raven.min.js (2)
[7664:15388:1221/185223.603:INFO:CONSOLE(2)] "ancestorIframeChanged:-1209,211", source: https://cdn.ravenjs.com/3.22.3/raven.min.js (2)
[7664:15388:1221/185223.605:INFO:CONSOLE(2)] "ancestorIframeChanged:-1639,193", source: https://cdn.ravenjs.com/3.22.3/raven.min.js (2)
[7664:15388:1221/185223.609:INFO:CONSOLE(2)] "-1209,211,400,252not in sight!", source: https://cdn.ravenjs.com/3.22.3/raven.min.js (2)
[7664:15388:1221/185223.609:INFO:CONSOLE(2)] "-1209,211,280,235not in sight!", source: https://cdn.ravenjs.com/3.22.3/raven.min.js (2)
[7664:15388:1221/185223.610:INFO:CONSOLE(2)] "-1639,167,400,430not in sight!", source: https://cdn.ravenjs.com/3.22.3/raven.min.js (2)
[7664:15388:1221/185223.610:INFO:CONSOLE(2)] "-1639,167,400,282not in sight!", source: https://cdn.ravenjs.com/3.22.3/raven.min.js (2)
[7664:15388:1221/185224.681:INFO:CONSOLE(2)] "ancestorIframeChanged:-1209,211", source: https://cdn.ravenjs.com/3.22.3/raven.min.js (2)
[7664:15388:1221/185224.682:INFO:CONSOLE(2)] "ancestorIframeChanged:791,303", source: https://cdn.ravenjs.com/3.22.3/raven.min.js (2)
[7664:15388:1221/185224.684:INFO:CONSOLE(2)] "ancestorIframeChanged:-1639,193", source: https://cdn.ravenjs.com/3.22.3/raven.min.js (2)
[7664:15388:1221/185224.688:INFO:CONSOLE(2)] "-1209,211,400,245not in sight!", source: https://cdn.ravenjs.com/3.22.3/raven.min.js (2)
[7664:15388:1221/185224.689:INFO:CONSOLE(2)] "-1209,211,280,235not in sight!", source: https://cdn.ravenjs.com/3.22.3/raven.min.js (2)
[7664:15388:1221/185224.690:INFO:CONSOLE(2)] "-1639,167,400,430not in sight!", source: https://cdn.ravenjs.com/3.22.3/raven.min.js (2)
[7664:15388:1221/185224.690:INFO:CONSOLE(2)] "-1639,167,400,282not in sight!", source: https://cdn.ravenjs.com/3.22.3/raven.min.js (2)
[7664:15388:1221/185226.895:INFO:CONSOLE(2)] "ancestorIframeChanged:-1209,211", source: https://cdn.ravenjs.com/3.22.3/raven.min.js (2)
[7664:15388:1221/185226.897:INFO:CONSOLE(2)] "ancestorIframeChanged:791,303", source: https://cdn.ravenjs.com/3.22.3/raven.min.js (2)
[7664:15388:1221/185226.899:INFO:CONSOLE(2)] "ancestorIframeChanged:-1639,193", source: https://cdn.ravenjs.com/3.22.3/raven.min.js (2)
[7664:15388:1221/185226.902:INFO:CONSOLE(2)] "-1209,211,400,245not in sight!", source: https://cdn.ravenjs.com/3.22.3/raven.min.js (2)
[7664:15388:1221/185226.903:INFO:CONSOLE(2)] "-1209,211,280,235not in sight!", source: https://cdn.ravenjs.com/3.22.3/raven.min.js (2)
[7664:15388:1221/185226.903:INFO:CONSOLE(2)] "-1639,167,400,430not in sight!", source: https://cdn.ravenjs.com/3.22.3/raven.min.js (2)
[7664:15388:1221/185226.903:INFO:CONSOLE(2)] "-1639,167,400,282not in sight!", source: https://cdn.ravenjs.com/3.22.3/raven.min.js (2)
[7664:15388:1221/185228.124:INFO:CONSOLE(2)] "ancestorIframeChanged:-1209,211", source: https://cdn.ravenjs.com/3.22.3/raven.min.js (2)
[7664:15388:1221/185228.126:INFO:CONSOLE(2)] "ancestorIframeChanged:791,303", source: https://cdn.ravenjs.com/3.22.3/raven.min.js (2)
[7664:15388:1221/185228.128:INFO:CONSOLE(2)] "ancestorIframeChanged:-1639,193", source: https://cdn.ravenjs.com/3.22.3/raven.min.js (2)
[7664:15388:1221/185228.131:INFO:CONSOLE(2)] "-1209,211,400,245not in sight!", source: https://cdn.ravenjs.com/3.22.3/raven.min.js (2)
[7664:15388:1221/185228.132:INFO:CONSOLE(2)] "-1209,211,280,235not in sight!", source: https://cdn.ravenjs.com/3.22.3/raven.min.js (2)
[7664:15388:1221/185228.133:INFO:CONSOLE(2)] "-1639,167,400,430not in sight!", source: https://cdn.ravenjs.com/3.22.3/raven.min.js (2)
[7664:15388:1221/185228.133:INFO:CONSOLE(2)] "-1639,167,400,282not in sight!", source: https://cdn.ravenjs.com/3.22.3/raven.min.js (2)
[7664:15388:1221/185229.275:INFO:CONSOLE(2)] "ancestorIframeChanged:-1209,211", source: https://cdn.ravenjs.com/3.22.3/raven.min.js (2)
[7664:15388:1221/185229.276:INFO:CONSOLE(2)] "ancestorIframeChanged:791,303", source: https://cdn.ravenjs.com/3.22.3/raven.min.js (2)
[7664:15388:1221/185229.280:INFO:CONSOLE(2)] "ancestorIframeChanged:-1639,193", source: https://cdn.ravenjs.com/3.22.3/raven.min.js (2)
[7664:15388:1221/185229.283:INFO:CONSOLE(2)] "-1209,211,400,245not in sight!", source: https://cdn.ravenjs.com/3.22.3/raven.min.js (2)
[7664:15388:1221/185229.284:INFO:CONSOLE(2)] "-1209,211,280,235not in sight!", source: https://cdn.ravenjs.com/3.22.3/raven.min.js (2)
[7664:15388:1221/185229.285:INFO:CONSOLE(2)] "-1639,167,400,430not in sight!", source: https://cdn.ravenjs.com/3.22.3/raven.min.js (2)
[7664:15388:1221/185229.285:INFO:CONSOLE(2)] "-1639,167,400,282not in sight!", source: https://cdn.ravenjs.com/3.22.3/raven.min.js (2)
[7664:15388:1221/185231.090:INFO:CONSOLE(252)] "module-question/i18n/lang.js", source: http://tgc.stu.126.net/pub/s/teachold/core_8f48212905a0a11b856194fc3ce1a9de.js (252)
[7664:15388:1221/185231.092:INFO:CONSOLE(253)] "module-question/wapUiHelp", source: http://tgc.stu.126.net/pub/s/teachold/core_8f48212905a0a11b856194fc3ce1a9de.js (253)
[7664:15388:1221/185231.102:INFO:CONSOLE(257)] "module-question/wapUiViewHelp.js", source: http://tgc.stu.126.net/pub/s/teachold/core_8f48212905a0a11b856194fc3ce1a9de.js (257)
[7664:15388:1221/185237.130:INFO:CONSOLE(252)] "module-question/i18n/lang.js", source: http://tgc.stu.126.net/pub/s/teachold/core_8f48212905a0a11b856194fc3ce1a9de.js (252)
[7664:15388:1221/185237.131:INFO:CONSOLE(253)] "module-question/wapUiHelp", source: http://tgc.stu.126.net/pub/s/teachold/core_8f48212905a0a11b856194fc3ce1a9de.js (253)
[7664:15388:1221/185237.144:INFO:CONSOLE(257)] "module-question/wapUiViewHelp.js", source: http://tgc.stu.126.net/pub/s/teachold/core_8f48212905a0a11b856194fc3ce1a9de.js (257)
[7664:15388:1221/185246.672:INFO:CONSOLE(252)] "module-question/i18n/lang.js", source: http://tgc.stu.126.net/pub/s/teachold/core_8f48212905a0a11b856194fc3ce1a9de.js (252)
[7664:15388:1221/185246.673:INFO:CONSOLE(253)] "module-question/wapUiHelp", source: http://tgc.stu.126.net/pub/s/teachold/core_8f48212905a0a11b856194fc3ce1a9de.js (253)
[7664:15388:1221/185246.687:INFO:CONSOLE(257)] "module-question/wapUiViewHelp.js", source: http://tgc.stu.126.net/pub/s/teachold/core_8f48212905a0a11b856194fc3ce1a9de.js (257)
[7664:15388:1221/185256.601:INFO:CONSOLE(2)] "module-question/i18n/lang.js", source: https://cdn.ravenjs.com/3.22.3/raven.min.js (2)
[7664:15388:1221/185256.603:INFO:CONSOLE(2)] "module-question/wapUiHelp", source: https://cdn.ravenjs.com/3.22.3/raven.min.js (2)
[7664:15388:1221/185256.605:INFO:CONSOLE(2)] "module-question/wapUiViewHelp.js", source: https://cdn.ravenjs.com/3.22.3/raven.min.js (2)
[7664:15388:1221/185257.405:INFO:CONSOLE(0)] "[DOM] Password field is not contained in a form: (More info: https://goo.gl/9p2vKq) %o", source: https://geek.163.com/path/member/login?returnUrl=aHR0cDovL3RlYWNoLmdlZWsuMTYzLmNvbS80MDAwMDAwMDA2NzIwNjQuaHRt (0)
[7664:15388:1221/185257.405:INFO:CONSOLE(0)] "[DOM] Password field is not contained in a form: (More info: https://goo.gl/9p2vKq) %o", source: https://geek.163.com/path/member/login?returnUrl=aHR0cDovL3RlYWNoLmdlZWsuMTYzLmNvbS80MDAwMDAwMDA2NzIwNjQuaHRt (0)
[7664:15388:1221/185257.406:INFO:CONSOLE(0)] "[DOM] Password field is not contained in a form: (More info: https://goo.gl/9p2vKq) %o", source: https://geek.163.com/path/member/login?returnUrl=aHR0cDovL3RlYWNoLmdlZWsuMTYzLmNvbS80MDAwMDAwMDA2NzIwNjQuaHRt (0)
[7664:15388:1221/185257.406:INFO:CONSOLE(0)] "[DOM] Password field is not contained in a form: (More info: https://goo.gl/9p2vKq) %o", source: https://geek.163.com/path/member/login?returnUrl=aHR0cDovL3RlYWNoLmdlZWsuMTYzLmNvbS80MDAwMDAwMDA2NzIwNjQuaHRt (0)
[7664:15388:1221/185257.407:INFO:CONSOLE(0)] "[DOM] Password field is not contained in a form: (More info: https://goo.gl/9p2vKq) %o", source: https://geek.163.com/path/member/login?returnUrl=aHR0cDovL3RlYWNoLmdlZWsuMTYzLmNvbS80MDAwMDAwMDA2NzIwNjQuaHRt (0)
[7664:15388:1221/185257.407:INFO:CONSOLE(0)] "[DOM] Password field is not contained in a form: (More info: https://goo.gl/9p2vKq) %o", source: https://geek.163.com/path/member/login?returnUrl=aHR0cDovL3RlYWNoLmdlZWsuMTYzLmNvbS80MDAwMDAwMDA2NzIwNjQuaHRt (0)
[7664:15388:1221/185257.407:INFO:CONSOLE(0)] "[DOM] Password field is not contained in a form: (More info: https://goo.gl/9p2vKq) %o", source: https://geek.163.com/path/member/login?returnUrl=aHR0cDovL3RlYWNoLmdlZWsuMTYzLmNvbS80MDAwMDAwMDA2NzIwNjQuaHRt (0)
[7664:15388:1221/185257.408:INFO:CONSOLE(0)] "[DOM] Password field is not contained in a form: (More info: https://goo.gl/9p2vKq) %o", source: https://geek.163.com/path/member/login?returnUrl=aHR0cDovL3RlYWNoLmdlZWsuMTYzLmNvbS80MDAwMDAwMDA2NzIwNjQuaHRt (0)
[7664:15388:1221/185257.408:INFO:CONSOLE(0)] "[DOM] Password field is not contained in a form: (More info: https://goo.gl/9p2vKq) %o", source: https://geek.163.com/path/member/login?returnUrl=aHR0cDovL3RlYWNoLmdlZWsuMTYzLmNvbS80MDAwMDAwMDA2NzIwNjQuaHRt (0)
[7664:15388:1221/185257.953:INFO:CONSOLE(0)] "[DOM] Input elements should have autocomplete attributes (suggested: "new-password"): (More info: https://goo.gl/9p2vKq) %o", source: https://webzj.reg.163.com/v1.0.1/pub/index_dl.html?cd=%2F%2Fedu-cms.nosdn.127.net%2Ftopics%2Fcss%2F&cf=kada_urs_course_4c152c9f26817efac4936d84ec1baa71.css&MGID=1545389576976.2493&wdaId=UA1438236666413&pkid=VelXuSo&product=kada (0)
[7664:15388:1221/185258.239:INFO:CONSOLE(0)] "[DOM] Input elements should have autocomplete attributes (suggested: "new-password"): (More info: https://goo.gl/9p2vKq) %o", source: https://webzj.reg.163.com/v1.0.1/pub/index_reg.html?cd=%2F%2Fedu-cms.nosdn.127.net%2Ftopics%2Fcss%2F&cf=kada_urs_register_course_3d3c8920fcb04752d050df94efe9f31a.css&MGID=1545389577011.3752&wdaId=UA1438236666413&pkid=VelXuSo&product=kada (0)
[7664:15388:1221/185258.305:INFO:CONSOLE(0)] "[DOM] Input elements should have autocomplete attributes (suggested: "new-password"): (More info: https://goo.gl/9p2vKq) %o", source: https://webzj.reg.163.com/v1.0.1/pub/index.html?cd=%2F%2Fedu-cms.nosdn.127.net%2Ftopics%2Fcss%2F&cf=kada_urs_course_4c152c9f26817efac4936d84ec1baa71.css&MGID=1545389577000.8313&wdaId=UA1438236666413&pkid=VelXuSo&product=kada (0)
[7664:15388:1221/185258.458:INFO:CONSOLE(2)] "ancestorIframeChanged:791,303", source: https://cdn.ravenjs.com/3.22.3/raven.min.js (2)
[7664:15388:1221/185258.460:INFO:CONSOLE(2)] "ancestorIframeChanged:-1209,211", source: https://cdn.ravenjs.com/3.22.3/raven.min.js (2)
[7664:15388:1221/185258.463:INFO:CONSOLE(2)] "ancestorIframeChanged:-1639,193", source: https://cdn.ravenjs.com/3.22.3/raven.min.js (2)
[7664:15388:1221/185258.475:INFO:CONSOLE(2)] "-1209,211,400,252not in sight!", source: https://cdn.ravenjs.com/3.22.3/raven.min.js (2)
[7664:15388:1221/185258.476:INFO:CONSOLE(2)] "-1209,211,280,235not in sight!", source: https://cdn.ravenjs.com/3.22.3/raven.min.js (2)
[7664:15388:1221/185258.476:INFO:CONSOLE(2)] "-1639,167,400,368not in sight!", source: https://cdn.ravenjs.com/3.22.3/raven.min.js (2)
[7664:15388:1221/185258.477:INFO:CONSOLE(2)] "-1639,167,400,282not in sight!", source: https://cdn.ravenjs.com/3.22.3/raven.min.js (2)
[7664:15388:1221/185259.426:INFO:CONSOLE(2)] "ancestorIframeChanged:791,303", source: https://cdn.ravenjs.com/3.22.3/raven.min.js (2)
[7664:15388:1221/185259.427:INFO:CONSOLE(2)] "ancestorIframeChanged:-1209,211", source: https://cdn.ravenjs.com/3.22.3/raven.min.js (2)
[7664:15388:1221/185259.430:INFO:CONSOLE(2)] "ancestorIframeChanged:-1639,193", source: https://cdn.ravenjs.com/3.22.3/raven.min.js (2)
[7664:15388:1221/185259.434:INFO:CONSOLE(2)] "-1209,211,400,252not in sight!", source: https://cdn.ravenjs.com/3.22.3/raven.min.js (2)
[7664:15388:1221/185259.434:INFO:CONSOLE(2)] "-1209,211,280,235not in sight!", source: https://cdn.ravenjs.com/3.22.3/raven.min.js (2)
[7664:15388:1221/185259.435:INFO:CONSOLE(2)] "-1639,167,400,430not in sight!", source: https://cdn.ravenjs.com/3.22.3/raven.min.js (2)
[7664:15388:1221/185259.436:INFO:CONSOLE(2)] "-1639,167,400,282not in sight!", source: https://cdn.ravenjs.com/3.22.3/raven.min.js (2)
[7664:15388:1221/185300.517:INFO:CONSOLE(2)] "ancestorIframeChanged:-1209,211", source: https://cdn.ravenjs.com/3.22.3/raven.min.js (2)
[7664:15388:1221/185300.519:INFO:CONSOLE(2)] "ancestorIframeChanged:791,303", source: https://cdn.ravenjs.com/3.22.3/raven.min.js (2)
[7664:15388:1221/185300.521:INFO:CONSOLE(2)] "ancestorIframeChanged:-1639,193", source: https://cdn.ravenjs.com/3.22.3/raven.min.js (2)
[7664:15388:1221/185300.524:INFO:CONSOLE(2)] "-1209,211,400,245not in sight!", source: https://cdn.ravenjs.com/3.22.3/raven.min.js (2)
[7664:15388:1221/185300.526:INFO:CONSOLE(2)] "-1209,211,280,235not in sight!", source: https://cdn.ravenjs.com/3.22.3/raven.min.js (2)
[7664:15388:1221/185300.526:INFO:CONSOLE(2)] "-1639,167,400,430not in sight!", source: https://cdn.ravenjs.com/3.22.3/raven.min.js (2)
[7664:15388:1221/185300.526:INFO:CONSOLE(2)] "-1639,167,400,282not in sight!", source: https://cdn.ravenjs.com/3.22.3/raven.min.js (2)
[7664:15388:1221/185302.477:INFO:CONSOLE(2)] "ancestorIframeChanged:-1209,211", source: https://cdn.ravenjs.com/3.22.3/raven.min.js (2)
[7664:15388:1221/185302.478:INFO:CONSOLE(2)] "ancestorIframeChanged:791,303", source: https://cdn.ravenjs.com/3.22.3/raven.min.js (2)
[7664:15388:1221/185302.480:INFO:CONSOLE(2)] "ancestorIframeChanged:-1639,193", source: https://cdn.ravenjs.com/3.22.3/raven.min.js (2)
[7664:15388:1221/185302.483:INFO:CONSOLE(2)] "-1209,211,400,245not in sight!", source: https://cdn.ravenjs.com/3.22.3/raven.min.js (2)
[7664:15388:1221/185302.484:INFO:CONSOLE(2)] "-1209,211,280,235not in sight!", source: https://cdn.ravenjs.com/3.22.3/raven.min.js (2)
[7664:15388:1221/185302.485:INFO:CONSOLE(2)] "-1639,167,400,430not in sight!", source: https://cdn.ravenjs.com/3.22.3/raven.min.js (2)
[7664:15388:1221/185302.485:INFO:CONSOLE(2)] "-1639,167,400,282not in sight!", source: https://cdn.ravenjs.com/3.22.3/raven.min.js (2)
[7664:15388:1221/185303.680:INFO:CONSOLE(2)] "ancestorIframeChanged:-1209,211", source: https://cdn.ravenjs.com/3.22.3/raven.min.js (2)
[7664:15388:1221/185303.681:INFO:CONSOLE(2)] "ancestorIframeChanged:791,303", source: https://cdn.ravenjs.com/3.22.3/raven.min.js (2)
[7664:15388:1221/185303.683:INFO:CONSOLE(2)] "ancestorIframeChanged:-1639,193", source: https://cdn.ravenjs.com/3.22.3/raven.min.js (2)
[7664:15388:1221/185303.687:INFO:CONSOLE(2)] "-1209,211,400,245not in sight!", source: https://cdn.ravenjs.com/3.22.3/raven.min.js (2)
[7664:15388:1221/185303.688:INFO:CONSOLE(2)] "-1209,211,280,235not in sight!", source: https://cdn.ravenjs.com/3.22.3/raven.min.js (2)
[7664:15388:1221/185303.689:INFO:CONSOLE(2)] "-1639,167,400,430not in sight!", source: https://cdn.ravenjs.com/3.22.3/raven.min.js (2)
[7664:15388:1221/185303.689:INFO:CONSOLE(2)] "-1639,167,400,282not in sight!", source: https://cdn.ravenjs.com/3.22.3/raven.min.js (2)
[7664:15388:1221/185304.825:INFO:CONSOLE(2)] "ancestorIframeChanged:-1209,211", source: https://cdn.ravenjs.com/3.22.3/raven.min.js (2)
[7664:15388:1221/185304.826:INFO:CONSOLE(2)] "ancestorIframeChanged:791,303", source: https://cdn.ravenjs.com/3.22.3/raven.min.js (2)
[7664:15388:1221/185304.830:INFO:CONSOLE(2)] "ancestorIframeChanged:-1639,193", source: https://cdn.ravenjs.com/3.22.3/raven.min.js (2)
[7664:15388:1221/185304.833:INFO:CONSOLE(2)] "-1209,211,400,245not in sight!", source: https://cdn.ravenjs.com/3.22.3/raven.min.js (2)
[7664:15388:1221/185304.834:INFO:CONSOLE(2)] "-1209,211,280,235not in sight!", source: https://cdn.ravenjs.com/3.22.3/raven.min.js (2)
[7664:15388:1221/185304.834:INFO:CONSOLE(2)] "-1639,167,400,430not in sight!", source: https://cdn.ravenjs.com/3.22.3/raven.min.js (2)
[7664:15388:1221/185304.834:INFO:CONSOLE(2)] "-1639,167,400,282not in sight!", source: https://cdn.ravenjs.com/3.22.3/raven.min.js (2)
[7664:15388:1221/185306.661:INFO:CONSOLE(252)] "module-question/i18n/lang.js", source: http://tgc.stu.126.net/pub/s/teachold/core_8f48212905a0a11b856194fc3ce1a9de.js (252)
[7664:15388:1221/185306.663:INFO:CONSOLE(253)] "module-question/wapUiHelp", source: http://tgc.stu.126.net/pub/s/teachold/core_8f48212905a0a11b856194fc3ce1a9de.js (253)
[7664:15388:1221/185306.675:INFO:CONSOLE(257)] "module-question/wapUiViewHelp.js", source: http://tgc.stu.126.net/pub/s/teachold/core_8f48212905a0a11b856194fc3ce1a9de.js (257)
[7664:15388:1221/185308.399:INFO:CONSOLE(252)] "module-question/i18n/lang.js", source: http://tgc.stu.126.net/pub/s/teachold/core_8f48212905a0a11b856194fc3ce1a9de.js (252)
[7664:15388:1221/185308.399:INFO:CONSOLE(253)] "module-question/wapUiHelp", source: http://tgc.stu.126.net/pub/s/teachold/core_8f48212905a0a11b856194fc3ce1a9de.js (253)
[7664:15388:1221/185308.411:INFO:CONSOLE(257)] "module-question/wapUiViewHelp.js", source: http://tgc.stu.126.net/pub/s/teachold/core_8f48212905a0a11b856194fc3ce1a9de.js (257)
[7664:15388:1221/185317.637:INFO:CONSOLE(605)] "ancestorIframeChanged:624,594", source:  (605)
[7664:15388:1221/185317.643:INFO:CONSOLE(468)] "623,949,800,41not in sight!", source:  (468)
[7664:15388:1221/185317.643:INFO:CONSOLE(468)] "623,990,800,118not in sight!", source:  (468)
[7664:15388:1221/185317.644:INFO:CONSOLE(468)] "623,1128,940,34not in sight!", source:  (468)
[7664:15388:1221/185317.644:INFO:CONSOLE(468)] "623,1182,940,0not in sight!", source:  (468)
[7664:15388:1221/185319.751:INFO:CONSOLE(605)] "ancestorIframeChanged:624,594", source:  (605)
[7664:15388:1221/185319.757:INFO:CONSOLE(468)] "623,949,800,41not in sight!", source:  (468)
[7664:15388:1221/185319.757:INFO:CONSOLE(468)] "623,990,800,118not in sight!", source:  (468)
[7664:15388:1221/185319.758:INFO:CONSOLE(468)] "623,1128,940,34not in sight!", source:  (468)
[7664:15388:1221/185319.759:INFO:CONSOLE(468)] "623,1182,940,0not in sight!", source:  (468)
[7664:15388:1221/185321.698:INFO:CONSOLE(605)] "ancestorIframeChanged:624,302", source:  (605)
[7664:15388:1221/185321.702:INFO:CONSOLE(468)] "0,-292,1903,60not in sight!", source:  (468)
[7664:15388:1221/185321.702:INFO:CONSOLE(468)] "0,-232,1903,100not in sight!", source:  (468)
[7664:15388:1221/185321.702:INFO:CONSOLE(468)] "358,-132,1205,0not in sight!", source:  (468)
[7664:15388:1221/185321.702:INFO:CONSOLE(468)] "623,-112,940,36not in sight!", source:  (468)
[7664:15388:1221/185321.702:INFO:CONSOLE(468)] "644,-25,119,21not in sight!", source:  (468)
[7664:15388:1221/185323.849:INFO:CONSOLE(605)] "ancestorIframeChanged:624,302", source:  (605)
[7664:15388:1221/185323.852:INFO:CONSOLE(468)] "0,-292,1903,60not in sight!", source:  (468)
[7664:15388:1221/185323.852:INFO:CONSOLE(468)] "0,-232,1903,100not in sight!", source:  (468)
[7664:15388:1221/185323.853:INFO:CONSOLE(468)] "358,-132,1205,0not in sight!", source:  (468)
[7664:15388:1221/185323.853:INFO:CONSOLE(468)] "623,-112,940,36not in sight!", source:  (468)
[7664:15388:1221/185323.853:INFO:CONSOLE(468)] "644,-25,119,21not in sight!", source:  (468)
[7664:15388:1221/185324.918:INFO:CONSOLE(605)] "ancestorIframeChanged:624,302", source:  (605)
[7664:15388:1221/185324.921:INFO:CONSOLE(468)] "0,-292,1903,60not in sight!", source:  (468)
[7664:15388:1221/185324.922:INFO:CONSOLE(468)] "0,-232,1903,100not in sight!", source:  (468)
[7664:15388:1221/185324.922:INFO:CONSOLE(468)] "358,-132,1205,0not in sight!", source:  (468)
[7664:15388:1221/185324.922:INFO:CONSOLE(468)] "623,-112,940,36not in sight!", source:  (468)
[7664:15388:1221/185324.922:INFO:CONSOLE(468)] "644,-25,119,21not in sight!", source:  (468)
[7664:15388:1221/185325.963:INFO:CONSOLE(605)] "ancestorIframeChanged:624,302", source:  (605)
[7664:15388:1221/185325.966:INFO:CONSOLE(468)] "0,-292,1903,60not in sight!", source:  (468)
[7664:15388:1221/185325.967:INFO:CONSOLE(468)] "0,-232,1903,100not in sight!", source:  (468)
[7664:15388:1221/185325.968:INFO:CONSOLE(468)] "358,-132,1205,0not in sight!", source:  (468)
[7664:15388:1221/185325.968:INFO:CONSOLE(468)] "623,-112,940,36not in sight!", source:  (468)
[7664:15388:1221/185325.968:INFO:CONSOLE(468)] "644,-25,119,21not in sight!", source:  (468)
[7664:15388:1221/185346.446:INFO:CONSOLE(2)] "module-question/i18n/lang.js", source: https://cdn.ravenjs.com/3.22.3/raven.min.js (2)
[7664:15388:1221/185346.446:INFO:CONSOLE(2)] "module-question/wapUiHelp", source: https://cdn.ravenjs.com/3.22.3/raven.min.js (2)
[7664:15388:1221/185346.448:INFO:CONSOLE(2)] "module-question/wapUiViewHelp.js", source: https://cdn.ravenjs.com/3.22.3/raven.min.js (2)
[7664:15388:1221/185347.071:INFO:CONSOLE(0)] "[DOM] Password field is not contained in a form: (More info: https://goo.gl/9p2vKq) %o", source: https://geek.163.com/path/member/login?returnUrl=aHR0cDovL3RlYWNoLmdlZWsuMTYzLmNvbS80MDAwMDAwMDA2NzIwNjQuaHRt (0)
[7664:15388:1221/185347.071:INFO:CONSOLE(0)] "[DOM] Password field is not contained in a form: (More info: https://goo.gl/9p2vKq) %o", source: https://geek.163.com/path/member/login?returnUrl=aHR0cDovL3RlYWNoLmdlZWsuMTYzLmNvbS80MDAwMDAwMDA2NzIwNjQuaHRt (0)
[7664:15388:1221/185347.071:INFO:CONSOLE(0)] "[DOM] Password field is not contained in a form: (More info: https://goo.gl/9p2vKq) %o", source: https://geek.163.com/path/member/login?returnUrl=aHR0cDovL3RlYWNoLmdlZWsuMTYzLmNvbS80MDAwMDAwMDA2NzIwNjQuaHRt (0)
[7664:15388:1221/185347.071:INFO:CONSOLE(0)] "[DOM] Password field is not contained in a form: (More info: https://goo.gl/9p2vKq) %o", source: https://geek.163.com/path/member/login?returnUrl=aHR0cDovL3RlYWNoLmdlZWsuMTYzLmNvbS80MDAwMDAwMDA2NzIwNjQuaHRt (0)
[7664:15388:1221/185347.072:INFO:CONSOLE(0)] "[DOM] Password field is not contained in a form: (More info: https://goo.gl/9p2vKq) %o", source: https://geek.163.com/path/member/login?returnUrl=aHR0cDovL3RlYWNoLmdlZWsuMTYzLmNvbS80MDAwMDAwMDA2NzIwNjQuaHRt (0)
[7664:15388:1221/185347.072:INFO:CONSOLE(0)] "[DOM] Password field is not contained in a form: (More info: https://goo.gl/9p2vKq) %o", source: https://geek.163.com/path/member/login?returnUrl=aHR0cDovL3RlYWNoLmdlZWsuMTYzLmNvbS80MDAwMDAwMDA2NzIwNjQuaHRt (0)
[7664:15388:1221/185347.072:INFO:CONSOLE(0)] "[DOM] Password field is not contained in a form: (More info: https://goo.gl/9p2vKq) %o", source: https://geek.163.com/path/member/login?returnUrl=aHR0cDovL3RlYWNoLmdlZWsuMTYzLmNvbS80MDAwMDAwMDA2NzIwNjQuaHRt (0)
[7664:15388:1221/185347.072:INFO:CONSOLE(0)] "[DOM] Password field is not contained in a form: (More info: https://goo.gl/9p2vKq) %o", source: https://geek.163.com/path/member/login?returnUrl=aHR0cDovL3RlYWNoLmdlZWsuMTYzLmNvbS80MDAwMDAwMDA2NzIwNjQuaHRt (0)
[7664:15388:1221/185347.072:INFO:CONSOLE(0)] "[DOM] Password field is not contained in a form: (More info: https://goo.gl/9p2vKq) %o", source: https://geek.163.com/path/member/login?returnUrl=aHR0cDovL3RlYWNoLmdlZWsuMTYzLmNvbS80MDAwMDAwMDA2NzIwNjQuaHRt (0)
[7664:15388:1221/185347.702:INFO:CONSOLE(0)] "[DOM] Input elements should have autocomplete attributes (suggested: "new-password"): (More info: https://goo.gl/9p2vKq) %o", source: https://webzj.reg.163.com/v1.0.1/pub/index_dl.html?cd=%2F%2Fedu-cms.nosdn.127.net%2Ftopics%2Fcss%2F&cf=kada_urs_course_4c152c9f26817efac4936d84ec1baa71.css&MGID=1545389626722.7522&wdaId=UA1438236666413&pkid=VelXuSo&product=kada (0)
[7664:15388:1221/185347.712:INFO:CONSOLE(0)] "[DOM] Input elements should have autocomplete attributes (suggested: "new-password"): (More info: https://goo.gl/9p2vKq) %o", source: https://webzj.reg.163.com/v1.0.1/pub/index_reg.html?cd=%2F%2Fedu-cms.nosdn.127.net%2Ftopics%2Fcss%2F&cf=kada_urs_register_course_3d3c8920fcb04752d050df94efe9f31a.css&MGID=1545389626750.747&wdaId=UA1438236666413&pkid=VelXuSo&product=kada (0)
[7664:15388:1221/185347.713:INFO:CONSOLE(0)] "[DOM] Input elements should have autocomplete attributes (suggested: "new-password"): (More info: https://goo.gl/9p2vKq) %o", source: https://webzj.reg.163.com/v1.0.1/pub/index.html?cd=%2F%2Fedu-cms.nosdn.127.net%2Ftopics%2Fcss%2F&cf=kada_urs_course_4c152c9f26817efac4936d84ec1baa71.css&MGID=1545389626744.6716&wdaId=UA1438236666413&pkid=VelXuSo&product=kada (0)
[7664:15388:1221/185347.865:INFO:CONSOLE(2)] "ancestorIframeChanged:791,303", source: https://cdn.ravenjs.com/3.22.3/raven.min.js (2)
[7664:15388:1221/185347.868:INFO:CONSOLE(2)] "ancestorIframeChanged:-1209,211", source: https://cdn.ravenjs.com/3.22.3/raven.min.js (2)
[7664:15388:1221/185347.871:INFO:CONSOLE(2)] "ancestorIframeChanged:-1639,193", source: https://cdn.ravenjs.com/3.22.3/raven.min.js (2)
[7664:15388:1221/185347.878:INFO:CONSOLE(2)] "-1209,211,400,252not in sight!", source: https://cdn.ravenjs.com/3.22.3/raven.min.js (2)
[7664:15388:1221/185347.878:INFO:CONSOLE(2)] "-1209,211,280,235not in sight!", source: https://cdn.ravenjs.com/3.22.3/raven.min.js (2)
[7664:15388:1221/185347.879:INFO:CONSOLE(2)] "-1639,167,400,368not in sight!", source: https://cdn.ravenjs.com/3.22.3/raven.min.js (2)
[7664:15388:1221/185347.879:INFO:CONSOLE(2)] "-1639,167,400,282not in sight!", source: https://cdn.ravenjs.com/3.22.3/raven.min.js (2)
[7664:15388:1221/185348.900:INFO:CONSOLE(2)] "ancestorIframeChanged:791,303", source: https://cdn.ravenjs.com/3.22.3/raven.min.js (2)
[7664:15388:1221/185348.901:INFO:CONSOLE(2)] "ancestorIframeChanged:-1209,211", source: https://cdn.ravenjs.com/3.22.3/raven.min.js (2)
[7664:15388:1221/185348.905:INFO:CONSOLE(2)] "ancestorIframeChanged:-1639,193", source: https://cdn.ravenjs.com/3.22.3/raven.min.js (2)
[7664:15388:1221/185348.910:INFO:CONSOLE(2)] "-1209,211,400,252not in sight!", source: https://cdn.ravenjs.com/3.22.3/raven.min.js (2)
[7664:15388:1221/185348.911:INFO:CONSOLE(2)] "-1209,211,280,235not in sight!", source: https://cdn.ravenjs.com/3.22.3/raven.min.js (2)
[7664:15388:1221/185348.911:INFO:CONSOLE(2)] "-1639,167,400,430not in sight!", source: https://cdn.ravenjs.com/3.22.3/raven.min.js (2)
[7664:15388:1221/185348.912:INFO:CONSOLE(2)] "-1639,167,400,282not in sight!", source: https://cdn.ravenjs.com/3.22.3/raven.min.js (2)
[7664:15388:1221/185349.977:INFO:CONSOLE(2)] "ancestorIframeChanged:-1209,211", source: https://cdn.ravenjs.com/3.22.3/raven.min.js (2)
[7664:15388:1221/185349.979:INFO:CONSOLE(2)] "ancestorIframeChanged:791,303", source: https://cdn.ravenjs.com/3.22.3/raven.min.js (2)
[7664:15388:1221/185349.981:INFO:CONSOLE(2)] "ancestorIframeChanged:-1639,193", source: https://cdn.ravenjs.com/3.22.3/raven.min.js (2)
[7664:15388:1221/185349.984:INFO:CONSOLE(2)] "-1209,211,400,245not in sight!", source: https://cdn.ravenjs.com/3.22.3/raven.min.js (2)
[7664:15388:1221/185349.985:INFO:CONSOLE(2)] "-1209,211,280,235not in sight!", source: https://cdn.ravenjs.com/3.22.3/raven.min.js (2)
[7664:15388:1221/185349.987:INFO:CONSOLE(2)] "-1639,167,400,430not in sight!", source: https://cdn.ravenjs.com/3.22.3/raven.min.js (2)
[7664:15388:1221/185349.987:INFO:CONSOLE(2)] "-1639,167,400,282not in sight!", source: https://cdn.ravenjs.com/3.22.3/raven.min.js (2)
[7664:15388:1221/185352.177:INFO:CONSOLE(2)] "ancestorIframeChanged:-1209,211", source: https://cdn.ravenjs.com/3.22.3/raven.min.js (2)
[7664:15388:1221/185352.178:INFO:CONSOLE(2)] "ancestorIframeChanged:791,303", source: https://cdn.ravenjs.com/3.22.3/raven.min.js (2)
[7664:15388:1221/185352.180:INFO:CONSOLE(2)] "ancestorIframeChanged:-1639,193", source: https://cdn.ravenjs.com/3.22.3/raven.min.js (2)
[7664:15388:1221/185352.183:INFO:CONSOLE(2)] "-1209,211,400,245not in sight!", source: https://cdn.ravenjs.com/3.22.3/raven.min.js (2)
[7664:15388:1221/185352.184:INFO:CONSOLE(2)] "-1209,211,280,235not in sight!", source: https://cdn.ravenjs.com/3.22.3/raven.min.js (2)
[7664:15388:1221/185352.185:INFO:CONSOLE(2)] "-1639,167,400,430not in sight!", source: https://cdn.ravenjs.com/3.22.3/raven.min.js (2)
[7664:15388:1221/185352.185:INFO:CONSOLE(2)] "-1639,167,400,282not in sight!", source: https://cdn.ravenjs.com/3.22.3/raven.min.js (2)
[7664:15388:1221/185353.344:INFO:CONSOLE(2)] "ancestorIframeChanged:-1209,211", source: https://cdn.ravenjs.com/3.22.3/raven.min.js (2)
[7664:15388:1221/185353.345:INFO:CONSOLE(2)] "ancestorIframeChanged:791,303", source: https://cdn.ravenjs.com/3.22.3/raven.min.js (2)
[7664:15388:1221/185353.347:INFO:CONSOLE(2)] "ancestorIframeChanged:-1639,193", source: https://cdn.ravenjs.com/3.22.3/raven.min.js (2)
[7664:15388:1221/185353.350:INFO:CONSOLE(2)] "-1209,211,400,245not in sight!", source: https://cdn.ravenjs.com/3.22.3/raven.min.js (2)
[7664:15388:1221/185353.350:INFO:CONSOLE(2)] "-1209,211,280,235not in sight!", source: https://cdn.ravenjs.com/3.22.3/raven.min.js (2)
[7664:15388:1221/185353.351:INFO:CONSOLE(2)] "-1639,167,400,430not in sight!", source: https://cdn.ravenjs.com/3.22.3/raven.min.js (2)
[7664:15388:1221/185353.351:INFO:CONSOLE(2)] "-1639,167,400,282not in sight!", source: https://cdn.ravenjs.com/3.22.3/raven.min.js (2)
[7664:15388:1221/185354.495:INFO:CONSOLE(2)] "ancestorIframeChanged:-1209,211", source: https://cdn.ravenjs.com/3.22.3/raven.min.js (2)
[7664:15388:1221/185354.497:INFO:CONSOLE(2)] "ancestorIframeChanged:791,303", source: https://cdn.ravenjs.com/3.22.3/raven.min.js (2)
[7664:15388:1221/185354.499:INFO:CONSOLE(2)] "ancestorIframeChanged:-1639,193", source: https://cdn.ravenjs.com/3.22.3/raven.min.js (2)
[7664:15388:1221/185354.503:INFO:CONSOLE(2)] "-1209,211,400,245not in sight!", source: https://cdn.ravenjs.com/3.22.3/raven.min.js (2)
[7664:15388:1221/185354.504:INFO:CONSOLE(2)] "-1209,211,280,235not in sight!", source: https://cdn.ravenjs.com/3.22.3/raven.min.js (2)
[7664:15388:1221/185354.504:INFO:CONSOLE(2)] "-1639,167,400,430not in sight!", source: https://cdn.ravenjs.com/3.22.3/raven.min.js (2)
[7664:15388:1221/185354.505:INFO:CONSOLE(2)] "-1639,167,400,282not in sight!", source: https://cdn.ravenjs.com/3.22.3/raven.min.js (2)
[7664:15388:1221/185356.323:INFO:CONSOLE(252)] "module-question/i18n/lang.js", source: http://tgc.stu.126.net/pub/s/teachold/core_8f48212905a0a11b856194fc3ce1a9de.js (252)
[7664:15388:1221/185356.324:INFO:CONSOLE(253)] "module-question/wapUiHelp", source: http://tgc.stu.126.net/pub/s/teachold/core_8f48212905a0a11b856194fc3ce1a9de.js (253)
[7664:15388:1221/185356.334:INFO:CONSOLE(257)] "module-question/wapUiViewHelp.js", source: http://tgc.stu.126.net/pub/s/teachold/core_8f48212905a0a11b856194fc3ce1a9de.js (257)
[7664:15388:1221/185357.746:INFO:CONSOLE(252)] "module-question/i18n/lang.js", source: http://tgc.stu.126.net/pub/s/teachold/core_8f48212905a0a11b856194fc3ce1a9de.js (252)
[7664:15388:1221/185357.747:INFO:CONSOLE(253)] "module-question/wapUiHelp", source: http://tgc.stu.126.net/pub/s/teachold/core_8f48212905a0a11b856194fc3ce1a9de.js (253)
[7664:15388:1221/185357.763:INFO:CONSOLE(257)] "module-question/wapUiViewHelp.js", source: http://tgc.stu.126.net/pub/s/teachold/core_8f48212905a0a11b856194fc3ce1a9de.js (257)
[7664:15388:1221/185406.691:INFO:CONSOLE(605)] "ancestorIframeChanged:624,594", source:  (605)
[7664:15388:1221/185407.945:INFO:CONSOLE(605)] "ancestorIframeChanged:624,594", source:  (605)
[7664:15388:1221/185409.773:INFO:CONSOLE(605)] "ancestorIframeChanged:624,594", source:  (605)
[7664:15388:1221/185410.836:INFO:CONSOLE(605)] "ancestorIframeChanged:624,594", source:  (605)
[7664:15388:1221/185411.920:INFO:CONSOLE(605)] "ancestorIframeChanged:624,594", source:  (605)
[7664:15388:1221/185412.984:INFO:CONSOLE(605)] "ancestorIframeChanged:624,594", source:  (605)
[7664:15388:1221/185414.066:INFO:CONSOLE(605)] "ancestorIframeChanged:624,594", source:  (605)
[7664:15388:1221/185414.070:INFO:CONSOLE(468)] "623,964,940,34not in sight!", source:  (468)
[7664:15388:1221/185414.071:INFO:CONSOLE(468)] "623,1018,940,0not in sight!", source:  (468)
[7664:15388:1221/185415.032:INFO:CONSOLE(605)] "ancestorIframeChanged:624,594", source:  (605)
[7664:15388:1221/185415.037:INFO:CONSOLE(468)] "623,964,940,34not in sight!", source:  (468)
[7664:15388:1221/185415.038:INFO:CONSOLE(468)] "623,1018,940,0not in sight!", source:  (468)
[7664:15388:1221/185418.948:INFO:CONSOLE(605)] "ancestorIframeChanged:624,466", source:  (605)
[7664:15388:1221/185418.951:INFO:CONSOLE(468)] "0,-128,1903,60not in sight!", source:  (468)
[7664:15388:1221/185418.951:INFO:CONSOLE(468)] "358,-58,600,38not in sight!", source:  (468)
[7664:15388:1221/185418.952:INFO:CONSOLE(468)] "358,-18,112,16not in sight!", source:  (468)
[7664:15388:1221/185423.827:INFO:CONSOLE(605)] "ancestorIframeChanged:624,466", source:  (605)
[7664:15388:1221/185423.831:INFO:CONSOLE(468)] "0,-128,1903,60not in sight!", source:  (468)
[7664:15388:1221/185423.832:INFO:CONSOLE(468)] "358,-58,600,38not in sight!", source:  (468)
[7664:15388:1221/185423.832:INFO:CONSOLE(468)] "358,-18,112,16not in sight!", source:  (468)
[7664:15388:1221/185446.392:INFO:CONSOLE(2)] "module-question/i18n/lang.js", source: https://cdn.ravenjs.com/3.22.3/raven.min.js (2)
[7664:15388:1221/185446.393:INFO:CONSOLE(2)] "module-question/wapUiHelp", source: https://cdn.ravenjs.com/3.22.3/raven.min.js (2)
[7664:15388:1221/185446.394:INFO:CONSOLE(2)] "module-question/wapUiViewHelp.js", source: https://cdn.ravenjs.com/3.22.3/raven.min.js (2)
[7664:15388:1221/185446.745:INFO:CONSOLE(0)] "[DOM] Password field is not contained in a form: (More info: https://goo.gl/9p2vKq) %o", source: https://geek.163.com/path/member/login?returnUrl=aHR0cDovL3RlYWNoLmdlZWsuMTYzLmNvbS80MDAwMDAwMDA2NzIwNjQuaHRt (0)
[7664:15388:1221/185446.746:INFO:CONSOLE(0)] "[DOM] Password field is not contained in a form: (More info: https://goo.gl/9p2vKq) %o", source: https://geek.163.com/path/member/login?returnUrl=aHR0cDovL3RlYWNoLmdlZWsuMTYzLmNvbS80MDAwMDAwMDA2NzIwNjQuaHRt (0)
[7664:15388:1221/185446.746:INFO:CONSOLE(0)] "[DOM] Password field is not contained in a form: (More info: https://goo.gl/9p2vKq) %o", source: https://geek.163.com/path/member/login?returnUrl=aHR0cDovL3RlYWNoLmdlZWsuMTYzLmNvbS80MDAwMDAwMDA2NzIwNjQuaHRt (0)
[7664:15388:1221/185446.746:INFO:CONSOLE(0)] "[DOM] Password field is not contained in a form: (More info: https://goo.gl/9p2vKq) %o", source: https://geek.163.com/path/member/login?returnUrl=aHR0cDovL3RlYWNoLmdlZWsuMTYzLmNvbS80MDAwMDAwMDA2NzIwNjQuaHRt (0)
[7664:15388:1221/185446.747:INFO:CONSOLE(0)] "[DOM] Password field is not contained in a form: (More info: https://goo.gl/9p2vKq) %o", source: https://geek.163.com/path/member/login?returnUrl=aHR0cDovL3RlYWNoLmdlZWsuMTYzLmNvbS80MDAwMDAwMDA2NzIwNjQuaHRt (0)
[7664:15388:1221/185446.747:INFO:CONSOLE(0)] "[DOM] Password field is not contained in a form: (More info: https://goo.gl/9p2vKq) %o", source: https://geek.163.com/path/member/login?returnUrl=aHR0cDovL3RlYWNoLmdlZWsuMTYzLmNvbS80MDAwMDAwMDA2NzIwNjQuaHRt (0)
[7664:15388:1221/185446.747:INFO:CONSOLE(0)] "[DOM] Password field is not contained in a form: (More info: https://goo.gl/9p2vKq) %o", source: https://geek.163.com/path/member/login?returnUrl=aHR0cDovL3RlYWNoLmdlZWsuMTYzLmNvbS80MDAwMDAwMDA2NzIwNjQuaHRt (0)
[7664:15388:1221/185446.747:INFO:CONSOLE(0)] "[DOM] Password field is not contained in a form: (More info: https://goo.gl/9p2vKq) %o", source: https://geek.163.com/path/member/login?returnUrl=aHR0cDovL3RlYWNoLmdlZWsuMTYzLmNvbS80MDAwMDAwMDA2NzIwNjQuaHRt (0)
[7664:15388:1221/185446.747:INFO:CONSOLE(0)] "[DOM] Password field is not contained in a form: (More info: https://goo.gl/9p2vKq) %o", source: https://geek.163.com/path/member/login?returnUrl=aHR0cDovL3RlYWNoLmdlZWsuMTYzLmNvbS80MDAwMDAwMDA2NzIwNjQuaHRt (0)
[7664:15388:1221/185447.765:INFO:CONSOLE(0)] "[DOM] Input elements should have autocomplete attributes (suggested: "new-password"): (More info: https://goo.gl/9p2vKq) %o", source: https://webzj.reg.163.com/v1.0.1/pub/index_dl.html?cd=%2F%2Fedu-cms.nosdn.127.net%2Ftopics%2Fcss%2F&cf=kada_urs_course_4c152c9f26817efac4936d84ec1baa71.css&MGID=1545389686694.9104&wdaId=UA1438236666413&pkid=VelXuSo&product=kada (0)
[7664:15388:1221/185447.766:INFO:CONSOLE(0)] "[DOM] Input elements should have autocomplete attributes (suggested: "new-password"): (More info: https://goo.gl/9p2vKq) %o", source: https://webzj.reg.163.com/v1.0.1/pub/index_reg.html?cd=%2F%2Fedu-cms.nosdn.127.net%2Ftopics%2Fcss%2F&cf=kada_urs_register_course_3d3c8920fcb04752d050df94efe9f31a.css&MGID=1545389686733.7986&wdaId=UA1438236666413&pkid=VelXuSo&product=kada (0)
[7664:15388:1221/185447.780:INFO:CONSOLE(0)] "[DOM] Input elements should have autocomplete attributes (suggested: "new-password"): (More info: https://goo.gl/9p2vKq) %o", source: https://webzj.reg.163.com/v1.0.1/pub/index.html?cd=%2F%2Fedu-cms.nosdn.127.net%2Ftopics%2Fcss%2F&cf=kada_urs_course_4c152c9f26817efac4936d84ec1baa71.css&MGID=1545389686722.1233&wdaId=UA1438236666413&pkid=VelXuSo&product=kada (0)
[7664:15388:1221/185448.274:INFO:CONSOLE(2)] "ancestorIframeChanged:791,303", source: https://cdn.ravenjs.com/3.22.3/raven.min.js (2)
[7664:15388:1221/185448.277:INFO:CONSOLE(2)] "ancestorIframeChanged:-1209,211", source: https://cdn.ravenjs.com/3.22.3/raven.min.js (2)
[7664:15388:1221/185448.282:INFO:CONSOLE(2)] "ancestorIframeChanged:-1639,193", source: https://cdn.ravenjs.com/3.22.3/raven.min.js (2)
[7664:15388:1221/185448.287:INFO:CONSOLE(2)] "-1209,211,400,252not in sight!", source: https://cdn.ravenjs.com/3.22.3/raven.min.js (2)
[7664:15388:1221/185448.288:INFO:CONSOLE(2)] "-1209,211,280,235not in sight!", source: https://cdn.ravenjs.com/3.22.3/raven.min.js (2)
[7664:15388:1221/185448.288:INFO:CONSOLE(2)] "-1639,167,400,430not in sight!", source: https://cdn.ravenjs.com/3.22.3/raven.min.js (2)
[7664:15388:1221/185448.288:INFO:CONSOLE(2)] "-1639,167,400,282not in sight!", source: https://cdn.ravenjs.com/3.22.3/raven.min.js (2)
[7664:15388:1221/185449.263:INFO:CONSOLE(2)] "ancestorIframeChanged:791,303", source: https://cdn.ravenjs.com/3.22.3/raven.min.js (2)
[7664:15388:1221/185449.264:INFO:CONSOLE(2)] "ancestorIframeChanged:-1209,211", source: https://cdn.ravenjs.com/3.22.3/raven.min.js (2)
[7664:15388:1221/185449.266:INFO:CONSOLE(2)] "ancestorIframeChanged:-1639,193", source: https://cdn.ravenjs.com/3.22.3/raven.min.js (2)
[7664:15388:1221/185449.269:INFO:CONSOLE(2)] "-1209,211,400,252not in sight!", source: https://cdn.ravenjs.com/3.22.3/raven.min.js (2)
[7664:15388:1221/185449.269:INFO:CONSOLE(2)] "-1209,211,280,235not in sight!", source: https://cdn.ravenjs.com/3.22.3/raven.min.js (2)
[7664:15388:1221/185449.270:INFO:CONSOLE(2)] "-1639,167,400,430not in sight!", source: https://cdn.ravenjs.com/3.22.3/raven.min.js (2)
[7664:15388:1221/185449.270:INFO:CONSOLE(2)] "-1639,167,400,282not in sight!", source: https://cdn.ravenjs.com/3.22.3/raven.min.js (2)
[7664:15388:1221/185450.325:INFO:CONSOLE(2)] "ancestorIframeChanged:-1209,211", source: https://cdn.ravenjs.com/3.22.3/raven.min.js (2)
[7664:15388:1221/185450.326:INFO:CONSOLE(2)] "ancestorIframeChanged:791,303", source: https://cdn.ravenjs.com/3.22.3/raven.min.js (2)
[7664:15388:1221/185450.328:INFO:CONSOLE(2)] "ancestorIframeChanged:-1639,193", source: https://cdn.ravenjs.com/3.22.3/raven.min.js (2)
[7664:15388:1221/185450.331:INFO:CONSOLE(2)] "-1209,211,400,245not in sight!", source: https://cdn.ravenjs.com/3.22.3/raven.min.js (2)
[7664:15388:1221/185450.331:INFO:CONSOLE(2)] "-1209,211,280,235not in sight!", source: https://cdn.ravenjs.com/3.22.3/raven.min.js (2)
[7664:15388:1221/185450.332:INFO:CONSOLE(2)] "-1639,167,400,430not in sight!", source: https://cdn.ravenjs.com/3.22.3/raven.min.js (2)
[7664:15388:1221/185450.332:INFO:CONSOLE(2)] "-1639,167,400,282not in sight!", source: https://cdn.ravenjs.com/3.22.3/raven.min.js (2)
[7664:15388:1221/185454.232:INFO:CONSOLE(2)] "ancestorIframeChanged:-1209,211", source: https://cdn.ravenjs.com/3.22.3/raven.min.js (2)
[7664:15388:1221/185454.233:INFO:CONSOLE(2)] "ancestorIframeChanged:791,303", source: https://cdn.ravenjs.com/3.22.3/raven.min.js (2)
[7664:15388:1221/185454.235:INFO:CONSOLE(2)] "ancestorIframeChanged:-1639,193", source: https://cdn.ravenjs.com/3.22.3/raven.min.js (2)
[7664:15388:1221/185454.239:INFO:CONSOLE(2)] "-1209,211,400,245not in sight!", source: https://cdn.ravenjs.com/3.22.3/raven.min.js (2)
[7664:15388:1221/185454.241:INFO:CONSOLE(2)] "-1209,211,280,235not in sight!", source: https://cdn.ravenjs.com/3.22.3/raven.min.js (2)
[7664:15388:1221/185454.241:INFO:CONSOLE(2)] "-1639,167,400,430not in sight!", source: https://cdn.ravenjs.com/3.22.3/raven.min.js (2)
[7664:15388:1221/185454.242:INFO:CONSOLE(2)] "-1639,167,400,282not in sight!", source: https://cdn.ravenjs.com/3.22.3/raven.min.js (2)
[7664:15388:1221/185455.390:INFO:CONSOLE(2)] "ancestorIframeChanged:-1209,211", source: https://cdn.ravenjs.com/3.22.3/raven.min.js (2)
[7664:15388:1221/185455.392:INFO:CONSOLE(2)] "ancestorIframeChanged:791,303", source: https://cdn.ravenjs.com/3.22.3/raven.min.js (2)
[7664:15388:1221/185455.394:INFO:CONSOLE(2)] "ancestorIframeChanged:-1639,193", source: https://cdn.ravenjs.com/3.22.3/raven.min.js (2)
[7664:15388:1221/185455.397:INFO:CONSOLE(2)] "-1209,211,400,245not in sight!", source: https://cdn.ravenjs.com/3.22.3/raven.min.js (2)
[7664:15388:1221/185455.398:INFO:CONSOLE(2)] "-1209,211,280,235not in sight!", source: https://cdn.ravenjs.com/3.22.3/raven.min.js (2)
[7664:15388:1221/185455.398:INFO:CONSOLE(2)] "-1639,167,400,430not in sight!", source: https://cdn.ravenjs.com/3.22.3/raven.min.js (2)
[7664:15388:1221/185455.399:INFO:CONSOLE(2)] "-1639,167,400,282not in sight!", source: https://cdn.ravenjs.com/3.22.3/raven.min.js (2)
[7664:15388:1221/185456.552:INFO:CONSOLE(2)] "ancestorIframeChanged:-1209,211", source: https://cdn.ravenjs.com/3.22.3/raven.min.js (2)
[7664:15388:1221/185456.553:INFO:CONSOLE(2)] "ancestorIframeChanged:791,303", source: https://cdn.ravenjs.com/3.22.3/raven.min.js (2)
[7664:15388:1221/185456.555:INFO:CONSOLE(2)] "ancestorIframeChanged:-1639,193", source: https://cdn.ravenjs.com/3.22.3/raven.min.js (2)
[7664:15388:1221/185456.559:INFO:CONSOLE(2)] "-1209,211,400,245not in sight!", source: https://cdn.ravenjs.com/3.22.3/raven.min.js (2)
[7664:15388:1221/185456.560:INFO:CONSOLE(2)] "-1209,211,280,235not in sight!", source: https://cdn.ravenjs.com/3.22.3/raven.min.js (2)
[7664:15388:1221/185456.560:INFO:CONSOLE(2)] "-1639,167,400,430not in sight!", source: https://cdn.ravenjs.com/3.22.3/raven.min.js (2)
[7664:15388:1221/185456.561:INFO:CONSOLE(2)] "-1639,167,400,282not in sight!", source: https://cdn.ravenjs.com/3.22.3/raven.min.js (2)
[7664:15388:1221/185458.244:INFO:CONSOLE(252)] "module-question/i18n/lang.js", source: http://tgc.stu.126.net/pub/s/teachold/core_8f48212905a0a11b856194fc3ce1a9de.js (252)
[7664:15388:1221/185458.245:INFO:CONSOLE(253)] "module-question/wapUiHelp", source: http://tgc.stu.126.net/pub/s/teachold/core_8f48212905a0a11b856194fc3ce1a9de.js (253)
[7664:15388:1221/185458.257:INFO:CONSOLE(257)] "module-question/wapUiViewHelp.js", source: http://tgc.stu.126.net/pub/s/teachold/core_8f48212905a0a11b856194fc3ce1a9de.js (257)
[7664:15388:1221/185551.249:INFO:CONSOLE(252)] "module-question/i18n/lang.js", source: http://tgc.stu.126.net/pub/s/teachold/core_8f48212905a0a11b856194fc3ce1a9de.js (252)
[7664:15388:1221/185551.249:INFO:CONSOLE(253)] "module-question/wapUiHelp", source: http://tgc.stu.126.net/pub/s/teachold/core_8f48212905a0a11b856194fc3ce1a9de.js (253)
[7664:15388:1221/185551.262:INFO:CONSOLE(257)] "module-question/wapUiViewHelp.js", source: http://tgc.stu.126.net/pub/s/teachold/core_8f48212905a0a11b856194fc3ce1a9de.js (257)
[7664:15388:1221/185552.441:INFO:CONSOLE(468)] "739,1035,443,0not in sight!", source:  (468)
[7664:15388:1221/185552.442:INFO:CONSOLE(468)] "623,1068,940,158not in sight!", source:  (468)
[7664:15388:1221/185552.442:INFO:CONSOLE(468)] "623,1258,940,44not in sight!", source:  (468)
[7664:15388:1221/185554.986:INFO:CONSOLE(468)] "739,1035,443,0not in sight!", source:  (468)
[7664:15388:1221/185554.986:INFO:CONSOLE(468)] "623,1068,940,158not in sight!", source:  (468)
[7664:15388:1221/185554.987:INFO:CONSOLE(468)] "623,1258,940,44not in sight!", source:  (468)
[7664:15388:1221/185555.994:INFO:CONSOLE(468)] "739,1035,443,0not in sight!", source:  (468)
[7664:15388:1221/185555.994:INFO:CONSOLE(468)] "623,1068,940,158not in sight!", source:  (468)
[7664:15388:1221/185555.995:INFO:CONSOLE(468)] "623,1258,940,44not in sight!", source:  (468)
[7664:15388:1221/185616.520:INFO:CONSOLE(2)] "module-question/i18n/lang.js", source: https://cdn.ravenjs.com/3.22.3/raven.min.js (2)
[7664:15388:1221/185616.521:INFO:CONSOLE(2)] "module-question/wapUiHelp", source: https://cdn.ravenjs.com/3.22.3/raven.min.js (2)
[7664:15388:1221/185616.523:INFO:CONSOLE(2)] "module-question/wapUiViewHelp.js", source: https://cdn.ravenjs.com/3.22.3/raven.min.js (2)
[7664:15388:1221/185617.117:INFO:CONSOLE(0)] "[DOM] Password field is not contained in a form: (More info: https://goo.gl/9p2vKq) %o", source: https://geek.163.com/path/member/login?returnUrl=aHR0cDovL3RlYWNoLmdlZWsuMTYzLmNvbS80MDAwMDAwMDA2NzIwNjQuaHRt (0)
[7664:15388:1221/185617.117:INFO:CONSOLE(0)] "[DOM] Password field is not contained in a form: (More info: https://goo.gl/9p2vKq) %o", source: https://geek.163.com/path/member/login?returnUrl=aHR0cDovL3RlYWNoLmdlZWsuMTYzLmNvbS80MDAwMDAwMDA2NzIwNjQuaHRt (0)
[7664:15388:1221/185617.117:INFO:CONSOLE(0)] "[DOM] Password field is not contained in a form: (More info: https://goo.gl/9p2vKq) %o", source: https://geek.163.com/path/member/login?returnUrl=aHR0cDovL3RlYWNoLmdlZWsuMTYzLmNvbS80MDAwMDAwMDA2NzIwNjQuaHRt (0)
[7664:15388:1221/185617.118:INFO:CONSOLE(0)] "[DOM] Password field is not contained in a form: (More info: https://goo.gl/9p2vKq) %o", source: https://geek.163.com/path/member/login?returnUrl=aHR0cDovL3RlYWNoLmdlZWsuMTYzLmNvbS80MDAwMDAwMDA2NzIwNjQuaHRt (0)
[7664:15388:1221/185617.118:INFO:CONSOLE(0)] "[DOM] Password field is not contained in a form: (More info: https://goo.gl/9p2vKq) %o", source: https://geek.163.com/path/member/login?returnUrl=aHR0cDovL3RlYWNoLmdlZWsuMTYzLmNvbS80MDAwMDAwMDA2NzIwNjQuaHRt (0)
[7664:15388:1221/185617.118:INFO:CONSOLE(0)] "[DOM] Password field is not contained in a form: (More info: https://goo.gl/9p2vKq) %o", source: https://geek.163.com/path/member/login?returnUrl=aHR0cDovL3RlYWNoLmdlZWsuMTYzLmNvbS80MDAwMDAwMDA2NzIwNjQuaHRt (0)
[7664:15388:1221/185617.118:INFO:CONSOLE(0)] "[DOM] Password field is not contained in a form: (More info: https://goo.gl/9p2vKq) %o", source: https://geek.163.com/path/member/login?returnUrl=aHR0cDovL3RlYWNoLmdlZWsuMTYzLmNvbS80MDAwMDAwMDA2NzIwNjQuaHRt (0)
[7664:15388:1221/185617.118:INFO:CONSOLE(0)] "[DOM] Password field is not contained in a form: (More info: https://goo.gl/9p2vKq) %o", source: https://geek.163.com/path/member/login?returnUrl=aHR0cDovL3RlYWNoLmdlZWsuMTYzLmNvbS80MDAwMDAwMDA2NzIwNjQuaHRt (0)
[7664:15388:1221/185617.119:INFO:CONSOLE(0)] "[DOM] Password field is not contained in a form: (More info: https://goo.gl/9p2vKq) %o", source: https://geek.163.com/path/member/login?returnUrl=aHR0cDovL3RlYWNoLmdlZWsuMTYzLmNvbS80MDAwMDAwMDA2NzIwNjQuaHRt (0)
[7664:15388:1221/185617.411:INFO:CONSOLE(0)] "[DOM] Input elements should have autocomplete attributes (suggested: "new-password"): (More info: https://goo.gl/9p2vKq) %o", source: https://webzj.reg.163.com/v1.0.1/pub/index_reg.html?cd=%2F%2Fedu-cms.nosdn.127.net%2Ftopics%2Fcss%2F&cf=kada_urs_register_course_3d3c8920fcb04752d050df94efe9f31a.css&MGID=1545389776851.917&wdaId=UA1438236666413&pkid=VelXuSo&product=kada (0)
[7664:15388:1221/185617.553:INFO:CONSOLE(0)] "[DOM] Input elements should have autocomplete attributes (suggested: "new-password"): (More info: https://goo.gl/9p2vKq) %o", source: https://webzj.reg.163.com/v1.0.1/pub/index.html?cd=%2F%2Fedu-cms.nosdn.127.net%2Ftopics%2Fcss%2F&cf=kada_urs_course_4c152c9f26817efac4936d84ec1baa71.css&MGID=1545389776845.4678&wdaId=UA1438236666413&pkid=VelXuSo&product=kada (0)
[7664:15388:1221/185617.959:INFO:CONSOLE(0)] "[DOM] Input elements should have autocomplete attributes (suggested: "new-password"): (More info: https://goo.gl/9p2vKq) %o", source: https://webzj.reg.163.com/v1.0.1/pub/index_dl.html?cd=%2F%2Fedu-cms.nosdn.127.net%2Ftopics%2Fcss%2F&cf=kada_urs_course_4c152c9f26817efac4936d84ec1baa71.css&MGID=1545389776822.0293&wdaId=UA1438236666413&pkid=VelXuSo&product=kada (0)
[7664:15388:1221/185618.487:INFO:CONSOLE(2)] "ancestorIframeChanged:791,303", source: https://cdn.ravenjs.com/3.22.3/raven.min.js (2)
[7664:15388:1221/185618.488:INFO:CONSOLE(2)] "ancestorIframeChanged:-1209,211", source: https://cdn.ravenjs.com/3.22.3/raven.min.js (2)
[7664:15388:1221/185618.494:INFO:CONSOLE(2)] "ancestorIframeChanged:-1639,193", source: https://cdn.ravenjs.com/3.22.3/raven.min.js (2)
[7664:15388:1221/185618.500:INFO:CONSOLE(2)] "-1209,211,400,252not in sight!", source: https://cdn.ravenjs.com/3.22.3/raven.min.js (2)
[7664:15388:1221/185618.501:INFO:CONSOLE(2)] "-1209,211,280,235not in sight!", source: https://cdn.ravenjs.com/3.22.3/raven.min.js (2)
[7664:15388:1221/185618.501:INFO:CONSOLE(2)] "-1639,167,400,430not in sight!", source: https://cdn.ravenjs.com/3.22.3/raven.min.js (2)
[7664:15388:1221/185618.502:INFO:CONSOLE(2)] "-1639,167,400,282not in sight!", source: https://cdn.ravenjs.com/3.22.3/raven.min.js (2)
[7664:15388:1221/185619.526:INFO:CONSOLE(2)] "ancestorIframeChanged:791,303", source: https://cdn.ravenjs.com/3.22.3/raven.min.js (2)
[7664:15388:1221/185619.527:INFO:CONSOLE(2)] "ancestorIframeChanged:-1209,211", source: https://cdn.ravenjs.com/3.22.3/raven.min.js (2)
[7664:15388:1221/185619.529:INFO:CONSOLE(2)] "ancestorIframeChanged:-1639,193", source: https://cdn.ravenjs.com/3.22.3/raven.min.js (2)
[7664:15388:1221/185619.534:INFO:CONSOLE(2)] "-1209,211,400,252not in sight!", source: https://cdn.ravenjs.com/3.22.3/raven.min.js (2)
[7664:15388:1221/185619.534:INFO:CONSOLE(2)] "-1209,211,280,235not in sight!", source: https://cdn.ravenjs.com/3.22.3/raven.min.js (2)
[7664:15388:1221/185619.535:INFO:CONSOLE(2)] "-1639,167,400,430not in sight!", source: https://cdn.ravenjs.com/3.22.3/raven.min.js (2)
[7664:15388:1221/185619.535:INFO:CONSOLE(2)] "-1639,167,400,282not in sight!", source: https://cdn.ravenjs.com/3.22.3/raven.min.js (2)
[7664:15388:1221/185620.614:INFO:CONSOLE(2)] "ancestorIframeChanged:-1209,211", source: https://cdn.ravenjs.com/3.22.3/raven.min.js (2)
[7664:15388:1221/185620.616:INFO:CONSOLE(2)] "ancestorIframeChanged:791,303", source: https://cdn.ravenjs.com/3.22.3/raven.min.js (2)
[7664:15388:1221/185620.618:INFO:CONSOLE(2)] "ancestorIframeChanged:-1639,193", source: https://cdn.ravenjs.com/3.22.3/raven.min.js (2)
[7664:15388:1221/185620.621:INFO:CONSOLE(2)] "-1209,211,400,245not in sight!", source: https://cdn.ravenjs.com/3.22.3/raven.min.js (2)
[7664:15388:1221/185620.621:INFO:CONSOLE(2)] "-1209,211,280,235not in sight!", source: https://cdn.ravenjs.com/3.22.3/raven.min.js (2)
[7664:15388:1221/185620.622:INFO:CONSOLE(2)] "-1639,167,400,430not in sight!", source: https://cdn.ravenjs.com/3.22.3/raven.min.js (2)
[7664:15388:1221/185620.623:INFO:CONSOLE(2)] "-1639,167,400,282not in sight!", source: https://cdn.ravenjs.com/3.22.3/raven.min.js (2)
[7664:15388:1221/185622.891:INFO:CONSOLE(2)] "ancestorIframeChanged:-1209,211", source: https://cdn.ravenjs.com/3.22.3/raven.min.js (2)
[7664:15388:1221/185622.892:INFO:CONSOLE(2)] "ancestorIframeChanged:791,303", source: https://cdn.ravenjs.com/3.22.3/raven.min.js (2)
[7664:15388:1221/185622.895:INFO:CONSOLE(2)] "ancestorIframeChanged:-1639,193", source: https://cdn.ravenjs.com/3.22.3/raven.min.js (2)
[7664:15388:1221/185622.898:INFO:CONSOLE(2)] "-1209,211,400,245not in sight!", source: https://cdn.ravenjs.com/3.22.3/raven.min.js (2)
[7664:15388:1221/185622.899:INFO:CONSOLE(2)] "-1209,211,280,235not in sight!", source: https://cdn.ravenjs.com/3.22.3/raven.min.js (2)
[7664:15388:1221/185622.900:INFO:CONSOLE(2)] "-1639,167,400,430not in sight!", source: https://cdn.ravenjs.com/3.22.3/raven.min.js (2)
[7664:15388:1221/185622.900:INFO:CONSOLE(2)] "-1639,167,400,282not in sight!", source: https://cdn.ravenjs.com/3.22.3/raven.min.js (2)
[7664:15388:1221/185624.273:INFO:CONSOLE(2)] "ancestorIframeChanged:-1209,211", source: https://cdn.ravenjs.com/3.22.3/raven.min.js (2)
[7664:15388:1221/185624.275:INFO:CONSOLE(2)] "ancestorIframeChanged:791,303", source: https://cdn.ravenjs.com/3.22.3/raven.min.js (2)
[7664:15388:1221/185624.279:INFO:CONSOLE(2)] "ancestorIframeChanged:-1639,193", source: https://cdn.ravenjs.com/3.22.3/raven.min.js (2)
[7664:15388:1221/185624.282:INFO:CONSOLE(2)] "-1209,211,400,245not in sight!", source: https://cdn.ravenjs.com/3.22.3/raven.min.js (2)
[7664:15388:1221/185624.283:INFO:CONSOLE(2)] "-1209,211,280,235not in sight!", source: https://cdn.ravenjs.com/3.22.3/raven.min.js (2)
[7664:15388:1221/185624.284:INFO:CONSOLE(2)] "-1639,167,400,430not in sight!", source: https://cdn.ravenjs.com/3.22.3/raven.min.js (2)
[7664:15388:1221/185624.284:INFO:CONSOLE(2)] "-1639,167,400,282not in sight!", source: https://cdn.ravenjs.com/3.22.3/raven.min.js (2)
[7664:15388:1221/185625.425:INFO:CONSOLE(2)] "ancestorIframeChanged:-1209,211", source: https://cdn.ravenjs.com/3.22.3/raven.min.js (2)
[7664:15388:1221/185625.427:INFO:CONSOLE(2)] "ancestorIframeChanged:791,303", source: https://cdn.ravenjs.com/3.22.3/raven.min.js (2)
[7664:15388:1221/185625.429:INFO:CONSOLE(2)] "ancestorIframeChanged:-1639,193", source: https://cdn.ravenjs.com/3.22.3/raven.min.js (2)
[7664:15388:1221/185625.432:INFO:CONSOLE(2)] "-1209,211,400,245not in sight!", source: https://cdn.ravenjs.com/3.22.3/raven.min.js (2)
[7664:15388:1221/185625.432:INFO:CONSOLE(2)] "-1209,211,280,235not in sight!", source: https://cdn.ravenjs.com/3.22.3/raven.min.js (2)
[7664:15388:1221/185625.433:INFO:CONSOLE(2)] "-1639,167,400,430not in sight!", source: https://cdn.ravenjs.com/3.22.3/raven.min.js (2)
[7664:15388:1221/185625.433:INFO:CONSOLE(2)] "-1639,167,400,282not in sight!", source: https://cdn.ravenjs.com/3.22.3/raven.min.js (2)
[7664:15388:1221/185627.249:INFO:CONSOLE(252)] "module-question/i18n/lang.js", source: http://tgc.stu.126.net/pub/s/teachold/core_8f48212905a0a11b856194fc3ce1a9de.js (252)
[7664:15388:1221/185627.249:INFO:CONSOLE(253)] "module-question/wapUiHelp", source: http://tgc.stu.126.net/pub/s/teachold/core_8f48212905a0a11b856194fc3ce1a9de.js (253)
[7664:15388:1221/185627.269:INFO:CONSOLE(257)] "module-question/wapUiViewHelp.js", source: http://tgc.stu.126.net/pub/s/teachold/core_8f48212905a0a11b856194fc3ce1a9de.js (257)
[7664:15388:1221/185628.742:INFO:CONSOLE(252)] "module-question/i18n/lang.js", source: http://tgc.stu.126.net/pub/s/teachold/core_8f48212905a0a11b856194fc3ce1a9de.js (252)
[7664:15388:1221/185628.743:INFO:CONSOLE(253)] "module-question/wapUiHelp", source: http://tgc.stu.126.net/pub/s/teachold/core_8f48212905a0a11b856194fc3ce1a9de.js (253)
[7664:15388:1221/185628.761:INFO:CONSOLE(257)] "module-question/wapUiViewHelp.js", source: http://tgc.stu.126.net/pub/s/teachold/core_8f48212905a0a11b856194fc3ce1a9de.js (257)
[7664:15388:1221/185638.990:INFO:CONSOLE(468)] "993,953,371,110not in sight!", source:  (468)
[7664:15388:1221/185638.990:INFO:CONSOLE(468)] "993,1103,371,74not in sight!", source:  (468)
[7664:15388:1221/185640.120:INFO:CONSOLE(468)] "623,968,940,70not in sight!", source:  (468)
[7664:15388:1221/185640.121:INFO:CONSOLE(468)] "623,1038,940,72not in sight!", source:  (468)
[7664:15388:1221/185640.121:INFO:CONSOLE(468)] "623,1109,940,70not in sight!", source:  (468)
[7664:15388:1221/185640.121:INFO:CONSOLE(468)] "623,1199,940,38not in sight!", source:  (468)
[7664:15388:1221/185641.120:INFO:CONSOLE(468)] "623,968,940,70not in sight!", source:  (468)
[7664:15388:1221/185641.120:INFO:CONSOLE(468)] "623,1038,940,72not in sight!", source:  (468)
[7664:15388:1221/185641.121:INFO:CONSOLE(468)] "623,1109,940,70not in sight!", source:  (468)
[7664:15388:1221/185641.121:INFO:CONSOLE(468)] "623,1199,940,38not in sight!", source:  (468)
