[7800:12788:1225/142415.950:WARNING:discovery_network_list_win.cc(195)] Failed to open Wlan client handle: 1062
[7800:4664:1225/142416.624:WARNING:CONSOLE(0)] "HTML Imports is deprecated and will be removed in M73, around March 2019. Please use ES modules instead. See https://www.chromestatus.com/features/5144752345317376 for more details.", source:  (0)
[7800:4664:1225/142416.722:WARNING:CONSOLE(77)] "document.registerElement is deprecated and will be removed in M73, around March 2019. Please use window.customElements.define instead. See https://www.chromestatus.com/features/4642138092470272 for more details.", source: https://ssl.gstatic.com/chrome/components/doodle-notifier-02.html (77)
[7800:4664:1225/142418.989:INFO:CONSOLE(619)] "ancestorIframeChanged:218,378", source:  (619)
[7800:4664:1225/142420.164:INFO:CONSOLE(619)] "ancestorIframeChanged:620,378", source:  (619)
[7800:4664:1225/142420.855:INFO:CONSOLE(8)] "SW registered", source: https://www.google.com/_/chrome/newtab?ie=UTF-8 (8)
[7800:4664:1225/142421.239:INFO:CONSOLE(619)] "ancestorIframeChanged:620,378", source:  (619)
[7800:4664:1225/142422.456:INFO:CONSOLE(2)] "module-question/i18n/lang.js", source: https://cdn.ravenjs.com/3.22.3/raven.min.js (2)
[7800:4664:1225/142422.459:INFO:CONSOLE(2)] "module-question/wapUiHelp", source: https://cdn.ravenjs.com/3.22.3/raven.min.js (2)
[7800:4664:1225/142422.461:INFO:CONSOLE(2)] "module-question/wapUiViewHelp.js", source: https://cdn.ravenjs.com/3.22.3/raven.min.js (2)
[7800:4664:1225/142423.295:INFO:CONSOLE(0)] "[DOM] Password field is not contained in a form: (More info: https://goo.gl/9p2vKq) %o", source: https://geek.163.com/path/member/login?returnUrl=aHR0cDovL3RlYWNoLmdlZWsuMTYzLmNvbS80MDAwMDAwMDA2NzIwNjQuaHRt (0)
[7800:4664:1225/142423.295:INFO:CONSOLE(0)] "[DOM] Password field is not contained in a form: (More info: https://goo.gl/9p2vKq) %o", source: https://geek.163.com/path/member/login?returnUrl=aHR0cDovL3RlYWNoLmdlZWsuMTYzLmNvbS80MDAwMDAwMDA2NzIwNjQuaHRt (0)
[7800:4664:1225/142423.295:INFO:CONSOLE(0)] "[DOM] Password field is not contained in a form: (More info: https://goo.gl/9p2vKq) %o", source: https://geek.163.com/path/member/login?returnUrl=aHR0cDovL3RlYWNoLmdlZWsuMTYzLmNvbS80MDAwMDAwMDA2NzIwNjQuaHRt (0)
[7800:4664:1225/142423.296:INFO:CONSOLE(0)] "[DOM] Password field is not contained in a form: (More info: https://goo.gl/9p2vKq) %o", source: https://geek.163.com/path/member/login?returnUrl=aHR0cDovL3RlYWNoLmdlZWsuMTYzLmNvbS80MDAwMDAwMDA2NzIwNjQuaHRt (0)
[7800:4664:1225/142423.296:INFO:CONSOLE(0)] "[DOM] Password field is not contained in a form: (More info: https://goo.gl/9p2vKq) %o", source: https://geek.163.com/path/member/login?returnUrl=aHR0cDovL3RlYWNoLmdlZWsuMTYzLmNvbS80MDAwMDAwMDA2NzIwNjQuaHRt (0)
[7800:4664:1225/142423.296:INFO:CONSOLE(0)] "[DOM] Password field is not contained in a form: (More info: https://goo.gl/9p2vKq) %o", source: https://geek.163.com/path/member/login?returnUrl=aHR0cDovL3RlYWNoLmdlZWsuMTYzLmNvbS80MDAwMDAwMDA2NzIwNjQuaHRt (0)
[7800:4664:1225/142423.296:INFO:CONSOLE(0)] "[DOM] Password field is not contained in a form: (More info: https://goo.gl/9p2vKq) %o", source: https://geek.163.com/path/member/login?returnUrl=aHR0cDovL3RlYWNoLmdlZWsuMTYzLmNvbS80MDAwMDAwMDA2NzIwNjQuaHRt (0)
[7800:4664:1225/142423.296:INFO:CONSOLE(0)] "[DOM] Password field is not contained in a form: (More info: https://goo.gl/9p2vKq) %o", source: https://geek.163.com/path/member/login?returnUrl=aHR0cDovL3RlYWNoLmdlZWsuMTYzLmNvbS80MDAwMDAwMDA2NzIwNjQuaHRt (0)
[7800:4664:1225/142423.296:INFO:CONSOLE(0)] "[DOM] Password field is not contained in a form: (More info: https://goo.gl/9p2vKq) %o", source: https://geek.163.com/path/member/login?returnUrl=aHR0cDovL3RlYWNoLmdlZWsuMTYzLmNvbS80MDAwMDAwMDA2NzIwNjQuaHRt (0)
[7800:4664:1225/142424.114:INFO:CONSOLE(0)] "[DOM] Input elements should have autocomplete attributes (suggested: "new-password"): (More info: https://goo.gl/9p2vKq) %o", source: https://webzj.reg.163.com/v1.0.1/pub/index_reg.html?cd=%2F%2Fedu-cms.nosdn.127.net%2Ftopics%2Fcss%2F&cf=kada_urs_register_course_3d3c8920fcb04752d050df94efe9f31a.css&MGID=1545719062882.8281&wdaId=UA1438236666413&pkid=VelXuSo&product=kada (0)
[7800:4664:1225/142424.243:INFO:CONSOLE(0)] "[DOM] Input elements should have autocomplete attributes (suggested: "new-password"): (More info: https://goo.gl/9p2vKq) %o", source: https://webzj.reg.163.com/v1.0.1/pub/index.html?cd=%2F%2Fedu-cms.nosdn.127.net%2Ftopics%2Fcss%2F&cf=kada_urs_course_4c152c9f26817efac4936d84ec1baa71.css&MGID=1545719062868.8289&wdaId=UA1438236666413&pkid=VelXuSo&product=kada (0)
[7800:4664:1225/142424.245:INFO:CONSOLE(0)] "[DOM] Input elements should have autocomplete attributes (suggested: "new-password"): (More info: https://goo.gl/9p2vKq) %o", source: https://webzj.reg.163.com/v1.0.1/pub/index_dl.html?cd=%2F%2Fedu-cms.nosdn.127.net%2Ftopics%2Fcss%2F&cf=kada_urs_course_4c152c9f26817efac4936d84ec1baa71.css&MGID=1545719062847.0823&wdaId=UA1438236666413&pkid=VelXuSo&product=kada (0)
[7800:4664:1225/142424.939:INFO:CONSOLE(2)] "ancestorIframeChanged:791,303", source: https://cdn.ravenjs.com/3.22.3/raven.min.js (2)
[7800:4664:1225/142424.946:INFO:CONSOLE(2)] "ancestorIframeChanged:-1209,211", source: https://cdn.ravenjs.com/3.22.3/raven.min.js (2)
[7800:4664:1225/142424.950:INFO:CONSOLE(2)] "ancestorIframeChanged:-1639,193", source: https://cdn.ravenjs.com/3.22.3/raven.min.js (2)
[7800:4664:1225/142426.004:INFO:CONSOLE(2)] "ancestorIframeChanged:791,303", source: https://cdn.ravenjs.com/3.22.3/raven.min.js (2)
[7800:4664:1225/142426.005:INFO:CONSOLE(2)] "ancestorIframeChanged:-1209,211", source: https://cdn.ravenjs.com/3.22.3/raven.min.js (2)
[7800:4664:1225/142426.007:INFO:CONSOLE(2)] "ancestorIframeChanged:-1639,193", source: https://cdn.ravenjs.com/3.22.3/raven.min.js (2)
[7800:4664:1225/142427.107:INFO:CONSOLE(2)] "ancestorIframeChanged:-1209,211", source: https://cdn.ravenjs.com/3.22.3/raven.min.js (2)
[7800:4664:1225/142427.109:INFO:CONSOLE(2)] "ancestorIframeChanged:791,303", source: https://cdn.ravenjs.com/3.22.3/raven.min.js (2)
[7800:4664:1225/142427.111:INFO:CONSOLE(2)] "ancestorIframeChanged:-1639,193", source: https://cdn.ravenjs.com/3.22.3/raven.min.js (2)
[7800:4664:1225/142428.405:INFO:CONSOLE(2)] "ancestorIframeChanged:-1209,211", source: https://cdn.ravenjs.com/3.22.3/raven.min.js (2)
[7800:4664:1225/142428.407:INFO:CONSOLE(2)] "ancestorIframeChanged:791,303", source: https://cdn.ravenjs.com/3.22.3/raven.min.js (2)
[7800:4664:1225/142428.408:INFO:CONSOLE(2)] "ancestorIframeChanged:-1639,193", source: https://cdn.ravenjs.com/3.22.3/raven.min.js (2)
[7800:4664:1225/142429.650:INFO:CONSOLE(2)] "ancestorIframeChanged:-1209,211", source: https://cdn.ravenjs.com/3.22.3/raven.min.js (2)
[7800:4664:1225/142429.652:INFO:CONSOLE(2)] "ancestorIframeChanged:791,303", source: https://cdn.ravenjs.com/3.22.3/raven.min.js (2)
[7800:4664:1225/142429.656:INFO:CONSOLE(2)] "ancestorIframeChanged:-1639,193", source: https://cdn.ravenjs.com/3.22.3/raven.min.js (2)
[7800:4664:1225/142431.745:INFO:CONSOLE(252)] "module-question/i18n/lang.js", source: http://tgc.stu.126.net/pub/s/teachold/core_8f48212905a0a11b856194fc3ce1a9de.js (252)
[7800:4664:1225/142431.746:INFO:CONSOLE(253)] "module-question/wapUiHelp", source: http://tgc.stu.126.net/pub/s/teachold/core_8f48212905a0a11b856194fc3ce1a9de.js (253)
[7800:4664:1225/142431.774:INFO:CONSOLE(257)] "module-question/wapUiViewHelp.js", source: http://tgc.stu.126.net/pub/s/teachold/core_8f48212905a0a11b856194fc3ce1a9de.js (257)
[7800:4664:1225/142438.530:INFO:CONSOLE(252)] "module-question/i18n/lang.js", source: http://tgc.stu.126.net/pub/s/teachold/core_8f48212905a0a11b856194fc3ce1a9de.js (252)
[7800:4664:1225/142438.530:INFO:CONSOLE(253)] "module-question/wapUiHelp", source: http://tgc.stu.126.net/pub/s/teachold/core_8f48212905a0a11b856194fc3ce1a9de.js (253)
[7800:4664:1225/142438.539:INFO:CONSOLE(257)] "module-question/wapUiViewHelp.js", source: http://tgc.stu.126.net/pub/s/teachold/core_8f48212905a0a11b856194fc3ce1a9de.js (257)
[7800:4664:1225/142451.624:INFO:CONSOLE(252)] "module-question/i18n/lang.js", source: http://tgc.stu.126.net/pub/s/teachold/core_8f48212905a0a11b856194fc3ce1a9de.js (252)
[7800:4664:1225/142451.624:INFO:CONSOLE(253)] "module-question/wapUiHelp", source: http://tgc.stu.126.net/pub/s/teachold/core_8f48212905a0a11b856194fc3ce1a9de.js (253)
[7800:4664:1225/142451.638:INFO:CONSOLE(257)] "module-question/wapUiViewHelp.js", source: http://tgc.stu.126.net/pub/s/teachold/core_8f48212905a0a11b856194fc3ce1a9de.js (257)
[7800:4664:1225/142500.809:INFO:CONSOLE(2)] "module-question/i18n/lang.js", source: https://cdn.ravenjs.com/3.22.3/raven.min.js (2)
[7800:4664:1225/142500.810:INFO:CONSOLE(2)] "module-question/wapUiHelp", source: https://cdn.ravenjs.com/3.22.3/raven.min.js (2)
[7800:4664:1225/142500.812:INFO:CONSOLE(2)] "module-question/wapUiViewHelp.js", source: https://cdn.ravenjs.com/3.22.3/raven.min.js (2)
[7800:4664:1225/142501.469:INFO:CONSOLE(0)] "[DOM] Password field is not contained in a form: (More info: https://goo.gl/9p2vKq) %o", source: https://geek.163.com/path/member/login?returnUrl=aHR0cDovL3RlYWNoLmdlZWsuMTYzLmNvbS80MDAwMDAwMDA2NzIwNjQuaHRt (0)
[7800:4664:1225/142501.469:INFO:CONSOLE(0)] "[DOM] Password field is not contained in a form: (More info: https://goo.gl/9p2vKq) %o", source: https://geek.163.com/path/member/login?returnUrl=aHR0cDovL3RlYWNoLmdlZWsuMTYzLmNvbS80MDAwMDAwMDA2NzIwNjQuaHRt (0)
[7800:4664:1225/142501.469:INFO:CONSOLE(0)] "[DOM] Password field is not contained in a form: (More info: https://goo.gl/9p2vKq) %o", source: https://geek.163.com/path/member/login?returnUrl=aHR0cDovL3RlYWNoLmdlZWsuMTYzLmNvbS80MDAwMDAwMDA2NzIwNjQuaHRt (0)
[7800:4664:1225/142501.470:INFO:CONSOLE(0)] "[DOM] Password field is not contained in a form: (More info: https://goo.gl/9p2vKq) %o", source: https://geek.163.com/path/member/login?returnUrl=aHR0cDovL3RlYWNoLmdlZWsuMTYzLmNvbS80MDAwMDAwMDA2NzIwNjQuaHRt (0)
[7800:4664:1225/142501.470:INFO:CONSOLE(0)] "[DOM] Password field is not contained in a form: (More info: https://goo.gl/9p2vKq) %o", source: https://geek.163.com/path/member/login?returnUrl=aHR0cDovL3RlYWNoLmdlZWsuMTYzLmNvbS80MDAwMDAwMDA2NzIwNjQuaHRt (0)
[7800:4664:1225/142501.470:INFO:CONSOLE(0)] "[DOM] Password field is not contained in a form: (More info: https://goo.gl/9p2vKq) %o", source: https://geek.163.com/path/member/login?returnUrl=aHR0cDovL3RlYWNoLmdlZWsuMTYzLmNvbS80MDAwMDAwMDA2NzIwNjQuaHRt (0)
[7800:4664:1225/142501.470:INFO:CONSOLE(0)] "[DOM] Password field is not contained in a form: (More info: https://goo.gl/9p2vKq) %o", source: https://geek.163.com/path/member/login?returnUrl=aHR0cDovL3RlYWNoLmdlZWsuMTYzLmNvbS80MDAwMDAwMDA2NzIwNjQuaHRt (0)
[7800:4664:1225/142501.470:INFO:CONSOLE(0)] "[DOM] Password field is not contained in a form: (More info: https://goo.gl/9p2vKq) %o", source: https://geek.163.com/path/member/login?returnUrl=aHR0cDovL3RlYWNoLmdlZWsuMTYzLmNvbS80MDAwMDAwMDA2NzIwNjQuaHRt (0)
[7800:4664:1225/142501.470:INFO:CONSOLE(0)] "[DOM] Password field is not contained in a form: (More info: https://goo.gl/9p2vKq) %o", source: https://geek.163.com/path/member/login?returnUrl=aHR0cDovL3RlYWNoLmdlZWsuMTYzLmNvbS80MDAwMDAwMDA2NzIwNjQuaHRt (0)
[7800:4664:1225/142502.039:INFO:CONSOLE(0)] "[DOM] Input elements should have autocomplete attributes (suggested: "new-password"): (More info: https://goo.gl/9p2vKq) %o", source: https://webzj.reg.163.com/v1.0.1/pub/index_dl.html?cd=%2F%2Fedu-cms.nosdn.127.net%2Ftopics%2Fcss%2F&cf=kada_urs_course_4c152c9f26817efac4936d84ec1baa71.css&MGID=1545719101148.7678&wdaId=UA1438236666413&pkid=VelXuSo&product=kada (0)
[7800:4664:1225/142502.447:INFO:CONSOLE(0)] "[DOM] Input elements should have autocomplete attributes (suggested: "new-password"): (More info: https://goo.gl/9p2vKq) %o", source: https://webzj.reg.163.com/v1.0.1/pub/index_reg.html?cd=%2F%2Fedu-cms.nosdn.127.net%2Ftopics%2Fcss%2F&cf=kada_urs_register_course_3d3c8920fcb04752d050df94efe9f31a.css&MGID=1545719101188.989&wdaId=UA1438236666413&pkid=VelXuSo&product=kada (0)
[7800:4664:1225/142502.448:INFO:CONSOLE(0)] "[DOM] Input elements should have autocomplete attributes (suggested: "new-password"): (More info: https://goo.gl/9p2vKq) %o", source: https://webzj.reg.163.com/v1.0.1/pub/index.html?cd=%2F%2Fedu-cms.nosdn.127.net%2Ftopics%2Fcss%2F&cf=kada_urs_course_4c152c9f26817efac4936d84ec1baa71.css&MGID=1545719101177.6594&wdaId=UA1438236666413&pkid=VelXuSo&product=kada (0)
[7800:4664:1225/142502.695:INFO:CONSOLE(2)] "ancestorIframeChanged:791,303", source: https://cdn.ravenjs.com/3.22.3/raven.min.js (2)
[7800:4664:1225/142502.697:INFO:CONSOLE(2)] "ancestorIframeChanged:-1209,211", source: https://cdn.ravenjs.com/3.22.3/raven.min.js (2)
[7800:4664:1225/142502.700:INFO:CONSOLE(2)] "ancestorIframeChanged:-1639,193", source: https://cdn.ravenjs.com/3.22.3/raven.min.js (2)
[7800:4664:1225/142503.757:INFO:CONSOLE(2)] "ancestorIframeChanged:791,303", source: https://cdn.ravenjs.com/3.22.3/raven.min.js (2)
[7800:4664:1225/142503.757:INFO:CONSOLE(2)] "ancestorIframeChanged:-1209,211", source: https://cdn.ravenjs.com/3.22.3/raven.min.js (2)
[7800:4664:1225/142503.757:INFO:CONSOLE(2)] "ancestorIframeChanged:-1639,193", source: https://cdn.ravenjs.com/3.22.3/raven.min.js (2)
[7800:4664:1225/142504.983:INFO:CONSOLE(2)] "ancestorIframeChanged:-1209,211", source: https://cdn.ravenjs.com/3.22.3/raven.min.js (2)
[7800:4664:1225/142504.983:INFO:CONSOLE(2)] "ancestorIframeChanged:791,303", source: https://cdn.ravenjs.com/3.22.3/raven.min.js (2)
[7800:4664:1225/142504.983:INFO:CONSOLE(2)] "ancestorIframeChanged:-1639,193", source: https://cdn.ravenjs.com/3.22.3/raven.min.js (2)
[7800:4664:1225/142506.361:INFO:CONSOLE(2)] "ancestorIframeChanged:-1209,211", source: https://cdn.ravenjs.com/3.22.3/raven.min.js (2)
[7800:4664:1225/142506.361:INFO:CONSOLE(2)] "ancestorIframeChanged:791,303", source: https://cdn.ravenjs.com/3.22.3/raven.min.js (2)
[7800:4664:1225/142506.361:INFO:CONSOLE(2)] "ancestorIframeChanged:-1639,193", source: https://cdn.ravenjs.com/3.22.3/raven.min.js (2)
[7800:4664:1225/142507.863:INFO:CONSOLE(2)] "ancestorIframeChanged:-1209,211", source: https://cdn.ravenjs.com/3.22.3/raven.min.js (2)
[7800:4664:1225/142507.864:INFO:CONSOLE(2)] "ancestorIframeChanged:791,303", source: https://cdn.ravenjs.com/3.22.3/raven.min.js (2)
[7800:4664:1225/142507.866:INFO:CONSOLE(2)] "ancestorIframeChanged:-1639,193", source: https://cdn.ravenjs.com/3.22.3/raven.min.js (2)
[7800:4664:1225/142509.887:INFO:CONSOLE(252)] "module-question/i18n/lang.js", source: http://tgc.stu.126.net/pub/s/teachold/core_8f48212905a0a11b856194fc3ce1a9de.js (252)
[7800:4664:1225/142509.888:INFO:CONSOLE(253)] "module-question/wapUiHelp", source: http://tgc.stu.126.net/pub/s/teachold/core_8f48212905a0a11b856194fc3ce1a9de.js (253)
[7800:4664:1225/142509.899:INFO:CONSOLE(257)] "module-question/wapUiViewHelp.js", source: http://tgc.stu.126.net/pub/s/teachold/core_8f48212905a0a11b856194fc3ce1a9de.js (257)
[7800:4664:1225/142511.612:INFO:CONSOLE(252)] "module-question/i18n/lang.js", source: http://tgc.stu.126.net/pub/s/teachold/core_8f48212905a0a11b856194fc3ce1a9de.js (252)
[7800:4664:1225/142511.612:INFO:CONSOLE(253)] "module-question/wapUiHelp", source: http://tgc.stu.126.net/pub/s/teachold/core_8f48212905a0a11b856194fc3ce1a9de.js (253)
[7800:4664:1225/142511.622:INFO:CONSOLE(257)] "module-question/wapUiViewHelp.js", source: http://tgc.stu.126.net/pub/s/teachold/core_8f48212905a0a11b856194fc3ce1a9de.js (257)
[7800:4664:1225/142520.896:INFO:CONSOLE(619)] "ancestorIframeChanged:624,594", source:  (619)
[7800:4664:1225/142523.236:INFO:CONSOLE(619)] "ancestorIframeChanged:624,594", source:  (619)
[7800:4664:1225/142525.408:INFO:CONSOLE(619)] "ancestorIframeChanged:624,302", source:  (619)
[7800:4664:1225/142532.200:INFO:CONSOLE(619)] "ancestorIframeChanged:624,302", source:  (619)
[7800:4664:1225/142533.446:INFO:CONSOLE(619)] "ancestorIframeChanged:624,302", source:  (619)
[7800:4664:1225/142534.613:INFO:CONSOLE(619)] "ancestorIframeChanged:624,302", source:  (619)
[7800:4664:1225/142548.939:INFO:CONSOLE(2)] "module-question/i18n/lang.js", source: https://cdn.ravenjs.com/3.22.3/raven.min.js (2)
[7800:4664:1225/142548.940:INFO:CONSOLE(2)] "module-question/wapUiHelp", source: https://cdn.ravenjs.com/3.22.3/raven.min.js (2)
[7800:4664:1225/142548.941:INFO:CONSOLE(2)] "module-question/wapUiViewHelp.js", source: https://cdn.ravenjs.com/3.22.3/raven.min.js (2)
[7800:4664:1225/142549.593:INFO:CONSOLE(0)] "[DOM] Password field is not contained in a form: (More info: https://goo.gl/9p2vKq) %o", source: https://geek.163.com/path/member/login?returnUrl=aHR0cDovL3RlYWNoLmdlZWsuMTYzLmNvbS80MDAwMDAwMDA2NzIwNjQuaHRt (0)
[7800:4664:1225/142549.593:INFO:CONSOLE(0)] "[DOM] Password field is not contained in a form: (More info: https://goo.gl/9p2vKq) %o", source: https://geek.163.com/path/member/login?returnUrl=aHR0cDovL3RlYWNoLmdlZWsuMTYzLmNvbS80MDAwMDAwMDA2NzIwNjQuaHRt (0)
[7800:4664:1225/142549.594:INFO:CONSOLE(0)] "[DOM] Password field is not contained in a form: (More info: https://goo.gl/9p2vKq) %o", source: https://geek.163.com/path/member/login?returnUrl=aHR0cDovL3RlYWNoLmdlZWsuMTYzLmNvbS80MDAwMDAwMDA2NzIwNjQuaHRt (0)
[7800:4664:1225/142549.594:INFO:CONSOLE(0)] "[DOM] Password field is not contained in a form: (More info: https://goo.gl/9p2vKq) %o", source: https://geek.163.com/path/member/login?returnUrl=aHR0cDovL3RlYWNoLmdlZWsuMTYzLmNvbS80MDAwMDAwMDA2NzIwNjQuaHRt (0)
[7800:4664:1225/142549.594:INFO:CONSOLE(0)] "[DOM] Password field is not contained in a form: (More info: https://goo.gl/9p2vKq) %o", source: https://geek.163.com/path/member/login?returnUrl=aHR0cDovL3RlYWNoLmdlZWsuMTYzLmNvbS80MDAwMDAwMDA2NzIwNjQuaHRt (0)
[7800:4664:1225/142549.594:INFO:CONSOLE(0)] "[DOM] Password field is not contained in a form: (More info: https://goo.gl/9p2vKq) %o", source: https://geek.163.com/path/member/login?returnUrl=aHR0cDovL3RlYWNoLmdlZWsuMTYzLmNvbS80MDAwMDAwMDA2NzIwNjQuaHRt (0)
[7800:4664:1225/142549.594:INFO:CONSOLE(0)] "[DOM] Password field is not contained in a form: (More info: https://goo.gl/9p2vKq) %o", source: https://geek.163.com/path/member/login?returnUrl=aHR0cDovL3RlYWNoLmdlZWsuMTYzLmNvbS80MDAwMDAwMDA2NzIwNjQuaHRt (0)
[7800:4664:1225/142549.594:INFO:CONSOLE(0)] "[DOM] Password field is not contained in a form: (More info: https://goo.gl/9p2vKq) %o", source: https://geek.163.com/path/member/login?returnUrl=aHR0cDovL3RlYWNoLmdlZWsuMTYzLmNvbS80MDAwMDAwMDA2NzIwNjQuaHRt (0)
[7800:4664:1225/142549.595:INFO:CONSOLE(0)] "[DOM] Password field is not contained in a form: (More info: https://goo.gl/9p2vKq) %o", source: https://geek.163.com/path/member/login?returnUrl=aHR0cDovL3RlYWNoLmdlZWsuMTYzLmNvbS80MDAwMDAwMDA2NzIwNjQuaHRt (0)
[7800:4664:1225/142549.956:INFO:CONSOLE(0)] "[DOM] Input elements should have autocomplete attributes (suggested: "new-password"): (More info: https://goo.gl/9p2vKq) %o", source: https://webzj.reg.163.com/v1.0.1/pub/index_dl.html?cd=%2F%2Fedu-cms.nosdn.127.net%2Ftopics%2Fcss%2F&cf=kada_urs_course_4c152c9f26817efac4936d84ec1baa71.css&MGID=1545719149253.5593&wdaId=UA1438236666413&pkid=VelXuSo&product=kada (0)
[7800:4664:1225/142550.288:INFO:CONSOLE(0)] "[DOM] Input elements should have autocomplete attributes (suggested: "new-password"): (More info: https://goo.gl/9p2vKq) %o", source: https://webzj.reg.163.com/v1.0.1/pub/index_reg.html?cd=%2F%2Fedu-cms.nosdn.127.net%2Ftopics%2Fcss%2F&cf=kada_urs_register_course_3d3c8920fcb04752d050df94efe9f31a.css&MGID=1545719149282.7583&wdaId=UA1438236666413&pkid=VelXuSo&product=kada (0)
[7800:4664:1225/142550.363:INFO:CONSOLE(0)] "[DOM] Input elements should have autocomplete attributes (suggested: "new-password"): (More info: https://goo.gl/9p2vKq) %o", source: https://webzj.reg.163.com/v1.0.1/pub/index.html?cd=%2F%2Fedu-cms.nosdn.127.net%2Ftopics%2Fcss%2F&cf=kada_urs_course_4c152c9f26817efac4936d84ec1baa71.css&MGID=1545719149274.4587&wdaId=UA1438236666413&pkid=VelXuSo&product=kada (0)
[7800:4664:1225/142550.909:INFO:CONSOLE(2)] "ancestorIframeChanged:791,303", source: https://cdn.ravenjs.com/3.22.3/raven.min.js (2)
[7800:4664:1225/142550.911:INFO:CONSOLE(2)] "ancestorIframeChanged:-1209,211", source: https://cdn.ravenjs.com/3.22.3/raven.min.js (2)
[7800:4664:1225/142550.914:INFO:CONSOLE(2)] "ancestorIframeChanged:-1639,193", source: https://cdn.ravenjs.com/3.22.3/raven.min.js (2)
[7800:4664:1225/142551.941:INFO:CONSOLE(2)] "ancestorIframeChanged:791,303", source: https://cdn.ravenjs.com/3.22.3/raven.min.js (2)
[7800:4664:1225/142551.941:INFO:CONSOLE(2)] "ancestorIframeChanged:-1209,211", source: https://cdn.ravenjs.com/3.22.3/raven.min.js (2)
[7800:4664:1225/142551.941:INFO:CONSOLE(2)] "ancestorIframeChanged:-1639,193", source: https://cdn.ravenjs.com/3.22.3/raven.min.js (2)
[7800:4664:1225/142553.213:INFO:CONSOLE(2)] "ancestorIframeChanged:-1209,211", source: https://cdn.ravenjs.com/3.22.3/raven.min.js (2)
[7800:4664:1225/142553.214:INFO:CONSOLE(2)] "ancestorIframeChanged:791,303", source: https://cdn.ravenjs.com/3.22.3/raven.min.js (2)
[7800:4664:1225/142553.216:INFO:CONSOLE(2)] "ancestorIframeChanged:-1639,193", source: https://cdn.ravenjs.com/3.22.3/raven.min.js (2)
[7800:4664:1225/142554.618:INFO:CONSOLE(2)] "ancestorIframeChanged:-1209,211", source: https://cdn.ravenjs.com/3.22.3/raven.min.js (2)
[7800:4664:1225/142554.620:INFO:CONSOLE(2)] "ancestorIframeChanged:791,303", source: https://cdn.ravenjs.com/3.22.3/raven.min.js (2)
[7800:4664:1225/142554.622:INFO:CONSOLE(2)] "ancestorIframeChanged:-1639,193", source: https://cdn.ravenjs.com/3.22.3/raven.min.js (2)
[7800:4664:1225/142555.851:INFO:CONSOLE(2)] "ancestorIframeChanged:-1209,211", source: https://cdn.ravenjs.com/3.22.3/raven.min.js (2)
[7800:4664:1225/142555.851:INFO:CONSOLE(2)] "ancestorIframeChanged:791,303", source: https://cdn.ravenjs.com/3.22.3/raven.min.js (2)
[7800:4664:1225/142555.851:INFO:CONSOLE(2)] "ancestorIframeChanged:-1639,193", source: https://cdn.ravenjs.com/3.22.3/raven.min.js (2)
[7800:4664:1225/142557.676:INFO:CONSOLE(252)] "module-question/i18n/lang.js", source: http://tgc.stu.126.net/pub/s/teachold/core_8f48212905a0a11b856194fc3ce1a9de.js (252)
[7800:4664:1225/142557.676:INFO:CONSOLE(253)] "module-question/wapUiHelp", source: http://tgc.stu.126.net/pub/s/teachold/core_8f48212905a0a11b856194fc3ce1a9de.js (253)
[7800:4664:1225/142557.691:INFO:CONSOLE(257)] "module-question/wapUiViewHelp.js", source: http://tgc.stu.126.net/pub/s/teachold/core_8f48212905a0a11b856194fc3ce1a9de.js (257)
[7800:4664:1225/142559.300:INFO:CONSOLE(252)] "module-question/i18n/lang.js", source: http://tgc.stu.126.net/pub/s/teachold/core_8f48212905a0a11b856194fc3ce1a9de.js (252)
[7800:4664:1225/142559.302:INFO:CONSOLE(253)] "module-question/wapUiHelp", source: http://tgc.stu.126.net/pub/s/teachold/core_8f48212905a0a11b856194fc3ce1a9de.js (253)
[7800:4664:1225/142559.316:INFO:CONSOLE(257)] "module-question/wapUiViewHelp.js", source: http://tgc.stu.126.net/pub/s/teachold/core_8f48212905a0a11b856194fc3ce1a9de.js (257)
[7800:4664:1225/142608.779:INFO:CONSOLE(619)] "ancestorIframeChanged:624,594", source:  (619)
[7800:4664:1225/142610.304:INFO:CONSOLE(619)] "ancestorIframeChanged:624,594", source:  (619)
[7800:4664:1225/142614.246:INFO:CONSOLE(619)] "ancestorIframeChanged:624,594", source:  (619)
[7800:4664:1225/142615.363:INFO:CONSOLE(619)] "ancestorIframeChanged:624,594", source:  (619)
[7800:4664:1225/142616.469:INFO:CONSOLE(619)] "ancestorIframeChanged:624,594", source:  (619)
[7800:4664:1225/142617.751:INFO:CONSOLE(619)] "ancestorIframeChanged:624,594", source:  (619)
[7800:4664:1225/142618.972:INFO:CONSOLE(619)] "ancestorIframeChanged:624,594", source:  (619)
[7800:4664:1225/142620.008:INFO:CONSOLE(619)] "ancestorIframeChanged:624,594", source:  (619)
[7800:4664:1225/142622.024:INFO:CONSOLE(619)] "ancestorIframeChanged:624,466", source:  (619)
[7800:4664:1225/142624.088:INFO:CONSOLE(619)] "ancestorIframeChanged:624,466", source:  (619)
[7800:4664:1225/142643.213:INFO:CONSOLE(2)] "module-question/i18n/lang.js", source: https://cdn.ravenjs.com/3.22.3/raven.min.js (2)
[7800:4664:1225/142643.213:INFO:CONSOLE(2)] "module-question/wapUiHelp", source: https://cdn.ravenjs.com/3.22.3/raven.min.js (2)
[7800:4664:1225/142643.214:INFO:CONSOLE(2)] "module-question/wapUiViewHelp.js", source: https://cdn.ravenjs.com/3.22.3/raven.min.js (2)
[7800:4664:1225/142643.948:INFO:CONSOLE(0)] "[DOM] Password field is not contained in a form: (More info: https://goo.gl/9p2vKq) %o", source: https://geek.163.com/path/member/login?returnUrl=aHR0cDovL3RlYWNoLmdlZWsuMTYzLmNvbS80MDAwMDAwMDA2NzIwNjQuaHRt (0)
[7800:4664:1225/142643.948:INFO:CONSOLE(0)] "[DOM] Password field is not contained in a form: (More info: https://goo.gl/9p2vKq) %o", source: https://geek.163.com/path/member/login?returnUrl=aHR0cDovL3RlYWNoLmdlZWsuMTYzLmNvbS80MDAwMDAwMDA2NzIwNjQuaHRt (0)
[7800:4664:1225/142643.948:INFO:CONSOLE(0)] "[DOM] Password field is not contained in a form: (More info: https://goo.gl/9p2vKq) %o", source: https://geek.163.com/path/member/login?returnUrl=aHR0cDovL3RlYWNoLmdlZWsuMTYzLmNvbS80MDAwMDAwMDA2NzIwNjQuaHRt (0)
[7800:4664:1225/142643.948:INFO:CONSOLE(0)] "[DOM] Password field is not contained in a form: (More info: https://goo.gl/9p2vKq) %o", source: https://geek.163.com/path/member/login?returnUrl=aHR0cDovL3RlYWNoLmdlZWsuMTYzLmNvbS80MDAwMDAwMDA2NzIwNjQuaHRt (0)
[7800:4664:1225/142643.948:INFO:CONSOLE(0)] "[DOM] Password field is not contained in a form: (More info: https://goo.gl/9p2vKq) %o", source: https://geek.163.com/path/member/login?returnUrl=aHR0cDovL3RlYWNoLmdlZWsuMTYzLmNvbS80MDAwMDAwMDA2NzIwNjQuaHRt (0)
[7800:4664:1225/142643.949:INFO:CONSOLE(0)] "[DOM] Password field is not contained in a form: (More info: https://goo.gl/9p2vKq) %o", source: https://geek.163.com/path/member/login?returnUrl=aHR0cDovL3RlYWNoLmdlZWsuMTYzLmNvbS80MDAwMDAwMDA2NzIwNjQuaHRt (0)
[7800:4664:1225/142643.949:INFO:CONSOLE(0)] "[DOM] Password field is not contained in a form: (More info: https://goo.gl/9p2vKq) %o", source: https://geek.163.com/path/member/login?returnUrl=aHR0cDovL3RlYWNoLmdlZWsuMTYzLmNvbS80MDAwMDAwMDA2NzIwNjQuaHRt (0)
[7800:4664:1225/142643.949:INFO:CONSOLE(0)] "[DOM] Password field is not contained in a form: (More info: https://goo.gl/9p2vKq) %o", source: https://geek.163.com/path/member/login?returnUrl=aHR0cDovL3RlYWNoLmdlZWsuMTYzLmNvbS80MDAwMDAwMDA2NzIwNjQuaHRt (0)
[7800:4664:1225/142643.949:INFO:CONSOLE(0)] "[DOM] Password field is not contained in a form: (More info: https://goo.gl/9p2vKq) %o", source: https://geek.163.com/path/member/login?returnUrl=aHR0cDovL3RlYWNoLmdlZWsuMTYzLmNvbS80MDAwMDAwMDA2NzIwNjQuaHRt (0)
[7800:4664:1225/142644.531:INFO:CONSOLE(0)] "[DOM] Input elements should have autocomplete attributes (suggested: "new-password"): (More info: https://goo.gl/9p2vKq) %o", source: https://webzj.reg.163.com/v1.0.1/pub/index_dl.html?cd=%2F%2Fedu-cms.nosdn.127.net%2Ftopics%2Fcss%2F&cf=kada_urs_course_4c152c9f26817efac4936d84ec1baa71.css&MGID=1545719203537.714&wdaId=UA1438236666413&pkid=VelXuSo&product=kada (0)
[7800:4664:1225/142644.532:INFO:CONSOLE(0)] "[DOM] Input elements should have autocomplete attributes (suggested: "new-password"): (More info: https://goo.gl/9p2vKq) %o", source: https://webzj.reg.163.com/v1.0.1/pub/index_reg.html?cd=%2F%2Fedu-cms.nosdn.127.net%2Ftopics%2Fcss%2F&cf=kada_urs_register_course_3d3c8920fcb04752d050df94efe9f31a.css&MGID=1545719203569.129&wdaId=UA1438236666413&pkid=VelXuSo&product=kada (0)
[7800:4664:1225/142644.533:INFO:CONSOLE(0)] "[DOM] Input elements should have autocomplete attributes (suggested: "new-password"): (More info: https://goo.gl/9p2vKq) %o", source: https://webzj.reg.163.com/v1.0.1/pub/index.html?cd=%2F%2Fedu-cms.nosdn.127.net%2Ftopics%2Fcss%2F&cf=kada_urs_course_4c152c9f26817efac4936d84ec1baa71.css&MGID=1545719203561.226&wdaId=UA1438236666413&pkid=VelXuSo&product=kada (0)
[7800:4664:1225/142644.777:INFO:CONSOLE(2)] "ancestorIframeChanged:791,303", source: https://cdn.ravenjs.com/3.22.3/raven.min.js (2)
[7800:4664:1225/142644.780:INFO:CONSOLE(2)] "ancestorIframeChanged:-1209,211", source: https://cdn.ravenjs.com/3.22.3/raven.min.js (2)
[7800:4664:1225/142644.787:INFO:CONSOLE(2)] "ancestorIframeChanged:-1639,193", source: https://cdn.ravenjs.com/3.22.3/raven.min.js (2)
[7800:4664:1225/142645.929:INFO:CONSOLE(2)] "ancestorIframeChanged:791,303", source: https://cdn.ravenjs.com/3.22.3/raven.min.js (2)
[7800:4664:1225/142645.932:INFO:CONSOLE(2)] "ancestorIframeChanged:-1209,211", source: https://cdn.ravenjs.com/3.22.3/raven.min.js (2)
[7800:4664:1225/142645.934:INFO:CONSOLE(2)] "ancestorIframeChanged:-1639,193", source: https://cdn.ravenjs.com/3.22.3/raven.min.js (2)
[7800:4664:1225/142647.029:INFO:CONSOLE(2)] "ancestorIframeChanged:-1209,211", source: https://cdn.ravenjs.com/3.22.3/raven.min.js (2)
[7800:4664:1225/142647.031:INFO:CONSOLE(2)] "ancestorIframeChanged:791,303", source: https://cdn.ravenjs.com/3.22.3/raven.min.js (2)
[7800:4664:1225/142647.033:INFO:CONSOLE(2)] "ancestorIframeChanged:-1639,193", source: https://cdn.ravenjs.com/3.22.3/raven.min.js (2)
[7800:4664:1225/142648.518:INFO:CONSOLE(2)] "ancestorIframeChanged:-1209,211", source: https://cdn.ravenjs.com/3.22.3/raven.min.js (2)
[7800:4664:1225/142648.519:INFO:CONSOLE(2)] "ancestorIframeChanged:791,303", source: https://cdn.ravenjs.com/3.22.3/raven.min.js (2)
[7800:4664:1225/142648.521:INFO:CONSOLE(2)] "ancestorIframeChanged:-1639,193", source: https://cdn.ravenjs.com/3.22.3/raven.min.js (2)
[7800:4664:1225/142649.895:INFO:CONSOLE(2)] "ancestorIframeChanged:-1209,211", source: https://cdn.ravenjs.com/3.22.3/raven.min.js (2)
[7800:4664:1225/142649.896:INFO:CONSOLE(2)] "ancestorIframeChanged:791,303", source: https://cdn.ravenjs.com/3.22.3/raven.min.js (2)
[7800:4664:1225/142649.898:INFO:CONSOLE(2)] "ancestorIframeChanged:-1639,193", source: https://cdn.ravenjs.com/3.22.3/raven.min.js (2)
[7800:4664:1225/142651.598:INFO:CONSOLE(252)] "module-question/i18n/lang.js", source: http://tgc.stu.126.net/pub/s/teachold/core_8f48212905a0a11b856194fc3ce1a9de.js (252)
[7800:4664:1225/142651.599:INFO:CONSOLE(253)] "module-question/wapUiHelp", source: http://tgc.stu.126.net/pub/s/teachold/core_8f48212905a0a11b856194fc3ce1a9de.js (253)
[7800:4664:1225/142651.612:INFO:CONSOLE(257)] "module-question/wapUiViewHelp.js", source: http://tgc.stu.126.net/pub/s/teachold/core_8f48212905a0a11b856194fc3ce1a9de.js (257)
[7800:4664:1225/142653.008:INFO:CONSOLE(252)] "module-question/i18n/lang.js", source: http://tgc.stu.126.net/pub/s/teachold/core_8f48212905a0a11b856194fc3ce1a9de.js (252)
[7800:4664:1225/142653.009:INFO:CONSOLE(253)] "module-question/wapUiHelp", source: http://tgc.stu.126.net/pub/s/teachold/core_8f48212905a0a11b856194fc3ce1a9de.js (253)
[7800:4664:1225/142653.019:INFO:CONSOLE(257)] "module-question/wapUiViewHelp.js", source: http://tgc.stu.126.net/pub/s/teachold/core_8f48212905a0a11b856194fc3ce1a9de.js (257)
[7800:4664:1225/142733.268:INFO:CONSOLE(229)] "module-question/i18n/lang.js", source: http://tgc.stu.126.net/pub/s/teach/core_e13f35e24ff7fa556e34ded4930db325.js (229)
[7800:4664:1225/142733.268:INFO:CONSOLE(230)] "module-question/wapUiHelp", source: http://tgc.stu.126.net/pub/s/teach/core_e13f35e24ff7fa556e34ded4930db325.js (230)
[7800:4664:1225/142733.271:INFO:CONSOLE(234)] "module-question/wapUiViewHelp.js", source: http://tgc.stu.126.net/pub/s/teach/core_e13f35e24ff7fa556e34ded4930db325.js (234)
[7800:4664:1225/142733.361:INFO:CONSOLE(8)] "Synchronous XMLHttpRequest on the main thread is deprecated because of its detrimental effects to the end user's experience. For more help, check https://xhr.spec.whatwg.org/.", source: http://tgc.stu.126.net/pub/s/teach/core_e13f35e24ff7fa556e34ded4930db325.js (8)
[7800:4664:1225/142752.962:INFO:CONSOLE(252)] "module-question/i18n/lang.js", source: http://tgc.stu.126.net/pub/s/teachold/core_8f48212905a0a11b856194fc3ce1a9de.js (252)
[7800:4664:1225/142752.962:INFO:CONSOLE(253)] "module-question/wapUiHelp", source: http://tgc.stu.126.net/pub/s/teachold/core_8f48212905a0a11b856194fc3ce1a9de.js (253)
[7800:4664:1225/142752.976:INFO:CONSOLE(257)] "module-question/wapUiViewHelp.js", source: http://tgc.stu.126.net/pub/s/teachold/core_8f48212905a0a11b856194fc3ce1a9de.js (257)
[7800:4664:1225/142806.754:INFO:CONSOLE(252)] "module-question/i18n/lang.js", source: http://tgc.stu.126.net/pub/s/teachold/core_8f48212905a0a11b856194fc3ce1a9de.js (252)
[7800:4664:1225/142806.754:INFO:CONSOLE(253)] "module-question/wapUiHelp", source: http://tgc.stu.126.net/pub/s/teachold/core_8f48212905a0a11b856194fc3ce1a9de.js (253)
[7800:4664:1225/142806.770:INFO:CONSOLE(257)] "module-question/wapUiViewHelp.js", source: http://tgc.stu.126.net/pub/s/teachold/core_8f48212905a0a11b856194fc3ce1a9de.js (257)
[7800:4664:1225/142810.242:INFO:CONSOLE(619)] "ancestorIframeChanged:379,1042", source:  (619)
[7800:4664:1225/142811.233:INFO:CONSOLE(619)] "ancestorIframeChanged:379,1042", source:  (619)
[7800:4664:1225/142815.277:INFO:CONSOLE(619)] "ancestorIframeChanged:379,1042", source:  (619)
[7800:4664:1225/142819.393:INFO:CONSOLE(619)] "ancestorIframeChanged:379,516", source:  (619)
[7800:4664:1225/142821.182:INFO:CONSOLE(619)] "ancestorIframeChanged:379,516", source:  (619)
[7800:4664:1225/142822.622:INFO:CONSOLE(619)] "ancestorIframeChanged:379,516", source:  (619)
[7800:4664:1225/142823.871:INFO:CONSOLE(619)] "ancestorIframeChanged:379,516", source:  (619)
[7800:4664:1225/142824.916:INFO:CONSOLE(619)] "ancestorIframeChanged:379,516", source:  (619)
[7800:4664:1225/142826.118:INFO:CONSOLE(619)] "ancestorIframeChanged:379,516", source:  (619)
[7800:4664:1225/142828.632:INFO:CONSOLE(619)] "ancestorIframeChanged:379,516", source:  (619)
[7800:4664:1225/142830.106:INFO:CONSOLE(619)] "ancestorIframeChanged:379,516", source:  (619)
[7800:4664:1225/142831.229:INFO:CONSOLE(619)] "ancestorIframeChanged:379,516", source:  (619)
[7800:4664:1225/142832.215:INFO:CONSOLE(619)] "ancestorIframeChanged:379,516", source:  (619)
[7800:4664:1225/142834.764:INFO:CONSOLE(619)] "ancestorIframeChanged:379,516", source:  (619)
[7800:4664:1225/142836.017:INFO:CONSOLE(619)] "ancestorIframeChanged:379,516", source:  (619)
[7800:4664:1225/142837.108:INFO:CONSOLE(619)] "ancestorIframeChanged:379,516", source:  (619)
[7800:4664:1225/142838.319:INFO:CONSOLE(619)] "ancestorIframeChanged:379,516", source:  (619)
[7800:4664:1225/142839.412:INFO:CONSOLE(619)] "ancestorIframeChanged:379,516", source:  (619)
[7800:4664:1225/142840.712:INFO:CONSOLE(619)] "ancestorIframeChanged:379,516", source:  (619)
[7800:4664:1225/142907.087:INFO:CONSOLE(2)] "module-question/i18n/lang.js", source: https://cdn.ravenjs.com/3.22.3/raven.min.js (2)
[7800:4664:1225/142907.089:INFO:CONSOLE(2)] "module-question/wapUiHelp", source: https://cdn.ravenjs.com/3.22.3/raven.min.js (2)
[7800:4664:1225/142907.092:INFO:CONSOLE(2)] "module-question/wapUiViewHelp.js", source: https://cdn.ravenjs.com/3.22.3/raven.min.js (2)
[7800:4664:1225/142921.052:INFO:CONSOLE(2)] "module-question/i18n/lang.js", source: https://cdn.ravenjs.com/3.22.3/raven.min.js (2)
[7800:4664:1225/142921.053:INFO:CONSOLE(2)] "module-question/wapUiHelp", source: https://cdn.ravenjs.com/3.22.3/raven.min.js (2)
[7800:4664:1225/142921.055:INFO:CONSOLE(2)] "module-question/wapUiViewHelp.js", source: https://cdn.ravenjs.com/3.22.3/raven.min.js (2)
[7800:4664:1225/142923.898:INFO:CONSOLE(252)] "module-question/i18n/lang.js", source: http://tgc.stu.126.net/pub/s/teachold/core_8f48212905a0a11b856194fc3ce1a9de.js (252)
[7800:4664:1225/142923.899:INFO:CONSOLE(253)] "module-question/wapUiHelp", source: http://tgc.stu.126.net/pub/s/teachold/core_8f48212905a0a11b856194fc3ce1a9de.js (253)
[7800:4664:1225/142923.914:INFO:CONSOLE(257)] "module-question/wapUiViewHelp.js", source: http://tgc.stu.126.net/pub/s/teachold/core_8f48212905a0a11b856194fc3ce1a9de.js (257)
[7800:4664:1225/142929.795:INFO:CONSOLE(252)] "module-question/i18n/lang.js", source: http://tgc.stu.126.net/pub/s/teachold/core_8f48212905a0a11b856194fc3ce1a9de.js (252)
[7800:4664:1225/142929.795:INFO:CONSOLE(253)] "module-question/wapUiHelp", source: http://tgc.stu.126.net/pub/s/teachold/core_8f48212905a0a11b856194fc3ce1a9de.js (253)
[7800:4664:1225/142929.813:INFO:CONSOLE(257)] "module-question/wapUiViewHelp.js", source: http://tgc.stu.126.net/pub/s/teachold/core_8f48212905a0a11b856194fc3ce1a9de.js (257)
[7800:4664:1225/142933.390:INFO:CONSOLE(619)] "ancestorIframeChanged:379,1042", source:  (619)
[7800:4664:1225/142934.375:INFO:CONSOLE(619)] "ancestorIframeChanged:379,1042", source:  (619)
[7800:4664:1225/142935.364:INFO:CONSOLE(619)] "ancestorIframeChanged:379,1042", source:  (619)
[7800:4664:1225/142940.315:INFO:CONSOLE(619)] "ancestorIframeChanged:379,1042", source:  (619)
[7800:4664:1225/142944.280:INFO:CONSOLE(619)] "ancestorIframeChanged:379,1042", source:  (619)
[7800:4664:1225/142948.413:INFO:CONSOLE(619)] "ancestorIframeChanged:379,516", source:  (619)
[7800:4664:1225/142950.428:INFO:CONSOLE(619)] "ancestorIframeChanged:379,516", source:  (619)
[7800:4664:1225/142951.962:INFO:CONSOLE(619)] "ancestorIframeChanged:379,516", source:  (619)
[7800:4664:1225/142952.935:INFO:CONSOLE(619)] "ancestorIframeChanged:379,516", source:  (619)
[7800:4664:1225/142954.146:INFO:CONSOLE(619)] "ancestorIframeChanged:379,516", source:  (619)
[7800:4664:1225/142955.382:INFO:CONSOLE(619)] "ancestorIframeChanged:379,516", source:  (619)
[7800:4664:1225/142956.364:INFO:CONSOLE(619)] "ancestorIframeChanged:379,516", source:  (619)
[7800:4664:1225/142957.638:INFO:CONSOLE(619)] "ancestorIframeChanged:379,516", source:  (619)
[7800:4664:1225/142959.849:INFO:CONSOLE(619)] "ancestorIframeChanged:379,516", source:  (619)
[7800:4664:1225/143001.176:INFO:CONSOLE(252)] "module-question/i18n/lang.js", source: http://tgc.stu.126.net/pub/s/teachold/core_8f48212905a0a11b856194fc3ce1a9de.js (252)
[7800:4664:1225/143001.178:INFO:CONSOLE(253)] "module-question/wapUiHelp", source: http://tgc.stu.126.net/pub/s/teachold/core_8f48212905a0a11b856194fc3ce1a9de.js (253)
[7800:4664:1225/143001.192:INFO:CONSOLE(257)] "module-question/wapUiViewHelp.js", source: http://tgc.stu.126.net/pub/s/teachold/core_8f48212905a0a11b856194fc3ce1a9de.js (257)
[7800:4664:1225/143012.569:INFO:CONSOLE(619)] "ancestorIframeChanged:379,516", source:  (619)
[7800:4664:1225/143016.426:INFO:CONSOLE(619)] "ancestorIframeChanged:379,516", source:  (619)
[7800:4664:1225/143033.087:INFO:CONSOLE(252)] "module-question/i18n/lang.js", source: http://tgc.stu.126.net/pub/s/teachold/core_8f48212905a0a11b856194fc3ce1a9de.js (252)
[7800:4664:1225/143033.087:INFO:CONSOLE(253)] "module-question/wapUiHelp", source: http://tgc.stu.126.net/pub/s/teachold/core_8f48212905a0a11b856194fc3ce1a9de.js (253)
[7800:4664:1225/143033.100:INFO:CONSOLE(257)] "module-question/wapUiViewHelp.js", source: http://tgc.stu.126.net/pub/s/teachold/core_8f48212905a0a11b856194fc3ce1a9de.js (257)
[7800:4664:1225/143036.721:INFO:CONSOLE(619)] "ancestorIframeChanged:379,1042", source:  (619)
[7800:4664:1225/143037.682:INFO:CONSOLE(619)] "ancestorIframeChanged:379,1042", source:  (619)
[7800:4664:1225/143038.684:INFO:CONSOLE(619)] "ancestorIframeChanged:379,1042", source:  (619)
[7800:4664:1225/143040.817:INFO:CONSOLE(619)] "ancestorIframeChanged:379,516", source:  (619)
[7800:4664:1225/143042.725:INFO:CONSOLE(619)] "ancestorIframeChanged:379,516", source:  (619)
[7800:4664:1225/143044.063:INFO:CONSOLE(619)] "ancestorIframeChanged:379,516", source:  (619)
[7800:4664:1225/143045.335:INFO:CONSOLE(619)] "ancestorIframeChanged:379,516", source:  (619)
[7800:4664:1225/143046.316:INFO:CONSOLE(619)] "ancestorIframeChanged:379,516", source:  (619)
[7800:4664:1225/143047.568:INFO:CONSOLE(619)] "ancestorIframeChanged:379,516", source:  (619)
[7800:4664:1225/143049.778:INFO:CONSOLE(619)] "ancestorIframeChanged:379,516", source:  (619)
[7800:4664:1225/143051.650:INFO:CONSOLE(619)] "ancestorIframeChanged:379,516", source:  (619)
[7800:4664:1225/143052.882:INFO:CONSOLE(619)] "ancestorIframeChanged:379,516", source:  (619)
[7800:4664:1225/143053.879:INFO:CONSOLE(619)] "ancestorIframeChanged:379,516", source:  (619)
[7800:4664:1225/143056.411:INFO:CONSOLE(619)] "ancestorIframeChanged:379,516", source:  (619)
[7800:4664:1225/143057.783:INFO:CONSOLE(619)] "ancestorIframeChanged:379,516", source:  (619)
[7800:4664:1225/143058.895:INFO:CONSOLE(619)] "ancestorIframeChanged:379,516", source:  (619)
[7800:4664:1225/143059.819:INFO:CONSOLE(619)] "ancestorIframeChanged:379,516", source:  (619)
[7800:4664:1225/143101.111:INFO:CONSOLE(619)] "ancestorIframeChanged:379,516", source:  (619)
[7800:4664:1225/143102.487:INFO:CONSOLE(619)] "ancestorIframeChanged:379,516", source:  (619)
[7800:4664:1225/143123.306:INFO:CONSOLE(2)] "module-question/i18n/lang.js", source: https://cdn.ravenjs.com/3.22.3/raven.min.js (2)
[7800:4664:1225/143123.306:INFO:CONSOLE(2)] "module-question/wapUiHelp", source: https://cdn.ravenjs.com/3.22.3/raven.min.js (2)
[7800:4664:1225/143123.308:INFO:CONSOLE(2)] "module-question/wapUiViewHelp.js", source: https://cdn.ravenjs.com/3.22.3/raven.min.js (2)
[7800:4664:1225/143132.714:INFO:CONSOLE(2)] "module-question/i18n/lang.js", source: https://cdn.ravenjs.com/3.22.3/raven.min.js (2)
[7800:4664:1225/143132.714:INFO:CONSOLE(2)] "module-question/wapUiHelp", source: https://cdn.ravenjs.com/3.22.3/raven.min.js (2)
[7800:4664:1225/143132.716:INFO:CONSOLE(2)] "module-question/wapUiViewHelp.js", source: https://cdn.ravenjs.com/3.22.3/raven.min.js (2)
[7800:4664:1225/143137.904:INFO:CONSOLE(252)] "module-question/i18n/lang.js", source: http://tgc.stu.126.net/pub/s/teachold/core_8f48212905a0a11b856194fc3ce1a9de.js (252)
[7800:4664:1225/143137.905:INFO:CONSOLE(253)] "module-question/wapUiHelp", source: http://tgc.stu.126.net/pub/s/teachold/core_8f48212905a0a11b856194fc3ce1a9de.js (253)
[7800:4664:1225/143137.919:INFO:CONSOLE(257)] "module-question/wapUiViewHelp.js", source: http://tgc.stu.126.net/pub/s/teachold/core_8f48212905a0a11b856194fc3ce1a9de.js (257)
[7800:4664:1225/143146.009:INFO:CONSOLE(252)] "module-question/i18n/lang.js", source: http://tgc.stu.126.net/pub/s/teachold/core_8f48212905a0a11b856194fc3ce1a9de.js (252)
[7800:4664:1225/143146.009:INFO:CONSOLE(253)] "module-question/wapUiHelp", source: http://tgc.stu.126.net/pub/s/teachold/core_8f48212905a0a11b856194fc3ce1a9de.js (253)
[7800:4664:1225/143146.018:INFO:CONSOLE(257)] "module-question/wapUiViewHelp.js", source: http://tgc.stu.126.net/pub/s/teachold/core_8f48212905a0a11b856194fc3ce1a9de.js (257)
[7800:4664:1225/143149.607:INFO:CONSOLE(619)] "ancestorIframeChanged:379,1042", source:  (619)
[7800:4664:1225/143150.284:INFO:CONSOLE(619)] "ancestorIframeChanged:379,1042", source:  (619)
[7800:4664:1225/143151.597:INFO:CONSOLE(619)] "ancestorIframeChanged:379,1042", source:  (619)
[7800:4664:1225/143153.436:INFO:CONSOLE(619)] "ancestorIframeChanged:379,1042", source:  (619)
[7800:4664:1225/143155.732:INFO:CONSOLE(619)] "ancestorIframeChanged:379,1042", source:  (619)
[7800:4664:1225/143200.813:INFO:CONSOLE(619)] "ancestorIframeChanged:379,516", source:  (619)
[7800:4664:1225/143204.666:INFO:CONSOLE(619)] "ancestorIframeChanged:379,516", source:  (619)
[7800:4664:1225/143206.062:INFO:CONSOLE(619)] "ancestorIframeChanged:379,516", source:  (619)
[7800:4664:1225/143207.035:INFO:CONSOLE(619)] "ancestorIframeChanged:379,516", source:  (619)
[7800:4664:1225/143208.253:INFO:CONSOLE(619)] "ancestorIframeChanged:379,516", source:  (619)
[7800:4664:1225/143209.483:INFO:CONSOLE(619)] "ancestorIframeChanged:379,516", source:  (619)
[7800:4664:1225/143210.482:INFO:CONSOLE(619)] "ancestorIframeChanged:379,516", source:  (619)
[7800:4664:1225/143211.766:INFO:CONSOLE(619)] "ancestorIframeChanged:379,516", source:  (619)
[7800:4664:1225/143214.313:INFO:CONSOLE(619)] "ancestorIframeChanged:379,516", source:  (619)
[7800:4664:1225/143215.320:INFO:CONSOLE(252)] "module-question/i18n/lang.js", source: http://tgc.stu.126.net/pub/s/teachold/core_8f48212905a0a11b856194fc3ce1a9de.js (252)
[7800:4664:1225/143215.322:INFO:CONSOLE(253)] "module-question/wapUiHelp", source: http://tgc.stu.126.net/pub/s/teachold/core_8f48212905a0a11b856194fc3ce1a9de.js (253)
[7800:4664:1225/143215.335:INFO:CONSOLE(257)] "module-question/wapUiViewHelp.js", source: http://tgc.stu.126.net/pub/s/teachold/core_8f48212905a0a11b856194fc3ce1a9de.js (257)
[7800:4664:1225/143218.558:INFO:CONSOLE(619)] "ancestorIframeChanged:379,1042", source:  (619)
[7800:4664:1225/143222.503:INFO:CONSOLE(619)] "ancestorIframeChanged:379,516", source:  (619)
[7800:4664:1225/143226.380:INFO:CONSOLE(619)] "ancestorIframeChanged:379,516", source:  (619)
[7800:4664:1225/143241.055:INFO:CONSOLE(252)] "module-question/i18n/lang.js", source: http://tgc.stu.126.net/pub/s/teachold/core_8f48212905a0a11b856194fc3ce1a9de.js (252)
[7800:4664:1225/143241.056:INFO:CONSOLE(253)] "module-question/wapUiHelp", source: http://tgc.stu.126.net/pub/s/teachold/core_8f48212905a0a11b856194fc3ce1a9de.js (253)
[7800:4664:1225/143241.070:INFO:CONSOLE(257)] "module-question/wapUiViewHelp.js", source: http://tgc.stu.126.net/pub/s/teachold/core_8f48212905a0a11b856194fc3ce1a9de.js (257)
[7800:4664:1225/143244.670:INFO:CONSOLE(619)] "ancestorIframeChanged:379,1288", source:  (619)
[7800:4664:1225/143245.716:INFO:CONSOLE(619)] "ancestorIframeChanged:379,1288", source:  (619)
[7800:4664:1225/143246.741:INFO:CONSOLE(619)] "ancestorIframeChanged:379,1288", source:  (619)
[7800:4664:1225/143249.046:INFO:CONSOLE(619)] "ancestorIframeChanged:379,557", source:  (619)
[7800:4664:1225/143252.817:INFO:CONSOLE(619)] "ancestorIframeChanged:379,557", source:  (619)
[7800:4664:1225/143254.164:INFO:CONSOLE(619)] "ancestorIframeChanged:379,557", source:  (619)
[7800:4664:1225/143255.297:INFO:CONSOLE(619)] "ancestorIframeChanged:379,557", source:  (619)
[7800:4664:1225/143256.313:INFO:CONSOLE(619)] "ancestorIframeChanged:379,557", source:  (619)
[7800:4664:1225/143257.601:INFO:CONSOLE(619)] "ancestorIframeChanged:379,557", source:  (619)
[7800:4664:1225/143259.828:INFO:CONSOLE(619)] "ancestorIframeChanged:379,557", source:  (619)
[7800:4664:1225/143301.612:INFO:CONSOLE(619)] "ancestorIframeChanged:379,557", source:  (619)
[7800:4664:1225/143302.748:INFO:CONSOLE(619)] "ancestorIframeChanged:379,557", source:  (619)
[7800:4664:1225/143303.746:INFO:CONSOLE(619)] "ancestorIframeChanged:379,557", source:  (619)
[7800:4664:1225/143304.994:INFO:CONSOLE(619)] "ancestorIframeChanged:379,557", source:  (619)
[7800:4664:1225/143305.962:INFO:CONSOLE(619)] "ancestorIframeChanged:379,557", source:  (619)
[7800:4664:1225/143307.342:INFO:CONSOLE(619)] "ancestorIframeChanged:379,557", source:  (619)
[7800:4664:1225/143308.532:INFO:CONSOLE(619)] "ancestorIframeChanged:379,557", source:  (619)
[7800:4664:1225/143309.529:INFO:CONSOLE(619)] "ancestorIframeChanged:379,557", source:  (619)
[7800:4664:1225/143310.822:INFO:CONSOLE(619)] "ancestorIframeChanged:379,557", source:  (619)
[7800:4664:1225/143311.844:INFO:CONSOLE(252)] "module-question/i18n/lang.js", source: http://tgc.stu.126.net/pub/s/teachold/core_8f48212905a0a11b856194fc3ce1a9de.js (252)
[7800:4664:1225/143311.845:INFO:CONSOLE(253)] "module-question/wapUiHelp", source: http://tgc.stu.126.net/pub/s/teachold/core_8f48212905a0a11b856194fc3ce1a9de.js (253)
[7800:4664:1225/143311.858:INFO:CONSOLE(257)] "module-question/wapUiViewHelp.js", source: http://tgc.stu.126.net/pub/s/teachold/core_8f48212905a0a11b856194fc3ce1a9de.js (257)
[7800:4664:1225/143314.999:INFO:CONSOLE(619)] "ancestorIframeChanged:379,1288", source:  (619)
[7800:4664:1225/143328.334:INFO:CONSOLE(252)] "module-question/i18n/lang.js", source: http://tgc.stu.126.net/pub/s/teachold/core_8f48212905a0a11b856194fc3ce1a9de.js (252)
[7800:4664:1225/143328.334:INFO:CONSOLE(253)] "module-question/wapUiHelp", source: http://tgc.stu.126.net/pub/s/teachold/core_8f48212905a0a11b856194fc3ce1a9de.js (253)
[7800:4664:1225/143328.345:INFO:CONSOLE(257)] "module-question/wapUiViewHelp.js", source: http://tgc.stu.126.net/pub/s/teachold/core_8f48212905a0a11b856194fc3ce1a9de.js (257)
[7800:4664:1225/143444.203:INFO:CONSOLE(2)] "module-question/i18n/lang.js", source: https://cdn.ravenjs.com/3.22.3/raven.min.js (2)
[7800:4664:1225/143444.204:INFO:CONSOLE(2)] "module-question/wapUiHelp", source: https://cdn.ravenjs.com/3.22.3/raven.min.js (2)
[7800:4664:1225/143444.205:INFO:CONSOLE(2)] "module-question/wapUiViewHelp.js", source: https://cdn.ravenjs.com/3.22.3/raven.min.js (2)
[7800:4664:1225/143444.251:INFO:CONSOLE(0)] "Mixed Content: The page at 'https://geek.163.com/path/courses/400000003522074/learning' was loaded over HTTPS, but requested an insecure image 'http://edu-image.nosdn.127.net/2603bb45-5cd1-4ae6-9caa-3b93c65846e3.png?imageView&quality=100'. This content should also be served over HTTPS.", source: https://geek.163.com/path/courses/400000003522074/learning (0)
[7800:4664:1225/143444.251:INFO:CONSOLE(0)] "Mixed Content: The page at 'https://geek.163.com/path/courses/400000003522074/learning' was loaded over HTTPS, but requested an insecure image 'http://edu-image.nosdn.127.net/cef13cc138ff4c0c828b5bb2325fd50e.jpg?imageView&quality=100'. This content should also be served over HTTPS.", source: https://geek.163.com/path/courses/400000003522074/learning (0)
[7800:4664:1225/143444.251:INFO:CONSOLE(0)] "Mixed Content: The page at 'https://geek.163.com/path/courses/400000003522074/learning' was loaded over HTTPS, but requested an insecure image 'http://edu-image.nosdn.127.net/8298fae6ad92479dab0fe0b4529f3a57.png?imageView&quality=100'. This content should also be served over HTTPS.", source: https://geek.163.com/path/courses/400000003522074/learning (0)
[7800:4664:1225/143444.407:INFO:CONSOLE(2)] "Synchronous XMLHttpRequest on the main thread is deprecated because of its detrimental effects to the end user's experience. For more help, check https://xhr.spec.whatwg.org/.", source: https://cdn.ravenjs.com/3.22.3/raven.min.js (2)
[7800:4664:1225/143448.006:INFO:CONSOLE(2)] "the computed 'surplusTimes' don't define the set function,  assign data.surplusTimes altnately", source: https://cdn.ravenjs.com/3.22.3/raven.min.js (2)
[7800:4664:1225/143448.007:INFO:CONSOLE(2)] "the computed 'judgeRules' don't define the set function,  assign data.judgeRules altnately", source: https://cdn.ravenjs.com/3.22.3/raven.min.js (2)
[7800:4664:1225/143448.008:INFO:CONSOLE(2)] "the computed 'answerTime' don't define the set function,  assign data.answerTime altnately", source: https://cdn.ravenjs.com/3.22.3/raven.min.js (2)
[7800:4664:1225/143451.705:INFO:CONSOLE(200)] "module-question/i18n/lang.js", source: https://gc.stu.126.net/pub/s/web/core_17d7d749284a913cb90a5c0e752640ec.js (200)
[7800:4664:1225/143451.706:INFO:CONSOLE(200)] "module-question/wapUiHelp", source: https://gc.stu.126.net/pub/s/web/core_17d7d749284a913cb90a5c0e752640ec.js (200)
[7800:4664:1225/143451.707:INFO:CONSOLE(204)] "module-question/wapUiViewHelp.js", source: https://gc.stu.126.net/pub/s/web/core_17d7d749284a913cb90a5c0e752640ec.js (204)
[7800:4664:1225/143452.212:INFO:CONSOLE(619)] "ancestorIframeChanged:429,1068", source:  (619)
[7800:4664:1225/143454.730:INFO:CONSOLE(619)] "ancestorIframeChanged:429,1068", source:  (619)
[7800:4664:1225/143455.686:INFO:CONSOLE(619)] "ancestorIframeChanged:429,1068", source:  (619)
[7800:4664:1225/143456.660:INFO:CONSOLE(619)] "ancestorIframeChanged:429,1068", source:  (619)
[7800:4664:1225/143457.855:INFO:CONSOLE(619)] "ancestorIframeChanged:429,1068", source:  (619)
[7800:4664:1225/143459.036:INFO:CONSOLE(619)] "ancestorIframeChanged:429,1068", source:  (619)
[7800:4664:1225/143500.327:INFO:CONSOLE(619)] "ancestorIframeChanged:429,1068", source:  (619)
[7800:4664:1225/143501.296:INFO:CONSOLE(619)] "ancestorIframeChanged:429,1068", source:  (619)
[7800:4664:1225/143502.547:INFO:CONSOLE(619)] "ancestorIframeChanged:429,1068", source:  (619)
[7800:4664:1225/143532.381:INFO:CONSOLE(41)] "Cannot read property '0' of undefined", source: http://tgc.stu.126.net/pub/s/teachold/core_8f48212905a0a11b856194fc3ce1a9de.js (41)
[7800:4664:1225/143532.381:INFO:CONSOLE(41)] "TypeError: Cannot read property '0' of undefined", source: http://tgc.stu.126.net/pub/s/teachold/core_8f48212905a0a11b856194fc3ce1a9de.js (41)
